[DEBUG] 2018-02-07 22:36:34.797 [main] IntegratorServiceImpl - Adding Integrator [org.hibernate.cfg.beanvalidation.BeanValidationIntegrator].
[DEBUG] 2018-02-07 22:36:34.813 [main] IntegratorServiceImpl - Adding Integrator [org.hibernate.secure.spi.JaccIntegrator].
[DEBUG] 2018-02-07 22:36:34.827 [main] IntegratorServiceImpl - Adding Integrator [org.hibernate.cache.internal.CollectionCacheInvalidator].
[INFO ] 2018-02-07 22:36:35.109 [main] Version - HHH000412: Hibernate Core {5.2.12.Final}
[INFO ] 2018-02-07 22:36:35.131 [main] Environment - HHH000206: hibernate.properties not found
[DEBUG] 2018-02-07 22:36:35.239 [main] LocalXmlResourceResolver - Interpreting public/system identifier : [-//Hibernate/Hibernate Configuration DTD//EN] - [http://www.hibernate.org/dtd/hibernate-configuration-3.0.dtd]
[DEBUG] 2018-02-07 22:36:35.242 [main] LocalXmlResourceResolver - Recognized hibernate-configuration identifier; attempting to resolve on classpath under org/hibernate/
[DEBUG] 2018-02-07 22:36:35.255 [main] JaxbCfgProcessor - cfg.xml document did not define namespaces; wrapping in custom event reader to introduce namespace information
[DEBUG] 2018-02-07 22:36:35.765 [main] ServiceBinding - Overriding existing service binding [org.hibernate.secure.spi.JaccService]
[DEBUG] 2018-02-07 22:36:35.822 [main] RegionFactoryInitiator - Cache region factory : org.hibernate.cache.internal.NoCachingRegionFactory
[INFO ] 2018-02-07 22:36:35.868 [main] Version - HCANN000001: Hibernate Commons Annotations {5.0.1.Final}
[DEBUG] 2018-02-07 22:36:35.959 [main] BasicTypeRegistry - Adding type registration boolean -> org.hibernate.type.BooleanType@4f0f2942
[DEBUG] 2018-02-07 22:36:35.960 [main] BasicTypeRegistry - Adding type registration boolean -> org.hibernate.type.BooleanType@4f0f2942
[DEBUG] 2018-02-07 22:36:35.961 [main] BasicTypeRegistry - Adding type registration java.lang.Boolean -> org.hibernate.type.BooleanType@4f0f2942
[DEBUG] 2018-02-07 22:36:35.964 [main] BasicTypeRegistry - Adding type registration numeric_boolean -> org.hibernate.type.NumericBooleanType@69504ae9
[DEBUG] 2018-02-07 22:36:35.968 [main] BasicTypeRegistry - Adding type registration true_false -> org.hibernate.type.TrueFalseType@475c9c31
[DEBUG] 2018-02-07 22:36:35.972 [main] BasicTypeRegistry - Adding type registration yes_no -> org.hibernate.type.YesNoType@5276d6ee
[DEBUG] 2018-02-07 22:36:35.977 [main] BasicTypeRegistry - Adding type registration byte -> org.hibernate.type.ByteType@7dfd3c81
[DEBUG] 2018-02-07 22:36:35.978 [main] BasicTypeRegistry - Adding type registration byte -> org.hibernate.type.ByteType@7dfd3c81
[DEBUG] 2018-02-07 22:36:35.979 [main] BasicTypeRegistry - Adding type registration java.lang.Byte -> org.hibernate.type.ByteType@7dfd3c81
[DEBUG] 2018-02-07 22:36:35.982 [main] BasicTypeRegistry - Adding type registration character -> org.hibernate.type.CharacterType@7dfb0c0f
[DEBUG] 2018-02-07 22:36:35.983 [main] BasicTypeRegistry - Adding type registration char -> org.hibernate.type.CharacterType@7dfb0c0f
[DEBUG] 2018-02-07 22:36:35.985 [main] BasicTypeRegistry - Adding type registration java.lang.Character -> org.hibernate.type.CharacterType@7dfb0c0f
[DEBUG] 2018-02-07 22:36:35.990 [main] BasicTypeRegistry - Adding type registration short -> org.hibernate.type.ShortType@2d0399f4
[DEBUG] 2018-02-07 22:36:35.991 [main] BasicTypeRegistry - Adding type registration short -> org.hibernate.type.ShortType@2d0399f4
[DEBUG] 2018-02-07 22:36:35.991 [main] BasicTypeRegistry - Adding type registration java.lang.Short -> org.hibernate.type.ShortType@2d0399f4
[DEBUG] 2018-02-07 22:36:35.994 [main] BasicTypeRegistry - Adding type registration integer -> org.hibernate.type.IntegerType@2254127a
[DEBUG] 2018-02-07 22:36:35.995 [main] BasicTypeRegistry - Adding type registration int -> org.hibernate.type.IntegerType@2254127a
[DEBUG] 2018-02-07 22:36:35.995 [main] BasicTypeRegistry - Adding type registration java.lang.Integer -> org.hibernate.type.IntegerType@2254127a
[DEBUG] 2018-02-07 22:36:36.001 [main] BasicTypeRegistry - Adding type registration long -> org.hibernate.type.LongType@5a7fe64f
[DEBUG] 2018-02-07 22:36:36.001 [main] BasicTypeRegistry - Adding type registration long -> org.hibernate.type.LongType@5a7fe64f
[DEBUG] 2018-02-07 22:36:36.003 [main] BasicTypeRegistry - Adding type registration java.lang.Long -> org.hibernate.type.LongType@5a7fe64f
[DEBUG] 2018-02-07 22:36:36.008 [main] BasicTypeRegistry - Adding type registration float -> org.hibernate.type.FloatType@37313c65
[DEBUG] 2018-02-07 22:36:36.008 [main] BasicTypeRegistry - Adding type registration float -> org.hibernate.type.FloatType@37313c65
[DEBUG] 2018-02-07 22:36:36.009 [main] BasicTypeRegistry - Adding type registration java.lang.Float -> org.hibernate.type.FloatType@37313c65
[DEBUG] 2018-02-07 22:36:36.013 [main] BasicTypeRegistry - Adding type registration double -> org.hibernate.type.DoubleType@5d908d47
[DEBUG] 2018-02-07 22:36:36.013 [main] BasicTypeRegistry - Adding type registration double -> org.hibernate.type.DoubleType@5d908d47
[DEBUG] 2018-02-07 22:36:36.014 [main] BasicTypeRegistry - Adding type registration java.lang.Double -> org.hibernate.type.DoubleType@5d908d47
[DEBUG] 2018-02-07 22:36:36.019 [main] BasicTypeRegistry - Adding type registration big_decimal -> org.hibernate.type.BigDecimalType@6f36c2f0
[DEBUG] 2018-02-07 22:36:36.020 [main] BasicTypeRegistry - Adding type registration java.math.BigDecimal -> org.hibernate.type.BigDecimalType@6f36c2f0
[DEBUG] 2018-02-07 22:36:36.023 [main] BasicTypeRegistry - Adding type registration big_integer -> org.hibernate.type.BigIntegerType@3b35a229
[DEBUG] 2018-02-07 22:36:36.024 [main] BasicTypeRegistry - Adding type registration java.math.BigInteger -> org.hibernate.type.BigIntegerType@3b35a229
[DEBUG] 2018-02-07 22:36:36.027 [main] BasicTypeRegistry - Adding type registration string -> org.hibernate.type.StringType@7dc3712
[DEBUG] 2018-02-07 22:36:36.028 [main] BasicTypeRegistry - Adding type registration java.lang.String -> org.hibernate.type.StringType@7dc3712
[DEBUG] 2018-02-07 22:36:36.031 [main] BasicTypeRegistry - Adding type registration nstring -> org.hibernate.type.StringNVarcharType@5be1d0a4
[DEBUG] 2018-02-07 22:36:36.047 [main] BasicTypeRegistry - Adding type registration ncharacter -> org.hibernate.type.CharacterNCharType@7d322cad
[DEBUG] 2018-02-07 22:36:36.051 [main] BasicTypeRegistry - Adding type registration url -> org.hibernate.type.UrlType@448c8166
[DEBUG] 2018-02-07 22:36:36.051 [main] BasicTypeRegistry - Adding type registration java.net.URL -> org.hibernate.type.UrlType@448c8166
[DEBUG] 2018-02-07 22:36:36.054 [main] BasicTypeRegistry - Adding type registration Duration -> org.hibernate.type.DurationType@13526e59
[DEBUG] 2018-02-07 22:36:36.055 [main] BasicTypeRegistry - Adding type registration java.time.Duration -> org.hibernate.type.DurationType@13526e59
[DEBUG] 2018-02-07 22:36:36.099 [main] BasicTypeRegistry - Adding type registration Instant -> org.hibernate.type.InstantType@6cc4cdb9
[DEBUG] 2018-02-07 22:36:36.100 [main] BasicTypeRegistry - Adding type registration java.time.Instant -> org.hibernate.type.InstantType@6cc4cdb9
[DEBUG] 2018-02-07 22:36:36.104 [main] BasicTypeRegistry - Adding type registration LocalDateTime -> org.hibernate.type.LocalDateTimeType@32115b28
[DEBUG] 2018-02-07 22:36:36.104 [main] BasicTypeRegistry - Adding type registration java.time.LocalDateTime -> org.hibernate.type.LocalDateTimeType@32115b28
[DEBUG] 2018-02-07 22:36:36.108 [main] BasicTypeRegistry - Adding type registration LocalDate -> org.hibernate.type.LocalDateType@3214ee6
[DEBUG] 2018-02-07 22:36:36.108 [main] BasicTypeRegistry - Adding type registration java.time.LocalDate -> org.hibernate.type.LocalDateType@3214ee6
[DEBUG] 2018-02-07 22:36:36.112 [main] BasicTypeRegistry - Adding type registration LocalTime -> org.hibernate.type.LocalTimeType@68746f22
[DEBUG] 2018-02-07 22:36:36.113 [main] BasicTypeRegistry - Adding type registration java.time.LocalTime -> org.hibernate.type.LocalTimeType@68746f22
[DEBUG] 2018-02-07 22:36:36.115 [main] BasicTypeRegistry - Adding type registration OffsetDateTime -> org.hibernate.type.OffsetDateTimeType@2eea88a1
[DEBUG] 2018-02-07 22:36:36.116 [main] BasicTypeRegistry - Adding type registration java.time.OffsetDateTime -> org.hibernate.type.OffsetDateTimeType@2eea88a1
[DEBUG] 2018-02-07 22:36:36.119 [main] BasicTypeRegistry - Adding type registration OffsetTime -> org.hibernate.type.OffsetTimeType@16612a51
[DEBUG] 2018-02-07 22:36:36.119 [main] BasicTypeRegistry - Adding type registration java.time.OffsetTime -> org.hibernate.type.OffsetTimeType@16612a51
[DEBUG] 2018-02-07 22:36:36.129 [main] BasicTypeRegistry - Adding type registration ZonedDateTime -> org.hibernate.type.ZonedDateTimeType@7d61eb55
[DEBUG] 2018-02-07 22:36:36.130 [main] BasicTypeRegistry - Adding type registration java.time.ZonedDateTime -> org.hibernate.type.ZonedDateTimeType@7d61eb55
[DEBUG] 2018-02-07 22:36:36.135 [main] BasicTypeRegistry - Adding type registration date -> org.hibernate.type.DateType@638ef7ed
[DEBUG] 2018-02-07 22:36:36.135 [main] BasicTypeRegistry - Adding type registration java.sql.Date -> org.hibernate.type.DateType@638ef7ed
[DEBUG] 2018-02-07 22:36:36.140 [main] BasicTypeRegistry - Adding type registration time -> org.hibernate.type.TimeType@776a6d9b
[DEBUG] 2018-02-07 22:36:36.140 [main] BasicTypeRegistry - Adding type registration java.sql.Time -> org.hibernate.type.TimeType@776a6d9b
[DEBUG] 2018-02-07 22:36:36.144 [main] BasicTypeRegistry - Adding type registration timestamp -> org.hibernate.type.TimestampType@1cf56a1c
[DEBUG] 2018-02-07 22:36:36.145 [main] BasicTypeRegistry - Adding type registration java.sql.Timestamp -> org.hibernate.type.TimestampType@1cf56a1c
[DEBUG] 2018-02-07 22:36:36.145 [main] BasicTypeRegistry - Adding type registration java.util.Date -> org.hibernate.type.TimestampType@1cf56a1c
[DEBUG] 2018-02-07 22:36:36.150 [main] BasicTypeRegistry - Adding type registration dbtimestamp -> org.hibernate.type.DbTimestampType@264f218
[DEBUG] 2018-02-07 22:36:36.153 [main] BasicTypeRegistry - Adding type registration calendar -> org.hibernate.type.CalendarType@81d9a72
[DEBUG] 2018-02-07 22:36:36.154 [main] BasicTypeRegistry - Adding type registration java.util.Calendar -> org.hibernate.type.CalendarType@81d9a72
[DEBUG] 2018-02-07 22:36:36.154 [main] BasicTypeRegistry - Adding type registration java.util.GregorianCalendar -> org.hibernate.type.CalendarType@81d9a72
[DEBUG] 2018-02-07 22:36:36.156 [main] BasicTypeRegistry - Adding type registration calendar_date -> org.hibernate.type.CalendarDateType@2ca26d77
[DEBUG] 2018-02-07 22:36:36.159 [main] BasicTypeRegistry - Adding type registration locale -> org.hibernate.type.LocaleType@1ebea008
[DEBUG] 2018-02-07 22:36:36.160 [main] BasicTypeRegistry - Adding type registration java.util.Locale -> org.hibernate.type.LocaleType@1ebea008
[DEBUG] 2018-02-07 22:36:36.162 [main] BasicTypeRegistry - Adding type registration currency -> org.hibernate.type.CurrencyType@51bf5add
[DEBUG] 2018-02-07 22:36:36.163 [main] BasicTypeRegistry - Adding type registration java.util.Currency -> org.hibernate.type.CurrencyType@51bf5add
[DEBUG] 2018-02-07 22:36:36.167 [main] BasicTypeRegistry - Adding type registration timezone -> org.hibernate.type.TimeZoneType@478db956
[DEBUG] 2018-02-07 22:36:36.167 [main] BasicTypeRegistry - Adding type registration java.util.TimeZone -> org.hibernate.type.TimeZoneType@478db956
[DEBUG] 2018-02-07 22:36:36.172 [main] BasicTypeRegistry - Adding type registration class -> org.hibernate.type.ClassType@1b410b60
[DEBUG] 2018-02-07 22:36:36.173 [main] BasicTypeRegistry - Adding type registration java.lang.Class -> org.hibernate.type.ClassType@1b410b60
[DEBUG] 2018-02-07 22:36:36.177 [main] BasicTypeRegistry - Adding type registration uuid-binary -> org.hibernate.type.UUIDBinaryType@6b0d80ed
[DEBUG] 2018-02-07 22:36:36.178 [main] BasicTypeRegistry - Adding type registration java.util.UUID -> org.hibernate.type.UUIDBinaryType@6b0d80ed
[DEBUG] 2018-02-07 22:36:36.179 [main] BasicTypeRegistry - Adding type registration uuid-char -> org.hibernate.type.UUIDCharType@928763c
[DEBUG] 2018-02-07 22:36:36.182 [main] BasicTypeRegistry - Adding type registration binary -> org.hibernate.type.BinaryType@2f666ebb
[DEBUG] 2018-02-07 22:36:36.183 [main] BasicTypeRegistry - Adding type registration byte[] -> org.hibernate.type.BinaryType@2f666ebb
[DEBUG] 2018-02-07 22:36:36.183 [main] BasicTypeRegistry - Adding type registration [B -> org.hibernate.type.BinaryType@2f666ebb
[DEBUG] 2018-02-07 22:36:36.186 [main] BasicTypeRegistry - Adding type registration wrapper-binary -> org.hibernate.type.WrapperBinaryType@75c56eb9
[DEBUG] 2018-02-07 22:36:36.186 [main] BasicTypeRegistry - Adding type registration Byte[] -> org.hibernate.type.WrapperBinaryType@75c56eb9
[DEBUG] 2018-02-07 22:36:36.186 [main] BasicTypeRegistry - Adding type registration [Ljava.lang.Byte; -> org.hibernate.type.WrapperBinaryType@75c56eb9
[DEBUG] 2018-02-07 22:36:36.189 [main] BasicTypeRegistry - Adding type registration row_version -> org.hibernate.type.RowVersionType@5e17553a
[DEBUG] 2018-02-07 22:36:36.191 [main] BasicTypeRegistry - Adding type registration image -> org.hibernate.type.ImageType@27912e3
[DEBUG] 2018-02-07 22:36:36.194 [main] BasicTypeRegistry - Adding type registration characters -> org.hibernate.type.CharArrayType@30b6ffe0
[DEBUG] 2018-02-07 22:36:36.195 [main] BasicTypeRegistry - Adding type registration char[] -> org.hibernate.type.CharArrayType@30b6ffe0
[DEBUG] 2018-02-07 22:36:36.195 [main] BasicTypeRegistry - Adding type registration [C -> org.hibernate.type.CharArrayType@30b6ffe0
[DEBUG] 2018-02-07 22:36:36.198 [main] BasicTypeRegistry - Adding type registration wrapper-characters -> org.hibernate.type.CharacterArrayType@24c22fe
[DEBUG] 2018-02-07 22:36:36.198 [main] BasicTypeRegistry - Adding type registration [Ljava.lang.Character; -> org.hibernate.type.CharacterArrayType@24c22fe
[DEBUG] 2018-02-07 22:36:36.198 [main] BasicTypeRegistry - Adding type registration Character[] -> org.hibernate.type.CharacterArrayType@24c22fe
[DEBUG] 2018-02-07 22:36:36.201 [main] BasicTypeRegistry - Adding type registration text -> org.hibernate.type.TextType@15a04efb
[DEBUG] 2018-02-07 22:36:36.203 [main] BasicTypeRegistry - Adding type registration ntext -> org.hibernate.type.NTextType@3336e6b6
[DEBUG] 2018-02-07 22:36:36.222 [main] BasicTypeRegistry - Adding type registration blob -> org.hibernate.type.BlobType@7b993c65
[DEBUG] 2018-02-07 22:36:36.222 [main] BasicTypeRegistry - Adding type registration java.sql.Blob -> org.hibernate.type.BlobType@7b993c65
[DEBUG] 2018-02-07 22:36:36.224 [main] BasicTypeRegistry - Adding type registration materialized_blob -> org.hibernate.type.MaterializedBlobType@4d6025c5
[DEBUG] 2018-02-07 22:36:36.238 [main] BasicTypeRegistry - Adding type registration clob -> org.hibernate.type.ClobType@463fd068
[DEBUG] 2018-02-07 22:36:36.238 [main] BasicTypeRegistry - Adding type registration java.sql.Clob -> org.hibernate.type.ClobType@463fd068
[DEBUG] 2018-02-07 22:36:36.359 [main] BasicTypeRegistry - Adding type registration nclob -> org.hibernate.type.NClobType@4bd31064
[DEBUG] 2018-02-07 22:36:36.360 [main] BasicTypeRegistry - Adding type registration java.sql.NClob -> org.hibernate.type.NClobType@4bd31064
[DEBUG] 2018-02-07 22:36:36.361 [main] BasicTypeRegistry - Adding type registration materialized_clob -> org.hibernate.type.MaterializedClobType@7354b8c5
[DEBUG] 2018-02-07 22:36:36.362 [main] BasicTypeRegistry - Adding type registration materialized_nclob -> org.hibernate.type.MaterializedNClobType@11d8ae8b
[DEBUG] 2018-02-07 22:36:36.366 [main] BasicTypeRegistry - Adding type registration serializable -> org.hibernate.type.SerializableType@2fba3fc4
[DEBUG] 2018-02-07 22:36:36.372 [main] BasicTypeRegistry - Adding type registration object -> org.hibernate.type.ObjectType@6a57ae10
[DEBUG] 2018-02-07 22:36:36.372 [main] BasicTypeRegistry - Adding type registration java.lang.Object -> org.hibernate.type.ObjectType@6a57ae10
[DEBUG] 2018-02-07 22:36:36.374 [main] BasicTypeRegistry - Adding type registration imm_date -> org.hibernate.type.AdaptedImmutableType@28b46423
[DEBUG] 2018-02-07 22:36:36.374 [main] BasicTypeRegistry - Adding type registration imm_time -> org.hibernate.type.AdaptedImmutableType@7fc4780b
[DEBUG] 2018-02-07 22:36:36.374 [main] BasicTypeRegistry - Adding type registration imm_timestamp -> org.hibernate.type.AdaptedImmutableType@3b79fd76
[DEBUG] 2018-02-07 22:36:36.374 [main] BasicTypeRegistry - Adding type registration imm_dbtimestamp -> org.hibernate.type.AdaptedImmutableType@48c76607
[DEBUG] 2018-02-07 22:36:36.374 [main] BasicTypeRegistry - Adding type registration imm_calendar -> org.hibernate.type.AdaptedImmutableType@43599640
[DEBUG] 2018-02-07 22:36:36.375 [main] BasicTypeRegistry - Adding type registration imm_calendar_date -> org.hibernate.type.AdaptedImmutableType@1f81aa00
[DEBUG] 2018-02-07 22:36:36.375 [main] BasicTypeRegistry - Adding type registration imm_binary -> org.hibernate.type.AdaptedImmutableType@6b6776cb
[DEBUG] 2018-02-07 22:36:36.375 [main] BasicTypeRegistry - Adding type registration imm_serializable -> org.hibernate.type.AdaptedImmutableType@1863d2fe
[INFO ] 2018-02-07 22:36:36.402 [main] C3P0ConnectionProvider - HHH010002: C3P0 using driver: com.mysql.jdbc.Driver at URL: jdbc:mysql://localhost:3306/test_used_computers
[INFO ] 2018-02-07 22:36:36.402 [main] C3P0ConnectionProvider - HHH10001001: Connection properties: {user=root, password=****}
[INFO ] 2018-02-07 22:36:36.403 [main] C3P0ConnectionProvider - HHH10001003: Autocommit mode: false
[INFO ] 2018-02-07 22:36:36.730 [main] C3P0ConnectionProvider - HHH10001007: JDBC isolation level: <unknown>
[DEBUG] 2018-02-07 22:36:37.606 [main] JdbcEnvironmentInitiator - Database ->
       name : MySQL
    version : 5.7.21-0ubuntu0.16.04.1
      major : 5
      minor : 7
[DEBUG] 2018-02-07 22:36:37.607 [main] JdbcEnvironmentInitiator - Driver ->
       name : MySQL Connector Java
    version : mysql-connector-java-5.1.39 ( Revision: 3289a357af6d09ecc1a10fd3c26e95183e5790ad )
      major : 5
      minor : 1
[DEBUG] 2018-02-07 22:36:37.608 [main] JdbcEnvironmentInitiator - JDBC version : 4.0
[INFO ] 2018-02-07 22:36:37.630 [main] Dialect - HHH000400: Using dialect: org.hibernate.dialect.MySQL5Dialect
[DEBUG] 2018-02-07 22:36:37.724 [main] IdentifierHelperBuilder - JDBC driver metadata reported database stores quoted identifiers in more than one case
[DEBUG] 2018-02-07 22:36:37.728 [main] IdentifierHelperBuilder - IdentifierCaseStrategy for both quoted and unquoted identifiers was set to the same strategy [MIXED]; that will likely lead to problems in schema update and validation if using quoted identifiers
[DEBUG] 2018-02-07 22:36:37.830 [main] DefaultIdentifierGeneratorFactory - Registering IdentifierGenerator strategy [uuid2] -> [org.hibernate.id.UUIDGenerator]
[DEBUG] 2018-02-07 22:36:37.831 [main] DefaultIdentifierGeneratorFactory - Registering IdentifierGenerator strategy [guid] -> [org.hibernate.id.GUIDGenerator]
[DEBUG] 2018-02-07 22:36:37.833 [main] DefaultIdentifierGeneratorFactory - Registering IdentifierGenerator strategy [uuid] -> [org.hibernate.id.UUIDHexGenerator]
[DEBUG] 2018-02-07 22:36:37.833 [main] DefaultIdentifierGeneratorFactory - Registering IdentifierGenerator strategy [uuid.hex] -> [org.hibernate.id.UUIDHexGenerator]
[DEBUG] 2018-02-07 22:36:37.834 [main] DefaultIdentifierGeneratorFactory - Registering IdentifierGenerator strategy [assigned] -> [org.hibernate.id.Assigned]
[DEBUG] 2018-02-07 22:36:37.836 [main] DefaultIdentifierGeneratorFactory - Registering IdentifierGenerator strategy [identity] -> [org.hibernate.id.IdentityGenerator]
[DEBUG] 2018-02-07 22:36:37.837 [main] DefaultIdentifierGeneratorFactory - Registering IdentifierGenerator strategy [select] -> [org.hibernate.id.SelectGenerator]
[DEBUG] 2018-02-07 22:36:37.839 [main] DefaultIdentifierGeneratorFactory - Registering IdentifierGenerator strategy [sequence] -> [org.hibernate.id.enhanced.SequenceStyleGenerator]
[DEBUG] 2018-02-07 22:36:37.840 [main] DefaultIdentifierGeneratorFactory - Registering IdentifierGenerator strategy [seqhilo] -> [org.hibernate.id.SequenceHiLoGenerator]
[DEBUG] 2018-02-07 22:36:37.841 [main] DefaultIdentifierGeneratorFactory - Registering IdentifierGenerator strategy [increment] -> [org.hibernate.id.IncrementGenerator]
[DEBUG] 2018-02-07 22:36:37.842 [main] DefaultIdentifierGeneratorFactory - Registering IdentifierGenerator strategy [foreign] -> [org.hibernate.id.ForeignGenerator]
[DEBUG] 2018-02-07 22:36:37.843 [main] DefaultIdentifierGeneratorFactory - Registering IdentifierGenerator strategy [sequence-identity] -> [org.hibernate.id.SequenceIdentityGenerator]
[DEBUG] 2018-02-07 22:36:37.843 [main] DefaultIdentifierGeneratorFactory - Registering IdentifierGenerator strategy [enhanced-sequence] -> [org.hibernate.id.enhanced.SequenceStyleGenerator]
[DEBUG] 2018-02-07 22:36:37.845 [main] DefaultIdentifierGeneratorFactory - Registering IdentifierGenerator strategy [enhanced-table] -> [org.hibernate.id.enhanced.TableGenerator]
[DEBUG] 2018-02-07 22:36:37.925 [main] Namespace - Created database namespace [logicalName=Name{catalog=null, schema=null}, physicalName=Name{catalog=null, schema=null}]
[DEBUG] 2018-02-07 22:36:38.003 [main] AnnotationBinder - Binding entity from annotated class: entity.User
[DEBUG] 2018-02-07 22:36:38.042 [main] Ejb3Column - Binding column: Ejb3DiscriminatorColumn{logicalColumnName'DTYPE', discriminatorTypeName='string'}
[DEBUG] 2018-02-07 22:36:38.055 [main] EntityBinder - Import with entity name User
[DEBUG] 2018-02-07 22:36:38.062 [main] EntityBinder - Bind entity entity.User on table users
[DEBUG] 2018-02-07 22:36:38.137 [main] Ejb3Column - Binding column: Ejb3Column{table=org.hibernate.mapping.Table(users), mappingColumn=id, insertable=true, updatable=true, unique=false}
[DEBUG] 2018-02-07 22:36:38.143 [main] PropertyBinder - MetadataSourceProcessor property id with lazy=false
[DEBUG] 2018-02-07 22:36:38.148 [main] AbstractPropertyHolder - Attempting to locate auto-apply AttributeConverter for property [entity.User:id]
[DEBUG] 2018-02-07 22:36:38.152 [main] SimpleValueBinder - building SimpleValue for id
[DEBUG] 2018-02-07 22:36:38.158 [main] PropertyBinder - Building property id
[DEBUG] 2018-02-07 22:36:38.171 [main] Ejb3Column - Binding column: Ejb3Column{table=org.hibernate.mapping.Table(users), mappingColumn=approved, insertable=true, updatable=true, unique=false}
[DEBUG] 2018-02-07 22:36:38.172 [main] PropertyBinder - MetadataSourceProcessor property approved with lazy=false
[DEBUG] 2018-02-07 22:36:38.172 [main] AbstractPropertyHolder - Attempting to locate auto-apply AttributeConverter for property [entity.User:approved]
[DEBUG] 2018-02-07 22:36:38.172 [main] SimpleValueBinder - building SimpleValue for approved
[DEBUG] 2018-02-07 22:36:38.172 [main] PropertyBinder - Building property approved
[DEBUG] 2018-02-07 22:36:38.173 [main] Ejb3Column - Binding column: Ejb3Column{table=org.hibernate.mapping.Table(users), mappingColumn=city, insertable=true, updatable=true, unique=false}
[DEBUG] 2018-02-07 22:36:38.174 [main] PropertyBinder - MetadataSourceProcessor property city with lazy=false
[DEBUG] 2018-02-07 22:36:38.174 [main] AbstractPropertyHolder - Attempting to locate auto-apply AttributeConverter for property [entity.User:city]
[DEBUG] 2018-02-07 22:36:38.174 [main] SimpleValueBinder - building SimpleValue for city
[DEBUG] 2018-02-07 22:36:38.174 [main] PropertyBinder - Building property city
[DEBUG] 2018-02-07 22:36:38.175 [main] Ejb3Column - Binding column: Ejb3Column{table=org.hibernate.mapping.Table(users), mappingColumn=email, insertable=true, updatable=true, unique=false}
[DEBUG] 2018-02-07 22:36:38.175 [main] PropertyBinder - MetadataSourceProcessor property email with lazy=false
[DEBUG] 2018-02-07 22:36:38.175 [main] AbstractPropertyHolder - Attempting to locate auto-apply AttributeConverter for property [entity.User:email]
[DEBUG] 2018-02-07 22:36:38.176 [main] SimpleValueBinder - building SimpleValue for email
[DEBUG] 2018-02-07 22:36:38.176 [main] PropertyBinder - Building property email
[DEBUG] 2018-02-07 22:36:38.176 [main] Ejb3Column - Binding column: Ejb3Column{table=org.hibernate.mapping.Table(users), mappingColumn=first_name, insertable=true, updatable=true, unique=false}
[DEBUG] 2018-02-07 22:36:38.177 [main] PropertyBinder - MetadataSourceProcessor property firstName with lazy=false
[DEBUG] 2018-02-07 22:36:38.177 [main] AbstractPropertyHolder - Attempting to locate auto-apply AttributeConverter for property [entity.User:firstName]
[DEBUG] 2018-02-07 22:36:38.177 [main] SimpleValueBinder - building SimpleValue for firstName
[DEBUG] 2018-02-07 22:36:38.178 [main] PropertyBinder - Building property firstName
[DEBUG] 2018-02-07 22:36:38.178 [main] Ejb3Column - Binding column: Ejb3Column{table=org.hibernate.mapping.Table(users), mappingColumn=join_date, insertable=true, updatable=true, unique=false}
[DEBUG] 2018-02-07 22:36:38.178 [main] PropertyBinder - MetadataSourceProcessor property joinDate with lazy=false
[DEBUG] 2018-02-07 22:36:38.179 [main] AbstractPropertyHolder - Attempting to locate auto-apply AttributeConverter for property [entity.User:joinDate]
[DEBUG] 2018-02-07 22:36:38.179 [main] SimpleValueBinder - building SimpleValue for joinDate
[DEBUG] 2018-02-07 22:36:38.179 [main] PropertyBinder - Building property joinDate
[DEBUG] 2018-02-07 22:36:38.179 [main] Ejb3Column - Binding column: Ejb3Column{table=org.hibernate.mapping.Table(users), mappingColumn=last_name, insertable=true, updatable=true, unique=false}
[DEBUG] 2018-02-07 22:36:38.180 [main] PropertyBinder - MetadataSourceProcessor property lastName with lazy=false
[DEBUG] 2018-02-07 22:36:38.180 [main] AbstractPropertyHolder - Attempting to locate auto-apply AttributeConverter for property [entity.User:lastName]
[DEBUG] 2018-02-07 22:36:38.180 [main] SimpleValueBinder - building SimpleValue for lastName
[DEBUG] 2018-02-07 22:36:38.180 [main] PropertyBinder - Building property lastName
[DEBUG] 2018-02-07 22:36:38.181 [main] Ejb3Column - Binding column: Ejb3Column{table=org.hibernate.mapping.Table(users), mappingColumn=password, insertable=true, updatable=true, unique=false}
[DEBUG] 2018-02-07 22:36:38.181 [main] PropertyBinder - MetadataSourceProcessor property password with lazy=false
[DEBUG] 2018-02-07 22:36:38.181 [main] AbstractPropertyHolder - Attempting to locate auto-apply AttributeConverter for property [entity.User:password]
[DEBUG] 2018-02-07 22:36:38.181 [main] SimpleValueBinder - building SimpleValue for password
[DEBUG] 2018-02-07 22:36:38.182 [main] PropertyBinder - Building property password
[DEBUG] 2018-02-07 22:36:38.182 [main] Ejb3Column - Binding column: Ejb3Column{table=org.hibernate.mapping.Table(users), mappingColumn=state, insertable=true, updatable=true, unique=false}
[DEBUG] 2018-02-07 22:36:38.183 [main] PropertyBinder - MetadataSourceProcessor property state with lazy=false
[DEBUG] 2018-02-07 22:36:38.183 [main] AbstractPropertyHolder - Attempting to locate auto-apply AttributeConverter for property [entity.User:state]
[DEBUG] 2018-02-07 22:36:38.183 [main] SimpleValueBinder - building SimpleValue for state
[DEBUG] 2018-02-07 22:36:38.183 [main] PropertyBinder - Building property state
[DEBUG] 2018-02-07 22:36:38.184 [main] Ejb3Column - Binding column: Ejb3Column{table=org.hibernate.mapping.Table(users), mappingColumn=user_name, insertable=true, updatable=true, unique=false}
[DEBUG] 2018-02-07 22:36:38.184 [main] PropertyBinder - MetadataSourceProcessor property userName with lazy=false
[DEBUG] 2018-02-07 22:36:38.184 [main] AbstractPropertyHolder - Attempting to locate auto-apply AttributeConverter for property [entity.User:userName]
[DEBUG] 2018-02-07 22:36:38.185 [main] SimpleValueBinder - building SimpleValue for userName
[DEBUG] 2018-02-07 22:36:38.185 [main] PropertyBinder - Building property userName
[DEBUG] 2018-02-07 22:36:38.186 [main] Ejb3Column - Binding column: Ejb3Column{table=org.hibernate.mapping.Table(users), mappingColumn=zipcode, insertable=true, updatable=true, unique=false}
[DEBUG] 2018-02-07 22:36:38.186 [main] PropertyBinder - MetadataSourceProcessor property zipcode with lazy=false
[DEBUG] 2018-02-07 22:36:38.186 [main] AbstractPropertyHolder - Attempting to locate auto-apply AttributeConverter for property [entity.User:zipcode]
[DEBUG] 2018-02-07 22:36:38.186 [main] SimpleValueBinder - building SimpleValue for zipcode
[DEBUG] 2018-02-07 22:36:38.187 [main] PropertyBinder - Building property zipcode
[DEBUG] 2018-02-07 22:36:38.191 [main] SimpleValueBinder - Starting fillSimpleValue for id
[DEBUG] 2018-02-07 22:36:38.191 [main] SimpleValueBinder - Starting fillSimpleValue for approved
[DEBUG] 2018-02-07 22:36:38.192 [main] SimpleValueBinder - Starting fillSimpleValue for city
[DEBUG] 2018-02-07 22:36:38.192 [main] SimpleValueBinder - Starting fillSimpleValue for email
[DEBUG] 2018-02-07 22:36:38.192 [main] SimpleValueBinder - Starting fillSimpleValue for firstName
[DEBUG] 2018-02-07 22:36:38.192 [main] SimpleValueBinder - Starting fillSimpleValue for joinDate
[DEBUG] 2018-02-07 22:36:38.192 [main] SimpleValueBinder - Starting fillSimpleValue for lastName
[DEBUG] 2018-02-07 22:36:38.192 [main] SimpleValueBinder - Starting fillSimpleValue for password
[DEBUG] 2018-02-07 22:36:38.192 [main] SimpleValueBinder - Starting fillSimpleValue for state
[DEBUG] 2018-02-07 22:36:38.193 [main] SimpleValueBinder - Starting fillSimpleValue for userName
[DEBUG] 2018-02-07 22:36:38.193 [main] SimpleValueBinder - Starting fillSimpleValue for zipcode
[DEBUG] 2018-02-07 22:36:38.196 [main] PrimaryKey - Forcing column [id] to be non-null as it is part of the primary key for table [users]
[DEBUG] 2018-02-07 22:36:38.266 [main] SessionFactoryImpl - Building session factory
[DEBUG] 2018-02-07 22:36:38.268 [main] Settings - SessionFactory name : null
[DEBUG] 2018-02-07 22:36:38.268 [main] Settings - Automatic flush during beforeCompletion(): enabled
[DEBUG] 2018-02-07 22:36:38.268 [main] Settings - Automatic session close at end of transaction: disabled
[DEBUG] 2018-02-07 22:36:38.268 [main] Settings - Statistics: disabled
[DEBUG] 2018-02-07 22:36:38.268 [main] Settings - Deleted entity synthetic identifier rollback: disabled
[DEBUG] 2018-02-07 22:36:38.268 [main] Settings - Default entity-mode: pojo
[DEBUG] 2018-02-07 22:36:38.269 [main] Settings - Check Nullability in Core (should be disabled when Bean Validation is on): enabled
[DEBUG] 2018-02-07 22:36:38.269 [main] Settings - Allow initialization of lazy state outside session : disabled
[DEBUG] 2018-02-07 22:36:38.269 [main] Settings - Using BatchFetchStyle : LEGACY
[DEBUG] 2018-02-07 22:36:38.269 [main] Settings - Default batch fetch size: -1
[DEBUG] 2018-02-07 22:36:38.269 [main] Settings - Maximum outer join fetch depth: 2
[DEBUG] 2018-02-07 22:36:38.269 [main] Settings - Default null ordering: NONE
[DEBUG] 2018-02-07 22:36:38.269 [main] Settings - Order SQL updates by primary key: disabled
[DEBUG] 2018-02-07 22:36:38.270 [main] Settings - Order SQL inserts for batching: disabled
[DEBUG] 2018-02-07 22:36:38.270 [main] Settings - multi-tenancy strategy : NONE
[DEBUG] 2018-02-07 22:36:38.270 [main] Settings - JTA Track by Thread: enabled
[DEBUG] 2018-02-07 22:36:38.270 [main] Settings - Query language substitutions: {}
[DEBUG] 2018-02-07 22:36:38.270 [main] Settings - JPA query language strict compliance: disabled
[DEBUG] 2018-02-07 22:36:38.270 [main] Settings - Named query checking : enabled
[DEBUG] 2018-02-07 22:36:38.270 [main] Settings - Second-level cache: enabled
[DEBUG] 2018-02-07 22:36:38.270 [main] Settings - Second-level query cache: disabled
[DEBUG] 2018-02-07 22:36:38.270 [main] Settings - Second-level query cache factory: org.hibernate.cache.internal.StandardQueryCacheFactory@31e3250d
[DEBUG] 2018-02-07 22:36:38.271 [main] Settings - Second-level cache region prefix: null
[DEBUG] 2018-02-07 22:36:38.271 [main] Settings - Optimize second-level cache for minimal puts: disabled
[DEBUG] 2018-02-07 22:36:38.271 [main] Settings - Structured second-level cache entries: disabled
[DEBUG] 2018-02-07 22:36:38.271 [main] Settings - Second-level cache direct-reference entries: disabled
[DEBUG] 2018-02-07 22:36:38.271 [main] Settings - Automatic eviction of collection cache: disabled
[DEBUG] 2018-02-07 22:36:38.271 [main] Settings - JDBC batch size: 15
[DEBUG] 2018-02-07 22:36:38.271 [main] Settings - JDBC batch updates for versioned data: enabled
[DEBUG] 2018-02-07 22:36:38.271 [main] Settings - Scrollable result sets: enabled
[DEBUG] 2018-02-07 22:36:38.271 [main] Settings - Wrap result sets: disabled
[DEBUG] 2018-02-07 22:36:38.271 [main] Settings - JDBC3 getGeneratedKeys(): enabled
[DEBUG] 2018-02-07 22:36:38.272 [main] Settings - JDBC result set fetch size: null
[DEBUG] 2018-02-07 22:36:38.272 [main] Settings - Connection release mode: AFTER_TRANSACTION
[DEBUG] 2018-02-07 22:36:38.272 [main] Settings - Generate SQL with comments: disabled
[DEBUG] 2018-02-07 22:36:38.379 [main] SessionFactoryImpl - Session factory constructed with filter configurations : {}
[DEBUG] 2018-02-07 22:36:38.380 [main] SessionFactoryImpl - Instantiating session factory with properties: {sun.desktop=gnome, awt.toolkit=sun.awt.X11.XToolkit, file.encoding.pkg=sun.io, java.specification.version=1.8, hibernate.c3p0.idle_test_period=3000, sun.cpu.isalist=, sun.jnu.encoding=UTF-8, hibernate.c3p0.min_size=5, java.class.path=/home/osamah/idea/lib/idea_rt.jar:/home/osamah/idea/plugins/junit/lib/junit-rt.jar:/home/osamah/idea/plugins/junit/lib/junit5-rt.jar:/usr/lib/jvm/java-8-oracle/jre/lib/charsets.jar:/usr/lib/jvm/java-8-oracle/jre/lib/deploy.jar:/usr/lib/jvm/java-8-oracle/jre/lib/ext/cldrdata.jar:/usr/lib/jvm/java-8-oracle/jre/lib/ext/dnsns.jar:/usr/lib/jvm/java-8-oracle/jre/lib/ext/jaccess.jar:/usr/lib/jvm/java-8-oracle/jre/lib/ext/jfxrt.jar:/usr/lib/jvm/java-8-oracle/jre/lib/ext/localedata.jar:/usr/lib/jvm/java-8-oracle/jre/lib/ext/nashorn.jar:/usr/lib/jvm/java-8-oracle/jre/lib/ext/sunec.jar:/usr/lib/jvm/java-8-oracle/jre/lib/ext/sunjce_provider.jar:/usr/lib/jvm/java-8-oracle/jre/lib/ext/sunpkcs11.jar:/usr/lib/jvm/java-8-oracle/jre/lib/ext/zipfs.jar:/usr/lib/jvm/java-8-oracle/jre/lib/javaws.jar:/usr/lib/jvm/java-8-oracle/jre/lib/jce.jar:/usr/lib/jvm/java-8-oracle/jre/lib/jfr.jar:/usr/lib/jvm/java-8-oracle/jre/lib/jfxswt.jar:/usr/lib/jvm/java-8-oracle/jre/lib/jsse.jar:/usr/lib/jvm/java-8-oracle/jre/lib/management-agent.jar:/usr/lib/jvm/java-8-oracle/jre/lib/plugin.jar:/usr/lib/jvm/java-8-oracle/jre/lib/resources.jar:/usr/lib/jvm/java-8-oracle/jre/lib/rt.jar:/home/osamah/IdeaProjects/usedComputersWebSite/target/test-classes:/home/osamah/IdeaProjects/usedComputersWebSite/target/classes:/home/osamah/.m2/repository/org/junit/jupiter/junit-jupiter-engine/5.0.0/junit-jupiter-engine-5.0.0.jar:/home/osamah/.m2/repository/org/apiguardian/apiguardian-api/1.0.0/apiguardian-api-1.0.0.jar:/home/osamah/.m2/repository/org/junit/platform/junit-platform-engine/1.0.0/junit-platform-engine-1.0.0.jar:/home/osamah/.m2/repository/org/junit/platform/junit-platform-commons/1.0.0/junit-platform-commons-1.0.0.jar:/home/osamah/.m2/repository/org/opentest4j/opentest4j/1.0.0/opentest4j-1.0.0.jar:/home/osamah/.m2/repository/org/junit/jupiter/junit-jupiter-api/5.0.0/junit-jupiter-api-5.0.0.jar:/home/osamah/.m2/repository/junit/junit/4.12/junit-4.12.jar:/home/osamah/.m2/repository/org/hamcrest/hamcrest-core/1.3/hamcrest-core-1.3.jar:/home/osamah/.m2/repository/org/junit/platform/junit-platform-runner/1.0.0/junit-platform-runner-1.0.0.jar:/home/osamah/.m2/repository/org/junit/platform/junit-platform-launcher/1.0.0/junit-platform-launcher-1.0.0.jar:/home/osamah/.m2/repository/org/junit/platform/junit-platform-suite-api/1.0.0/junit-platform-suite-api-1.0.0.jar:/home/osamah/.m2/repository/org/junit/vintage/junit-vintage-engine/4.12.0/junit-vintage-engine-4.12.0.jar:/home/osamah/.m2/repository/javax/javaee-web-api/7.0/javaee-web-api-7.0.jar:/home/osamah/.m2/repository/org/apache/logging/log4j/log4j-api/2.10.0/log4j-api-2.10.0.jar:/home/osamah/.m2/repository/org/apache/logging/log4j/log4j-core/2.10.0/log4j-core-2.10.0.jar:/home/osamah/.m2/repository/org/hibernate/hibernate-core/5.2.12.Final/hibernate-core-5.2.12.Final.jar:/home/osamah/.m2/repository/org/jboss/logging/jboss-logging/3.3.0.Final/jboss-logging-3.3.0.Final.jar:/home/osamah/.m2/repository/org/hibernate/javax/persistence/hibernate-jpa-2.1-api/1.0.0.Final/hibernate-jpa-2.1-api-1.0.0.Final.jar:/home/osamah/.m2/repository/org/javassist/javassist/3.20.0-GA/javassist-3.20.0-GA.jar:/home/osamah/.m2/repository/antlr/antlr/2.7.7/antlr-2.7.7.jar:/home/osamah/.m2/repository/org/jboss/spec/javax/transaction/jboss-transaction-api_1.2_spec/1.0.1.Final/jboss-transaction-api_1.2_spec-1.0.1.Final.jar:/home/osamah/.m2/repository/org/jboss/jandex/2.0.3.Final/jandex-2.0.3.Final.jar:/home/osamah/.m2/repository/com/fasterxml/classmate/1.3.0/classmate-1.3.0.jar:/home/osamah/.m2/repository/dom4j/dom4j/1.6.1/dom4j-1.6.1.jar:/home/osamah/.m2/repository/org/hibernate/common/hibernate-commons-annotations/5.0.1.Final/hibernate-commons-annotations-5.0.1.Final.jar:/home/osamah/.m2/repository/org/hibernate/hibernate-c3p0/5.2.12.Final/hibernate-c3p0-5.2.12.Final.jar:/home/osamah/.m2/repository/com/mchange/c3p0/0.9.5.2/c3p0-0.9.5.2.jar:/home/osamah/.m2/repository/com/mchange/mchange-commons-java/0.2.11/mchange-commons-java-0.2.11.jar:/home/osamah/.m2/repository/mysql/mysql-connector-java/5.1.39/mysql-connector-java-5.1.39.jar:/home/osamah/.m2/repository/jstl/jstl/1.2/jstl-1.2.jar:/home/osamah/idea/lib/idea_rt.jar, java.vm.vendor=Oracle Corporation, sun.arch.data.model=64, idea.test.cyclic.buffer.size=1048576, java.vendor.url=http://java.oracle.com/, user.timezone=America/Chicago, os.name=Linux, java.vm.specification.version=1.8, user.country=US, sun.java.launcher=SUN_STANDARD, sun.boot.library.path=/usr/lib/jvm/java-8-oracle/jre/lib/amd64, sun.java.command=com.intellij.rt.execution.junit.JUnitStarter -ideVersion5 -junit5 persistence.UserDaoTest,updateSuccess, sun.cpu.endian=little, hibernate.c3p0.max_statements=50, user.home=/home/osamah, user.language=en, java.specification.vendor=Oracle Corporation, java.home=/usr/lib/jvm/java-8-oracle/jre, file.separator=/, line.separator=
, hibernate.c3p0.timeout=300, java.vm.specification.vendor=Oracle Corporation, java.specification.name=Java Platform API Specification, java.awt.graphicsenv=sun.awt.X11GraphicsEnvironment, sun.boot.class.path=/usr/lib/jvm/java-8-oracle/jre/lib/resources.jar:/usr/lib/jvm/java-8-oracle/jre/lib/rt.jar:/usr/lib/jvm/java-8-oracle/jre/lib/sunrsasign.jar:/usr/lib/jvm/java-8-oracle/jre/lib/jsse.jar:/usr/lib/jvm/java-8-oracle/jre/lib/jce.jar:/usr/lib/jvm/java-8-oracle/jre/lib/charsets.jar:/usr/lib/jvm/java-8-oracle/jre/lib/jfr.jar:/usr/lib/jvm/java-8-oracle/jre/classes, connection.password=student, sun.management.compiler=HotSpot 64-Bit Tiered Compilers, hibernate.c3p0.max_size=20, java.runtime.version=1.8.0_161-b12, user.name=osamah, path.separator=:, hibernate.connection.username=root, os.version=4.13.0-32-generic, java.endorsed.dirs=/usr/lib/jvm/java-8-oracle/jre/lib/endorsed, java.runtime.name=Java(TM) SE Runtime Environment, hibernate.connection.url=jdbc:mysql://localhost:3306/test_used_computers, file.encoding=UTF-8, java.vm.name=Java HotSpot(TM) 64-Bit Server VM, hibernate.connection.driver_class=com.mysql.jdbc.Driver, java.vendor.url.bug=http://bugreport.sun.com/bugreport/, java.io.tmpdir=/tmp, java.version=1.8.0_161, user.dir=/home/osamah/IdeaProjects/usedComputersWebSite, os.arch=amd64, connection.username=root, java.vm.specification.name=Java Virtual Machine Specification, hibernate.connection.password=****, java.awt.printerjob=sun.print.PSPrinterJob, sun.os.patch.level=unknown, connection.driver_class=com.mysql.jdbc.Driver, hibernate.boot.CfgXmlAccessService.key=org.hibernate.boot.cfgxml.spi.LoadedConfig@1bdf8190, java.library.path=/usr/java/packages/lib/amd64:/usr/lib64:/lib64:/lib:/usr/lib, java.vm.info=mixed mode, java.vendor=Oracle Corporation, java.vm.version=25.161-b12, hibernate.bytecode.use_reflection_optimizer=false, java.ext.dirs=/usr/lib/jvm/java-8-oracle/jre/lib/ext:/usr/java/packages/lib/ext, sun.io.unicode.encoding=UnicodeLittle, connection.url=jdbc:mysql://localhost:3306/test_used_computers, java.class.version=52.0}
[DEBUG] 2018-02-07 22:36:38.424 [main] TypeSafeActivator - Unable to acquire Bean Validation ValidatorFactory, skipping activation
[DEBUG] 2018-02-07 22:36:38.425 [main] JaccIntegrator - Skipping JACC integration as it was not enabled
[DEBUG] 2018-02-07 22:36:38.429 [main] SessionFactoryImpl - Instantiated session factory
[DEBUG] 2018-02-07 22:36:38.563 [main] ClassLoaderAccessImpl - Not known whether passed class name [entity.User] is safe
[DEBUG] 2018-02-07 22:36:38.563 [main] ClassLoaderAccessImpl - No temp ClassLoader provided; using live ClassLoader for loading potentially unsafe class : entity.User
[DEBUG] 2018-02-07 22:36:38.597 [main] ClassLoaderAccessImpl - Not known whether passed class name [entity.User] is safe
[DEBUG] 2018-02-07 22:36:38.597 [main] ClassLoaderAccessImpl - No temp ClassLoader provided; using live ClassLoader for loading potentially unsafe class : entity.User
[DEBUG] 2018-02-07 22:36:38.772 [main] AbstractEntityPersister - Static SQL for entity: entity.User
[DEBUG] 2018-02-07 22:36:38.773 [main] AbstractEntityPersister -  Version select: select id from users where id =?
[DEBUG] 2018-02-07 22:36:38.773 [main] AbstractEntityPersister -  Snapshot select: select user_.id, user_.approved as approved2_0_, user_.city as city3_0_, user_.email as email4_0_, user_.first_name as first_na5_0_, user_.join_date as join_dat6_0_, user_.last_name as last_nam7_0_, user_.password as password8_0_, user_.state as state9_0_, user_.user_name as user_na10_0_, user_.zipcode as zipcode11_0_ from users user_ where user_.id=?
[DEBUG] 2018-02-07 22:36:38.773 [main] AbstractEntityPersister -  Insert 0: insert into users (approved, city, email, first_name, join_date, last_name, password, state, user_name, zipcode, id) values (?, ?, ?, ?, ?, ?, ?, ?, ?, ?, ?)
[DEBUG] 2018-02-07 22:36:38.773 [main] AbstractEntityPersister -  Update 0: update users set approved=?, city=?, email=?, first_name=?, join_date=?, last_name=?, password=?, state=?, user_name=?, zipcode=? where id=?
[DEBUG] 2018-02-07 22:36:38.773 [main] AbstractEntityPersister -  Delete 0: delete from users where id=?
[DEBUG] 2018-02-07 22:36:38.774 [main] AbstractEntityPersister -  Identity insert: insert into users (approved, city, email, first_name, join_date, last_name, password, state, user_name, zipcode) values (?, ?, ?, ?, ?, ?, ?, ?, ?, ?)
[DEBUG] 2018-02-07 22:36:38.821 [main] QuerySpacesImpl - Adding QuerySpace : uid = <gen:0> -> org.hibernate.loader.plan.build.internal.spaces.EntityQuerySpaceImpl@1c05a54d]
[DEBUG] 2018-02-07 22:36:38.825 [main] MetamodelGraphWalker - Visiting attribute path : approved
[DEBUG] 2018-02-07 22:36:38.825 [main] MetamodelGraphWalker - Visiting attribute path : city
[DEBUG] 2018-02-07 22:36:38.825 [main] MetamodelGraphWalker - Visiting attribute path : email
[DEBUG] 2018-02-07 22:36:38.826 [main] MetamodelGraphWalker - Visiting attribute path : firstName
[DEBUG] 2018-02-07 22:36:38.826 [main] MetamodelGraphWalker - Visiting attribute path : joinDate
[DEBUG] 2018-02-07 22:36:38.826 [main] MetamodelGraphWalker - Visiting attribute path : lastName
[DEBUG] 2018-02-07 22:36:38.826 [main] MetamodelGraphWalker - Visiting attribute path : password
[DEBUG] 2018-02-07 22:36:38.826 [main] MetamodelGraphWalker - Visiting attribute path : state
[DEBUG] 2018-02-07 22:36:38.826 [main] MetamodelGraphWalker - Visiting attribute path : userName
[DEBUG] 2018-02-07 22:36:38.826 [main] MetamodelGraphWalker - Visiting attribute path : zipcode
[DEBUG] 2018-02-07 22:36:38.827 [main] FetchStyleLoadPlanBuildingAssociationVisitationStrategy - Building LoadPlan...
[DEBUG] 2018-02-07 22:36:38.859 [main] LoadQueryJoinAndFetchProcessor - processing queryspace <gen:0>
[DEBUG] 2018-02-07 22:36:38.870 [main] LoadPlanTreePrinter - LoadPlan(entity=entity.User)
    - Returns
       - EntityReturnImpl(entity=entity.User, querySpaceUid=<gen:0>, path=entity.User)
    - QuerySpaces
       - EntityQuerySpaceImpl(uid=<gen:0>, entity=entity.User)
          - SQL table alias mapping - user0_
          - alias suffix - 0_
          - suffixed key columns - {id1_0_0_}

[DEBUG] 2018-02-07 22:36:38.876 [main] EntityLoader - Static select for entity entity.User [NONE]: select user0_.id as id1_0_0_, user0_.approved as approved2_0_0_, user0_.city as city3_0_0_, user0_.email as email4_0_0_, user0_.first_name as first_na5_0_0_, user0_.join_date as join_dat6_0_0_, user0_.last_name as last_nam7_0_0_, user0_.password as password8_0_0_, user0_.state as state9_0_0_, user0_.user_name as user_na10_0_0_, user0_.zipcode as zipcode11_0_0_ from users user0_ where user0_.id=?
[DEBUG] 2018-02-07 22:36:38.877 [main] QuerySpacesImpl - Adding QuerySpace : uid = <gen:0> -> org.hibernate.loader.plan.build.internal.spaces.EntityQuerySpaceImpl@1af1347d]
[DEBUG] 2018-02-07 22:36:38.877 [main] MetamodelGraphWalker - Visiting attribute path : approved
[DEBUG] 2018-02-07 22:36:38.877 [main] MetamodelGraphWalker - Visiting attribute path : city
[DEBUG] 2018-02-07 22:36:38.877 [main] MetamodelGraphWalker - Visiting attribute path : email
[DEBUG] 2018-02-07 22:36:38.878 [main] MetamodelGraphWalker - Visiting attribute path : firstName
[DEBUG] 2018-02-07 22:36:38.878 [main] MetamodelGraphWalker - Visiting attribute path : joinDate
[DEBUG] 2018-02-07 22:36:38.878 [main] MetamodelGraphWalker - Visiting attribute path : lastName
[DEBUG] 2018-02-07 22:36:38.878 [main] MetamodelGraphWalker - Visiting attribute path : password
[DEBUG] 2018-02-07 22:36:38.878 [main] MetamodelGraphWalker - Visiting attribute path : state
[DEBUG] 2018-02-07 22:36:38.878 [main] MetamodelGraphWalker - Visiting attribute path : userName
[DEBUG] 2018-02-07 22:36:38.878 [main] MetamodelGraphWalker - Visiting attribute path : zipcode
[DEBUG] 2018-02-07 22:36:38.878 [main] FetchStyleLoadPlanBuildingAssociationVisitationStrategy - Building LoadPlan...
[DEBUG] 2018-02-07 22:36:38.879 [main] LoadQueryJoinAndFetchProcessor - processing queryspace <gen:0>
[DEBUG] 2018-02-07 22:36:38.880 [main] LoadPlanTreePrinter - LoadPlan(entity=entity.User)
    - Returns
       - EntityReturnImpl(entity=entity.User, querySpaceUid=<gen:0>, path=entity.User)
    - QuerySpaces
       - EntityQuerySpaceImpl(uid=<gen:0>, entity=entity.User)
          - SQL table alias mapping - user0_
          - alias suffix - 0_
          - suffixed key columns - {id1_0_0_}

[DEBUG] 2018-02-07 22:36:38.880 [main] EntityLoader - Static select for entity entity.User [READ]: select user0_.id as id1_0_0_, user0_.approved as approved2_0_0_, user0_.city as city3_0_0_, user0_.email as email4_0_0_, user0_.first_name as first_na5_0_0_, user0_.join_date as join_dat6_0_0_, user0_.last_name as last_nam7_0_0_, user0_.password as password8_0_0_, user0_.state as state9_0_0_, user0_.user_name as user_na10_0_0_, user0_.zipcode as zipcode11_0_0_ from users user0_ where user0_.id=?
[DEBUG] 2018-02-07 22:36:38.881 [main] QuerySpacesImpl - Adding QuerySpace : uid = <gen:0> -> org.hibernate.loader.plan.build.internal.spaces.EntityQuerySpaceImpl@20765ed5]
[DEBUG] 2018-02-07 22:36:38.881 [main] MetamodelGraphWalker - Visiting attribute path : approved
[DEBUG] 2018-02-07 22:36:38.882 [main] MetamodelGraphWalker - Visiting attribute path : city
[DEBUG] 2018-02-07 22:36:38.882 [main] MetamodelGraphWalker - Visiting attribute path : email
[DEBUG] 2018-02-07 22:36:38.882 [main] MetamodelGraphWalker - Visiting attribute path : firstName
[DEBUG] 2018-02-07 22:36:38.882 [main] MetamodelGraphWalker - Visiting attribute path : joinDate
[DEBUG] 2018-02-07 22:36:38.882 [main] MetamodelGraphWalker - Visiting attribute path : lastName
[DEBUG] 2018-02-07 22:36:38.882 [main] MetamodelGraphWalker - Visiting attribute path : password
[DEBUG] 2018-02-07 22:36:38.882 [main] MetamodelGraphWalker - Visiting attribute path : state
[DEBUG] 2018-02-07 22:36:38.882 [main] MetamodelGraphWalker - Visiting attribute path : userName
[DEBUG] 2018-02-07 22:36:38.882 [main] MetamodelGraphWalker - Visiting attribute path : zipcode
[DEBUG] 2018-02-07 22:36:38.883 [main] FetchStyleLoadPlanBuildingAssociationVisitationStrategy - Building LoadPlan...
[DEBUG] 2018-02-07 22:36:38.883 [main] LoadQueryJoinAndFetchProcessor - processing queryspace <gen:0>
[DEBUG] 2018-02-07 22:36:38.884 [main] LoadPlanTreePrinter - LoadPlan(entity=entity.User)
    - Returns
       - EntityReturnImpl(entity=entity.User, querySpaceUid=<gen:0>, path=entity.User)
    - QuerySpaces
       - EntityQuerySpaceImpl(uid=<gen:0>, entity=entity.User)
          - SQL table alias mapping - user0_
          - alias suffix - 0_
          - suffixed key columns - {id1_0_0_}

[DEBUG] 2018-02-07 22:36:38.885 [main] EntityLoader - Static select for entity entity.User [UPGRADE]: select user0_.id as id1_0_0_, user0_.approved as approved2_0_0_, user0_.city as city3_0_0_, user0_.email as email4_0_0_, user0_.first_name as first_na5_0_0_, user0_.join_date as join_dat6_0_0_, user0_.last_name as last_nam7_0_0_, user0_.password as password8_0_0_, user0_.state as state9_0_0_, user0_.user_name as user_na10_0_0_, user0_.zipcode as zipcode11_0_0_ from users user0_ where user0_.id=? for update
[DEBUG] 2018-02-07 22:36:38.885 [main] QuerySpacesImpl - Adding QuerySpace : uid = <gen:0> -> org.hibernate.loader.plan.build.internal.spaces.EntityQuerySpaceImpl@2899a8db]
[DEBUG] 2018-02-07 22:36:38.885 [main] MetamodelGraphWalker - Visiting attribute path : approved
[DEBUG] 2018-02-07 22:36:38.886 [main] MetamodelGraphWalker - Visiting attribute path : city
[DEBUG] 2018-02-07 22:36:38.886 [main] MetamodelGraphWalker - Visiting attribute path : email
[DEBUG] 2018-02-07 22:36:38.886 [main] MetamodelGraphWalker - Visiting attribute path : firstName
[DEBUG] 2018-02-07 22:36:38.886 [main] MetamodelGraphWalker - Visiting attribute path : joinDate
[DEBUG] 2018-02-07 22:36:38.886 [main] MetamodelGraphWalker - Visiting attribute path : lastName
[DEBUG] 2018-02-07 22:36:38.886 [main] MetamodelGraphWalker - Visiting attribute path : password
[DEBUG] 2018-02-07 22:36:38.886 [main] MetamodelGraphWalker - Visiting attribute path : state
[DEBUG] 2018-02-07 22:36:38.886 [main] MetamodelGraphWalker - Visiting attribute path : userName
[DEBUG] 2018-02-07 22:36:38.887 [main] MetamodelGraphWalker - Visiting attribute path : zipcode
[DEBUG] 2018-02-07 22:36:38.887 [main] FetchStyleLoadPlanBuildingAssociationVisitationStrategy - Building LoadPlan...
[DEBUG] 2018-02-07 22:36:38.888 [main] LoadQueryJoinAndFetchProcessor - processing queryspace <gen:0>
[DEBUG] 2018-02-07 22:36:38.889 [main] LoadPlanTreePrinter - LoadPlan(entity=entity.User)
    - Returns
       - EntityReturnImpl(entity=entity.User, querySpaceUid=<gen:0>, path=entity.User)
    - QuerySpaces
       - EntityQuerySpaceImpl(uid=<gen:0>, entity=entity.User)
          - SQL table alias mapping - user0_
          - alias suffix - 0_
          - suffixed key columns - {id1_0_0_}

[DEBUG] 2018-02-07 22:36:38.889 [main] EntityLoader - Static select for entity entity.User [UPGRADE_NOWAIT]: select user0_.id as id1_0_0_, user0_.approved as approved2_0_0_, user0_.city as city3_0_0_, user0_.email as email4_0_0_, user0_.first_name as first_na5_0_0_, user0_.join_date as join_dat6_0_0_, user0_.last_name as last_nam7_0_0_, user0_.password as password8_0_0_, user0_.state as state9_0_0_, user0_.user_name as user_na10_0_0_, user0_.zipcode as zipcode11_0_0_ from users user0_ where user0_.id=? for update
[DEBUG] 2018-02-07 22:36:38.889 [main] QuerySpacesImpl - Adding QuerySpace : uid = <gen:0> -> org.hibernate.loader.plan.build.internal.spaces.EntityQuerySpaceImpl@c1a4620]
[DEBUG] 2018-02-07 22:36:38.890 [main] MetamodelGraphWalker - Visiting attribute path : approved
[DEBUG] 2018-02-07 22:36:38.890 [main] MetamodelGraphWalker - Visiting attribute path : city
[DEBUG] 2018-02-07 22:36:38.890 [main] MetamodelGraphWalker - Visiting attribute path : email
[DEBUG] 2018-02-07 22:36:38.890 [main] MetamodelGraphWalker - Visiting attribute path : firstName
[DEBUG] 2018-02-07 22:36:38.890 [main] MetamodelGraphWalker - Visiting attribute path : joinDate
[DEBUG] 2018-02-07 22:36:38.890 [main] MetamodelGraphWalker - Visiting attribute path : lastName
[DEBUG] 2018-02-07 22:36:38.890 [main] MetamodelGraphWalker - Visiting attribute path : password
[DEBUG] 2018-02-07 22:36:38.890 [main] MetamodelGraphWalker - Visiting attribute path : state
[DEBUG] 2018-02-07 22:36:38.891 [main] MetamodelGraphWalker - Visiting attribute path : userName
[DEBUG] 2018-02-07 22:36:38.891 [main] MetamodelGraphWalker - Visiting attribute path : zipcode
[DEBUG] 2018-02-07 22:36:38.891 [main] FetchStyleLoadPlanBuildingAssociationVisitationStrategy - Building LoadPlan...
[DEBUG] 2018-02-07 22:36:38.892 [main] LoadQueryJoinAndFetchProcessor - processing queryspace <gen:0>
[DEBUG] 2018-02-07 22:36:38.893 [main] LoadPlanTreePrinter - LoadPlan(entity=entity.User)
    - Returns
       - EntityReturnImpl(entity=entity.User, querySpaceUid=<gen:0>, path=entity.User)
    - QuerySpaces
       - EntityQuerySpaceImpl(uid=<gen:0>, entity=entity.User)
          - SQL table alias mapping - user0_
          - alias suffix - 0_
          - suffixed key columns - {id1_0_0_}

[DEBUG] 2018-02-07 22:36:38.893 [main] EntityLoader - Static select for entity entity.User [UPGRADE_SKIPLOCKED]: select user0_.id as id1_0_0_, user0_.approved as approved2_0_0_, user0_.city as city3_0_0_, user0_.email as email4_0_0_, user0_.first_name as first_na5_0_0_, user0_.join_date as join_dat6_0_0_, user0_.last_name as last_nam7_0_0_, user0_.password as password8_0_0_, user0_.state as state9_0_0_, user0_.user_name as user_na10_0_0_, user0_.zipcode as zipcode11_0_0_ from users user0_ where user0_.id=? for update
[DEBUG] 2018-02-07 22:36:38.893 [main] QuerySpacesImpl - Adding QuerySpace : uid = <gen:0> -> org.hibernate.loader.plan.build.internal.spaces.EntityQuerySpaceImpl@130a0f66]
[DEBUG] 2018-02-07 22:36:38.894 [main] MetamodelGraphWalker - Visiting attribute path : approved
[DEBUG] 2018-02-07 22:36:38.894 [main] MetamodelGraphWalker - Visiting attribute path : city
[DEBUG] 2018-02-07 22:36:38.894 [main] MetamodelGraphWalker - Visiting attribute path : email
[DEBUG] 2018-02-07 22:36:38.894 [main] MetamodelGraphWalker - Visiting attribute path : firstName
[DEBUG] 2018-02-07 22:36:38.894 [main] MetamodelGraphWalker - Visiting attribute path : joinDate
[DEBUG] 2018-02-07 22:36:38.894 [main] MetamodelGraphWalker - Visiting attribute path : lastName
[DEBUG] 2018-02-07 22:36:38.894 [main] MetamodelGraphWalker - Visiting attribute path : password
[DEBUG] 2018-02-07 22:36:38.894 [main] MetamodelGraphWalker - Visiting attribute path : state
[DEBUG] 2018-02-07 22:36:38.894 [main] MetamodelGraphWalker - Visiting attribute path : userName
[DEBUG] 2018-02-07 22:36:38.895 [main] MetamodelGraphWalker - Visiting attribute path : zipcode
[DEBUG] 2018-02-07 22:36:38.895 [main] FetchStyleLoadPlanBuildingAssociationVisitationStrategy - Building LoadPlan...
[DEBUG] 2018-02-07 22:36:38.896 [main] LoadQueryJoinAndFetchProcessor - processing queryspace <gen:0>
[DEBUG] 2018-02-07 22:36:38.896 [main] LoadPlanTreePrinter - LoadPlan(entity=entity.User)
    - Returns
       - EntityReturnImpl(entity=entity.User, querySpaceUid=<gen:0>, path=entity.User)
    - QuerySpaces
       - EntityQuerySpaceImpl(uid=<gen:0>, entity=entity.User)
          - SQL table alias mapping - user0_
          - alias suffix - 0_
          - suffixed key columns - {id1_0_0_}

[DEBUG] 2018-02-07 22:36:38.897 [main] EntityLoader - Static select for entity entity.User [FORCE]: select user0_.id as id1_0_0_, user0_.approved as approved2_0_0_, user0_.city as city3_0_0_, user0_.email as email4_0_0_, user0_.first_name as first_na5_0_0_, user0_.join_date as join_dat6_0_0_, user0_.last_name as last_nam7_0_0_, user0_.password as password8_0_0_, user0_.state as state9_0_0_, user0_.user_name as user_na10_0_0_, user0_.zipcode as zipcode11_0_0_ from users user0_ where user0_.id=? for update
[DEBUG] 2018-02-07 22:36:38.897 [main] QuerySpacesImpl - Adding QuerySpace : uid = <gen:0> -> org.hibernate.loader.plan.build.internal.spaces.EntityQuerySpaceImpl@12365c88]
[DEBUG] 2018-02-07 22:36:38.897 [main] MetamodelGraphWalker - Visiting attribute path : approved
[DEBUG] 2018-02-07 22:36:38.897 [main] MetamodelGraphWalker - Visiting attribute path : city
[DEBUG] 2018-02-07 22:36:38.898 [main] MetamodelGraphWalker - Visiting attribute path : email
[DEBUG] 2018-02-07 22:36:38.898 [main] MetamodelGraphWalker - Visiting attribute path : firstName
[DEBUG] 2018-02-07 22:36:38.898 [main] MetamodelGraphWalker - Visiting attribute path : joinDate
[DEBUG] 2018-02-07 22:36:38.898 [main] MetamodelGraphWalker - Visiting attribute path : lastName
[DEBUG] 2018-02-07 22:36:38.898 [main] MetamodelGraphWalker - Visiting attribute path : password
[DEBUG] 2018-02-07 22:36:38.898 [main] MetamodelGraphWalker - Visiting attribute path : state
[DEBUG] 2018-02-07 22:36:38.898 [main] MetamodelGraphWalker - Visiting attribute path : userName
[DEBUG] 2018-02-07 22:36:38.898 [main] MetamodelGraphWalker - Visiting attribute path : zipcode
[DEBUG] 2018-02-07 22:36:38.898 [main] FetchStyleLoadPlanBuildingAssociationVisitationStrategy - Building LoadPlan...
[DEBUG] 2018-02-07 22:36:38.899 [main] LoadQueryJoinAndFetchProcessor - processing queryspace <gen:0>
[DEBUG] 2018-02-07 22:36:38.900 [main] LoadPlanTreePrinter - LoadPlan(entity=entity.User)
    - Returns
       - EntityReturnImpl(entity=entity.User, querySpaceUid=<gen:0>, path=entity.User)
    - QuerySpaces
       - EntityQuerySpaceImpl(uid=<gen:0>, entity=entity.User)
          - SQL table alias mapping - user0_
          - alias suffix - 0_
          - suffixed key columns - {id1_0_0_}

[DEBUG] 2018-02-07 22:36:38.900 [main] EntityLoader - Static select for entity entity.User [PESSIMISTIC_READ]: select user0_.id as id1_0_0_, user0_.approved as approved2_0_0_, user0_.city as city3_0_0_, user0_.email as email4_0_0_, user0_.first_name as first_na5_0_0_, user0_.join_date as join_dat6_0_0_, user0_.last_name as last_nam7_0_0_, user0_.password as password8_0_0_, user0_.state as state9_0_0_, user0_.user_name as user_na10_0_0_, user0_.zipcode as zipcode11_0_0_ from users user0_ where user0_.id=? lock in share mode
[DEBUG] 2018-02-07 22:36:38.901 [main] QuerySpacesImpl - Adding QuerySpace : uid = <gen:0> -> org.hibernate.loader.plan.build.internal.spaces.EntityQuerySpaceImpl@2237bada]
[DEBUG] 2018-02-07 22:36:38.901 [main] MetamodelGraphWalker - Visiting attribute path : approved
[DEBUG] 2018-02-07 22:36:38.901 [main] MetamodelGraphWalker - Visiting attribute path : city
[DEBUG] 2018-02-07 22:36:38.901 [main] MetamodelGraphWalker - Visiting attribute path : email
[DEBUG] 2018-02-07 22:36:38.901 [main] MetamodelGraphWalker - Visiting attribute path : firstName
[DEBUG] 2018-02-07 22:36:38.902 [main] MetamodelGraphWalker - Visiting attribute path : joinDate
[DEBUG] 2018-02-07 22:36:38.902 [main] MetamodelGraphWalker - Visiting attribute path : lastName
[DEBUG] 2018-02-07 22:36:38.902 [main] MetamodelGraphWalker - Visiting attribute path : password
[DEBUG] 2018-02-07 22:36:38.902 [main] MetamodelGraphWalker - Visiting attribute path : state
[DEBUG] 2018-02-07 22:36:38.902 [main] MetamodelGraphWalker - Visiting attribute path : userName
[DEBUG] 2018-02-07 22:36:38.902 [main] MetamodelGraphWalker - Visiting attribute path : zipcode
[DEBUG] 2018-02-07 22:36:38.903 [main] FetchStyleLoadPlanBuildingAssociationVisitationStrategy - Building LoadPlan...
[DEBUG] 2018-02-07 22:36:38.903 [main] LoadQueryJoinAndFetchProcessor - processing queryspace <gen:0>
[DEBUG] 2018-02-07 22:36:38.904 [main] LoadPlanTreePrinter - LoadPlan(entity=entity.User)
    - Returns
       - EntityReturnImpl(entity=entity.User, querySpaceUid=<gen:0>, path=entity.User)
    - QuerySpaces
       - EntityQuerySpaceImpl(uid=<gen:0>, entity=entity.User)
          - SQL table alias mapping - user0_
          - alias suffix - 0_
          - suffixed key columns - {id1_0_0_}

[DEBUG] 2018-02-07 22:36:38.905 [main] EntityLoader - Static select for entity entity.User [PESSIMISTIC_WRITE]: select user0_.id as id1_0_0_, user0_.approved as approved2_0_0_, user0_.city as city3_0_0_, user0_.email as email4_0_0_, user0_.first_name as first_na5_0_0_, user0_.join_date as join_dat6_0_0_, user0_.last_name as last_nam7_0_0_, user0_.password as password8_0_0_, user0_.state as state9_0_0_, user0_.user_name as user_na10_0_0_, user0_.zipcode as zipcode11_0_0_ from users user0_ where user0_.id=? for update
[DEBUG] 2018-02-07 22:36:38.905 [main] QuerySpacesImpl - Adding QuerySpace : uid = <gen:0> -> org.hibernate.loader.plan.build.internal.spaces.EntityQuerySpaceImpl@5710768a]
[DEBUG] 2018-02-07 22:36:38.906 [main] MetamodelGraphWalker - Visiting attribute path : approved
[DEBUG] 2018-02-07 22:36:38.906 [main] MetamodelGraphWalker - Visiting attribute path : city
[DEBUG] 2018-02-07 22:36:38.906 [main] MetamodelGraphWalker - Visiting attribute path : email
[DEBUG] 2018-02-07 22:36:38.906 [main] MetamodelGraphWalker - Visiting attribute path : firstName
[DEBUG] 2018-02-07 22:36:38.906 [main] MetamodelGraphWalker - Visiting attribute path : joinDate
[DEBUG] 2018-02-07 22:36:38.906 [main] MetamodelGraphWalker - Visiting attribute path : lastName
[DEBUG] 2018-02-07 22:36:38.906 [main] MetamodelGraphWalker - Visiting attribute path : password
[DEBUG] 2018-02-07 22:36:38.906 [main] MetamodelGraphWalker - Visiting attribute path : state
[DEBUG] 2018-02-07 22:36:38.906 [main] MetamodelGraphWalker - Visiting attribute path : userName
[DEBUG] 2018-02-07 22:36:38.906 [main] MetamodelGraphWalker - Visiting attribute path : zipcode
[DEBUG] 2018-02-07 22:36:38.907 [main] FetchStyleLoadPlanBuildingAssociationVisitationStrategy - Building LoadPlan...
[DEBUG] 2018-02-07 22:36:38.908 [main] LoadQueryJoinAndFetchProcessor - processing queryspace <gen:0>
[DEBUG] 2018-02-07 22:36:38.909 [main] LoadPlanTreePrinter - LoadPlan(entity=entity.User)
    - Returns
       - EntityReturnImpl(entity=entity.User, querySpaceUid=<gen:0>, path=entity.User)
    - QuerySpaces
       - EntityQuerySpaceImpl(uid=<gen:0>, entity=entity.User)
          - SQL table alias mapping - user0_
          - alias suffix - 0_
          - suffixed key columns - {id1_0_0_}

[DEBUG] 2018-02-07 22:36:38.909 [main] EntityLoader - Static select for entity entity.User [PESSIMISTIC_FORCE_INCREMENT]: select user0_.id as id1_0_0_, user0_.approved as approved2_0_0_, user0_.city as city3_0_0_, user0_.email as email4_0_0_, user0_.first_name as first_na5_0_0_, user0_.join_date as join_dat6_0_0_, user0_.last_name as last_nam7_0_0_, user0_.password as password8_0_0_, user0_.state as state9_0_0_, user0_.user_name as user_na10_0_0_, user0_.zipcode as zipcode11_0_0_ from users user0_ where user0_.id=? for update
[DEBUG] 2018-02-07 22:36:38.909 [main] QuerySpacesImpl - Adding QuerySpace : uid = <gen:0> -> org.hibernate.loader.plan.build.internal.spaces.EntityQuerySpaceImpl@6e0d4a8]
[DEBUG] 2018-02-07 22:36:38.910 [main] MetamodelGraphWalker - Visiting attribute path : approved
[DEBUG] 2018-02-07 22:36:38.910 [main] MetamodelGraphWalker - Visiting attribute path : city
[DEBUG] 2018-02-07 22:36:38.910 [main] MetamodelGraphWalker - Visiting attribute path : email
[DEBUG] 2018-02-07 22:36:38.910 [main] MetamodelGraphWalker - Visiting attribute path : firstName
[DEBUG] 2018-02-07 22:36:38.910 [main] MetamodelGraphWalker - Visiting attribute path : joinDate
[DEBUG] 2018-02-07 22:36:38.910 [main] MetamodelGraphWalker - Visiting attribute path : lastName
[DEBUG] 2018-02-07 22:36:38.911 [main] MetamodelGraphWalker - Visiting attribute path : password
[DEBUG] 2018-02-07 22:36:38.911 [main] MetamodelGraphWalker - Visiting attribute path : state
[DEBUG] 2018-02-07 22:36:38.911 [main] MetamodelGraphWalker - Visiting attribute path : userName
[DEBUG] 2018-02-07 22:36:38.911 [main] MetamodelGraphWalker - Visiting attribute path : zipcode
[DEBUG] 2018-02-07 22:36:38.911 [main] FetchStyleLoadPlanBuildingAssociationVisitationStrategy - Building LoadPlan...
[DEBUG] 2018-02-07 22:36:38.912 [main] LoadQueryJoinAndFetchProcessor - processing queryspace <gen:0>
[DEBUG] 2018-02-07 22:36:38.913 [main] LoadPlanTreePrinter - LoadPlan(entity=entity.User)
    - Returns
       - EntityReturnImpl(entity=entity.User, querySpaceUid=<gen:0>, path=entity.User)
    - QuerySpaces
       - EntityQuerySpaceImpl(uid=<gen:0>, entity=entity.User)
          - SQL table alias mapping - user0_
          - alias suffix - 0_
          - suffixed key columns - {id1_0_0_}

[DEBUG] 2018-02-07 22:36:38.913 [main] EntityLoader - Static select for entity entity.User [OPTIMISTIC]: select user0_.id as id1_0_0_, user0_.approved as approved2_0_0_, user0_.city as city3_0_0_, user0_.email as email4_0_0_, user0_.first_name as first_na5_0_0_, user0_.join_date as join_dat6_0_0_, user0_.last_name as last_nam7_0_0_, user0_.password as password8_0_0_, user0_.state as state9_0_0_, user0_.user_name as user_na10_0_0_, user0_.zipcode as zipcode11_0_0_ from users user0_ where user0_.id=?
[DEBUG] 2018-02-07 22:36:38.913 [main] QuerySpacesImpl - Adding QuerySpace : uid = <gen:0> -> org.hibernate.loader.plan.build.internal.spaces.EntityQuerySpaceImpl@30272916]
[DEBUG] 2018-02-07 22:36:38.914 [main] MetamodelGraphWalker - Visiting attribute path : approved
[DEBUG] 2018-02-07 22:36:38.914 [main] MetamodelGraphWalker - Visiting attribute path : city
[DEBUG] 2018-02-07 22:36:38.914 [main] MetamodelGraphWalker - Visiting attribute path : email
[DEBUG] 2018-02-07 22:36:38.914 [main] MetamodelGraphWalker - Visiting attribute path : firstName
[DEBUG] 2018-02-07 22:36:38.914 [main] MetamodelGraphWalker - Visiting attribute path : joinDate
[DEBUG] 2018-02-07 22:36:38.914 [main] MetamodelGraphWalker - Visiting attribute path : lastName
[DEBUG] 2018-02-07 22:36:38.914 [main] MetamodelGraphWalker - Visiting attribute path : password
[DEBUG] 2018-02-07 22:36:38.915 [main] MetamodelGraphWalker - Visiting attribute path : state
[DEBUG] 2018-02-07 22:36:38.915 [main] MetamodelGraphWalker - Visiting attribute path : userName
[DEBUG] 2018-02-07 22:36:38.915 [main] MetamodelGraphWalker - Visiting attribute path : zipcode
[DEBUG] 2018-02-07 22:36:38.915 [main] FetchStyleLoadPlanBuildingAssociationVisitationStrategy - Building LoadPlan...
[DEBUG] 2018-02-07 22:36:38.916 [main] LoadQueryJoinAndFetchProcessor - processing queryspace <gen:0>
[DEBUG] 2018-02-07 22:36:38.917 [main] LoadPlanTreePrinter - LoadPlan(entity=entity.User)
    - Returns
       - EntityReturnImpl(entity=entity.User, querySpaceUid=<gen:0>, path=entity.User)
    - QuerySpaces
       - EntityQuerySpaceImpl(uid=<gen:0>, entity=entity.User)
          - SQL table alias mapping - user0_
          - alias suffix - 0_
          - suffixed key columns - {id1_0_0_}

[DEBUG] 2018-02-07 22:36:38.917 [main] EntityLoader - Static select for entity entity.User [OPTIMISTIC_FORCE_INCREMENT]: select user0_.id as id1_0_0_, user0_.approved as approved2_0_0_, user0_.city as city3_0_0_, user0_.email as email4_0_0_, user0_.first_name as first_na5_0_0_, user0_.join_date as join_dat6_0_0_, user0_.last_name as last_nam7_0_0_, user0_.password as password8_0_0_, user0_.state as state9_0_0_, user0_.user_name as user_na10_0_0_, user0_.zipcode as zipcode11_0_0_ from users user0_ where user0_.id=?
[DEBUG] 2018-02-07 22:36:38.963 [main] Loader - Static select for action ACTION_MERGE on entity entity.User: select user0_.id as id1_0_0_, user0_.approved as approved2_0_0_, user0_.city as city3_0_0_, user0_.email as email4_0_0_, user0_.first_name as first_na5_0_0_, user0_.join_date as join_dat6_0_0_, user0_.last_name as last_nam7_0_0_, user0_.password as password8_0_0_, user0_.state as state9_0_0_, user0_.user_name as user_na10_0_0_, user0_.zipcode as zipcode11_0_0_ from users user0_ where user0_.id=?
[DEBUG] 2018-02-07 22:36:38.964 [main] Loader - Static select for action ACTION_REFRESH on entity entity.User: select user0_.id as id1_0_0_, user0_.approved as approved2_0_0_, user0_.city as city3_0_0_, user0_.email as email4_0_0_, user0_.first_name as first_na5_0_0_, user0_.join_date as join_dat6_0_0_, user0_.last_name as last_nam7_0_0_, user0_.password as password8_0_0_, user0_.state as state9_0_0_, user0_.user_name as user_na10_0_0_, user0_.zipcode as zipcode11_0_0_ from users user0_ where user0_.id=?
[DEBUG] 2018-02-07 22:36:39.024 [main] SchemaManagementToolCoordinator - No actions specified; doing nothing
[DEBUG] 2018-02-07 22:36:39.024 [main] JtaPlatformInitiator - No JtaPlatform was specified, checking resolver
[DEBUG] 2018-02-07 22:36:39.026 [main] JtaPlatformResolverInitiator - No JtaPlatformResolver was specified, using default [org.hibernate.engine.transaction.jta.platform.internal.StandardJtaPlatformResolver]
[DEBUG] 2018-02-07 22:36:39.035 [main] StandardJtaPlatformResolver - Could not resolve JtaPlatform, using default [org.hibernate.engine.transaction.jta.platform.internal.NoJtaPlatform]
[DEBUG] 2018-02-07 22:36:39.038 [main] NamedQueryRepository - Checking 0 named HQL queries
[DEBUG] 2018-02-07 22:36:39.039 [main] NamedQueryRepository - Checking 0 named SQL queries
[DEBUG] 2018-02-07 22:36:39.042 [main] SessionFactoryRegistry - Initializing SessionFactoryRegistry : org.hibernate.internal.SessionFactoryRegistry@771158fb
[DEBUG] 2018-02-07 22:36:39.048 [main] SessionFactoryRegistry - Registering SessionFactory: 86a36c79-a4a2-4a1b-867a-053847250442 (<unnamed>)
[DEBUG] 2018-02-07 22:36:39.048 [main] SessionFactoryRegistry - Not binding SessionFactory to JNDI, no JNDI name configured
[DEBUG] 2018-02-07 22:36:39.317 [main] StatisticsInitiator - Statistics initialized [enabled=false]
[DEBUG] 2018-02-07 22:36:39.357 [main] SQL - select user0_.id as id1_0_0_, user0_.approved as approved2_0_0_, user0_.city as city3_0_0_, user0_.email as email4_0_0_, user0_.first_name as first_na5_0_0_, user0_.join_date as join_dat6_0_0_, user0_.last_name as last_nam7_0_0_, user0_.password as password8_0_0_, user0_.state as state9_0_0_, user0_.user_name as user_na10_0_0_, user0_.zipcode as zipcode11_0_0_ from users user0_ where user0_.id=?
[DEBUG] 2018-02-07 22:36:39.419 [main] ResourceRegistryStandardImpl - HHH000387: ResultSet's statement was not registered
[DEBUG] 2018-02-07 22:36:39.420 [main] AbstractLoadPlanBasedEntityLoader - Done entity load : entity.User#3
[DEBUG] 2018-02-07 22:36:39.420 [main] LogicalConnectionManagedImpl - Initiating JDBC connection release from afterTransaction
