[DEBUG] 2018-02-11 22:05:56.988 [main] IntegratorServiceImpl - Adding Integrator [org.hibernate.cfg.beanvalidation.BeanValidationIntegrator].
[DEBUG] 2018-02-11 22:05:57.006 [main] IntegratorServiceImpl - Adding Integrator [org.hibernate.secure.spi.JaccIntegrator].
[DEBUG] 2018-02-11 22:05:57.019 [main] IntegratorServiceImpl - Adding Integrator [org.hibernate.cache.internal.CollectionCacheInvalidator].
[INFO ] 2018-02-11 22:05:57.320 [main] Version - HHH000412: Hibernate Core {5.2.12.Final}
[INFO ] 2018-02-11 22:05:57.326 [main] Environment - HHH000206: hibernate.properties not found
[DEBUG] 2018-02-11 22:05:57.422 [main] LocalXmlResourceResolver - Interpreting public/system identifier : [-//Hibernate/Hibernate Configuration DTD//EN] - [http://www.hibernate.org/dtd/hibernate-configuration-3.0.dtd]
[DEBUG] 2018-02-11 22:05:57.426 [main] LocalXmlResourceResolver - Recognized hibernate-configuration identifier; attempting to resolve on classpath under org/hibernate/
[DEBUG] 2018-02-11 22:05:57.442 [main] JaxbCfgProcessor - cfg.xml document did not define namespaces; wrapping in custom event reader to introduce namespace information
[DEBUG] 2018-02-11 22:05:57.956 [main] ServiceBinding - Overriding existing service binding [org.hibernate.secure.spi.JaccService]
[DEBUG] 2018-02-11 22:05:58.013 [main] RegionFactoryInitiator - Cache region factory : org.hibernate.cache.internal.NoCachingRegionFactory
[INFO ] 2018-02-11 22:05:58.069 [main] Version - HCANN000001: Hibernate Commons Annotations {5.0.1.Final}
[DEBUG] 2018-02-11 22:05:58.174 [main] BasicTypeRegistry - Adding type registration boolean -> org.hibernate.type.BooleanType@7139992f
[DEBUG] 2018-02-11 22:05:58.181 [main] BasicTypeRegistry - Adding type registration boolean -> org.hibernate.type.BooleanType@7139992f
[DEBUG] 2018-02-11 22:05:58.182 [main] BasicTypeRegistry - Adding type registration java.lang.Boolean -> org.hibernate.type.BooleanType@7139992f
[DEBUG] 2018-02-11 22:05:58.185 [main] BasicTypeRegistry - Adding type registration numeric_boolean -> org.hibernate.type.NumericBooleanType@7eecb5b8
[DEBUG] 2018-02-11 22:05:58.189 [main] BasicTypeRegistry - Adding type registration true_false -> org.hibernate.type.TrueFalseType@71687585
[DEBUG] 2018-02-11 22:05:58.191 [main] BasicTypeRegistry - Adding type registration yes_no -> org.hibernate.type.YesNoType@7fb4f2a9
[DEBUG] 2018-02-11 22:05:58.195 [main] BasicTypeRegistry - Adding type registration byte -> org.hibernate.type.ByteType@7d3e8655
[DEBUG] 2018-02-11 22:05:58.196 [main] BasicTypeRegistry - Adding type registration byte -> org.hibernate.type.ByteType@7d3e8655
[DEBUG] 2018-02-11 22:05:58.197 [main] BasicTypeRegistry - Adding type registration java.lang.Byte -> org.hibernate.type.ByteType@7d3e8655
[DEBUG] 2018-02-11 22:05:58.201 [main] BasicTypeRegistry - Adding type registration character -> org.hibernate.type.CharacterType@3aa078fd
[DEBUG] 2018-02-11 22:05:58.202 [main] BasicTypeRegistry - Adding type registration char -> org.hibernate.type.CharacterType@3aa078fd
[DEBUG] 2018-02-11 22:05:58.204 [main] BasicTypeRegistry - Adding type registration java.lang.Character -> org.hibernate.type.CharacterType@3aa078fd
[DEBUG] 2018-02-11 22:05:58.210 [main] BasicTypeRegistry - Adding type registration short -> org.hibernate.type.ShortType@5dafbe45
[DEBUG] 2018-02-11 22:05:58.211 [main] BasicTypeRegistry - Adding type registration short -> org.hibernate.type.ShortType@5dafbe45
[DEBUG] 2018-02-11 22:05:58.211 [main] BasicTypeRegistry - Adding type registration java.lang.Short -> org.hibernate.type.ShortType@5dafbe45
[DEBUG] 2018-02-11 22:05:58.214 [main] BasicTypeRegistry - Adding type registration integer -> org.hibernate.type.IntegerType@d2de489
[DEBUG] 2018-02-11 22:05:58.214 [main] BasicTypeRegistry - Adding type registration int -> org.hibernate.type.IntegerType@d2de489
[DEBUG] 2018-02-11 22:05:58.214 [main] BasicTypeRegistry - Adding type registration java.lang.Integer -> org.hibernate.type.IntegerType@d2de489
[DEBUG] 2018-02-11 22:05:58.218 [main] BasicTypeRegistry - Adding type registration long -> org.hibernate.type.LongType@3e0e1046
[DEBUG] 2018-02-11 22:05:58.218 [main] BasicTypeRegistry - Adding type registration long -> org.hibernate.type.LongType@3e0e1046
[DEBUG] 2018-02-11 22:05:58.219 [main] BasicTypeRegistry - Adding type registration java.lang.Long -> org.hibernate.type.LongType@3e0e1046
[DEBUG] 2018-02-11 22:05:58.223 [main] BasicTypeRegistry - Adding type registration float -> org.hibernate.type.FloatType@23941fb4
[DEBUG] 2018-02-11 22:05:58.223 [main] BasicTypeRegistry - Adding type registration float -> org.hibernate.type.FloatType@23941fb4
[DEBUG] 2018-02-11 22:05:58.224 [main] BasicTypeRegistry - Adding type registration java.lang.Float -> org.hibernate.type.FloatType@23941fb4
[DEBUG] 2018-02-11 22:05:58.227 [main] BasicTypeRegistry - Adding type registration double -> org.hibernate.type.DoubleType@45385f75
[DEBUG] 2018-02-11 22:05:58.227 [main] BasicTypeRegistry - Adding type registration double -> org.hibernate.type.DoubleType@45385f75
[DEBUG] 2018-02-11 22:05:58.227 [main] BasicTypeRegistry - Adding type registration java.lang.Double -> org.hibernate.type.DoubleType@45385f75
[DEBUG] 2018-02-11 22:05:58.232 [main] BasicTypeRegistry - Adding type registration big_decimal -> org.hibernate.type.BigDecimalType@700fb871
[DEBUG] 2018-02-11 22:05:58.233 [main] BasicTypeRegistry - Adding type registration java.math.BigDecimal -> org.hibernate.type.BigDecimalType@700fb871
[DEBUG] 2018-02-11 22:05:58.236 [main] BasicTypeRegistry - Adding type registration big_integer -> org.hibernate.type.BigIntegerType@565f390
[DEBUG] 2018-02-11 22:05:58.237 [main] BasicTypeRegistry - Adding type registration java.math.BigInteger -> org.hibernate.type.BigIntegerType@565f390
[DEBUG] 2018-02-11 22:05:58.241 [main] BasicTypeRegistry - Adding type registration string -> org.hibernate.type.StringType@49b2a47d
[DEBUG] 2018-02-11 22:05:58.242 [main] BasicTypeRegistry - Adding type registration java.lang.String -> org.hibernate.type.StringType@49b2a47d
[DEBUG] 2018-02-11 22:05:58.246 [main] BasicTypeRegistry - Adding type registration nstring -> org.hibernate.type.StringNVarcharType@642a7222
[DEBUG] 2018-02-11 22:05:58.257 [main] BasicTypeRegistry - Adding type registration ncharacter -> org.hibernate.type.CharacterNCharType@147e2ae7
[DEBUG] 2018-02-11 22:05:58.260 [main] BasicTypeRegistry - Adding type registration url -> org.hibernate.type.UrlType@503f91c3
[DEBUG] 2018-02-11 22:05:58.261 [main] BasicTypeRegistry - Adding type registration java.net.URL -> org.hibernate.type.UrlType@503f91c3
[DEBUG] 2018-02-11 22:05:58.264 [main] BasicTypeRegistry - Adding type registration Duration -> org.hibernate.type.DurationType@3b6d844d
[DEBUG] 2018-02-11 22:05:58.264 [main] BasicTypeRegistry - Adding type registration java.time.Duration -> org.hibernate.type.DurationType@3b6d844d
[DEBUG] 2018-02-11 22:05:58.305 [main] BasicTypeRegistry - Adding type registration Instant -> org.hibernate.type.InstantType@5038d0b5
[DEBUG] 2018-02-11 22:05:58.306 [main] BasicTypeRegistry - Adding type registration java.time.Instant -> org.hibernate.type.InstantType@5038d0b5
[DEBUG] 2018-02-11 22:05:58.310 [main] BasicTypeRegistry - Adding type registration LocalDateTime -> org.hibernate.type.LocalDateTimeType@45efd90f
[DEBUG] 2018-02-11 22:05:58.310 [main] BasicTypeRegistry - Adding type registration java.time.LocalDateTime -> org.hibernate.type.LocalDateTimeType@45efd90f
[DEBUG] 2018-02-11 22:05:58.314 [main] BasicTypeRegistry - Adding type registration LocalDate -> org.hibernate.type.LocalDateType@7d7758be
[DEBUG] 2018-02-11 22:05:58.315 [main] BasicTypeRegistry - Adding type registration java.time.LocalDate -> org.hibernate.type.LocalDateType@7d7758be
[DEBUG] 2018-02-11 22:05:58.319 [main] BasicTypeRegistry - Adding type registration LocalTime -> org.hibernate.type.LocalTimeType@a8ef162
[DEBUG] 2018-02-11 22:05:58.319 [main] BasicTypeRegistry - Adding type registration java.time.LocalTime -> org.hibernate.type.LocalTimeType@a8ef162
[DEBUG] 2018-02-11 22:05:58.322 [main] BasicTypeRegistry - Adding type registration OffsetDateTime -> org.hibernate.type.OffsetDateTimeType@78fa769e
[DEBUG] 2018-02-11 22:05:58.323 [main] BasicTypeRegistry - Adding type registration java.time.OffsetDateTime -> org.hibernate.type.OffsetDateTimeType@78fa769e
[DEBUG] 2018-02-11 22:05:58.327 [main] BasicTypeRegistry - Adding type registration OffsetTime -> org.hibernate.type.OffsetTimeType@18317edc
[DEBUG] 2018-02-11 22:05:58.327 [main] BasicTypeRegistry - Adding type registration java.time.OffsetTime -> org.hibernate.type.OffsetTimeType@18317edc
[DEBUG] 2018-02-11 22:05:58.344 [main] BasicTypeRegistry - Adding type registration ZonedDateTime -> org.hibernate.type.ZonedDateTimeType@3e62d773
[DEBUG] 2018-02-11 22:05:58.344 [main] BasicTypeRegistry - Adding type registration java.time.ZonedDateTime -> org.hibernate.type.ZonedDateTimeType@3e62d773
[DEBUG] 2018-02-11 22:05:58.349 [main] BasicTypeRegistry - Adding type registration date -> org.hibernate.type.DateType@47c81abf
[DEBUG] 2018-02-11 22:05:58.350 [main] BasicTypeRegistry - Adding type registration java.sql.Date -> org.hibernate.type.DateType@47c81abf
[DEBUG] 2018-02-11 22:05:58.354 [main] BasicTypeRegistry - Adding type registration time -> org.hibernate.type.TimeType@3cce57c7
[DEBUG] 2018-02-11 22:05:58.355 [main] BasicTypeRegistry - Adding type registration java.sql.Time -> org.hibernate.type.TimeType@3cce57c7
[DEBUG] 2018-02-11 22:05:58.358 [main] BasicTypeRegistry - Adding type registration timestamp -> org.hibernate.type.TimestampType@3576ddc2
[DEBUG] 2018-02-11 22:05:58.359 [main] BasicTypeRegistry - Adding type registration java.sql.Timestamp -> org.hibernate.type.TimestampType@3576ddc2
[DEBUG] 2018-02-11 22:05:58.359 [main] BasicTypeRegistry - Adding type registration java.util.Date -> org.hibernate.type.TimestampType@3576ddc2
[DEBUG] 2018-02-11 22:05:58.364 [main] BasicTypeRegistry - Adding type registration dbtimestamp -> org.hibernate.type.DbTimestampType@b86de0d
[DEBUG] 2018-02-11 22:05:58.367 [main] BasicTypeRegistry - Adding type registration calendar -> org.hibernate.type.CalendarType@4808bc9b
[DEBUG] 2018-02-11 22:05:58.368 [main] BasicTypeRegistry - Adding type registration java.util.Calendar -> org.hibernate.type.CalendarType@4808bc9b
[DEBUG] 2018-02-11 22:05:58.368 [main] BasicTypeRegistry - Adding type registration java.util.GregorianCalendar -> org.hibernate.type.CalendarType@4808bc9b
[DEBUG] 2018-02-11 22:05:58.370 [main] BasicTypeRegistry - Adding type registration calendar_date -> org.hibernate.type.CalendarDateType@13df2a8c
[DEBUG] 2018-02-11 22:05:58.373 [main] BasicTypeRegistry - Adding type registration locale -> org.hibernate.type.LocaleType@163370c2
[DEBUG] 2018-02-11 22:05:58.374 [main] BasicTypeRegistry - Adding type registration java.util.Locale -> org.hibernate.type.LocaleType@163370c2
[DEBUG] 2018-02-11 22:05:58.377 [main] BasicTypeRegistry - Adding type registration currency -> org.hibernate.type.CurrencyType@13d9cbf5
[DEBUG] 2018-02-11 22:05:58.377 [main] BasicTypeRegistry - Adding type registration java.util.Currency -> org.hibernate.type.CurrencyType@13d9cbf5
[DEBUG] 2018-02-11 22:05:58.380 [main] BasicTypeRegistry - Adding type registration timezone -> org.hibernate.type.TimeZoneType@7b50df34
[DEBUG] 2018-02-11 22:05:58.380 [main] BasicTypeRegistry - Adding type registration java.util.TimeZone -> org.hibernate.type.TimeZoneType@7b50df34
[DEBUG] 2018-02-11 22:05:58.383 [main] BasicTypeRegistry - Adding type registration class -> org.hibernate.type.ClassType@77659b30
[DEBUG] 2018-02-11 22:05:58.383 [main] BasicTypeRegistry - Adding type registration java.lang.Class -> org.hibernate.type.ClassType@77659b30
[DEBUG] 2018-02-11 22:05:58.387 [main] BasicTypeRegistry - Adding type registration uuid-binary -> org.hibernate.type.UUIDBinaryType@e25951c
[DEBUG] 2018-02-11 22:05:58.388 [main] BasicTypeRegistry - Adding type registration java.util.UUID -> org.hibernate.type.UUIDBinaryType@e25951c
[DEBUG] 2018-02-11 22:05:58.389 [main] BasicTypeRegistry - Adding type registration uuid-char -> org.hibernate.type.UUIDCharType@dc9876b
[DEBUG] 2018-02-11 22:05:58.393 [main] BasicTypeRegistry - Adding type registration binary -> org.hibernate.type.BinaryType@57a3e26a
[DEBUG] 2018-02-11 22:05:58.393 [main] BasicTypeRegistry - Adding type registration byte[] -> org.hibernate.type.BinaryType@57a3e26a
[DEBUG] 2018-02-11 22:05:58.393 [main] BasicTypeRegistry - Adding type registration [B -> org.hibernate.type.BinaryType@57a3e26a
[DEBUG] 2018-02-11 22:05:58.396 [main] BasicTypeRegistry - Adding type registration wrapper-binary -> org.hibernate.type.WrapperBinaryType@3b5fad2d
[DEBUG] 2018-02-11 22:05:58.397 [main] BasicTypeRegistry - Adding type registration Byte[] -> org.hibernate.type.WrapperBinaryType@3b5fad2d
[DEBUG] 2018-02-11 22:05:58.397 [main] BasicTypeRegistry - Adding type registration [Ljava.lang.Byte; -> org.hibernate.type.WrapperBinaryType@3b5fad2d
[DEBUG] 2018-02-11 22:05:58.400 [main] BasicTypeRegistry - Adding type registration row_version -> org.hibernate.type.RowVersionType@74f6c5d8
[DEBUG] 2018-02-11 22:05:58.403 [main] BasicTypeRegistry - Adding type registration image -> org.hibernate.type.ImageType@4bbf6d0e
[DEBUG] 2018-02-11 22:05:58.405 [main] BasicTypeRegistry - Adding type registration characters -> org.hibernate.type.CharArrayType@13bc8645
[DEBUG] 2018-02-11 22:05:58.406 [main] BasicTypeRegistry - Adding type registration char[] -> org.hibernate.type.CharArrayType@13bc8645
[DEBUG] 2018-02-11 22:05:58.406 [main] BasicTypeRegistry - Adding type registration [C -> org.hibernate.type.CharArrayType@13bc8645
[DEBUG] 2018-02-11 22:05:58.409 [main] BasicTypeRegistry - Adding type registration wrapper-characters -> org.hibernate.type.CharacterArrayType@1890516e
[DEBUG] 2018-02-11 22:05:58.410 [main] BasicTypeRegistry - Adding type registration [Ljava.lang.Character; -> org.hibernate.type.CharacterArrayType@1890516e
[DEBUG] 2018-02-11 22:05:58.410 [main] BasicTypeRegistry - Adding type registration Character[] -> org.hibernate.type.CharacterArrayType@1890516e
[DEBUG] 2018-02-11 22:05:58.412 [main] BasicTypeRegistry - Adding type registration text -> org.hibernate.type.TextType@26adfd2d
[DEBUG] 2018-02-11 22:05:58.415 [main] BasicTypeRegistry - Adding type registration ntext -> org.hibernate.type.NTextType@6dd7b5a3
[DEBUG] 2018-02-11 22:05:58.428 [main] BasicTypeRegistry - Adding type registration blob -> org.hibernate.type.BlobType@7f284218
[DEBUG] 2018-02-11 22:05:58.428 [main] BasicTypeRegistry - Adding type registration java.sql.Blob -> org.hibernate.type.BlobType@7f284218
[DEBUG] 2018-02-11 22:05:58.430 [main] BasicTypeRegistry - Adding type registration materialized_blob -> org.hibernate.type.MaterializedBlobType@2a7ed1f
[DEBUG] 2018-02-11 22:05:58.457 [main] BasicTypeRegistry - Adding type registration clob -> org.hibernate.type.ClobType@42b3b079
[DEBUG] 2018-02-11 22:05:58.460 [main] BasicTypeRegistry - Adding type registration java.sql.Clob -> org.hibernate.type.ClobType@42b3b079
[DEBUG] 2018-02-11 22:05:58.632 [main] BasicTypeRegistry - Adding type registration nclob -> org.hibernate.type.NClobType@20d7d6fb
[DEBUG] 2018-02-11 22:05:58.632 [main] BasicTypeRegistry - Adding type registration java.sql.NClob -> org.hibernate.type.NClobType@20d7d6fb
[DEBUG] 2018-02-11 22:05:58.633 [main] BasicTypeRegistry - Adding type registration materialized_clob -> org.hibernate.type.MaterializedClobType@479cbee5
[DEBUG] 2018-02-11 22:05:58.635 [main] BasicTypeRegistry - Adding type registration materialized_nclob -> org.hibernate.type.MaterializedNClobType@7f8a9499
[DEBUG] 2018-02-11 22:05:58.638 [main] BasicTypeRegistry - Adding type registration serializable -> org.hibernate.type.SerializableType@62833051
[DEBUG] 2018-02-11 22:05:58.646 [main] BasicTypeRegistry - Adding type registration object -> org.hibernate.type.ObjectType@7fc4780b
[DEBUG] 2018-02-11 22:05:58.647 [main] BasicTypeRegistry - Adding type registration java.lang.Object -> org.hibernate.type.ObjectType@7fc4780b
[DEBUG] 2018-02-11 22:05:58.648 [main] BasicTypeRegistry - Adding type registration imm_date -> org.hibernate.type.AdaptedImmutableType@43599640
[DEBUG] 2018-02-11 22:05:58.648 [main] BasicTypeRegistry - Adding type registration imm_time -> org.hibernate.type.AdaptedImmutableType@1f81aa00
[DEBUG] 2018-02-11 22:05:58.649 [main] BasicTypeRegistry - Adding type registration imm_timestamp -> org.hibernate.type.AdaptedImmutableType@6b6776cb
[DEBUG] 2018-02-11 22:05:58.649 [main] BasicTypeRegistry - Adding type registration imm_dbtimestamp -> org.hibernate.type.AdaptedImmutableType@1863d2fe
[DEBUG] 2018-02-11 22:05:58.649 [main] BasicTypeRegistry - Adding type registration imm_calendar -> org.hibernate.type.AdaptedImmutableType@1787bc24
[DEBUG] 2018-02-11 22:05:58.649 [main] BasicTypeRegistry - Adding type registration imm_calendar_date -> org.hibernate.type.AdaptedImmutableType@544d57e
[DEBUG] 2018-02-11 22:05:58.649 [main] BasicTypeRegistry - Adding type registration imm_binary -> org.hibernate.type.AdaptedImmutableType@55c53a33
[DEBUG] 2018-02-11 22:05:58.649 [main] BasicTypeRegistry - Adding type registration imm_serializable -> org.hibernate.type.AdaptedImmutableType@53b7f657
[INFO ] 2018-02-11 22:05:58.678 [main] C3P0ConnectionProvider - HHH010002: C3P0 using driver: com.mysql.jdbc.Driver at URL: jdbc:mysql://localhost:3306/test_used_computers
[INFO ] 2018-02-11 22:05:58.679 [main] C3P0ConnectionProvider - HHH10001001: Connection properties: {user=root, password=****}
[INFO ] 2018-02-11 22:05:58.680 [main] C3P0ConnectionProvider - HHH10001003: Autocommit mode: false
[INFO ] 2018-02-11 22:05:59.135 [main] C3P0ConnectionProvider - HHH10001007: JDBC isolation level: <unknown>
[DEBUG] 2018-02-11 22:06:00.020 [main] JdbcEnvironmentInitiator - Database ->
       name : MySQL
    version : 5.7.21-0ubuntu0.16.04.1
      major : 5
      minor : 7
[DEBUG] 2018-02-11 22:06:00.021 [main] JdbcEnvironmentInitiator - Driver ->
       name : MySQL Connector Java
    version : mysql-connector-java-5.1.39 ( Revision: 3289a357af6d09ecc1a10fd3c26e95183e5790ad )
      major : 5
      minor : 1
[DEBUG] 2018-02-11 22:06:00.022 [main] JdbcEnvironmentInitiator - JDBC version : 4.0
[INFO ] 2018-02-11 22:06:00.053 [main] Dialect - HHH000400: Using dialect: org.hibernate.dialect.MySQL5Dialect
[DEBUG] 2018-02-11 22:06:00.158 [main] IdentifierHelperBuilder - JDBC driver metadata reported database stores quoted identifiers in more than one case
[DEBUG] 2018-02-11 22:06:00.162 [main] IdentifierHelperBuilder - IdentifierCaseStrategy for both quoted and unquoted identifiers was set to the same strategy [MIXED]; that will likely lead to problems in schema update and validation if using quoted identifiers
[DEBUG] 2018-02-11 22:06:00.259 [main] DefaultIdentifierGeneratorFactory - Registering IdentifierGenerator strategy [uuid2] -> [org.hibernate.id.UUIDGenerator]
[DEBUG] 2018-02-11 22:06:00.260 [main] DefaultIdentifierGeneratorFactory - Registering IdentifierGenerator strategy [guid] -> [org.hibernate.id.GUIDGenerator]
[DEBUG] 2018-02-11 22:06:00.261 [main] DefaultIdentifierGeneratorFactory - Registering IdentifierGenerator strategy [uuid] -> [org.hibernate.id.UUIDHexGenerator]
[DEBUG] 2018-02-11 22:06:00.261 [main] DefaultIdentifierGeneratorFactory - Registering IdentifierGenerator strategy [uuid.hex] -> [org.hibernate.id.UUIDHexGenerator]
[DEBUG] 2018-02-11 22:06:00.262 [main] DefaultIdentifierGeneratorFactory - Registering IdentifierGenerator strategy [assigned] -> [org.hibernate.id.Assigned]
[DEBUG] 2018-02-11 22:06:00.265 [main] DefaultIdentifierGeneratorFactory - Registering IdentifierGenerator strategy [identity] -> [org.hibernate.id.IdentityGenerator]
[DEBUG] 2018-02-11 22:06:00.266 [main] DefaultIdentifierGeneratorFactory - Registering IdentifierGenerator strategy [select] -> [org.hibernate.id.SelectGenerator]
[DEBUG] 2018-02-11 22:06:00.268 [main] DefaultIdentifierGeneratorFactory - Registering IdentifierGenerator strategy [sequence] -> [org.hibernate.id.enhanced.SequenceStyleGenerator]
[DEBUG] 2018-02-11 22:06:00.269 [main] DefaultIdentifierGeneratorFactory - Registering IdentifierGenerator strategy [seqhilo] -> [org.hibernate.id.SequenceHiLoGenerator]
[DEBUG] 2018-02-11 22:06:00.270 [main] DefaultIdentifierGeneratorFactory - Registering IdentifierGenerator strategy [increment] -> [org.hibernate.id.IncrementGenerator]
[DEBUG] 2018-02-11 22:06:00.271 [main] DefaultIdentifierGeneratorFactory - Registering IdentifierGenerator strategy [foreign] -> [org.hibernate.id.ForeignGenerator]
[DEBUG] 2018-02-11 22:06:00.272 [main] DefaultIdentifierGeneratorFactory - Registering IdentifierGenerator strategy [sequence-identity] -> [org.hibernate.id.SequenceIdentityGenerator]
[DEBUG] 2018-02-11 22:06:00.272 [main] DefaultIdentifierGeneratorFactory - Registering IdentifierGenerator strategy [enhanced-sequence] -> [org.hibernate.id.enhanced.SequenceStyleGenerator]
[DEBUG] 2018-02-11 22:06:00.273 [main] DefaultIdentifierGeneratorFactory - Registering IdentifierGenerator strategy [enhanced-table] -> [org.hibernate.id.enhanced.TableGenerator]
[DEBUG] 2018-02-11 22:06:00.349 [main] Namespace - Created database namespace [logicalName=Name{catalog=null, schema=null}, physicalName=Name{catalog=null, schema=null}]
[DEBUG] 2018-02-11 22:06:00.422 [main] AnnotationBinder - Binding entity from annotated class: entity.User
[DEBUG] 2018-02-11 22:06:00.463 [main] Ejb3Column - Binding column: Ejb3DiscriminatorColumn{logicalColumnName'DTYPE', discriminatorTypeName='string'}
[DEBUG] 2018-02-11 22:06:00.473 [main] EntityBinder - Import with entity name User
[DEBUG] 2018-02-11 22:06:00.480 [main] EntityBinder - Bind entity entity.User on table users
[DEBUG] 2018-02-11 22:06:00.553 [main] Ejb3Column - Binding column: Ejb3Column{table=org.hibernate.mapping.Table(users), mappingColumn=id, insertable=true, updatable=true, unique=false}
[DEBUG] 2018-02-11 22:06:00.562 [main] PropertyBinder - MetadataSourceProcessor property id with lazy=false
[DEBUG] 2018-02-11 22:06:00.566 [main] AbstractPropertyHolder - Attempting to locate auto-apply AttributeConverter for property [entity.User:id]
[DEBUG] 2018-02-11 22:06:00.569 [main] SimpleValueBinder - building SimpleValue for id
[DEBUG] 2018-02-11 22:06:00.575 [main] PropertyBinder - Building property id
[DEBUG] 2018-02-11 22:06:00.589 [main] Ejb3Column - Binding column: Ejb3Column{table=org.hibernate.mapping.Table(users), mappingColumn=approved, insertable=true, updatable=true, unique=false}
[DEBUG] 2018-02-11 22:06:00.590 [main] PropertyBinder - MetadataSourceProcessor property approved with lazy=false
[DEBUG] 2018-02-11 22:06:00.590 [main] AbstractPropertyHolder - Attempting to locate auto-apply AttributeConverter for property [entity.User:approved]
[DEBUG] 2018-02-11 22:06:00.590 [main] SimpleValueBinder - building SimpleValue for approved
[DEBUG] 2018-02-11 22:06:00.590 [main] PropertyBinder - Building property approved
[DEBUG] 2018-02-11 22:06:00.591 [main] Ejb3Column - Binding column: Ejb3Column{table=org.hibernate.mapping.Table(users), mappingColumn=city, insertable=true, updatable=true, unique=false}
[DEBUG] 2018-02-11 22:06:00.592 [main] PropertyBinder - MetadataSourceProcessor property city with lazy=false
[DEBUG] 2018-02-11 22:06:00.592 [main] AbstractPropertyHolder - Attempting to locate auto-apply AttributeConverter for property [entity.User:city]
[DEBUG] 2018-02-11 22:06:00.592 [main] SimpleValueBinder - building SimpleValue for city
[DEBUG] 2018-02-11 22:06:00.592 [main] PropertyBinder - Building property city
[DEBUG] 2018-02-11 22:06:00.593 [main] Ejb3Column - Binding column: Ejb3Column{table=org.hibernate.mapping.Table(users), mappingColumn=email, insertable=true, updatable=true, unique=false}
[DEBUG] 2018-02-11 22:06:00.593 [main] PropertyBinder - MetadataSourceProcessor property email with lazy=false
[DEBUG] 2018-02-11 22:06:00.593 [main] AbstractPropertyHolder - Attempting to locate auto-apply AttributeConverter for property [entity.User:email]
[DEBUG] 2018-02-11 22:06:00.594 [main] SimpleValueBinder - building SimpleValue for email
[DEBUG] 2018-02-11 22:06:00.594 [main] PropertyBinder - Building property email
[DEBUG] 2018-02-11 22:06:00.594 [main] Ejb3Column - Binding column: Ejb3Column{table=org.hibernate.mapping.Table(users), mappingColumn=first_name, insertable=true, updatable=true, unique=false}
[DEBUG] 2018-02-11 22:06:00.595 [main] PropertyBinder - MetadataSourceProcessor property firstName with lazy=false
[DEBUG] 2018-02-11 22:06:00.595 [main] AbstractPropertyHolder - Attempting to locate auto-apply AttributeConverter for property [entity.User:firstName]
[DEBUG] 2018-02-11 22:06:00.595 [main] SimpleValueBinder - building SimpleValue for firstName
[DEBUG] 2018-02-11 22:06:00.595 [main] PropertyBinder - Building property firstName
[DEBUG] 2018-02-11 22:06:00.596 [main] Ejb3Column - Binding column: Ejb3Column{table=org.hibernate.mapping.Table(users), mappingColumn=join_date, insertable=true, updatable=true, unique=false}
[DEBUG] 2018-02-11 22:06:00.596 [main] PropertyBinder - MetadataSourceProcessor property joinDate with lazy=false
[DEBUG] 2018-02-11 22:06:00.596 [main] AbstractPropertyHolder - Attempting to locate auto-apply AttributeConverter for property [entity.User:joinDate]
[DEBUG] 2018-02-11 22:06:00.597 [main] SimpleValueBinder - building SimpleValue for joinDate
[DEBUG] 2018-02-11 22:06:00.597 [main] PropertyBinder - Building property joinDate
[DEBUG] 2018-02-11 22:06:00.598 [main] Ejb3Column - Binding column: Ejb3Column{table=org.hibernate.mapping.Table(users), mappingColumn=last_name, insertable=true, updatable=true, unique=false}
[DEBUG] 2018-02-11 22:06:00.598 [main] PropertyBinder - MetadataSourceProcessor property lastName with lazy=false
[DEBUG] 2018-02-11 22:06:00.598 [main] AbstractPropertyHolder - Attempting to locate auto-apply AttributeConverter for property [entity.User:lastName]
[DEBUG] 2018-02-11 22:06:00.598 [main] SimpleValueBinder - building SimpleValue for lastName
[DEBUG] 2018-02-11 22:06:00.598 [main] PropertyBinder - Building property lastName
[DEBUG] 2018-02-11 22:06:00.599 [main] Ejb3Column - Binding column: Ejb3Column{table=org.hibernate.mapping.Table(users), mappingColumn=password, insertable=true, updatable=true, unique=false}
[DEBUG] 2018-02-11 22:06:00.599 [main] PropertyBinder - MetadataSourceProcessor property password with lazy=false
[DEBUG] 2018-02-11 22:06:00.599 [main] AbstractPropertyHolder - Attempting to locate auto-apply AttributeConverter for property [entity.User:password]
[DEBUG] 2018-02-11 22:06:00.600 [main] SimpleValueBinder - building SimpleValue for password
[DEBUG] 2018-02-11 22:06:00.600 [main] PropertyBinder - Building property password
[DEBUG] 2018-02-11 22:06:00.600 [main] Ejb3Column - Binding column: Ejb3Column{table=org.hibernate.mapping.Table(users), mappingColumn=state, insertable=true, updatable=true, unique=false}
[DEBUG] 2018-02-11 22:06:00.601 [main] PropertyBinder - MetadataSourceProcessor property state with lazy=false
[DEBUG] 2018-02-11 22:06:00.601 [main] AbstractPropertyHolder - Attempting to locate auto-apply AttributeConverter for property [entity.User:state]
[DEBUG] 2018-02-11 22:06:00.601 [main] SimpleValueBinder - building SimpleValue for state
[DEBUG] 2018-02-11 22:06:00.601 [main] PropertyBinder - Building property state
[DEBUG] 2018-02-11 22:06:00.602 [main] Ejb3Column - Binding column: Ejb3Column{table=org.hibernate.mapping.Table(users), mappingColumn=user_name, insertable=true, updatable=true, unique=false}
[DEBUG] 2018-02-11 22:06:00.602 [main] PropertyBinder - MetadataSourceProcessor property userName with lazy=false
[DEBUG] 2018-02-11 22:06:00.602 [main] AbstractPropertyHolder - Attempting to locate auto-apply AttributeConverter for property [entity.User:userName]
[DEBUG] 2018-02-11 22:06:00.602 [main] SimpleValueBinder - building SimpleValue for userName
[DEBUG] 2018-02-11 22:06:00.603 [main] PropertyBinder - Building property userName
[DEBUG] 2018-02-11 22:06:00.603 [main] Ejb3Column - Binding column: Ejb3Column{table=org.hibernate.mapping.Table(users), mappingColumn=zipcode, insertable=true, updatable=true, unique=false}
[DEBUG] 2018-02-11 22:06:00.604 [main] PropertyBinder - MetadataSourceProcessor property zipcode with lazy=false
[DEBUG] 2018-02-11 22:06:00.604 [main] AbstractPropertyHolder - Attempting to locate auto-apply AttributeConverter for property [entity.User:zipcode]
[DEBUG] 2018-02-11 22:06:00.604 [main] SimpleValueBinder - building SimpleValue for zipcode
[DEBUG] 2018-02-11 22:06:00.605 [main] PropertyBinder - Building property zipcode
[DEBUG] 2018-02-11 22:06:00.609 [main] SimpleValueBinder - Starting fillSimpleValue for id
[DEBUG] 2018-02-11 22:06:00.609 [main] SimpleValueBinder - Starting fillSimpleValue for approved
[DEBUG] 2018-02-11 22:06:00.609 [main] SimpleValueBinder - Starting fillSimpleValue for city
[DEBUG] 2018-02-11 22:06:00.609 [main] SimpleValueBinder - Starting fillSimpleValue for email
[DEBUG] 2018-02-11 22:06:00.609 [main] SimpleValueBinder - Starting fillSimpleValue for firstName
[DEBUG] 2018-02-11 22:06:00.610 [main] SimpleValueBinder - Starting fillSimpleValue for joinDate
[DEBUG] 2018-02-11 22:06:00.610 [main] SimpleValueBinder - Starting fillSimpleValue for lastName
[DEBUG] 2018-02-11 22:06:00.610 [main] SimpleValueBinder - Starting fillSimpleValue for password
[DEBUG] 2018-02-11 22:06:00.610 [main] SimpleValueBinder - Starting fillSimpleValue for state
[DEBUG] 2018-02-11 22:06:00.610 [main] SimpleValueBinder - Starting fillSimpleValue for userName
[DEBUG] 2018-02-11 22:06:00.610 [main] SimpleValueBinder - Starting fillSimpleValue for zipcode
[DEBUG] 2018-02-11 22:06:00.613 [main] PrimaryKey - Forcing column [id] to be non-null as it is part of the primary key for table [users]
[DEBUG] 2018-02-11 22:06:00.679 [main] SessionFactoryImpl - Building session factory
[DEBUG] 2018-02-11 22:06:00.681 [main] Settings - SessionFactory name : null
[DEBUG] 2018-02-11 22:06:00.682 [main] Settings - Automatic flush during beforeCompletion(): enabled
[DEBUG] 2018-02-11 22:06:00.682 [main] Settings - Automatic session close at end of transaction: disabled
[DEBUG] 2018-02-11 22:06:00.682 [main] Settings - Statistics: disabled
[DEBUG] 2018-02-11 22:06:00.682 [main] Settings - Deleted entity synthetic identifier rollback: disabled
[DEBUG] 2018-02-11 22:06:00.682 [main] Settings - Default entity-mode: pojo
[DEBUG] 2018-02-11 22:06:00.682 [main] Settings - Check Nullability in Core (should be disabled when Bean Validation is on): enabled
[DEBUG] 2018-02-11 22:06:00.682 [main] Settings - Allow initialization of lazy state outside session : disabled
[DEBUG] 2018-02-11 22:06:00.683 [main] Settings - Using BatchFetchStyle : LEGACY
[DEBUG] 2018-02-11 22:06:00.683 [main] Settings - Default batch fetch size: -1
[DEBUG] 2018-02-11 22:06:00.683 [main] Settings - Maximum outer join fetch depth: 2
[DEBUG] 2018-02-11 22:06:00.683 [main] Settings - Default null ordering: NONE
[DEBUG] 2018-02-11 22:06:00.683 [main] Settings - Order SQL updates by primary key: disabled
[DEBUG] 2018-02-11 22:06:00.683 [main] Settings - Order SQL inserts for batching: disabled
[DEBUG] 2018-02-11 22:06:00.683 [main] Settings - multi-tenancy strategy : NONE
[DEBUG] 2018-02-11 22:06:00.683 [main] Settings - JTA Track by Thread: enabled
[DEBUG] 2018-02-11 22:06:00.683 [main] Settings - Query language substitutions: {}
[DEBUG] 2018-02-11 22:06:00.684 [main] Settings - JPA query language strict compliance: disabled
[DEBUG] 2018-02-11 22:06:00.684 [main] Settings - Named query checking : enabled
[DEBUG] 2018-02-11 22:06:00.684 [main] Settings - Second-level cache: enabled
[DEBUG] 2018-02-11 22:06:00.684 [main] Settings - Second-level query cache: disabled
[DEBUG] 2018-02-11 22:06:00.684 [main] Settings - Second-level query cache factory: org.hibernate.cache.internal.StandardQueryCacheFactory@18245eb0
[DEBUG] 2018-02-11 22:06:00.684 [main] Settings - Second-level cache region prefix: null
[DEBUG] 2018-02-11 22:06:00.684 [main] Settings - Optimize second-level cache for minimal puts: disabled
[DEBUG] 2018-02-11 22:06:00.684 [main] Settings - Structured second-level cache entries: disabled
[DEBUG] 2018-02-11 22:06:00.684 [main] Settings - Second-level cache direct-reference entries: disabled
[DEBUG] 2018-02-11 22:06:00.685 [main] Settings - Automatic eviction of collection cache: disabled
[DEBUG] 2018-02-11 22:06:00.685 [main] Settings - JDBC batch size: 15
[DEBUG] 2018-02-11 22:06:00.685 [main] Settings - JDBC batch updates for versioned data: enabled
[DEBUG] 2018-02-11 22:06:00.685 [main] Settings - Scrollable result sets: enabled
[DEBUG] 2018-02-11 22:06:00.685 [main] Settings - Wrap result sets: disabled
[DEBUG] 2018-02-11 22:06:00.685 [main] Settings - JDBC3 getGeneratedKeys(): enabled
[DEBUG] 2018-02-11 22:06:00.685 [main] Settings - JDBC result set fetch size: null
[DEBUG] 2018-02-11 22:06:00.685 [main] Settings - Connection release mode: AFTER_TRANSACTION
[DEBUG] 2018-02-11 22:06:00.686 [main] Settings - Generate SQL with comments: disabled
[DEBUG] 2018-02-11 22:06:00.798 [main] SessionFactoryImpl - Session factory constructed with filter configurations : {}
[DEBUG] 2018-02-11 22:06:00.798 [main] SessionFactoryImpl - Instantiating session factory with properties: {sun.desktop=gnome, awt.toolkit=sun.awt.X11.XToolkit, file.encoding.pkg=sun.io, java.specification.version=1.8, hibernate.c3p0.idle_test_period=3000, sun.cpu.isalist=, sun.jnu.encoding=UTF-8, hibernate.c3p0.min_size=5, java.class.path=/home/osamah/idea/lib/idea_rt.jar:/home/osamah/idea/plugins/junit/lib/junit-rt.jar:/home/osamah/idea/plugins/junit/lib/junit5-rt.jar:/usr/lib/jvm/java-8-oracle/jre/lib/charsets.jar:/usr/lib/jvm/java-8-oracle/jre/lib/deploy.jar:/usr/lib/jvm/java-8-oracle/jre/lib/ext/cldrdata.jar:/usr/lib/jvm/java-8-oracle/jre/lib/ext/dnsns.jar:/usr/lib/jvm/java-8-oracle/jre/lib/ext/jaccess.jar:/usr/lib/jvm/java-8-oracle/jre/lib/ext/jfxrt.jar:/usr/lib/jvm/java-8-oracle/jre/lib/ext/localedata.jar:/usr/lib/jvm/java-8-oracle/jre/lib/ext/nashorn.jar:/usr/lib/jvm/java-8-oracle/jre/lib/ext/sunec.jar:/usr/lib/jvm/java-8-oracle/jre/lib/ext/sunjce_provider.jar:/usr/lib/jvm/java-8-oracle/jre/lib/ext/sunpkcs11.jar:/usr/lib/jvm/java-8-oracle/jre/lib/ext/zipfs.jar:/usr/lib/jvm/java-8-oracle/jre/lib/javaws.jar:/usr/lib/jvm/java-8-oracle/jre/lib/jce.jar:/usr/lib/jvm/java-8-oracle/jre/lib/jfr.jar:/usr/lib/jvm/java-8-oracle/jre/lib/jfxswt.jar:/usr/lib/jvm/java-8-oracle/jre/lib/jsse.jar:/usr/lib/jvm/java-8-oracle/jre/lib/management-agent.jar:/usr/lib/jvm/java-8-oracle/jre/lib/plugin.jar:/usr/lib/jvm/java-8-oracle/jre/lib/resources.jar:/usr/lib/jvm/java-8-oracle/jre/lib/rt.jar:/home/osamah/IdeaProjects/usedComputersWebSite/target/test-classes:/home/osamah/IdeaProjects/usedComputersWebSite/target/classes:/home/osamah/.m2/repository/org/junit/jupiter/junit-jupiter-engine/5.0.0/junit-jupiter-engine-5.0.0.jar:/home/osamah/.m2/repository/org/apiguardian/apiguardian-api/1.0.0/apiguardian-api-1.0.0.jar:/home/osamah/.m2/repository/org/junit/platform/junit-platform-engine/1.0.0/junit-platform-engine-1.0.0.jar:/home/osamah/.m2/repository/org/junit/platform/junit-platform-commons/1.0.0/junit-platform-commons-1.0.0.jar:/home/osamah/.m2/repository/org/opentest4j/opentest4j/1.0.0/opentest4j-1.0.0.jar:/home/osamah/.m2/repository/org/junit/jupiter/junit-jupiter-api/5.0.0/junit-jupiter-api-5.0.0.jar:/home/osamah/.m2/repository/junit/junit/4.12/junit-4.12.jar:/home/osamah/.m2/repository/org/hamcrest/hamcrest-core/1.3/hamcrest-core-1.3.jar:/home/osamah/.m2/repository/org/junit/platform/junit-platform-runner/1.0.0/junit-platform-runner-1.0.0.jar:/home/osamah/.m2/repository/org/junit/platform/junit-platform-launcher/1.0.0/junit-platform-launcher-1.0.0.jar:/home/osamah/.m2/repository/org/junit/platform/junit-platform-suite-api/1.0.0/junit-platform-suite-api-1.0.0.jar:/home/osamah/.m2/repository/org/junit/vintage/junit-vintage-engine/4.12.0/junit-vintage-engine-4.12.0.jar:/home/osamah/.m2/repository/javax/javaee-web-api/7.0/javaee-web-api-7.0.jar:/home/osamah/.m2/repository/org/apache/logging/log4j/log4j-api/2.10.0/log4j-api-2.10.0.jar:/home/osamah/.m2/repository/org/apache/logging/log4j/log4j-core/2.10.0/log4j-core-2.10.0.jar:/home/osamah/.m2/repository/org/hibernate/hibernate-core/5.2.12.Final/hibernate-core-5.2.12.Final.jar:/home/osamah/.m2/repository/org/jboss/logging/jboss-logging/3.3.0.Final/jboss-logging-3.3.0.Final.jar:/home/osamah/.m2/repository/org/hibernate/javax/persistence/hibernate-jpa-2.1-api/1.0.0.Final/hibernate-jpa-2.1-api-1.0.0.Final.jar:/home/osamah/.m2/repository/org/javassist/javassist/3.20.0-GA/javassist-3.20.0-GA.jar:/home/osamah/.m2/repository/antlr/antlr/2.7.7/antlr-2.7.7.jar:/home/osamah/.m2/repository/org/jboss/spec/javax/transaction/jboss-transaction-api_1.2_spec/1.0.1.Final/jboss-transaction-api_1.2_spec-1.0.1.Final.jar:/home/osamah/.m2/repository/org/jboss/jandex/2.0.3.Final/jandex-2.0.3.Final.jar:/home/osamah/.m2/repository/com/fasterxml/classmate/1.3.0/classmate-1.3.0.jar:/home/osamah/.m2/repository/dom4j/dom4j/1.6.1/dom4j-1.6.1.jar:/home/osamah/.m2/repository/org/hibernate/common/hibernate-commons-annotations/5.0.1.Final/hibernate-commons-annotations-5.0.1.Final.jar:/home/osamah/.m2/repository/org/hibernate/hibernate-c3p0/5.2.12.Final/hibernate-c3p0-5.2.12.Final.jar:/home/osamah/.m2/repository/com/mchange/c3p0/0.9.5.2/c3p0-0.9.5.2.jar:/home/osamah/.m2/repository/com/mchange/mchange-commons-java/0.2.11/mchange-commons-java-0.2.11.jar:/home/osamah/.m2/repository/mysql/mysql-connector-java/5.1.39/mysql-connector-java-5.1.39.jar:/home/osamah/.m2/repository/jstl/jstl/1.2/jstl-1.2.jar:/home/osamah/idea/lib/idea_rt.jar, java.vm.vendor=Oracle Corporation, sun.arch.data.model=64, idea.test.cyclic.buffer.size=1048576, java.vendor.url=http://java.oracle.com/, user.timezone=America/Chicago, os.name=Linux, java.vm.specification.version=1.8, user.country=US, sun.java.launcher=SUN_STANDARD, sun.boot.library.path=/usr/lib/jvm/java-8-oracle/jre/lib/amd64, sun.java.command=com.intellij.rt.execution.junit.JUnitStarter -ideVersion5 -junit5 persistence.UserDaoTest, sun.cpu.endian=little, hibernate.c3p0.max_statements=50, user.home=/home/osamah, user.language=en, java.specification.vendor=Oracle Corporation, java.home=/usr/lib/jvm/java-8-oracle/jre, file.separator=/, line.separator=
, hibernate.c3p0.timeout=300, java.vm.specification.vendor=Oracle Corporation, java.specification.name=Java Platform API Specification, java.awt.graphicsenv=sun.awt.X11GraphicsEnvironment, sun.boot.class.path=/usr/lib/jvm/java-8-oracle/jre/lib/resources.jar:/usr/lib/jvm/java-8-oracle/jre/lib/rt.jar:/usr/lib/jvm/java-8-oracle/jre/lib/sunrsasign.jar:/usr/lib/jvm/java-8-oracle/jre/lib/jsse.jar:/usr/lib/jvm/java-8-oracle/jre/lib/jce.jar:/usr/lib/jvm/java-8-oracle/jre/lib/charsets.jar:/usr/lib/jvm/java-8-oracle/jre/lib/jfr.jar:/usr/lib/jvm/java-8-oracle/jre/classes, connection.password=student, sun.management.compiler=HotSpot 64-Bit Tiered Compilers, hibernate.c3p0.max_size=20, java.runtime.version=1.8.0_161-b12, user.name=osamah, path.separator=:, hibernate.connection.username=root, os.version=4.13.0-32-generic, java.endorsed.dirs=/usr/lib/jvm/java-8-oracle/jre/lib/endorsed, java.runtime.name=Java(TM) SE Runtime Environment, hibernate.connection.url=jdbc:mysql://localhost:3306/test_used_computers, file.encoding=UTF-8, java.vm.name=Java HotSpot(TM) 64-Bit Server VM, hibernate.connection.driver_class=com.mysql.jdbc.Driver, java.vendor.url.bug=http://bugreport.sun.com/bugreport/, java.io.tmpdir=/tmp, java.version=1.8.0_161, user.dir=/home/osamah/IdeaProjects/usedComputersWebSite, os.arch=amd64, connection.username=root, java.vm.specification.name=Java Virtual Machine Specification, hibernate.connection.password=****, java.awt.printerjob=sun.print.PSPrinterJob, sun.os.patch.level=unknown, connection.driver_class=com.mysql.jdbc.Driver, hibernate.boot.CfgXmlAccessService.key=org.hibernate.boot.cfgxml.spi.LoadedConfig@b672aa8, java.library.path=/usr/java/packages/lib/amd64:/usr/lib64:/lib64:/lib:/usr/lib, java.vm.info=mixed mode, java.vendor=Oracle Corporation, java.vm.version=25.161-b12, hibernate.bytecode.use_reflection_optimizer=false, java.ext.dirs=/usr/lib/jvm/java-8-oracle/jre/lib/ext:/usr/java/packages/lib/ext, sun.io.unicode.encoding=UnicodeLittle, connection.url=jdbc:mysql://localhost:3306/test_used_computers, java.class.version=52.0}
[DEBUG] 2018-02-11 22:06:00.839 [main] TypeSafeActivator - Unable to acquire Bean Validation ValidatorFactory, skipping activation
[DEBUG] 2018-02-11 22:06:00.839 [main] JaccIntegrator - Skipping JACC integration as it was not enabled
[DEBUG] 2018-02-11 22:06:00.843 [main] SessionFactoryImpl - Instantiated session factory
[DEBUG] 2018-02-11 22:06:00.960 [main] ClassLoaderAccessImpl - Not known whether passed class name [entity.User] is safe
[DEBUG] 2018-02-11 22:06:00.961 [main] ClassLoaderAccessImpl - No temp ClassLoader provided; using live ClassLoader for loading potentially unsafe class : entity.User
[DEBUG] 2018-02-11 22:06:01.005 [main] ClassLoaderAccessImpl - Not known whether passed class name [entity.User] is safe
[DEBUG] 2018-02-11 22:06:01.005 [main] ClassLoaderAccessImpl - No temp ClassLoader provided; using live ClassLoader for loading potentially unsafe class : entity.User
[DEBUG] 2018-02-11 22:06:01.214 [main] AbstractEntityPersister - Static SQL for entity: entity.User
[DEBUG] 2018-02-11 22:06:01.215 [main] AbstractEntityPersister -  Version select: select id from users where id =?
[DEBUG] 2018-02-11 22:06:01.215 [main] AbstractEntityPersister -  Snapshot select: select user_.id, user_.approved as approved2_0_, user_.city as city3_0_, user_.email as email4_0_, user_.first_name as first_na5_0_, user_.join_date as join_dat6_0_, user_.last_name as last_nam7_0_, user_.password as password8_0_, user_.state as state9_0_, user_.user_name as user_na10_0_, user_.zipcode as zipcode11_0_ from users user_ where user_.id=?
[DEBUG] 2018-02-11 22:06:01.215 [main] AbstractEntityPersister -  Insert 0: insert into users (approved, city, email, first_name, join_date, last_name, password, state, user_name, zipcode, id) values (?, ?, ?, ?, ?, ?, ?, ?, ?, ?, ?)
[DEBUG] 2018-02-11 22:06:01.215 [main] AbstractEntityPersister -  Update 0: update users set approved=?, city=?, email=?, first_name=?, join_date=?, last_name=?, password=?, state=?, user_name=?, zipcode=? where id=?
[DEBUG] 2018-02-11 22:06:01.216 [main] AbstractEntityPersister -  Delete 0: delete from users where id=?
[DEBUG] 2018-02-11 22:06:01.216 [main] AbstractEntityPersister -  Identity insert: insert into users (approved, city, email, first_name, join_date, last_name, password, state, user_name, zipcode) values (?, ?, ?, ?, ?, ?, ?, ?, ?, ?)
[DEBUG] 2018-02-11 22:06:01.279 [main] QuerySpacesImpl - Adding QuerySpace : uid = <gen:0> -> org.hibernate.loader.plan.build.internal.spaces.EntityQuerySpaceImpl@e362c57]
[DEBUG] 2018-02-11 22:06:01.283 [main] MetamodelGraphWalker - Visiting attribute path : approved
[DEBUG] 2018-02-11 22:06:01.284 [main] MetamodelGraphWalker - Visiting attribute path : city
[DEBUG] 2018-02-11 22:06:01.284 [main] MetamodelGraphWalker - Visiting attribute path : email
[DEBUG] 2018-02-11 22:06:01.284 [main] MetamodelGraphWalker - Visiting attribute path : firstName
[DEBUG] 2018-02-11 22:06:01.284 [main] MetamodelGraphWalker - Visiting attribute path : joinDate
[DEBUG] 2018-02-11 22:06:01.284 [main] MetamodelGraphWalker - Visiting attribute path : lastName
[DEBUG] 2018-02-11 22:06:01.284 [main] MetamodelGraphWalker - Visiting attribute path : password
[DEBUG] 2018-02-11 22:06:01.284 [main] MetamodelGraphWalker - Visiting attribute path : state
[DEBUG] 2018-02-11 22:06:01.284 [main] MetamodelGraphWalker - Visiting attribute path : userName
[DEBUG] 2018-02-11 22:06:01.285 [main] MetamodelGraphWalker - Visiting attribute path : zipcode
[DEBUG] 2018-02-11 22:06:01.285 [main] FetchStyleLoadPlanBuildingAssociationVisitationStrategy - Building LoadPlan...
[DEBUG] 2018-02-11 22:06:01.325 [main] LoadQueryJoinAndFetchProcessor - processing queryspace <gen:0>
[DEBUG] 2018-02-11 22:06:01.339 [main] LoadPlanTreePrinter - LoadPlan(entity=entity.User)
    - Returns
       - EntityReturnImpl(entity=entity.User, querySpaceUid=<gen:0>, path=entity.User)
    - QuerySpaces
       - EntityQuerySpaceImpl(uid=<gen:0>, entity=entity.User)
          - SQL table alias mapping - user0_
          - alias suffix - 0_
          - suffixed key columns - {id1_0_0_}

[DEBUG] 2018-02-11 22:06:01.351 [main] EntityLoader - Static select for entity entity.User [NONE]: select user0_.id as id1_0_0_, user0_.approved as approved2_0_0_, user0_.city as city3_0_0_, user0_.email as email4_0_0_, user0_.first_name as first_na5_0_0_, user0_.join_date as join_dat6_0_0_, user0_.last_name as last_nam7_0_0_, user0_.password as password8_0_0_, user0_.state as state9_0_0_, user0_.user_name as user_na10_0_0_, user0_.zipcode as zipcode11_0_0_ from users user0_ where user0_.id=?
[DEBUG] 2018-02-11 22:06:01.351 [main] QuerySpacesImpl - Adding QuerySpace : uid = <gen:0> -> org.hibernate.loader.plan.build.internal.spaces.EntityQuerySpaceImpl@1e8823d2]
[DEBUG] 2018-02-11 22:06:01.352 [main] MetamodelGraphWalker - Visiting attribute path : approved
[DEBUG] 2018-02-11 22:06:01.352 [main] MetamodelGraphWalker - Visiting attribute path : city
[DEBUG] 2018-02-11 22:06:01.352 [main] MetamodelGraphWalker - Visiting attribute path : email
[DEBUG] 2018-02-11 22:06:01.352 [main] MetamodelGraphWalker - Visiting attribute path : firstName
[DEBUG] 2018-02-11 22:06:01.353 [main] MetamodelGraphWalker - Visiting attribute path : joinDate
[DEBUG] 2018-02-11 22:06:01.353 [main] MetamodelGraphWalker - Visiting attribute path : lastName
[DEBUG] 2018-02-11 22:06:01.353 [main] MetamodelGraphWalker - Visiting attribute path : password
[DEBUG] 2018-02-11 22:06:01.353 [main] MetamodelGraphWalker - Visiting attribute path : state
[DEBUG] 2018-02-11 22:06:01.353 [main] MetamodelGraphWalker - Visiting attribute path : userName
[DEBUG] 2018-02-11 22:06:01.354 [main] MetamodelGraphWalker - Visiting attribute path : zipcode
[DEBUG] 2018-02-11 22:06:01.355 [main] FetchStyleLoadPlanBuildingAssociationVisitationStrategy - Building LoadPlan...
[DEBUG] 2018-02-11 22:06:01.356 [main] LoadQueryJoinAndFetchProcessor - processing queryspace <gen:0>
[DEBUG] 2018-02-11 22:06:01.357 [main] LoadPlanTreePrinter - LoadPlan(entity=entity.User)
    - Returns
       - EntityReturnImpl(entity=entity.User, querySpaceUid=<gen:0>, path=entity.User)
    - QuerySpaces
       - EntityQuerySpaceImpl(uid=<gen:0>, entity=entity.User)
          - SQL table alias mapping - user0_
          - alias suffix - 0_
          - suffixed key columns - {id1_0_0_}

[DEBUG] 2018-02-11 22:06:01.358 [main] EntityLoader - Static select for entity entity.User [READ]: select user0_.id as id1_0_0_, user0_.approved as approved2_0_0_, user0_.city as city3_0_0_, user0_.email as email4_0_0_, user0_.first_name as first_na5_0_0_, user0_.join_date as join_dat6_0_0_, user0_.last_name as last_nam7_0_0_, user0_.password as password8_0_0_, user0_.state as state9_0_0_, user0_.user_name as user_na10_0_0_, user0_.zipcode as zipcode11_0_0_ from users user0_ where user0_.id=?
[DEBUG] 2018-02-11 22:06:01.359 [main] QuerySpacesImpl - Adding QuerySpace : uid = <gen:0> -> org.hibernate.loader.plan.build.internal.spaces.EntityQuerySpaceImpl@76b0ae1b]
[DEBUG] 2018-02-11 22:06:01.362 [main] MetamodelGraphWalker - Visiting attribute path : approved
[DEBUG] 2018-02-11 22:06:01.362 [main] MetamodelGraphWalker - Visiting attribute path : city
[DEBUG] 2018-02-11 22:06:01.362 [main] MetamodelGraphWalker - Visiting attribute path : email
[DEBUG] 2018-02-11 22:06:01.363 [main] MetamodelGraphWalker - Visiting attribute path : firstName
[DEBUG] 2018-02-11 22:06:01.363 [main] MetamodelGraphWalker - Visiting attribute path : joinDate
[DEBUG] 2018-02-11 22:06:01.363 [main] MetamodelGraphWalker - Visiting attribute path : lastName
[DEBUG] 2018-02-11 22:06:01.363 [main] MetamodelGraphWalker - Visiting attribute path : password
[DEBUG] 2018-02-11 22:06:01.363 [main] MetamodelGraphWalker - Visiting attribute path : state
[DEBUG] 2018-02-11 22:06:01.363 [main] MetamodelGraphWalker - Visiting attribute path : userName
[DEBUG] 2018-02-11 22:06:01.363 [main] MetamodelGraphWalker - Visiting attribute path : zipcode
[DEBUG] 2018-02-11 22:06:01.364 [main] FetchStyleLoadPlanBuildingAssociationVisitationStrategy - Building LoadPlan...
[DEBUG] 2018-02-11 22:06:01.365 [main] LoadQueryJoinAndFetchProcessor - processing queryspace <gen:0>
[DEBUG] 2018-02-11 22:06:01.366 [main] LoadPlanTreePrinter - LoadPlan(entity=entity.User)
    - Returns
       - EntityReturnImpl(entity=entity.User, querySpaceUid=<gen:0>, path=entity.User)
    - QuerySpaces
       - EntityQuerySpaceImpl(uid=<gen:0>, entity=entity.User)
          - SQL table alias mapping - user0_
          - alias suffix - 0_
          - suffixed key columns - {id1_0_0_}

[DEBUG] 2018-02-11 22:06:01.366 [main] EntityLoader - Static select for entity entity.User [UPGRADE]: select user0_.id as id1_0_0_, user0_.approved as approved2_0_0_, user0_.city as city3_0_0_, user0_.email as email4_0_0_, user0_.first_name as first_na5_0_0_, user0_.join_date as join_dat6_0_0_, user0_.last_name as last_nam7_0_0_, user0_.password as password8_0_0_, user0_.state as state9_0_0_, user0_.user_name as user_na10_0_0_, user0_.zipcode as zipcode11_0_0_ from users user0_ where user0_.id=? for update
[DEBUG] 2018-02-11 22:06:01.367 [main] QuerySpacesImpl - Adding QuerySpace : uid = <gen:0> -> org.hibernate.loader.plan.build.internal.spaces.EntityQuerySpaceImpl@4c432866]
[DEBUG] 2018-02-11 22:06:01.367 [main] MetamodelGraphWalker - Visiting attribute path : approved
[DEBUG] 2018-02-11 22:06:01.367 [main] MetamodelGraphWalker - Visiting attribute path : city
[DEBUG] 2018-02-11 22:06:01.367 [main] MetamodelGraphWalker - Visiting attribute path : email
[DEBUG] 2018-02-11 22:06:01.368 [main] MetamodelGraphWalker - Visiting attribute path : firstName
[DEBUG] 2018-02-11 22:06:01.368 [main] MetamodelGraphWalker - Visiting attribute path : joinDate
[DEBUG] 2018-02-11 22:06:01.368 [main] MetamodelGraphWalker - Visiting attribute path : lastName
[DEBUG] 2018-02-11 22:06:01.368 [main] MetamodelGraphWalker - Visiting attribute path : password
[DEBUG] 2018-02-11 22:06:01.368 [main] MetamodelGraphWalker - Visiting attribute path : state
[DEBUG] 2018-02-11 22:06:01.369 [main] MetamodelGraphWalker - Visiting attribute path : userName
[DEBUG] 2018-02-11 22:06:01.369 [main] MetamodelGraphWalker - Visiting attribute path : zipcode
[DEBUG] 2018-02-11 22:06:01.369 [main] FetchStyleLoadPlanBuildingAssociationVisitationStrategy - Building LoadPlan...
[DEBUG] 2018-02-11 22:06:01.371 [main] LoadQueryJoinAndFetchProcessor - processing queryspace <gen:0>
[DEBUG] 2018-02-11 22:06:01.372 [main] LoadPlanTreePrinter - LoadPlan(entity=entity.User)
    - Returns
       - EntityReturnImpl(entity=entity.User, querySpaceUid=<gen:0>, path=entity.User)
    - QuerySpaces
       - EntityQuerySpaceImpl(uid=<gen:0>, entity=entity.User)
          - SQL table alias mapping - user0_
          - alias suffix - 0_
          - suffixed key columns - {id1_0_0_}

[DEBUG] 2018-02-11 22:06:01.372 [main] EntityLoader - Static select for entity entity.User [UPGRADE_NOWAIT]: select user0_.id as id1_0_0_, user0_.approved as approved2_0_0_, user0_.city as city3_0_0_, user0_.email as email4_0_0_, user0_.first_name as first_na5_0_0_, user0_.join_date as join_dat6_0_0_, user0_.last_name as last_nam7_0_0_, user0_.password as password8_0_0_, user0_.state as state9_0_0_, user0_.user_name as user_na10_0_0_, user0_.zipcode as zipcode11_0_0_ from users user0_ where user0_.id=? for update
[DEBUG] 2018-02-11 22:06:01.373 [main] QuerySpacesImpl - Adding QuerySpace : uid = <gen:0> -> org.hibernate.loader.plan.build.internal.spaces.EntityQuerySpaceImpl@6105f8a3]
[DEBUG] 2018-02-11 22:06:01.373 [main] MetamodelGraphWalker - Visiting attribute path : approved
[DEBUG] 2018-02-11 22:06:01.373 [main] MetamodelGraphWalker - Visiting attribute path : city
[DEBUG] 2018-02-11 22:06:01.373 [main] MetamodelGraphWalker - Visiting attribute path : email
[DEBUG] 2018-02-11 22:06:01.373 [main] MetamodelGraphWalker - Visiting attribute path : firstName
[DEBUG] 2018-02-11 22:06:01.374 [main] MetamodelGraphWalker - Visiting attribute path : joinDate
[DEBUG] 2018-02-11 22:06:01.374 [main] MetamodelGraphWalker - Visiting attribute path : lastName
[DEBUG] 2018-02-11 22:06:01.375 [main] MetamodelGraphWalker - Visiting attribute path : password
[DEBUG] 2018-02-11 22:06:01.375 [main] MetamodelGraphWalker - Visiting attribute path : state
[DEBUG] 2018-02-11 22:06:01.375 [main] MetamodelGraphWalker - Visiting attribute path : userName
[DEBUG] 2018-02-11 22:06:01.375 [main] MetamodelGraphWalker - Visiting attribute path : zipcode
[DEBUG] 2018-02-11 22:06:01.379 [main] FetchStyleLoadPlanBuildingAssociationVisitationStrategy - Building LoadPlan...
[DEBUG] 2018-02-11 22:06:01.380 [main] LoadQueryJoinAndFetchProcessor - processing queryspace <gen:0>
[DEBUG] 2018-02-11 22:06:01.381 [main] LoadPlanTreePrinter - LoadPlan(entity=entity.User)
    - Returns
       - EntityReturnImpl(entity=entity.User, querySpaceUid=<gen:0>, path=entity.User)
    - QuerySpaces
       - EntityQuerySpaceImpl(uid=<gen:0>, entity=entity.User)
          - SQL table alias mapping - user0_
          - alias suffix - 0_
          - suffixed key columns - {id1_0_0_}

[DEBUG] 2018-02-11 22:06:01.381 [main] EntityLoader - Static select for entity entity.User [UPGRADE_SKIPLOCKED]: select user0_.id as id1_0_0_, user0_.approved as approved2_0_0_, user0_.city as city3_0_0_, user0_.email as email4_0_0_, user0_.first_name as first_na5_0_0_, user0_.join_date as join_dat6_0_0_, user0_.last_name as last_nam7_0_0_, user0_.password as password8_0_0_, user0_.state as state9_0_0_, user0_.user_name as user_na10_0_0_, user0_.zipcode as zipcode11_0_0_ from users user0_ where user0_.id=? for update
[DEBUG] 2018-02-11 22:06:01.381 [main] QuerySpacesImpl - Adding QuerySpace : uid = <gen:0> -> org.hibernate.loader.plan.build.internal.spaces.EntityQuerySpaceImpl@77e2a6e2]
[DEBUG] 2018-02-11 22:06:01.382 [main] MetamodelGraphWalker - Visiting attribute path : approved
[DEBUG] 2018-02-11 22:06:01.382 [main] MetamodelGraphWalker - Visiting attribute path : city
[DEBUG] 2018-02-11 22:06:01.382 [main] MetamodelGraphWalker - Visiting attribute path : email
[DEBUG] 2018-02-11 22:06:01.382 [main] MetamodelGraphWalker - Visiting attribute path : firstName
[DEBUG] 2018-02-11 22:06:01.382 [main] MetamodelGraphWalker - Visiting attribute path : joinDate
[DEBUG] 2018-02-11 22:06:01.382 [main] MetamodelGraphWalker - Visiting attribute path : lastName
[DEBUG] 2018-02-11 22:06:01.382 [main] MetamodelGraphWalker - Visiting attribute path : password
[DEBUG] 2018-02-11 22:06:01.383 [main] MetamodelGraphWalker - Visiting attribute path : state
[DEBUG] 2018-02-11 22:06:01.383 [main] MetamodelGraphWalker - Visiting attribute path : userName
[DEBUG] 2018-02-11 22:06:01.383 [main] MetamodelGraphWalker - Visiting attribute path : zipcode
[DEBUG] 2018-02-11 22:06:01.383 [main] FetchStyleLoadPlanBuildingAssociationVisitationStrategy - Building LoadPlan...
[DEBUG] 2018-02-11 22:06:01.384 [main] LoadQueryJoinAndFetchProcessor - processing queryspace <gen:0>
[DEBUG] 2018-02-11 22:06:01.385 [main] LoadPlanTreePrinter - LoadPlan(entity=entity.User)
    - Returns
       - EntityReturnImpl(entity=entity.User, querySpaceUid=<gen:0>, path=entity.User)
    - QuerySpaces
       - EntityQuerySpaceImpl(uid=<gen:0>, entity=entity.User)
          - SQL table alias mapping - user0_
          - alias suffix - 0_
          - suffixed key columns - {id1_0_0_}

[DEBUG] 2018-02-11 22:06:01.385 [main] EntityLoader - Static select for entity entity.User [FORCE]: select user0_.id as id1_0_0_, user0_.approved as approved2_0_0_, user0_.city as city3_0_0_, user0_.email as email4_0_0_, user0_.first_name as first_na5_0_0_, user0_.join_date as join_dat6_0_0_, user0_.last_name as last_nam7_0_0_, user0_.password as password8_0_0_, user0_.state as state9_0_0_, user0_.user_name as user_na10_0_0_, user0_.zipcode as zipcode11_0_0_ from users user0_ where user0_.id=? for update
[DEBUG] 2018-02-11 22:06:01.385 [main] QuerySpacesImpl - Adding QuerySpace : uid = <gen:0> -> org.hibernate.loader.plan.build.internal.spaces.EntityQuerySpaceImpl@199e4c2b]
[DEBUG] 2018-02-11 22:06:01.385 [main] MetamodelGraphWalker - Visiting attribute path : approved
[DEBUG] 2018-02-11 22:06:01.386 [main] MetamodelGraphWalker - Visiting attribute path : city
[DEBUG] 2018-02-11 22:06:01.386 [main] MetamodelGraphWalker - Visiting attribute path : email
[DEBUG] 2018-02-11 22:06:01.386 [main] MetamodelGraphWalker - Visiting attribute path : firstName
[DEBUG] 2018-02-11 22:06:01.386 [main] MetamodelGraphWalker - Visiting attribute path : joinDate
[DEBUG] 2018-02-11 22:06:01.386 [main] MetamodelGraphWalker - Visiting attribute path : lastName
[DEBUG] 2018-02-11 22:06:01.386 [main] MetamodelGraphWalker - Visiting attribute path : password
[DEBUG] 2018-02-11 22:06:01.386 [main] MetamodelGraphWalker - Visiting attribute path : state
[DEBUG] 2018-02-11 22:06:01.386 [main] MetamodelGraphWalker - Visiting attribute path : userName
[DEBUG] 2018-02-11 22:06:01.387 [main] MetamodelGraphWalker - Visiting attribute path : zipcode
[DEBUG] 2018-02-11 22:06:01.387 [main] FetchStyleLoadPlanBuildingAssociationVisitationStrategy - Building LoadPlan...
[DEBUG] 2018-02-11 22:06:01.388 [main] LoadQueryJoinAndFetchProcessor - processing queryspace <gen:0>
[DEBUG] 2018-02-11 22:06:01.389 [main] LoadPlanTreePrinter - LoadPlan(entity=entity.User)
    - Returns
       - EntityReturnImpl(entity=entity.User, querySpaceUid=<gen:0>, path=entity.User)
    - QuerySpaces
       - EntityQuerySpaceImpl(uid=<gen:0>, entity=entity.User)
          - SQL table alias mapping - user0_
          - alias suffix - 0_
          - suffixed key columns - {id1_0_0_}

[DEBUG] 2018-02-11 22:06:01.389 [main] EntityLoader - Static select for entity entity.User [PESSIMISTIC_READ]: select user0_.id as id1_0_0_, user0_.approved as approved2_0_0_, user0_.city as city3_0_0_, user0_.email as email4_0_0_, user0_.first_name as first_na5_0_0_, user0_.join_date as join_dat6_0_0_, user0_.last_name as last_nam7_0_0_, user0_.password as password8_0_0_, user0_.state as state9_0_0_, user0_.user_name as user_na10_0_0_, user0_.zipcode as zipcode11_0_0_ from users user0_ where user0_.id=? lock in share mode
[DEBUG] 2018-02-11 22:06:01.389 [main] QuerySpacesImpl - Adding QuerySpace : uid = <gen:0> -> org.hibernate.loader.plan.build.internal.spaces.EntityQuerySpaceImpl@64d7b720]
[DEBUG] 2018-02-11 22:06:01.390 [main] MetamodelGraphWalker - Visiting attribute path : approved
[DEBUG] 2018-02-11 22:06:01.390 [main] MetamodelGraphWalker - Visiting attribute path : city
[DEBUG] 2018-02-11 22:06:01.390 [main] MetamodelGraphWalker - Visiting attribute path : email
[DEBUG] 2018-02-11 22:06:01.390 [main] MetamodelGraphWalker - Visiting attribute path : firstName
[DEBUG] 2018-02-11 22:06:01.390 [main] MetamodelGraphWalker - Visiting attribute path : joinDate
[DEBUG] 2018-02-11 22:06:01.390 [main] MetamodelGraphWalker - Visiting attribute path : lastName
[DEBUG] 2018-02-11 22:06:01.390 [main] MetamodelGraphWalker - Visiting attribute path : password
[DEBUG] 2018-02-11 22:06:01.390 [main] MetamodelGraphWalker - Visiting attribute path : state
[DEBUG] 2018-02-11 22:06:01.391 [main] MetamodelGraphWalker - Visiting attribute path : userName
[DEBUG] 2018-02-11 22:06:01.391 [main] MetamodelGraphWalker - Visiting attribute path : zipcode
[DEBUG] 2018-02-11 22:06:01.391 [main] FetchStyleLoadPlanBuildingAssociationVisitationStrategy - Building LoadPlan...
[DEBUG] 2018-02-11 22:06:01.392 [main] LoadQueryJoinAndFetchProcessor - processing queryspace <gen:0>
[DEBUG] 2018-02-11 22:06:01.393 [main] LoadPlanTreePrinter - LoadPlan(entity=entity.User)
    - Returns
       - EntityReturnImpl(entity=entity.User, querySpaceUid=<gen:0>, path=entity.User)
    - QuerySpaces
       - EntityQuerySpaceImpl(uid=<gen:0>, entity=entity.User)
          - SQL table alias mapping - user0_
          - alias suffix - 0_
          - suffixed key columns - {id1_0_0_}

[DEBUG] 2018-02-11 22:06:01.393 [main] EntityLoader - Static select for entity entity.User [PESSIMISTIC_WRITE]: select user0_.id as id1_0_0_, user0_.approved as approved2_0_0_, user0_.city as city3_0_0_, user0_.email as email4_0_0_, user0_.first_name as first_na5_0_0_, user0_.join_date as join_dat6_0_0_, user0_.last_name as last_nam7_0_0_, user0_.password as password8_0_0_, user0_.state as state9_0_0_, user0_.user_name as user_na10_0_0_, user0_.zipcode as zipcode11_0_0_ from users user0_ where user0_.id=? for update
[DEBUG] 2018-02-11 22:06:01.393 [main] QuerySpacesImpl - Adding QuerySpace : uid = <gen:0> -> org.hibernate.loader.plan.build.internal.spaces.EntityQuerySpaceImpl@5bb3d42d]
[DEBUG] 2018-02-11 22:06:01.394 [main] MetamodelGraphWalker - Visiting attribute path : approved
[DEBUG] 2018-02-11 22:06:01.394 [main] MetamodelGraphWalker - Visiting attribute path : city
[DEBUG] 2018-02-11 22:06:01.394 [main] MetamodelGraphWalker - Visiting attribute path : email
[DEBUG] 2018-02-11 22:06:01.394 [main] MetamodelGraphWalker - Visiting attribute path : firstName
[DEBUG] 2018-02-11 22:06:01.394 [main] MetamodelGraphWalker - Visiting attribute path : joinDate
[DEBUG] 2018-02-11 22:06:01.394 [main] MetamodelGraphWalker - Visiting attribute path : lastName
[DEBUG] 2018-02-11 22:06:01.394 [main] MetamodelGraphWalker - Visiting attribute path : password
[DEBUG] 2018-02-11 22:06:01.394 [main] MetamodelGraphWalker - Visiting attribute path : state
[DEBUG] 2018-02-11 22:06:01.395 [main] MetamodelGraphWalker - Visiting attribute path : userName
[DEBUG] 2018-02-11 22:06:01.395 [main] MetamodelGraphWalker - Visiting attribute path : zipcode
[DEBUG] 2018-02-11 22:06:01.395 [main] FetchStyleLoadPlanBuildingAssociationVisitationStrategy - Building LoadPlan...
[DEBUG] 2018-02-11 22:06:01.396 [main] LoadQueryJoinAndFetchProcessor - processing queryspace <gen:0>
[DEBUG] 2018-02-11 22:06:01.397 [main] LoadPlanTreePrinter - LoadPlan(entity=entity.User)
    - Returns
       - EntityReturnImpl(entity=entity.User, querySpaceUid=<gen:0>, path=entity.User)
    - QuerySpaces
       - EntityQuerySpaceImpl(uid=<gen:0>, entity=entity.User)
          - SQL table alias mapping - user0_
          - alias suffix - 0_
          - suffixed key columns - {id1_0_0_}

[DEBUG] 2018-02-11 22:06:01.397 [main] EntityLoader - Static select for entity entity.User [PESSIMISTIC_FORCE_INCREMENT]: select user0_.id as id1_0_0_, user0_.approved as approved2_0_0_, user0_.city as city3_0_0_, user0_.email as email4_0_0_, user0_.first_name as first_na5_0_0_, user0_.join_date as join_dat6_0_0_, user0_.last_name as last_nam7_0_0_, user0_.password as password8_0_0_, user0_.state as state9_0_0_, user0_.user_name as user_na10_0_0_, user0_.zipcode as zipcode11_0_0_ from users user0_ where user0_.id=? for update
[DEBUG] 2018-02-11 22:06:01.397 [main] QuerySpacesImpl - Adding QuerySpace : uid = <gen:0> -> org.hibernate.loader.plan.build.internal.spaces.EntityQuerySpaceImpl@2c1dc8e]
[DEBUG] 2018-02-11 22:06:01.398 [main] MetamodelGraphWalker - Visiting attribute path : approved
[DEBUG] 2018-02-11 22:06:01.398 [main] MetamodelGraphWalker - Visiting attribute path : city
[DEBUG] 2018-02-11 22:06:01.398 [main] MetamodelGraphWalker - Visiting attribute path : email
[DEBUG] 2018-02-11 22:06:01.398 [main] MetamodelGraphWalker - Visiting attribute path : firstName
[DEBUG] 2018-02-11 22:06:01.398 [main] MetamodelGraphWalker - Visiting attribute path : joinDate
[DEBUG] 2018-02-11 22:06:01.398 [main] MetamodelGraphWalker - Visiting attribute path : lastName
[DEBUG] 2018-02-11 22:06:01.398 [main] MetamodelGraphWalker - Visiting attribute path : password
[DEBUG] 2018-02-11 22:06:01.398 [main] MetamodelGraphWalker - Visiting attribute path : state
[DEBUG] 2018-02-11 22:06:01.398 [main] MetamodelGraphWalker - Visiting attribute path : userName
[DEBUG] 2018-02-11 22:06:01.399 [main] MetamodelGraphWalker - Visiting attribute path : zipcode
[DEBUG] 2018-02-11 22:06:01.399 [main] FetchStyleLoadPlanBuildingAssociationVisitationStrategy - Building LoadPlan...
[DEBUG] 2018-02-11 22:06:01.399 [main] LoadQueryJoinAndFetchProcessor - processing queryspace <gen:0>
[DEBUG] 2018-02-11 22:06:01.400 [main] LoadPlanTreePrinter - LoadPlan(entity=entity.User)
    - Returns
       - EntityReturnImpl(entity=entity.User, querySpaceUid=<gen:0>, path=entity.User)
    - QuerySpaces
       - EntityQuerySpaceImpl(uid=<gen:0>, entity=entity.User)
          - SQL table alias mapping - user0_
          - alias suffix - 0_
          - suffixed key columns - {id1_0_0_}

[DEBUG] 2018-02-11 22:06:01.400 [main] EntityLoader - Static select for entity entity.User [OPTIMISTIC]: select user0_.id as id1_0_0_, user0_.approved as approved2_0_0_, user0_.city as city3_0_0_, user0_.email as email4_0_0_, user0_.first_name as first_na5_0_0_, user0_.join_date as join_dat6_0_0_, user0_.last_name as last_nam7_0_0_, user0_.password as password8_0_0_, user0_.state as state9_0_0_, user0_.user_name as user_na10_0_0_, user0_.zipcode as zipcode11_0_0_ from users user0_ where user0_.id=?
[DEBUG] 2018-02-11 22:06:01.401 [main] QuerySpacesImpl - Adding QuerySpace : uid = <gen:0> -> org.hibernate.loader.plan.build.internal.spaces.EntityQuerySpaceImpl@4e7095ac]
[DEBUG] 2018-02-11 22:06:01.401 [main] MetamodelGraphWalker - Visiting attribute path : approved
[DEBUG] 2018-02-11 22:06:01.401 [main] MetamodelGraphWalker - Visiting attribute path : city
[DEBUG] 2018-02-11 22:06:01.401 [main] MetamodelGraphWalker - Visiting attribute path : email
[DEBUG] 2018-02-11 22:06:01.401 [main] MetamodelGraphWalker - Visiting attribute path : firstName
[DEBUG] 2018-02-11 22:06:01.402 [main] MetamodelGraphWalker - Visiting attribute path : joinDate
[DEBUG] 2018-02-11 22:06:01.402 [main] MetamodelGraphWalker - Visiting attribute path : lastName
[DEBUG] 2018-02-11 22:06:01.402 [main] MetamodelGraphWalker - Visiting attribute path : password
[DEBUG] 2018-02-11 22:06:01.402 [main] MetamodelGraphWalker - Visiting attribute path : state
[DEBUG] 2018-02-11 22:06:01.402 [main] MetamodelGraphWalker - Visiting attribute path : userName
[DEBUG] 2018-02-11 22:06:01.402 [main] MetamodelGraphWalker - Visiting attribute path : zipcode
[DEBUG] 2018-02-11 22:06:01.402 [main] FetchStyleLoadPlanBuildingAssociationVisitationStrategy - Building LoadPlan...
[DEBUG] 2018-02-11 22:06:01.403 [main] LoadQueryJoinAndFetchProcessor - processing queryspace <gen:0>
[DEBUG] 2018-02-11 22:06:01.404 [main] LoadPlanTreePrinter - LoadPlan(entity=entity.User)
    - Returns
       - EntityReturnImpl(entity=entity.User, querySpaceUid=<gen:0>, path=entity.User)
    - QuerySpaces
       - EntityQuerySpaceImpl(uid=<gen:0>, entity=entity.User)
          - SQL table alias mapping - user0_
          - alias suffix - 0_
          - suffixed key columns - {id1_0_0_}

[DEBUG] 2018-02-11 22:06:01.404 [main] EntityLoader - Static select for entity entity.User [OPTIMISTIC_FORCE_INCREMENT]: select user0_.id as id1_0_0_, user0_.approved as approved2_0_0_, user0_.city as city3_0_0_, user0_.email as email4_0_0_, user0_.first_name as first_na5_0_0_, user0_.join_date as join_dat6_0_0_, user0_.last_name as last_nam7_0_0_, user0_.password as password8_0_0_, user0_.state as state9_0_0_, user0_.user_name as user_na10_0_0_, user0_.zipcode as zipcode11_0_0_ from users user0_ where user0_.id=?
[DEBUG] 2018-02-11 22:06:01.439 [main] Loader - Static select for action ACTION_MERGE on entity entity.User: select user0_.id as id1_0_0_, user0_.approved as approved2_0_0_, user0_.city as city3_0_0_, user0_.email as email4_0_0_, user0_.first_name as first_na5_0_0_, user0_.join_date as join_dat6_0_0_, user0_.last_name as last_nam7_0_0_, user0_.password as password8_0_0_, user0_.state as state9_0_0_, user0_.user_name as user_na10_0_0_, user0_.zipcode as zipcode11_0_0_ from users user0_ where user0_.id=?
[DEBUG] 2018-02-11 22:06:01.441 [main] Loader - Static select for action ACTION_REFRESH on entity entity.User: select user0_.id as id1_0_0_, user0_.approved as approved2_0_0_, user0_.city as city3_0_0_, user0_.email as email4_0_0_, user0_.first_name as first_na5_0_0_, user0_.join_date as join_dat6_0_0_, user0_.last_name as last_nam7_0_0_, user0_.password as password8_0_0_, user0_.state as state9_0_0_, user0_.user_name as user_na10_0_0_, user0_.zipcode as zipcode11_0_0_ from users user0_ where user0_.id=?
[DEBUG] 2018-02-11 22:06:01.506 [main] SchemaManagementToolCoordinator - No actions specified; doing nothing
[DEBUG] 2018-02-11 22:06:01.506 [main] JtaPlatformInitiator - No JtaPlatform was specified, checking resolver
[DEBUG] 2018-02-11 22:06:01.508 [main] JtaPlatformResolverInitiator - No JtaPlatformResolver was specified, using default [org.hibernate.engine.transaction.jta.platform.internal.StandardJtaPlatformResolver]
[DEBUG] 2018-02-11 22:06:01.519 [main] StandardJtaPlatformResolver - Could not resolve JtaPlatform, using default [org.hibernate.engine.transaction.jta.platform.internal.NoJtaPlatform]
[DEBUG] 2018-02-11 22:06:01.522 [main] NamedQueryRepository - Checking 0 named HQL queries
[DEBUG] 2018-02-11 22:06:01.522 [main] NamedQueryRepository - Checking 0 named SQL queries
[DEBUG] 2018-02-11 22:06:01.526 [main] SessionFactoryRegistry - Initializing SessionFactoryRegistry : org.hibernate.internal.SessionFactoryRegistry@3003697
[DEBUG] 2018-02-11 22:06:01.531 [main] SessionFactoryRegistry - Registering SessionFactory: 997dc690-80c4-47d3-b09b-9d0ac7d942a5 (<unnamed>)
[DEBUG] 2018-02-11 22:06:01.532 [main] SessionFactoryRegistry - Not binding SessionFactory to JNDI, no JNDI name configured
[DEBUG] 2018-02-11 22:06:01.863 [main] StatisticsInitiator - Statistics initialized [enabled=false]
[DEBUG] 2018-02-11 22:06:01.901 [main] SQL - select user0_.id as id1_0_0_, user0_.approved as approved2_0_0_, user0_.city as city3_0_0_, user0_.email as email4_0_0_, user0_.first_name as first_na5_0_0_, user0_.join_date as join_dat6_0_0_, user0_.last_name as last_nam7_0_0_, user0_.password as password8_0_0_, user0_.state as state9_0_0_, user0_.user_name as user_na10_0_0_, user0_.zipcode as zipcode11_0_0_ from users user0_ where user0_.id=?
[DEBUG] 2018-02-11 22:06:01.950 [main] ResultSetProcessorImpl - Starting ResultSet row #0
[DEBUG] 2018-02-11 22:06:01.952 [main] EntityReferenceInitializerImpl - On call to EntityIdentifierReaderImpl#resolve, EntityKey was already known; should only happen on root returns with an optional identifier specified
[DEBUG] 2018-02-11 22:06:01.979 [main] TwoPhaseLoad - Resolving associations for [entity.User#3]
[DEBUG] 2018-02-11 22:06:01.984 [main] TwoPhaseLoad - Done materializing entity [entity.User#3]
[DEBUG] 2018-02-11 22:06:01.985 [main] ResourceRegistryStandardImpl - HHH000387: ResultSet's statement was not registered
[DEBUG] 2018-02-11 22:06:01.986 [main] AbstractLoadPlanBasedEntityLoader - Done entity load : entity.User#3
[DEBUG] 2018-02-11 22:06:01.986 [main] LogicalConnectionManagedImpl - Initiating JDBC connection release from afterTransaction
[DEBUG] 2018-02-11 22:06:01.997 [main] TransactionImpl - begin
[DEBUG] 2018-02-11 22:06:02.021 [main] TransactionImpl - committing
[DEBUG] 2018-02-11 22:06:02.022 [main] AbstractFlushingEventListener - Processing flush-time cascades
[DEBUG] 2018-02-11 22:06:02.023 [main] AbstractFlushingEventListener - Dirty checking collections
[DEBUG] 2018-02-11 22:06:02.026 [main] AbstractFlushingEventListener - Flushed: 0 insertions, 0 updates, 1 deletions to 1 objects
[DEBUG] 2018-02-11 22:06:02.026 [main] AbstractFlushingEventListener - Flushed: 0 (re)creations, 0 updates, 0 removals to 0 collections
[DEBUG] 2018-02-11 22:06:02.029 [main] EntityPrinter - Listing entities:
[DEBUG] 2018-02-11 22:06:02.030 [main] EntityPrinter - entity.User{zipcode=53704, firstName=Barney, lastName=Curry, approved=0, password=supersecret3, joinDate=1947-11-11, city=Madison, id=3, state=Wisconsin, userName=bcurry, email=b@madison.com}
[DEBUG] 2018-02-11 22:06:02.043 [main] SQL - delete from users where id=?
[DEBUG] 2018-02-11 22:06:02.092 [main] LogicalConnectionManagedImpl - Initiating JDBC connection release from afterTransaction
[DEBUG] 2018-02-11 22:06:02.093 [main] LogicalConnectionManagedImpl - Initiating JDBC connection release from afterTransaction
[DEBUG] 2018-02-11 22:06:02.093 [main] JdbcCoordinatorImpl - HHH000420: Closing un-released batch
[DEBUG] 2018-02-11 22:06:02.094 [main] SQL - select user0_.id as id1_0_0_, user0_.approved as approved2_0_0_, user0_.city as city3_0_0_, user0_.email as email4_0_0_, user0_.first_name as first_na5_0_0_, user0_.join_date as join_dat6_0_0_, user0_.last_name as last_nam7_0_0_, user0_.password as password8_0_0_, user0_.state as state9_0_0_, user0_.user_name as user_na10_0_0_, user0_.zipcode as zipcode11_0_0_ from users user0_ where user0_.id=?
[DEBUG] 2018-02-11 22:06:02.097 [main] ResourceRegistryStandardImpl - HHH000387: ResultSet's statement was not registered
[DEBUG] 2018-02-11 22:06:02.098 [main] AbstractLoadPlanBasedEntityLoader - Done entity load : entity.User#3
[DEBUG] 2018-02-11 22:06:02.098 [main] LogicalConnectionManagedImpl - Initiating JDBC connection release from afterTransaction
[DEBUG] 2018-02-11 22:06:02.241 [main] CriteriaQueryImpl - Rendered criteria query -> select generatedAlias0 from User as generatedAlias0 where generatedAlias0.lastName like :param0
[DEBUG] 2018-02-11 22:06:02.277 [main] QueryTranslatorFactoryInitiator - QueryTranslatorFactory : org.hibernate.hql.internal.ast.ASTQueryTranslatorFactory@4f20a5e0
[INFO ] 2018-02-11 22:06:02.277 [main] QueryTranslatorFactoryInitiator - HHH000397: Using ASTQueryTranslatorFactory
[DEBUG] 2018-02-11 22:06:02.329 [main] QueryTranslatorImpl - parse() - HQL: select generatedAlias0 from entity.User as generatedAlias0 where generatedAlias0.lastName like :param0
[DEBUG] 2018-02-11 22:06:02.344 [main] ErrorCounter - throwQueryException() : no errors
[DEBUG] 2018-02-11 22:06:02.349 [main] QueryTranslatorImpl - --- HQL AST ---
 \-[QUERY] Node: 'query'
    +-[SELECT_FROM] Node: 'SELECT_FROM'
    |  +-[FROM] Node: 'from'
    |  |  \-[RANGE] Node: 'RANGE'
    |  |     +-[DOT] Node: '.'
    |  |     |  +-[IDENT] Node: 'entity'
    |  |     |  \-[IDENT] Node: 'User'
    |  |     \-[ALIAS] Node: 'generatedAlias0'
    |  \-[SELECT] Node: 'select'
    |     \-[IDENT] Node: 'generatedAlias0'
    \-[WHERE] Node: 'where'
       \-[LIKE] Node: 'like'
          +-[DOT] Node: '.'
          |  +-[IDENT] Node: 'generatedAlias0'
          |  \-[IDENT] Node: 'lastName'
          \-[COLON] Node: ':'
             \-[IDENT] Node: 'param0'

[DEBUG] 2018-02-11 22:06:02.399 [main] HqlSqlBaseWalker - select << begin [level=1, statement=select]
[DEBUG] 2018-02-11 22:06:02.424 [main] FromElement - FromClause{level=1} : entity.User (generatedAlias0) -> user0_
[DEBUG] 2018-02-11 22:06:02.427 [main] FromReferenceNode - Resolved : generatedAlias0 -> user0_.id
[DEBUG] 2018-02-11 22:06:02.435 [main] FromReferenceNode - Resolved : generatedAlias0 -> user0_.id
[DEBUG] 2018-02-11 22:06:02.439 [main] DotNode - getDataType() : lastName -> org.hibernate.type.StringType@49b2a47d
[DEBUG] 2018-02-11 22:06:02.440 [main] FromReferenceNode - Resolved : generatedAlias0.lastName -> user0_.last_name
[DEBUG] 2018-02-11 22:06:02.443 [main] HqlSqlBaseWalker - select : finishing up [level=1, statement=select]
[DEBUG] 2018-02-11 22:06:02.444 [main] HqlSqlWalker - processQuery() :  ( SELECT ( {select clause} user0_.id ) ( FromClause{level=1} users user0_ ) ( where ( like ( user0_.last_name user0_.id lastName ) ? ) ) )
[DEBUG] 2018-02-11 22:06:02.459 [main] JoinProcessor - Using FROM fragment [users user0_]
[DEBUG] 2018-02-11 22:06:02.460 [main] HqlSqlBaseWalker - select >> end [level=1, statement=select]
[DEBUG] 2018-02-11 22:06:02.461 [main] QueryTranslatorImpl - --- SQL AST ---
 \-[SELECT] QueryNode: 'SELECT'  querySpaces (users)
    +-[SELECT_CLAUSE] SelectClause: '{select clause}'
    |  +-[ALIAS_REF] IdentNode: 'user0_.id as id1_0_' {alias=generatedAlias0, className=entity.User, tableAlias=user0_}
    |  \-[SQL_TOKEN] SqlFragment: 'user0_.approved as approved2_0_, user0_.city as city3_0_, user0_.email as email4_0_, user0_.first_name as first_na5_0_, user0_.join_date as join_dat6_0_, user0_.last_name as last_nam7_0_, user0_.password as password8_0_, user0_.state as state9_0_, user0_.user_name as user_na10_0_, user0_.zipcode as zipcode11_0_'
    +-[FROM] FromClause: 'from' FromClause{level=1, fromElementCounter=1, fromElements=1, fromElementByClassAlias=[generatedAlias0], fromElementByTableAlias=[user0_], fromElementsByPath=[], collectionJoinFromElementsByPath=[], impliedElements=[]}
    |  \-[FROM_FRAGMENT] FromElement: 'users user0_' FromElement{explicit,not a collection join,not a fetch join,fetch non-lazy properties,classAlias=generatedAlias0,role=null,tableName=users,tableAlias=user0_,origin=null,columns={,className=entity.User}}
    \-[WHERE] SqlNode: 'where'
       \-[LIKE] BinaryLogicOperatorNode: 'like'
          +-[DOT] DotNode: 'user0_.last_name' {propertyName=lastName,dereferenceType=PRIMITIVE,getPropertyPath=lastName,path=generatedAlias0.lastName,tableAlias=user0_,className=entity.User,classAlias=generatedAlias0}
          |  +-[ALIAS_REF] IdentNode: 'user0_.id' {alias=generatedAlias0, className=entity.User, tableAlias=user0_}
          |  \-[IDENT] IdentNode: 'lastName' {originalText=lastName}
          \-[NAMED_PARAM] ParameterNode: '?' {name=param0, expectedType=org.hibernate.type.StringType@49b2a47d}

[DEBUG] 2018-02-11 22:06:02.461 [main] ErrorCounter - throwQueryException() : no errors
[DEBUG] 2018-02-11 22:06:02.474 [main] QueryTranslatorImpl - HQL: select generatedAlias0 from entity.User as generatedAlias0 where generatedAlias0.lastName like :param0
[DEBUG] 2018-02-11 22:06:02.474 [main] QueryTranslatorImpl - SQL: select user0_.id as id1_0_, user0_.approved as approved2_0_, user0_.city as city3_0_, user0_.email as email4_0_, user0_.first_name as first_na5_0_, user0_.join_date as join_dat6_0_, user0_.last_name as last_nam7_0_, user0_.password as password8_0_, user0_.state as state9_0_, user0_.user_name as user_na10_0_, user0_.zipcode as zipcode11_0_ from users user0_ where user0_.last_name like ?
[DEBUG] 2018-02-11 22:06:02.474 [main] ErrorCounter - throwQueryException() : no errors
[DEBUG] 2018-02-11 22:06:02.503 [main] SQL - select user0_.id as id1_0_, user0_.approved as approved2_0_, user0_.city as city3_0_, user0_.email as email4_0_, user0_.first_name as first_na5_0_, user0_.join_date as join_dat6_0_, user0_.last_name as last_nam7_0_, user0_.password as password8_0_, user0_.state as state9_0_, user0_.user_name as user_na10_0_, user0_.zipcode as zipcode11_0_ from users user0_ where user0_.last_name like ?
[DEBUG] 2018-02-11 22:06:02.509 [main] Loader - Result set row: 0
[DEBUG] 2018-02-11 22:06:02.511 [main] Loader - Result row: EntityKey[entity.User#1]
[DEBUG] 2018-02-11 22:06:02.512 [main] Loader - Result set row: 1
[DEBUG] 2018-02-11 22:06:02.512 [main] Loader - Result row: EntityKey[entity.User#3]
[DEBUG] 2018-02-11 22:06:02.513 [main] Loader - Result set row: 2
[DEBUG] 2018-02-11 22:06:02.513 [main] Loader - Result row: EntityKey[entity.User#4]
[DEBUG] 2018-02-11 22:06:02.514 [main] TwoPhaseLoad - Resolving associations for [entity.User#1]
[DEBUG] 2018-02-11 22:06:02.515 [main] TwoPhaseLoad - Done materializing entity [entity.User#1]
[DEBUG] 2018-02-11 22:06:02.515 [main] TwoPhaseLoad - Resolving associations for [entity.User#3]
[DEBUG] 2018-02-11 22:06:02.515 [main] TwoPhaseLoad - Done materializing entity [entity.User#3]
[DEBUG] 2018-02-11 22:06:02.515 [main] TwoPhaseLoad - Resolving associations for [entity.User#4]
[DEBUG] 2018-02-11 22:06:02.516 [main] TwoPhaseLoad - Done materializing entity [entity.User#4]
[DEBUG] 2018-02-11 22:06:02.522 [main] LogicalConnectionManagedImpl - Initiating JDBC connection release from afterTransaction
[DEBUG] 2018-02-11 22:06:02.603 [main] SQL - select user0_.id as id1_0_0_, user0_.approved as approved2_0_0_, user0_.city as city3_0_0_, user0_.email as email4_0_0_, user0_.first_name as first_na5_0_0_, user0_.join_date as join_dat6_0_0_, user0_.last_name as last_nam7_0_0_, user0_.password as password8_0_0_, user0_.state as state9_0_0_, user0_.user_name as user_na10_0_0_, user0_.zipcode as zipcode11_0_0_ from users user0_ where user0_.id=?
[DEBUG] 2018-02-11 22:06:02.606 [main] ResultSetProcessorImpl - Starting ResultSet row #0
[DEBUG] 2018-02-11 22:06:02.607 [main] EntityReferenceInitializerImpl - On call to EntityIdentifierReaderImpl#resolve, EntityKey was already known; should only happen on root returns with an optional identifier specified
[DEBUG] 2018-02-11 22:06:02.610 [main] TwoPhaseLoad - Resolving associations for [entity.User#3]
[DEBUG] 2018-02-11 22:06:02.611 [main] TwoPhaseLoad - Done materializing entity [entity.User#3]
[DEBUG] 2018-02-11 22:06:02.612 [main] ResourceRegistryStandardImpl - HHH000387: ResultSet's statement was not registered
[DEBUG] 2018-02-11 22:06:02.612 [main] AbstractLoadPlanBasedEntityLoader - Done entity load : entity.User#3
[DEBUG] 2018-02-11 22:06:02.613 [main] LogicalConnectionManagedImpl - Initiating JDBC connection release from afterTransaction
[DEBUG] 2018-02-11 22:06:02.836 [main] SQL - select user0_.id as id1_0_0_, user0_.approved as approved2_0_0_, user0_.city as city3_0_0_, user0_.email as email4_0_0_, user0_.first_name as first_na5_0_0_, user0_.join_date as join_dat6_0_0_, user0_.last_name as last_nam7_0_0_, user0_.password as password8_0_0_, user0_.state as state9_0_0_, user0_.user_name as user_na10_0_0_, user0_.zipcode as zipcode11_0_0_ from users user0_ where user0_.id=?
[DEBUG] 2018-02-11 22:06:02.838 [main] ResultSetProcessorImpl - Starting ResultSet row #0
[DEBUG] 2018-02-11 22:06:02.839 [main] EntityReferenceInitializerImpl - On call to EntityIdentifierReaderImpl#resolve, EntityKey was already known; should only happen on root returns with an optional identifier specified
[DEBUG] 2018-02-11 22:06:02.840 [main] TwoPhaseLoad - Resolving associations for [entity.User#3]
[DEBUG] 2018-02-11 22:06:02.841 [main] TwoPhaseLoad - Done materializing entity [entity.User#3]
[DEBUG] 2018-02-11 22:06:02.841 [main] ResourceRegistryStandardImpl - HHH000387: ResultSet's statement was not registered
[DEBUG] 2018-02-11 22:06:02.841 [main] AbstractLoadPlanBasedEntityLoader - Done entity load : entity.User#3
[DEBUG] 2018-02-11 22:06:02.841 [main] LogicalConnectionManagedImpl - Initiating JDBC connection release from afterTransaction
[DEBUG] 2018-02-11 22:06:02.843 [main] TransactionImpl - begin
[DEBUG] 2018-02-11 22:06:02.847 [main] TransactionImpl - committing
[DEBUG] 2018-02-11 22:06:02.847 [main] AbstractFlushingEventListener - Processing flush-time cascades
[DEBUG] 2018-02-11 22:06:02.848 [main] AbstractFlushingEventListener - Dirty checking collections
[DEBUG] 2018-02-11 22:06:02.851 [main] AbstractFlushingEventListener - Flushed: 0 insertions, 1 updates, 0 deletions to 1 objects
[DEBUG] 2018-02-11 22:06:02.851 [main] AbstractFlushingEventListener - Flushed: 0 (re)creations, 0 updates, 0 removals to 0 collections
[DEBUG] 2018-02-11 22:06:02.851 [main] EntityPrinter - Listing entities:
[DEBUG] 2018-02-11 22:06:02.852 [main] EntityPrinter - entity.User{zipcode=53704, firstName=Barney, lastName=Davis, approved=0, password=supersecret3, joinDate=1947-11-11, city=Madison, id=3, state=Wisconsin, userName=bcurry, email=b@madison.com}
[DEBUG] 2018-02-11 22:06:02.852 [main] SQL - update users set approved=?, city=?, email=?, first_name=?, join_date=?, last_name=?, password=?, state=?, user_name=?, zipcode=? where id=?
[DEBUG] 2018-02-11 22:06:02.901 [main] LogicalConnectionManagedImpl - Initiating JDBC connection release from afterTransaction
[DEBUG] 2018-02-11 22:06:02.902 [main] LogicalConnectionManagedImpl - Initiating JDBC connection release from afterTransaction
[DEBUG] 2018-02-11 22:06:02.902 [main] JdbcCoordinatorImpl - HHH000420: Closing un-released batch
[DEBUG] 2018-02-11 22:06:02.904 [main] SQL - select user0_.id as id1_0_0_, user0_.approved as approved2_0_0_, user0_.city as city3_0_0_, user0_.email as email4_0_0_, user0_.first_name as first_na5_0_0_, user0_.join_date as join_dat6_0_0_, user0_.last_name as last_nam7_0_0_, user0_.password as password8_0_0_, user0_.state as state9_0_0_, user0_.user_name as user_na10_0_0_, user0_.zipcode as zipcode11_0_0_ from users user0_ where user0_.id=?
[DEBUG] 2018-02-11 22:06:02.907 [main] ResultSetProcessorImpl - Starting ResultSet row #0
[DEBUG] 2018-02-11 22:06:02.908 [main] EntityReferenceInitializerImpl - On call to EntityIdentifierReaderImpl#resolve, EntityKey was already known; should only happen on root returns with an optional identifier specified
[DEBUG] 2018-02-11 22:06:02.910 [main] TwoPhaseLoad - Resolving associations for [entity.User#3]
[DEBUG] 2018-02-11 22:06:02.911 [main] TwoPhaseLoad - Done materializing entity [entity.User#3]
[DEBUG] 2018-02-11 22:06:02.911 [main] ResourceRegistryStandardImpl - HHH000387: ResultSet's statement was not registered
[DEBUG] 2018-02-11 22:06:02.911 [main] AbstractLoadPlanBasedEntityLoader - Done entity load : entity.User#3
[DEBUG] 2018-02-11 22:06:02.911 [main] LogicalConnectionManagedImpl - Initiating JDBC connection release from afterTransaction
[DEBUG] 2018-02-11 22:06:02.986 [main] CriteriaQueryImpl - Rendered criteria query -> select generatedAlias0 from User as generatedAlias0
[DEBUG] 2018-02-11 22:06:02.988 [main] QueryTranslatorImpl - parse() - HQL: select generatedAlias0 from entity.User as generatedAlias0
[DEBUG] 2018-02-11 22:06:02.990 [main] ErrorCounter - throwQueryException() : no errors
[DEBUG] 2018-02-11 22:06:02.991 [main] QueryTranslatorImpl - --- HQL AST ---
 \-[QUERY] Node: 'query'
    \-[SELECT_FROM] Node: 'SELECT_FROM'
       +-[FROM] Node: 'from'
       |  \-[RANGE] Node: 'RANGE'
       |     +-[DOT] Node: '.'
       |     |  +-[IDENT] Node: 'entity'
       |     |  \-[IDENT] Node: 'User'
       |     \-[ALIAS] Node: 'generatedAlias0'
       \-[SELECT] Node: 'select'
          \-[IDENT] Node: 'generatedAlias0'

[DEBUG] 2018-02-11 22:06:02.992 [main] HqlSqlBaseWalker - select << begin [level=1, statement=select]
[DEBUG] 2018-02-11 22:06:02.993 [main] FromElement - FromClause{level=1} : entity.User (generatedAlias0) -> user0_
[DEBUG] 2018-02-11 22:06:02.994 [main] FromReferenceNode - Resolved : generatedAlias0 -> user0_.id
[DEBUG] 2018-02-11 22:06:02.994 [main] HqlSqlBaseWalker - select : finishing up [level=1, statement=select]
[DEBUG] 2018-02-11 22:06:02.994 [main] HqlSqlWalker - processQuery() :  ( SELECT ( {select clause} user0_.id ) ( FromClause{level=1} users user0_ ) )
[DEBUG] 2018-02-11 22:06:02.995 [main] JoinProcessor - Using FROM fragment [users user0_]
[DEBUG] 2018-02-11 22:06:02.995 [main] HqlSqlBaseWalker - select >> end [level=1, statement=select]
[DEBUG] 2018-02-11 22:06:02.996 [main] QueryTranslatorImpl - --- SQL AST ---
 \-[SELECT] QueryNode: 'SELECT'  querySpaces (users)
    +-[SELECT_CLAUSE] SelectClause: '{select clause}'
    |  +-[ALIAS_REF] IdentNode: 'user0_.id as id1_0_' {alias=generatedAlias0, className=entity.User, tableAlias=user0_}
    |  \-[SQL_TOKEN] SqlFragment: 'user0_.approved as approved2_0_, user0_.city as city3_0_, user0_.email as email4_0_, user0_.first_name as first_na5_0_, user0_.join_date as join_dat6_0_, user0_.last_name as last_nam7_0_, user0_.password as password8_0_, user0_.state as state9_0_, user0_.user_name as user_na10_0_, user0_.zipcode as zipcode11_0_'
    \-[FROM] FromClause: 'from' FromClause{level=1, fromElementCounter=1, fromElements=1, fromElementByClassAlias=[generatedAlias0], fromElementByTableAlias=[user0_], fromElementsByPath=[], collectionJoinFromElementsByPath=[], impliedElements=[]}
       \-[FROM_FRAGMENT] FromElement: 'users user0_' FromElement{explicit,not a collection join,not a fetch join,fetch non-lazy properties,classAlias=generatedAlias0,role=null,tableName=users,tableAlias=user0_,origin=null,columns={,className=entity.User}}

[DEBUG] 2018-02-11 22:06:02.996 [main] ErrorCounter - throwQueryException() : no errors
[DEBUG] 2018-02-11 22:06:02.996 [main] QueryTranslatorImpl - HQL: select generatedAlias0 from entity.User as generatedAlias0
[DEBUG] 2018-02-11 22:06:02.996 [main] QueryTranslatorImpl - SQL: select user0_.id as id1_0_, user0_.approved as approved2_0_, user0_.city as city3_0_, user0_.email as email4_0_, user0_.first_name as first_na5_0_, user0_.join_date as join_dat6_0_, user0_.last_name as last_nam7_0_, user0_.password as password8_0_, user0_.state as state9_0_, user0_.user_name as user_na10_0_, user0_.zipcode as zipcode11_0_ from users user0_
[DEBUG] 2018-02-11 22:06:02.997 [main] ErrorCounter - throwQueryException() : no errors
[DEBUG] 2018-02-11 22:06:03.000 [main] SQL - select user0_.id as id1_0_, user0_.approved as approved2_0_, user0_.city as city3_0_, user0_.email as email4_0_, user0_.first_name as first_na5_0_, user0_.join_date as join_dat6_0_, user0_.last_name as last_nam7_0_, user0_.password as password8_0_, user0_.state as state9_0_, user0_.user_name as user_na10_0_, user0_.zipcode as zipcode11_0_ from users user0_
[DEBUG] 2018-02-11 22:06:03.004 [main] Loader - Result set row: 0
[DEBUG] 2018-02-11 22:06:03.005 [main] Loader - Result row: EntityKey[entity.User#1]
[DEBUG] 2018-02-11 22:06:03.006 [main] Loader - Result set row: 1
[DEBUG] 2018-02-11 22:06:03.007 [main] Loader - Result row: EntityKey[entity.User#2]
[DEBUG] 2018-02-11 22:06:03.008 [main] Loader - Result set row: 2
[DEBUG] 2018-02-11 22:06:03.008 [main] Loader - Result row: EntityKey[entity.User#3]
[DEBUG] 2018-02-11 22:06:03.009 [main] Loader - Result set row: 3
[DEBUG] 2018-02-11 22:06:03.010 [main] Loader - Result row: EntityKey[entity.User#4]
[DEBUG] 2018-02-11 22:06:03.016 [main] Loader - Result set row: 4
[DEBUG] 2018-02-11 22:06:03.016 [main] Loader - Result row: EntityKey[entity.User#5]
[DEBUG] 2018-02-11 22:06:03.018 [main] Loader - Result set row: 5
[DEBUG] 2018-02-11 22:06:03.018 [main] Loader - Result row: EntityKey[entity.User#6]
[DEBUG] 2018-02-11 22:06:03.020 [main] TwoPhaseLoad - Resolving associations for [entity.User#1]
[DEBUG] 2018-02-11 22:06:03.020 [main] TwoPhaseLoad - Done materializing entity [entity.User#1]
[DEBUG] 2018-02-11 22:06:03.021 [main] TwoPhaseLoad - Resolving associations for [entity.User#2]
[DEBUG] 2018-02-11 22:06:03.022 [main] TwoPhaseLoad - Done materializing entity [entity.User#2]
[DEBUG] 2018-02-11 22:06:03.022 [main] TwoPhaseLoad - Resolving associations for [entity.User#3]
[DEBUG] 2018-02-11 22:06:03.025 [main] TwoPhaseLoad - Done materializing entity [entity.User#3]
[DEBUG] 2018-02-11 22:06:03.025 [main] TwoPhaseLoad - Resolving associations for [entity.User#4]
[DEBUG] 2018-02-11 22:06:03.026 [main] TwoPhaseLoad - Done materializing entity [entity.User#4]
[DEBUG] 2018-02-11 22:06:03.026 [main] TwoPhaseLoad - Resolving associations for [entity.User#5]
[DEBUG] 2018-02-11 22:06:03.031 [main] TwoPhaseLoad - Done materializing entity [entity.User#5]
[DEBUG] 2018-02-11 22:06:03.031 [main] TwoPhaseLoad - Resolving associations for [entity.User#6]
[DEBUG] 2018-02-11 22:06:03.032 [main] TwoPhaseLoad - Done materializing entity [entity.User#6]
[DEBUG] 2018-02-11 22:06:03.033 [main] LogicalConnectionManagedImpl - Initiating JDBC connection release from afterTransaction
[DEBUG] 2018-02-11 22:06:03.142 [main] TransactionImpl - begin
[DEBUG] 2018-02-11 22:06:03.149 [main] ActionQueue - Executing identity-insert immediately
[DEBUG] 2018-02-11 22:06:03.151 [main] SQL - insert into users (approved, city, email, first_name, join_date, last_name, password, state, user_name, zipcode) values (?, ?, ?, ?, ?, ?, ?, ?, ?, ?)
[DEBUG] 2018-02-11 22:06:03.159 [main] IdentifierGeneratorHelper - Natively generated identity: 15
[DEBUG] 2018-02-11 22:06:03.159 [main] ResourceRegistryStandardImpl - HHH000387: ResultSet's statement was not registered
[DEBUG] 2018-02-11 22:06:03.160 [main] TransactionImpl - committing
[DEBUG] 2018-02-11 22:06:03.161 [main] AbstractFlushingEventListener - Processing flush-time cascades
[DEBUG] 2018-02-11 22:06:03.161 [main] AbstractFlushingEventListener - Dirty checking collections
[DEBUG] 2018-02-11 22:06:03.161 [main] AbstractFlushingEventListener - Flushed: 0 insertions, 0 updates, 0 deletions to 1 objects
[DEBUG] 2018-02-11 22:06:03.161 [main] AbstractFlushingEventListener - Flushed: 0 (re)creations, 0 updates, 0 removals to 0 collections
[DEBUG] 2018-02-11 22:06:03.161 [main] EntityPrinter - Listing entities:
[DEBUG] 2018-02-11 22:06:03.162 [main] EntityPrinter - entity.User{zipcode=53704, firstName=Fred, lastName=Flintstone, approved=0, password=supersecure, joinDate=1968-01-01, city=Madison, id=15, state=Wisconsin, userName=fflintstone, email=ff@madison.com}
[DEBUG] 2018-02-11 22:06:03.193 [main] LogicalConnectionManagedImpl - Initiating JDBC connection release from afterTransaction
[DEBUG] 2018-02-11 22:06:03.194 [main] LogicalConnectionManagedImpl - Initiating JDBC connection release from afterTransaction
[DEBUG] 2018-02-11 22:06:03.199 [main] SQL - select user0_.id as id1_0_0_, user0_.approved as approved2_0_0_, user0_.city as city3_0_0_, user0_.email as email4_0_0_, user0_.first_name as first_na5_0_0_, user0_.join_date as join_dat6_0_0_, user0_.last_name as last_nam7_0_0_, user0_.password as password8_0_0_, user0_.state as state9_0_0_, user0_.user_name as user_na10_0_0_, user0_.zipcode as zipcode11_0_0_ from users user0_ where user0_.id=?
[DEBUG] 2018-02-11 22:06:03.202 [main] ResultSetProcessorImpl - Starting ResultSet row #0
[DEBUG] 2018-02-11 22:06:03.202 [main] EntityReferenceInitializerImpl - On call to EntityIdentifierReaderImpl#resolve, EntityKey was already known; should only happen on root returns with an optional identifier specified
[DEBUG] 2018-02-11 22:06:03.204 [main] TwoPhaseLoad - Resolving associations for [entity.User#15]
[DEBUG] 2018-02-11 22:06:03.204 [main] TwoPhaseLoad - Done materializing entity [entity.User#15]
[DEBUG] 2018-02-11 22:06:03.204 [main] ResourceRegistryStandardImpl - HHH000387: ResultSet's statement was not registered
[DEBUG] 2018-02-11 22:06:03.205 [main] AbstractLoadPlanBasedEntityLoader - Done entity load : entity.User#15
[DEBUG] 2018-02-11 22:06:03.205 [main] LogicalConnectionManagedImpl - Initiating JDBC connection release from afterTransaction
