[DEBUG] 2018-02-07 22:34:57.353 [main] IntegratorServiceImpl - Adding Integrator [org.hibernate.cfg.beanvalidation.BeanValidationIntegrator].
[DEBUG] 2018-02-07 22:34:57.375 [main] IntegratorServiceImpl - Adding Integrator [org.hibernate.secure.spi.JaccIntegrator].
[DEBUG] 2018-02-07 22:34:57.388 [main] IntegratorServiceImpl - Adding Integrator [org.hibernate.cache.internal.CollectionCacheInvalidator].
[INFO ] 2018-02-07 22:34:57.633 [main] Version - HHH000412: Hibernate Core {5.2.12.Final}
[INFO ] 2018-02-07 22:34:57.657 [main] Environment - HHH000206: hibernate.properties not found
[DEBUG] 2018-02-07 22:34:57.731 [main] LocalXmlResourceResolver - Interpreting public/system identifier : [-//Hibernate/Hibernate Configuration DTD//EN] - [http://www.hibernate.org/dtd/hibernate-configuration-3.0.dtd]
[DEBUG] 2018-02-07 22:34:57.733 [main] LocalXmlResourceResolver - Recognized hibernate-configuration identifier; attempting to resolve on classpath under org/hibernate/
[DEBUG] 2018-02-07 22:34:57.751 [main] JaxbCfgProcessor - cfg.xml document did not define namespaces; wrapping in custom event reader to introduce namespace information
[DEBUG] 2018-02-07 22:34:58.223 [main] ServiceBinding - Overriding existing service binding [org.hibernate.secure.spi.JaccService]
[DEBUG] 2018-02-07 22:34:58.280 [main] RegionFactoryInitiator - Cache region factory : org.hibernate.cache.internal.NoCachingRegionFactory
[INFO ] 2018-02-07 22:34:58.337 [main] Version - HCANN000001: Hibernate Commons Annotations {5.0.1.Final}
[DEBUG] 2018-02-07 22:34:58.437 [main] BasicTypeRegistry - Adding type registration boolean -> org.hibernate.type.BooleanType@4f0f2942
[DEBUG] 2018-02-07 22:34:58.438 [main] BasicTypeRegistry - Adding type registration boolean -> org.hibernate.type.BooleanType@4f0f2942
[DEBUG] 2018-02-07 22:34:58.439 [main] BasicTypeRegistry - Adding type registration java.lang.Boolean -> org.hibernate.type.BooleanType@4f0f2942
[DEBUG] 2018-02-07 22:34:58.443 [main] BasicTypeRegistry - Adding type registration numeric_boolean -> org.hibernate.type.NumericBooleanType@69504ae9
[DEBUG] 2018-02-07 22:34:58.447 [main] BasicTypeRegistry - Adding type registration true_false -> org.hibernate.type.TrueFalseType@475c9c31
[DEBUG] 2018-02-07 22:34:58.451 [main] BasicTypeRegistry - Adding type registration yes_no -> org.hibernate.type.YesNoType@5276d6ee
[DEBUG] 2018-02-07 22:34:58.456 [main] BasicTypeRegistry - Adding type registration byte -> org.hibernate.type.ByteType@7dfd3c81
[DEBUG] 2018-02-07 22:34:58.457 [main] BasicTypeRegistry - Adding type registration byte -> org.hibernate.type.ByteType@7dfd3c81
[DEBUG] 2018-02-07 22:34:58.457 [main] BasicTypeRegistry - Adding type registration java.lang.Byte -> org.hibernate.type.ByteType@7dfd3c81
[DEBUG] 2018-02-07 22:34:58.465 [main] BasicTypeRegistry - Adding type registration character -> org.hibernate.type.CharacterType@7dfb0c0f
[DEBUG] 2018-02-07 22:34:58.468 [main] BasicTypeRegistry - Adding type registration char -> org.hibernate.type.CharacterType@7dfb0c0f
[DEBUG] 2018-02-07 22:34:58.470 [main] BasicTypeRegistry - Adding type registration java.lang.Character -> org.hibernate.type.CharacterType@7dfb0c0f
[DEBUG] 2018-02-07 22:34:58.474 [main] BasicTypeRegistry - Adding type registration short -> org.hibernate.type.ShortType@2d0399f4
[DEBUG] 2018-02-07 22:34:58.475 [main] BasicTypeRegistry - Adding type registration short -> org.hibernate.type.ShortType@2d0399f4
[DEBUG] 2018-02-07 22:34:58.475 [main] BasicTypeRegistry - Adding type registration java.lang.Short -> org.hibernate.type.ShortType@2d0399f4
[DEBUG] 2018-02-07 22:34:58.478 [main] BasicTypeRegistry - Adding type registration integer -> org.hibernate.type.IntegerType@2254127a
[DEBUG] 2018-02-07 22:34:58.478 [main] BasicTypeRegistry - Adding type registration int -> org.hibernate.type.IntegerType@2254127a
[DEBUG] 2018-02-07 22:34:58.478 [main] BasicTypeRegistry - Adding type registration java.lang.Integer -> org.hibernate.type.IntegerType@2254127a
[DEBUG] 2018-02-07 22:34:58.483 [main] BasicTypeRegistry - Adding type registration long -> org.hibernate.type.LongType@5a7fe64f
[DEBUG] 2018-02-07 22:34:58.483 [main] BasicTypeRegistry - Adding type registration long -> org.hibernate.type.LongType@5a7fe64f
[DEBUG] 2018-02-07 22:34:58.491 [main] BasicTypeRegistry - Adding type registration java.lang.Long -> org.hibernate.type.LongType@5a7fe64f
[DEBUG] 2018-02-07 22:34:58.496 [main] BasicTypeRegistry - Adding type registration float -> org.hibernate.type.FloatType@37313c65
[DEBUG] 2018-02-07 22:34:58.496 [main] BasicTypeRegistry - Adding type registration float -> org.hibernate.type.FloatType@37313c65
[DEBUG] 2018-02-07 22:34:58.497 [main] BasicTypeRegistry - Adding type registration java.lang.Float -> org.hibernate.type.FloatType@37313c65
[DEBUG] 2018-02-07 22:34:58.501 [main] BasicTypeRegistry - Adding type registration double -> org.hibernate.type.DoubleType@5d908d47
[DEBUG] 2018-02-07 22:34:58.502 [main] BasicTypeRegistry - Adding type registration double -> org.hibernate.type.DoubleType@5d908d47
[DEBUG] 2018-02-07 22:34:58.503 [main] BasicTypeRegistry - Adding type registration java.lang.Double -> org.hibernate.type.DoubleType@5d908d47
[DEBUG] 2018-02-07 22:34:58.507 [main] BasicTypeRegistry - Adding type registration big_decimal -> org.hibernate.type.BigDecimalType@6f36c2f0
[DEBUG] 2018-02-07 22:34:58.508 [main] BasicTypeRegistry - Adding type registration java.math.BigDecimal -> org.hibernate.type.BigDecimalType@6f36c2f0
[DEBUG] 2018-02-07 22:34:58.511 [main] BasicTypeRegistry - Adding type registration big_integer -> org.hibernate.type.BigIntegerType@3b35a229
[DEBUG] 2018-02-07 22:34:58.511 [main] BasicTypeRegistry - Adding type registration java.math.BigInteger -> org.hibernate.type.BigIntegerType@3b35a229
[DEBUG] 2018-02-07 22:34:58.514 [main] BasicTypeRegistry - Adding type registration string -> org.hibernate.type.StringType@7dc3712
[DEBUG] 2018-02-07 22:34:58.514 [main] BasicTypeRegistry - Adding type registration java.lang.String -> org.hibernate.type.StringType@7dc3712
[DEBUG] 2018-02-07 22:34:58.517 [main] BasicTypeRegistry - Adding type registration nstring -> org.hibernate.type.StringNVarcharType@5be1d0a4
[DEBUG] 2018-02-07 22:34:58.529 [main] BasicTypeRegistry - Adding type registration ncharacter -> org.hibernate.type.CharacterNCharType@7d322cad
[DEBUG] 2018-02-07 22:34:58.531 [main] BasicTypeRegistry - Adding type registration url -> org.hibernate.type.UrlType@448c8166
[DEBUG] 2018-02-07 22:34:58.532 [main] BasicTypeRegistry - Adding type registration java.net.URL -> org.hibernate.type.UrlType@448c8166
[DEBUG] 2018-02-07 22:34:58.535 [main] BasicTypeRegistry - Adding type registration Duration -> org.hibernate.type.DurationType@13526e59
[DEBUG] 2018-02-07 22:34:58.536 [main] BasicTypeRegistry - Adding type registration java.time.Duration -> org.hibernate.type.DurationType@13526e59
[DEBUG] 2018-02-07 22:34:58.581 [main] BasicTypeRegistry - Adding type registration Instant -> org.hibernate.type.InstantType@6cc4cdb9
[DEBUG] 2018-02-07 22:34:58.581 [main] BasicTypeRegistry - Adding type registration java.time.Instant -> org.hibernate.type.InstantType@6cc4cdb9
[DEBUG] 2018-02-07 22:34:58.585 [main] BasicTypeRegistry - Adding type registration LocalDateTime -> org.hibernate.type.LocalDateTimeType@32115b28
[DEBUG] 2018-02-07 22:34:58.586 [main] BasicTypeRegistry - Adding type registration java.time.LocalDateTime -> org.hibernate.type.LocalDateTimeType@32115b28
[DEBUG] 2018-02-07 22:34:58.590 [main] BasicTypeRegistry - Adding type registration LocalDate -> org.hibernate.type.LocalDateType@3214ee6
[DEBUG] 2018-02-07 22:34:58.590 [main] BasicTypeRegistry - Adding type registration java.time.LocalDate -> org.hibernate.type.LocalDateType@3214ee6
[DEBUG] 2018-02-07 22:34:58.594 [main] BasicTypeRegistry - Adding type registration LocalTime -> org.hibernate.type.LocalTimeType@68746f22
[DEBUG] 2018-02-07 22:34:58.595 [main] BasicTypeRegistry - Adding type registration java.time.LocalTime -> org.hibernate.type.LocalTimeType@68746f22
[DEBUG] 2018-02-07 22:34:58.599 [main] BasicTypeRegistry - Adding type registration OffsetDateTime -> org.hibernate.type.OffsetDateTimeType@2eea88a1
[DEBUG] 2018-02-07 22:34:58.599 [main] BasicTypeRegistry - Adding type registration java.time.OffsetDateTime -> org.hibernate.type.OffsetDateTimeType@2eea88a1
[DEBUG] 2018-02-07 22:34:58.602 [main] BasicTypeRegistry - Adding type registration OffsetTime -> org.hibernate.type.OffsetTimeType@16612a51
[DEBUG] 2018-02-07 22:34:58.603 [main] BasicTypeRegistry - Adding type registration java.time.OffsetTime -> org.hibernate.type.OffsetTimeType@16612a51
[DEBUG] 2018-02-07 22:34:58.612 [main] BasicTypeRegistry - Adding type registration ZonedDateTime -> org.hibernate.type.ZonedDateTimeType@7d61eb55
[DEBUG] 2018-02-07 22:34:58.612 [main] BasicTypeRegistry - Adding type registration java.time.ZonedDateTime -> org.hibernate.type.ZonedDateTimeType@7d61eb55
[DEBUG] 2018-02-07 22:34:58.616 [main] BasicTypeRegistry - Adding type registration date -> org.hibernate.type.DateType@638ef7ed
[DEBUG] 2018-02-07 22:34:58.617 [main] BasicTypeRegistry - Adding type registration java.sql.Date -> org.hibernate.type.DateType@638ef7ed
[DEBUG] 2018-02-07 22:34:58.620 [main] BasicTypeRegistry - Adding type registration time -> org.hibernate.type.TimeType@776a6d9b
[DEBUG] 2018-02-07 22:34:58.621 [main] BasicTypeRegistry - Adding type registration java.sql.Time -> org.hibernate.type.TimeType@776a6d9b
[DEBUG] 2018-02-07 22:34:58.625 [main] BasicTypeRegistry - Adding type registration timestamp -> org.hibernate.type.TimestampType@1cf56a1c
[DEBUG] 2018-02-07 22:34:58.625 [main] BasicTypeRegistry - Adding type registration java.sql.Timestamp -> org.hibernate.type.TimestampType@1cf56a1c
[DEBUG] 2018-02-07 22:34:58.625 [main] BasicTypeRegistry - Adding type registration java.util.Date -> org.hibernate.type.TimestampType@1cf56a1c
[DEBUG] 2018-02-07 22:34:58.630 [main] BasicTypeRegistry - Adding type registration dbtimestamp -> org.hibernate.type.DbTimestampType@264f218
[DEBUG] 2018-02-07 22:34:58.633 [main] BasicTypeRegistry - Adding type registration calendar -> org.hibernate.type.CalendarType@81d9a72
[DEBUG] 2018-02-07 22:34:58.633 [main] BasicTypeRegistry - Adding type registration java.util.Calendar -> org.hibernate.type.CalendarType@81d9a72
[DEBUG] 2018-02-07 22:34:58.633 [main] BasicTypeRegistry - Adding type registration java.util.GregorianCalendar -> org.hibernate.type.CalendarType@81d9a72
[DEBUG] 2018-02-07 22:34:58.635 [main] BasicTypeRegistry - Adding type registration calendar_date -> org.hibernate.type.CalendarDateType@2ca26d77
[DEBUG] 2018-02-07 22:34:58.638 [main] BasicTypeRegistry - Adding type registration locale -> org.hibernate.type.LocaleType@1ebea008
[DEBUG] 2018-02-07 22:34:58.639 [main] BasicTypeRegistry - Adding type registration java.util.Locale -> org.hibernate.type.LocaleType@1ebea008
[DEBUG] 2018-02-07 22:34:58.642 [main] BasicTypeRegistry - Adding type registration currency -> org.hibernate.type.CurrencyType@51bf5add
[DEBUG] 2018-02-07 22:34:58.642 [main] BasicTypeRegistry - Adding type registration java.util.Currency -> org.hibernate.type.CurrencyType@51bf5add
[DEBUG] 2018-02-07 22:34:58.645 [main] BasicTypeRegistry - Adding type registration timezone -> org.hibernate.type.TimeZoneType@478db956
[DEBUG] 2018-02-07 22:34:58.645 [main] BasicTypeRegistry - Adding type registration java.util.TimeZone -> org.hibernate.type.TimeZoneType@478db956
[DEBUG] 2018-02-07 22:34:58.648 [main] BasicTypeRegistry - Adding type registration class -> org.hibernate.type.ClassType@1b410b60
[DEBUG] 2018-02-07 22:34:58.648 [main] BasicTypeRegistry - Adding type registration java.lang.Class -> org.hibernate.type.ClassType@1b410b60
[DEBUG] 2018-02-07 22:34:58.654 [main] BasicTypeRegistry - Adding type registration uuid-binary -> org.hibernate.type.UUIDBinaryType@6b0d80ed
[DEBUG] 2018-02-07 22:34:58.656 [main] BasicTypeRegistry - Adding type registration java.util.UUID -> org.hibernate.type.UUIDBinaryType@6b0d80ed
[DEBUG] 2018-02-07 22:34:58.658 [main] BasicTypeRegistry - Adding type registration uuid-char -> org.hibernate.type.UUIDCharType@928763c
[DEBUG] 2018-02-07 22:34:58.661 [main] BasicTypeRegistry - Adding type registration binary -> org.hibernate.type.BinaryType@2f666ebb
[DEBUG] 2018-02-07 22:34:58.661 [main] BasicTypeRegistry - Adding type registration byte[] -> org.hibernate.type.BinaryType@2f666ebb
[DEBUG] 2018-02-07 22:34:58.662 [main] BasicTypeRegistry - Adding type registration [B -> org.hibernate.type.BinaryType@2f666ebb
[DEBUG] 2018-02-07 22:34:58.664 [main] BasicTypeRegistry - Adding type registration wrapper-binary -> org.hibernate.type.WrapperBinaryType@75c56eb9
[DEBUG] 2018-02-07 22:34:58.665 [main] BasicTypeRegistry - Adding type registration Byte[] -> org.hibernate.type.WrapperBinaryType@75c56eb9
[DEBUG] 2018-02-07 22:34:58.665 [main] BasicTypeRegistry - Adding type registration [Ljava.lang.Byte; -> org.hibernate.type.WrapperBinaryType@75c56eb9
[DEBUG] 2018-02-07 22:34:58.668 [main] BasicTypeRegistry - Adding type registration row_version -> org.hibernate.type.RowVersionType@5e17553a
[DEBUG] 2018-02-07 22:34:58.670 [main] BasicTypeRegistry - Adding type registration image -> org.hibernate.type.ImageType@27912e3
[DEBUG] 2018-02-07 22:34:58.673 [main] BasicTypeRegistry - Adding type registration characters -> org.hibernate.type.CharArrayType@30b6ffe0
[DEBUG] 2018-02-07 22:34:58.674 [main] BasicTypeRegistry - Adding type registration char[] -> org.hibernate.type.CharArrayType@30b6ffe0
[DEBUG] 2018-02-07 22:34:58.674 [main] BasicTypeRegistry - Adding type registration [C -> org.hibernate.type.CharArrayType@30b6ffe0
[DEBUG] 2018-02-07 22:34:58.681 [main] BasicTypeRegistry - Adding type registration wrapper-characters -> org.hibernate.type.CharacterArrayType@24c22fe
[DEBUG] 2018-02-07 22:34:58.682 [main] BasicTypeRegistry - Adding type registration [Ljava.lang.Character; -> org.hibernate.type.CharacterArrayType@24c22fe
[DEBUG] 2018-02-07 22:34:58.682 [main] BasicTypeRegistry - Adding type registration Character[] -> org.hibernate.type.CharacterArrayType@24c22fe
[DEBUG] 2018-02-07 22:34:58.685 [main] BasicTypeRegistry - Adding type registration text -> org.hibernate.type.TextType@15a04efb
[DEBUG] 2018-02-07 22:34:58.688 [main] BasicTypeRegistry - Adding type registration ntext -> org.hibernate.type.NTextType@3336e6b6
[DEBUG] 2018-02-07 22:34:58.703 [main] BasicTypeRegistry - Adding type registration blob -> org.hibernate.type.BlobType@7b993c65
[DEBUG] 2018-02-07 22:34:58.703 [main] BasicTypeRegistry - Adding type registration java.sql.Blob -> org.hibernate.type.BlobType@7b993c65
[DEBUG] 2018-02-07 22:34:58.705 [main] BasicTypeRegistry - Adding type registration materialized_blob -> org.hibernate.type.MaterializedBlobType@4d6025c5
[DEBUG] 2018-02-07 22:34:58.718 [main] BasicTypeRegistry - Adding type registration clob -> org.hibernate.type.ClobType@463fd068
[DEBUG] 2018-02-07 22:34:58.718 [main] BasicTypeRegistry - Adding type registration java.sql.Clob -> org.hibernate.type.ClobType@463fd068
[DEBUG] 2018-02-07 22:34:58.813 [main] BasicTypeRegistry - Adding type registration nclob -> org.hibernate.type.NClobType@4bd31064
[DEBUG] 2018-02-07 22:34:58.814 [main] BasicTypeRegistry - Adding type registration java.sql.NClob -> org.hibernate.type.NClobType@4bd31064
[DEBUG] 2018-02-07 22:34:58.816 [main] BasicTypeRegistry - Adding type registration materialized_clob -> org.hibernate.type.MaterializedClobType@7354b8c5
[DEBUG] 2018-02-07 22:34:58.817 [main] BasicTypeRegistry - Adding type registration materialized_nclob -> org.hibernate.type.MaterializedNClobType@11d8ae8b
[DEBUG] 2018-02-07 22:34:58.825 [main] BasicTypeRegistry - Adding type registration serializable -> org.hibernate.type.SerializableType@2fba3fc4
[DEBUG] 2018-02-07 22:34:58.834 [main] BasicTypeRegistry - Adding type registration object -> org.hibernate.type.ObjectType@6a57ae10
[DEBUG] 2018-02-07 22:34:58.835 [main] BasicTypeRegistry - Adding type registration java.lang.Object -> org.hibernate.type.ObjectType@6a57ae10
[DEBUG] 2018-02-07 22:34:58.836 [main] BasicTypeRegistry - Adding type registration imm_date -> org.hibernate.type.AdaptedImmutableType@28b46423
[DEBUG] 2018-02-07 22:34:58.837 [main] BasicTypeRegistry - Adding type registration imm_time -> org.hibernate.type.AdaptedImmutableType@7fc4780b
[DEBUG] 2018-02-07 22:34:58.837 [main] BasicTypeRegistry - Adding type registration imm_timestamp -> org.hibernate.type.AdaptedImmutableType@3b79fd76
[DEBUG] 2018-02-07 22:34:58.838 [main] BasicTypeRegistry - Adding type registration imm_dbtimestamp -> org.hibernate.type.AdaptedImmutableType@48c76607
[DEBUG] 2018-02-07 22:34:58.840 [main] BasicTypeRegistry - Adding type registration imm_calendar -> org.hibernate.type.AdaptedImmutableType@43599640
[DEBUG] 2018-02-07 22:34:58.840 [main] BasicTypeRegistry - Adding type registration imm_calendar_date -> org.hibernate.type.AdaptedImmutableType@1f81aa00
[DEBUG] 2018-02-07 22:34:58.841 [main] BasicTypeRegistry - Adding type registration imm_binary -> org.hibernate.type.AdaptedImmutableType@6b6776cb
[DEBUG] 2018-02-07 22:34:58.841 [main] BasicTypeRegistry - Adding type registration imm_serializable -> org.hibernate.type.AdaptedImmutableType@1863d2fe
[INFO ] 2018-02-07 22:34:58.896 [main] C3P0ConnectionProvider - HHH010002: C3P0 using driver: com.mysql.jdbc.Driver at URL: jdbc:mysql://localhost:3306/test_used_computers
[INFO ] 2018-02-07 22:34:58.898 [main] C3P0ConnectionProvider - HHH10001001: Connection properties: {user=root, password=****}
[INFO ] 2018-02-07 22:34:58.900 [main] C3P0ConnectionProvider - HHH10001003: Autocommit mode: false
[INFO ] 2018-02-07 22:34:59.261 [main] C3P0ConnectionProvider - HHH10001007: JDBC isolation level: <unknown>
[DEBUG] 2018-02-07 22:35:00.145 [main] JdbcEnvironmentInitiator - Database ->
       name : MySQL
    version : 5.7.21-0ubuntu0.16.04.1
      major : 5
      minor : 7
[DEBUG] 2018-02-07 22:35:00.146 [main] JdbcEnvironmentInitiator - Driver ->
       name : MySQL Connector Java
    version : mysql-connector-java-5.1.39 ( Revision: 3289a357af6d09ecc1a10fd3c26e95183e5790ad )
      major : 5
      minor : 1
[DEBUG] 2018-02-07 22:35:00.147 [main] JdbcEnvironmentInitiator - JDBC version : 4.0
[INFO ] 2018-02-07 22:35:00.172 [main] Dialect - HHH000400: Using dialect: org.hibernate.dialect.MySQL5Dialect
[DEBUG] 2018-02-07 22:35:00.260 [main] IdentifierHelperBuilder - JDBC driver metadata reported database stores quoted identifiers in more than one case
[DEBUG] 2018-02-07 22:35:00.264 [main] IdentifierHelperBuilder - IdentifierCaseStrategy for both quoted and unquoted identifiers was set to the same strategy [MIXED]; that will likely lead to problems in schema update and validation if using quoted identifiers
[DEBUG] 2018-02-07 22:35:00.373 [main] DefaultIdentifierGeneratorFactory - Registering IdentifierGenerator strategy [uuid2] -> [org.hibernate.id.UUIDGenerator]
[DEBUG] 2018-02-07 22:35:00.374 [main] DefaultIdentifierGeneratorFactory - Registering IdentifierGenerator strategy [guid] -> [org.hibernate.id.GUIDGenerator]
[DEBUG] 2018-02-07 22:35:00.375 [main] DefaultIdentifierGeneratorFactory - Registering IdentifierGenerator strategy [uuid] -> [org.hibernate.id.UUIDHexGenerator]
[DEBUG] 2018-02-07 22:35:00.375 [main] DefaultIdentifierGeneratorFactory - Registering IdentifierGenerator strategy [uuid.hex] -> [org.hibernate.id.UUIDHexGenerator]
[DEBUG] 2018-02-07 22:35:00.376 [main] DefaultIdentifierGeneratorFactory - Registering IdentifierGenerator strategy [assigned] -> [org.hibernate.id.Assigned]
[DEBUG] 2018-02-07 22:35:00.379 [main] DefaultIdentifierGeneratorFactory - Registering IdentifierGenerator strategy [identity] -> [org.hibernate.id.IdentityGenerator]
[DEBUG] 2018-02-07 22:35:00.379 [main] DefaultIdentifierGeneratorFactory - Registering IdentifierGenerator strategy [select] -> [org.hibernate.id.SelectGenerator]
[DEBUG] 2018-02-07 22:35:00.381 [main] DefaultIdentifierGeneratorFactory - Registering IdentifierGenerator strategy [sequence] -> [org.hibernate.id.enhanced.SequenceStyleGenerator]
[DEBUG] 2018-02-07 22:35:00.383 [main] DefaultIdentifierGeneratorFactory - Registering IdentifierGenerator strategy [seqhilo] -> [org.hibernate.id.SequenceHiLoGenerator]
[DEBUG] 2018-02-07 22:35:00.385 [main] DefaultIdentifierGeneratorFactory - Registering IdentifierGenerator strategy [increment] -> [org.hibernate.id.IncrementGenerator]
[DEBUG] 2018-02-07 22:35:00.386 [main] DefaultIdentifierGeneratorFactory - Registering IdentifierGenerator strategy [foreign] -> [org.hibernate.id.ForeignGenerator]
[DEBUG] 2018-02-07 22:35:00.387 [main] DefaultIdentifierGeneratorFactory - Registering IdentifierGenerator strategy [sequence-identity] -> [org.hibernate.id.SequenceIdentityGenerator]
[DEBUG] 2018-02-07 22:35:00.388 [main] DefaultIdentifierGeneratorFactory - Registering IdentifierGenerator strategy [enhanced-sequence] -> [org.hibernate.id.enhanced.SequenceStyleGenerator]
[DEBUG] 2018-02-07 22:35:00.389 [main] DefaultIdentifierGeneratorFactory - Registering IdentifierGenerator strategy [enhanced-table] -> [org.hibernate.id.enhanced.TableGenerator]
[DEBUG] 2018-02-07 22:35:00.464 [main] Namespace - Created database namespace [logicalName=Name{catalog=null, schema=null}, physicalName=Name{catalog=null, schema=null}]
[DEBUG] 2018-02-07 22:35:00.534 [main] AnnotationBinder - Binding entity from annotated class: entity.User
[DEBUG] 2018-02-07 22:35:00.575 [main] Ejb3Column - Binding column: Ejb3DiscriminatorColumn{logicalColumnName'DTYPE', discriminatorTypeName='string'}
[DEBUG] 2018-02-07 22:35:00.584 [main] EntityBinder - Import with entity name User
[DEBUG] 2018-02-07 22:35:00.590 [main] EntityBinder - Bind entity entity.User on table users
[DEBUG] 2018-02-07 22:35:00.662 [main] Ejb3Column - Binding column: Ejb3Column{table=org.hibernate.mapping.Table(users), mappingColumn=id, insertable=true, updatable=true, unique=false}
[DEBUG] 2018-02-07 22:35:00.670 [main] PropertyBinder - MetadataSourceProcessor property id with lazy=false
[DEBUG] 2018-02-07 22:35:00.674 [main] AbstractPropertyHolder - Attempting to locate auto-apply AttributeConverter for property [entity.User:id]
[DEBUG] 2018-02-07 22:35:00.677 [main] SimpleValueBinder - building SimpleValue for id
[DEBUG] 2018-02-07 22:35:00.682 [main] PropertyBinder - Building property id
[DEBUG] 2018-02-07 22:35:00.697 [main] Ejb3Column - Binding column: Ejb3Column{table=org.hibernate.mapping.Table(users), mappingColumn=approved, insertable=true, updatable=true, unique=false}
[DEBUG] 2018-02-07 22:35:00.697 [main] PropertyBinder - MetadataSourceProcessor property approved with lazy=false
[DEBUG] 2018-02-07 22:35:00.698 [main] AbstractPropertyHolder - Attempting to locate auto-apply AttributeConverter for property [entity.User:approved]
[DEBUG] 2018-02-07 22:35:00.698 [main] SimpleValueBinder - building SimpleValue for approved
[DEBUG] 2018-02-07 22:35:00.698 [main] PropertyBinder - Building property approved
[DEBUG] 2018-02-07 22:35:00.699 [main] Ejb3Column - Binding column: Ejb3Column{table=org.hibernate.mapping.Table(users), mappingColumn=city, insertable=true, updatable=true, unique=false}
[DEBUG] 2018-02-07 22:35:00.700 [main] PropertyBinder - MetadataSourceProcessor property city with lazy=false
[DEBUG] 2018-02-07 22:35:00.700 [main] AbstractPropertyHolder - Attempting to locate auto-apply AttributeConverter for property [entity.User:city]
[DEBUG] 2018-02-07 22:35:00.700 [main] SimpleValueBinder - building SimpleValue for city
[DEBUG] 2018-02-07 22:35:00.700 [main] PropertyBinder - Building property city
[DEBUG] 2018-02-07 22:35:00.701 [main] Ejb3Column - Binding column: Ejb3Column{table=org.hibernate.mapping.Table(users), mappingColumn=email, insertable=true, updatable=true, unique=false}
[DEBUG] 2018-02-07 22:35:00.701 [main] PropertyBinder - MetadataSourceProcessor property email with lazy=false
[DEBUG] 2018-02-07 22:35:00.702 [main] AbstractPropertyHolder - Attempting to locate auto-apply AttributeConverter for property [entity.User:email]
[DEBUG] 2018-02-07 22:35:00.702 [main] SimpleValueBinder - building SimpleValue for email
[DEBUG] 2018-02-07 22:35:00.702 [main] PropertyBinder - Building property email
[DEBUG] 2018-02-07 22:35:00.703 [main] Ejb3Column - Binding column: Ejb3Column{table=org.hibernate.mapping.Table(users), mappingColumn=first_name, insertable=true, updatable=true, unique=false}
[DEBUG] 2018-02-07 22:35:00.703 [main] PropertyBinder - MetadataSourceProcessor property firstName with lazy=false
[DEBUG] 2018-02-07 22:35:00.704 [main] AbstractPropertyHolder - Attempting to locate auto-apply AttributeConverter for property [entity.User:firstName]
[DEBUG] 2018-02-07 22:35:00.704 [main] SimpleValueBinder - building SimpleValue for firstName
[DEBUG] 2018-02-07 22:35:00.704 [main] PropertyBinder - Building property firstName
[DEBUG] 2018-02-07 22:35:00.705 [main] Ejb3Column - Binding column: Ejb3Column{table=org.hibernate.mapping.Table(users), mappingColumn=join_date, insertable=true, updatable=true, unique=false}
[DEBUG] 2018-02-07 22:35:00.705 [main] PropertyBinder - MetadataSourceProcessor property joinDate with lazy=false
[DEBUG] 2018-02-07 22:35:00.706 [main] AbstractPropertyHolder - Attempting to locate auto-apply AttributeConverter for property [entity.User:joinDate]
[DEBUG] 2018-02-07 22:35:00.706 [main] SimpleValueBinder - building SimpleValue for joinDate
[DEBUG] 2018-02-07 22:35:00.706 [main] PropertyBinder - Building property joinDate
[DEBUG] 2018-02-07 22:35:00.707 [main] Ejb3Column - Binding column: Ejb3Column{table=org.hibernate.mapping.Table(users), mappingColumn=last_name, insertable=true, updatable=true, unique=false}
[DEBUG] 2018-02-07 22:35:00.707 [main] PropertyBinder - MetadataSourceProcessor property lastName with lazy=false
[DEBUG] 2018-02-07 22:35:00.707 [main] AbstractPropertyHolder - Attempting to locate auto-apply AttributeConverter for property [entity.User:lastName]
[DEBUG] 2018-02-07 22:35:00.708 [main] SimpleValueBinder - building SimpleValue for lastName
[DEBUG] 2018-02-07 22:35:00.708 [main] PropertyBinder - Building property lastName
[DEBUG] 2018-02-07 22:35:00.708 [main] Ejb3Column - Binding column: Ejb3Column{table=org.hibernate.mapping.Table(users), mappingColumn=password, insertable=true, updatable=true, unique=false}
[DEBUG] 2018-02-07 22:35:00.709 [main] PropertyBinder - MetadataSourceProcessor property password with lazy=false
[DEBUG] 2018-02-07 22:35:00.709 [main] AbstractPropertyHolder - Attempting to locate auto-apply AttributeConverter for property [entity.User:password]
[DEBUG] 2018-02-07 22:35:00.709 [main] SimpleValueBinder - building SimpleValue for password
[DEBUG] 2018-02-07 22:35:00.710 [main] PropertyBinder - Building property password
[DEBUG] 2018-02-07 22:35:00.710 [main] Ejb3Column - Binding column: Ejb3Column{table=org.hibernate.mapping.Table(users), mappingColumn=state, insertable=true, updatable=true, unique=false}
[DEBUG] 2018-02-07 22:35:00.711 [main] PropertyBinder - MetadataSourceProcessor property state with lazy=false
[DEBUG] 2018-02-07 22:35:00.711 [main] AbstractPropertyHolder - Attempting to locate auto-apply AttributeConverter for property [entity.User:state]
[DEBUG] 2018-02-07 22:35:00.711 [main] SimpleValueBinder - building SimpleValue for state
[DEBUG] 2018-02-07 22:35:00.711 [main] PropertyBinder - Building property state
[DEBUG] 2018-02-07 22:35:00.712 [main] Ejb3Column - Binding column: Ejb3Column{table=org.hibernate.mapping.Table(users), mappingColumn=user_name, insertable=true, updatable=true, unique=false}
[DEBUG] 2018-02-07 22:35:00.712 [main] PropertyBinder - MetadataSourceProcessor property userName with lazy=false
[DEBUG] 2018-02-07 22:35:00.712 [main] AbstractPropertyHolder - Attempting to locate auto-apply AttributeConverter for property [entity.User:userName]
[DEBUG] 2018-02-07 22:35:00.712 [main] SimpleValueBinder - building SimpleValue for userName
[DEBUG] 2018-02-07 22:35:00.712 [main] PropertyBinder - Building property userName
[DEBUG] 2018-02-07 22:35:00.713 [main] Ejb3Column - Binding column: Ejb3Column{table=org.hibernate.mapping.Table(users), mappingColumn=zipcode, insertable=true, updatable=true, unique=false}
[DEBUG] 2018-02-07 22:35:00.713 [main] PropertyBinder - MetadataSourceProcessor property zipcode with lazy=false
[DEBUG] 2018-02-07 22:35:00.713 [main] AbstractPropertyHolder - Attempting to locate auto-apply AttributeConverter for property [entity.User:zipcode]
[DEBUG] 2018-02-07 22:35:00.714 [main] SimpleValueBinder - building SimpleValue for zipcode
[DEBUG] 2018-02-07 22:35:00.714 [main] PropertyBinder - Building property zipcode
[DEBUG] 2018-02-07 22:35:00.718 [main] SimpleValueBinder - Starting fillSimpleValue for id
[DEBUG] 2018-02-07 22:35:00.718 [main] SimpleValueBinder - Starting fillSimpleValue for approved
[DEBUG] 2018-02-07 22:35:00.719 [main] SimpleValueBinder - Starting fillSimpleValue for city
[DEBUG] 2018-02-07 22:35:00.719 [main] SimpleValueBinder - Starting fillSimpleValue for email
[DEBUG] 2018-02-07 22:35:00.719 [main] SimpleValueBinder - Starting fillSimpleValue for firstName
[DEBUG] 2018-02-07 22:35:00.719 [main] SimpleValueBinder - Starting fillSimpleValue for joinDate
[DEBUG] 2018-02-07 22:35:00.719 [main] SimpleValueBinder - Starting fillSimpleValue for lastName
[DEBUG] 2018-02-07 22:35:00.719 [main] SimpleValueBinder - Starting fillSimpleValue for password
[DEBUG] 2018-02-07 22:35:00.719 [main] SimpleValueBinder - Starting fillSimpleValue for state
[DEBUG] 2018-02-07 22:35:00.720 [main] SimpleValueBinder - Starting fillSimpleValue for userName
[DEBUG] 2018-02-07 22:35:00.720 [main] SimpleValueBinder - Starting fillSimpleValue for zipcode
[DEBUG] 2018-02-07 22:35:00.723 [main] PrimaryKey - Forcing column [id] to be non-null as it is part of the primary key for table [users]
[DEBUG] 2018-02-07 22:35:00.794 [main] SessionFactoryImpl - Building session factory
[DEBUG] 2018-02-07 22:35:00.796 [main] Settings - SessionFactory name : null
[DEBUG] 2018-02-07 22:35:00.796 [main] Settings - Automatic flush during beforeCompletion(): enabled
[DEBUG] 2018-02-07 22:35:00.796 [main] Settings - Automatic session close at end of transaction: disabled
[DEBUG] 2018-02-07 22:35:00.796 [main] Settings - Statistics: disabled
[DEBUG] 2018-02-07 22:35:00.796 [main] Settings - Deleted entity synthetic identifier rollback: disabled
[DEBUG] 2018-02-07 22:35:00.796 [main] Settings - Default entity-mode: pojo
[DEBUG] 2018-02-07 22:35:00.796 [main] Settings - Check Nullability in Core (should be disabled when Bean Validation is on): enabled
[DEBUG] 2018-02-07 22:35:00.797 [main] Settings - Allow initialization of lazy state outside session : disabled
[DEBUG] 2018-02-07 22:35:00.797 [main] Settings - Using BatchFetchStyle : LEGACY
[DEBUG] 2018-02-07 22:35:00.797 [main] Settings - Default batch fetch size: -1
[DEBUG] 2018-02-07 22:35:00.797 [main] Settings - Maximum outer join fetch depth: 2
[DEBUG] 2018-02-07 22:35:00.797 [main] Settings - Default null ordering: NONE
[DEBUG] 2018-02-07 22:35:00.797 [main] Settings - Order SQL updates by primary key: disabled
[DEBUG] 2018-02-07 22:35:00.797 [main] Settings - Order SQL inserts for batching: disabled
[DEBUG] 2018-02-07 22:35:00.798 [main] Settings - multi-tenancy strategy : NONE
[DEBUG] 2018-02-07 22:35:00.798 [main] Settings - JTA Track by Thread: enabled
[DEBUG] 2018-02-07 22:35:00.798 [main] Settings - Query language substitutions: {}
[DEBUG] 2018-02-07 22:35:00.798 [main] Settings - JPA query language strict compliance: disabled
[DEBUG] 2018-02-07 22:35:00.798 [main] Settings - Named query checking : enabled
[DEBUG] 2018-02-07 22:35:00.798 [main] Settings - Second-level cache: enabled
[DEBUG] 2018-02-07 22:35:00.798 [main] Settings - Second-level query cache: disabled
[DEBUG] 2018-02-07 22:35:00.798 [main] Settings - Second-level query cache factory: org.hibernate.cache.internal.StandardQueryCacheFactory@3f28bd56
[DEBUG] 2018-02-07 22:35:00.798 [main] Settings - Second-level cache region prefix: null
[DEBUG] 2018-02-07 22:35:00.799 [main] Settings - Optimize second-level cache for minimal puts: disabled
[DEBUG] 2018-02-07 22:35:00.799 [main] Settings - Structured second-level cache entries: disabled
[DEBUG] 2018-02-07 22:35:00.799 [main] Settings - Second-level cache direct-reference entries: disabled
[DEBUG] 2018-02-07 22:35:00.799 [main] Settings - Automatic eviction of collection cache: disabled
[DEBUG] 2018-02-07 22:35:00.799 [main] Settings - JDBC batch size: 15
[DEBUG] 2018-02-07 22:35:00.799 [main] Settings - JDBC batch updates for versioned data: enabled
[DEBUG] 2018-02-07 22:35:00.799 [main] Settings - Scrollable result sets: enabled
[DEBUG] 2018-02-07 22:35:00.799 [main] Settings - Wrap result sets: disabled
[DEBUG] 2018-02-07 22:35:00.799 [main] Settings - JDBC3 getGeneratedKeys(): enabled
[DEBUG] 2018-02-07 22:35:00.800 [main] Settings - JDBC result set fetch size: null
[DEBUG] 2018-02-07 22:35:00.800 [main] Settings - Connection release mode: AFTER_TRANSACTION
[DEBUG] 2018-02-07 22:35:00.800 [main] Settings - Generate SQL with comments: disabled
[DEBUG] 2018-02-07 22:35:00.916 [main] SessionFactoryImpl - Session factory constructed with filter configurations : {}
[DEBUG] 2018-02-07 22:35:00.916 [main] SessionFactoryImpl - Instantiating session factory with properties: {sun.desktop=gnome, awt.toolkit=sun.awt.X11.XToolkit, file.encoding.pkg=sun.io, java.specification.version=1.8, hibernate.c3p0.idle_test_period=3000, sun.cpu.isalist=, sun.jnu.encoding=UTF-8, hibernate.c3p0.min_size=5, java.class.path=/home/osamah/idea/lib/idea_rt.jar:/home/osamah/idea/plugins/junit/lib/junit-rt.jar:/home/osamah/idea/plugins/junit/lib/junit5-rt.jar:/usr/lib/jvm/java-8-oracle/jre/lib/charsets.jar:/usr/lib/jvm/java-8-oracle/jre/lib/deploy.jar:/usr/lib/jvm/java-8-oracle/jre/lib/ext/cldrdata.jar:/usr/lib/jvm/java-8-oracle/jre/lib/ext/dnsns.jar:/usr/lib/jvm/java-8-oracle/jre/lib/ext/jaccess.jar:/usr/lib/jvm/java-8-oracle/jre/lib/ext/jfxrt.jar:/usr/lib/jvm/java-8-oracle/jre/lib/ext/localedata.jar:/usr/lib/jvm/java-8-oracle/jre/lib/ext/nashorn.jar:/usr/lib/jvm/java-8-oracle/jre/lib/ext/sunec.jar:/usr/lib/jvm/java-8-oracle/jre/lib/ext/sunjce_provider.jar:/usr/lib/jvm/java-8-oracle/jre/lib/ext/sunpkcs11.jar:/usr/lib/jvm/java-8-oracle/jre/lib/ext/zipfs.jar:/usr/lib/jvm/java-8-oracle/jre/lib/javaws.jar:/usr/lib/jvm/java-8-oracle/jre/lib/jce.jar:/usr/lib/jvm/java-8-oracle/jre/lib/jfr.jar:/usr/lib/jvm/java-8-oracle/jre/lib/jfxswt.jar:/usr/lib/jvm/java-8-oracle/jre/lib/jsse.jar:/usr/lib/jvm/java-8-oracle/jre/lib/management-agent.jar:/usr/lib/jvm/java-8-oracle/jre/lib/plugin.jar:/usr/lib/jvm/java-8-oracle/jre/lib/resources.jar:/usr/lib/jvm/java-8-oracle/jre/lib/rt.jar:/home/osamah/IdeaProjects/usedComputersWebSite/target/test-classes:/home/osamah/IdeaProjects/usedComputersWebSite/target/classes:/home/osamah/.m2/repository/org/junit/jupiter/junit-jupiter-engine/5.0.0/junit-jupiter-engine-5.0.0.jar:/home/osamah/.m2/repository/org/apiguardian/apiguardian-api/1.0.0/apiguardian-api-1.0.0.jar:/home/osamah/.m2/repository/org/junit/platform/junit-platform-engine/1.0.0/junit-platform-engine-1.0.0.jar:/home/osamah/.m2/repository/org/junit/platform/junit-platform-commons/1.0.0/junit-platform-commons-1.0.0.jar:/home/osamah/.m2/repository/org/opentest4j/opentest4j/1.0.0/opentest4j-1.0.0.jar:/home/osamah/.m2/repository/org/junit/jupiter/junit-jupiter-api/5.0.0/junit-jupiter-api-5.0.0.jar:/home/osamah/.m2/repository/junit/junit/4.12/junit-4.12.jar:/home/osamah/.m2/repository/org/hamcrest/hamcrest-core/1.3/hamcrest-core-1.3.jar:/home/osamah/.m2/repository/org/junit/platform/junit-platform-runner/1.0.0/junit-platform-runner-1.0.0.jar:/home/osamah/.m2/repository/org/junit/platform/junit-platform-launcher/1.0.0/junit-platform-launcher-1.0.0.jar:/home/osamah/.m2/repository/org/junit/platform/junit-platform-suite-api/1.0.0/junit-platform-suite-api-1.0.0.jar:/home/osamah/.m2/repository/org/junit/vintage/junit-vintage-engine/4.12.0/junit-vintage-engine-4.12.0.jar:/home/osamah/.m2/repository/javax/javaee-web-api/7.0/javaee-web-api-7.0.jar:/home/osamah/.m2/repository/org/apache/logging/log4j/log4j-api/2.10.0/log4j-api-2.10.0.jar:/home/osamah/.m2/repository/org/apache/logging/log4j/log4j-core/2.10.0/log4j-core-2.10.0.jar:/home/osamah/.m2/repository/org/hibernate/hibernate-core/5.2.12.Final/hibernate-core-5.2.12.Final.jar:/home/osamah/.m2/repository/org/jboss/logging/jboss-logging/3.3.0.Final/jboss-logging-3.3.0.Final.jar:/home/osamah/.m2/repository/org/hibernate/javax/persistence/hibernate-jpa-2.1-api/1.0.0.Final/hibernate-jpa-2.1-api-1.0.0.Final.jar:/home/osamah/.m2/repository/org/javassist/javassist/3.20.0-GA/javassist-3.20.0-GA.jar:/home/osamah/.m2/repository/antlr/antlr/2.7.7/antlr-2.7.7.jar:/home/osamah/.m2/repository/org/jboss/spec/javax/transaction/jboss-transaction-api_1.2_spec/1.0.1.Final/jboss-transaction-api_1.2_spec-1.0.1.Final.jar:/home/osamah/.m2/repository/org/jboss/jandex/2.0.3.Final/jandex-2.0.3.Final.jar:/home/osamah/.m2/repository/com/fasterxml/classmate/1.3.0/classmate-1.3.0.jar:/home/osamah/.m2/repository/dom4j/dom4j/1.6.1/dom4j-1.6.1.jar:/home/osamah/.m2/repository/org/hibernate/common/hibernate-commons-annotations/5.0.1.Final/hibernate-commons-annotations-5.0.1.Final.jar:/home/osamah/.m2/repository/org/hibernate/hibernate-c3p0/5.2.12.Final/hibernate-c3p0-5.2.12.Final.jar:/home/osamah/.m2/repository/com/mchange/c3p0/0.9.5.2/c3p0-0.9.5.2.jar:/home/osamah/.m2/repository/com/mchange/mchange-commons-java/0.2.11/mchange-commons-java-0.2.11.jar:/home/osamah/.m2/repository/mysql/mysql-connector-java/5.1.39/mysql-connector-java-5.1.39.jar:/home/osamah/.m2/repository/jstl/jstl/1.2/jstl-1.2.jar:/home/osamah/idea/lib/idea_rt.jar, java.vm.vendor=Oracle Corporation, sun.arch.data.model=64, idea.test.cyclic.buffer.size=1048576, java.vendor.url=http://java.oracle.com/, user.timezone=America/Chicago, os.name=Linux, java.vm.specification.version=1.8, user.country=US, sun.java.launcher=SUN_STANDARD, sun.boot.library.path=/usr/lib/jvm/java-8-oracle/jre/lib/amd64, sun.java.command=com.intellij.rt.execution.junit.JUnitStarter -ideVersion5 -junit5 persistence.UserDaoTest,insertSuccess, sun.cpu.endian=little, hibernate.c3p0.max_statements=50, user.home=/home/osamah, user.language=en, java.specification.vendor=Oracle Corporation, java.home=/usr/lib/jvm/java-8-oracle/jre, file.separator=/, line.separator=
, hibernate.c3p0.timeout=300, java.vm.specification.vendor=Oracle Corporation, java.specification.name=Java Platform API Specification, java.awt.graphicsenv=sun.awt.X11GraphicsEnvironment, sun.boot.class.path=/usr/lib/jvm/java-8-oracle/jre/lib/resources.jar:/usr/lib/jvm/java-8-oracle/jre/lib/rt.jar:/usr/lib/jvm/java-8-oracle/jre/lib/sunrsasign.jar:/usr/lib/jvm/java-8-oracle/jre/lib/jsse.jar:/usr/lib/jvm/java-8-oracle/jre/lib/jce.jar:/usr/lib/jvm/java-8-oracle/jre/lib/charsets.jar:/usr/lib/jvm/java-8-oracle/jre/lib/jfr.jar:/usr/lib/jvm/java-8-oracle/jre/classes, connection.password=student, sun.management.compiler=HotSpot 64-Bit Tiered Compilers, hibernate.c3p0.max_size=20, java.runtime.version=1.8.0_161-b12, user.name=osamah, path.separator=:, hibernate.connection.username=root, os.version=4.13.0-32-generic, java.endorsed.dirs=/usr/lib/jvm/java-8-oracle/jre/lib/endorsed, java.runtime.name=Java(TM) SE Runtime Environment, hibernate.connection.url=jdbc:mysql://localhost:3306/test_used_computers, file.encoding=UTF-8, java.vm.name=Java HotSpot(TM) 64-Bit Server VM, hibernate.connection.driver_class=com.mysql.jdbc.Driver, java.vendor.url.bug=http://bugreport.sun.com/bugreport/, java.io.tmpdir=/tmp, java.version=1.8.0_161, user.dir=/home/osamah/IdeaProjects/usedComputersWebSite, os.arch=amd64, connection.username=root, java.vm.specification.name=Java Virtual Machine Specification, hibernate.connection.password=****, java.awt.printerjob=sun.print.PSPrinterJob, sun.os.patch.level=unknown, connection.driver_class=com.mysql.jdbc.Driver, hibernate.boot.CfgXmlAccessService.key=org.hibernate.boot.cfgxml.spi.LoadedConfig@4f8969b0, java.library.path=/usr/java/packages/lib/amd64:/usr/lib64:/lib64:/lib:/usr/lib, java.vm.info=mixed mode, java.vendor=Oracle Corporation, java.vm.version=25.161-b12, hibernate.bytecode.use_reflection_optimizer=false, java.ext.dirs=/usr/lib/jvm/java-8-oracle/jre/lib/ext:/usr/java/packages/lib/ext, sun.io.unicode.encoding=UnicodeLittle, connection.url=jdbc:mysql://localhost:3306/test_used_computers, java.class.version=52.0}
[DEBUG] 2018-02-07 22:35:00.958 [main] TypeSafeActivator - Unable to acquire Bean Validation ValidatorFactory, skipping activation
[DEBUG] 2018-02-07 22:35:00.958 [main] JaccIntegrator - Skipping JACC integration as it was not enabled
[DEBUG] 2018-02-07 22:35:00.962 [main] SessionFactoryImpl - Instantiated session factory
[DEBUG] 2018-02-07 22:35:01.081 [main] ClassLoaderAccessImpl - Not known whether passed class name [entity.User] is safe
[DEBUG] 2018-02-07 22:35:01.082 [main] ClassLoaderAccessImpl - No temp ClassLoader provided; using live ClassLoader for loading potentially unsafe class : entity.User
[DEBUG] 2018-02-07 22:35:01.116 [main] ClassLoaderAccessImpl - Not known whether passed class name [entity.User] is safe
[DEBUG] 2018-02-07 22:35:01.116 [main] ClassLoaderAccessImpl - No temp ClassLoader provided; using live ClassLoader for loading potentially unsafe class : entity.User
[DEBUG] 2018-02-07 22:35:01.290 [main] AbstractEntityPersister - Static SQL for entity: entity.User
[DEBUG] 2018-02-07 22:35:01.291 [main] AbstractEntityPersister -  Version select: select id from users where id =?
[DEBUG] 2018-02-07 22:35:01.291 [main] AbstractEntityPersister -  Snapshot select: select user_.id, user_.approved as approved2_0_, user_.city as city3_0_, user_.email as email4_0_, user_.first_name as first_na5_0_, user_.join_date as join_dat6_0_, user_.last_name as last_nam7_0_, user_.password as password8_0_, user_.state as state9_0_, user_.user_name as user_na10_0_, user_.zipcode as zipcode11_0_ from users user_ where user_.id=?
[DEBUG] 2018-02-07 22:35:01.291 [main] AbstractEntityPersister -  Insert 0: insert into users (approved, city, email, first_name, join_date, last_name, password, state, user_name, zipcode, id) values (?, ?, ?, ?, ?, ?, ?, ?, ?, ?, ?)
[DEBUG] 2018-02-07 22:35:01.291 [main] AbstractEntityPersister -  Update 0: update users set approved=?, city=?, email=?, first_name=?, join_date=?, last_name=?, password=?, state=?, user_name=?, zipcode=? where id=?
[DEBUG] 2018-02-07 22:35:01.291 [main] AbstractEntityPersister -  Delete 0: delete from users where id=?
[DEBUG] 2018-02-07 22:35:01.291 [main] AbstractEntityPersister -  Identity insert: insert into users (approved, city, email, first_name, join_date, last_name, password, state, user_name, zipcode) values (?, ?, ?, ?, ?, ?, ?, ?, ?, ?)
[DEBUG] 2018-02-07 22:35:01.366 [main] QuerySpacesImpl - Adding QuerySpace : uid = <gen:0> -> org.hibernate.loader.plan.build.internal.spaces.EntityQuerySpaceImpl@85ec632]
[DEBUG] 2018-02-07 22:35:01.371 [main] MetamodelGraphWalker - Visiting attribute path : approved
[DEBUG] 2018-02-07 22:35:01.375 [main] MetamodelGraphWalker - Visiting attribute path : city
[DEBUG] 2018-02-07 22:35:01.375 [main] MetamodelGraphWalker - Visiting attribute path : email
[DEBUG] 2018-02-07 22:35:01.375 [main] MetamodelGraphWalker - Visiting attribute path : firstName
[DEBUG] 2018-02-07 22:35:01.376 [main] MetamodelGraphWalker - Visiting attribute path : joinDate
[DEBUG] 2018-02-07 22:35:01.376 [main] MetamodelGraphWalker - Visiting attribute path : lastName
[DEBUG] 2018-02-07 22:35:01.379 [main] MetamodelGraphWalker - Visiting attribute path : password
[DEBUG] 2018-02-07 22:35:01.379 [main] MetamodelGraphWalker - Visiting attribute path : state
[DEBUG] 2018-02-07 22:35:01.379 [main] MetamodelGraphWalker - Visiting attribute path : userName
[DEBUG] 2018-02-07 22:35:01.380 [main] MetamodelGraphWalker - Visiting attribute path : zipcode
[DEBUG] 2018-02-07 22:35:01.381 [main] FetchStyleLoadPlanBuildingAssociationVisitationStrategy - Building LoadPlan...
[DEBUG] 2018-02-07 22:35:01.426 [main] LoadQueryJoinAndFetchProcessor - processing queryspace <gen:0>
[DEBUG] 2018-02-07 22:35:01.439 [main] LoadPlanTreePrinter - LoadPlan(entity=entity.User)
    - Returns
       - EntityReturnImpl(entity=entity.User, querySpaceUid=<gen:0>, path=entity.User)
    - QuerySpaces
       - EntityQuerySpaceImpl(uid=<gen:0>, entity=entity.User)
          - SQL table alias mapping - user0_
          - alias suffix - 0_
          - suffixed key columns - {id1_0_0_}

[DEBUG] 2018-02-07 22:35:01.447 [main] EntityLoader - Static select for entity entity.User [NONE]: select user0_.id as id1_0_0_, user0_.approved as approved2_0_0_, user0_.city as city3_0_0_, user0_.email as email4_0_0_, user0_.first_name as first_na5_0_0_, user0_.join_date as join_dat6_0_0_, user0_.last_name as last_nam7_0_0_, user0_.password as password8_0_0_, user0_.state as state9_0_0_, user0_.user_name as user_na10_0_0_, user0_.zipcode as zipcode11_0_0_ from users user0_ where user0_.id=?
[DEBUG] 2018-02-07 22:35:01.447 [main] QuerySpacesImpl - Adding QuerySpace : uid = <gen:0> -> org.hibernate.loader.plan.build.internal.spaces.EntityQuerySpaceImpl@30457e14]
[DEBUG] 2018-02-07 22:35:01.448 [main] MetamodelGraphWalker - Visiting attribute path : approved
[DEBUG] 2018-02-07 22:35:01.448 [main] MetamodelGraphWalker - Visiting attribute path : city
[DEBUG] 2018-02-07 22:35:01.448 [main] MetamodelGraphWalker - Visiting attribute path : email
[DEBUG] 2018-02-07 22:35:01.448 [main] MetamodelGraphWalker - Visiting attribute path : firstName
[DEBUG] 2018-02-07 22:35:01.448 [main] MetamodelGraphWalker - Visiting attribute path : joinDate
[DEBUG] 2018-02-07 22:35:01.448 [main] MetamodelGraphWalker - Visiting attribute path : lastName
[DEBUG] 2018-02-07 22:35:01.449 [main] MetamodelGraphWalker - Visiting attribute path : password
[DEBUG] 2018-02-07 22:35:01.449 [main] MetamodelGraphWalker - Visiting attribute path : state
[DEBUG] 2018-02-07 22:35:01.449 [main] MetamodelGraphWalker - Visiting attribute path : userName
[DEBUG] 2018-02-07 22:35:01.449 [main] MetamodelGraphWalker - Visiting attribute path : zipcode
[DEBUG] 2018-02-07 22:35:01.449 [main] FetchStyleLoadPlanBuildingAssociationVisitationStrategy - Building LoadPlan...
[DEBUG] 2018-02-07 22:35:01.450 [main] LoadQueryJoinAndFetchProcessor - processing queryspace <gen:0>
[DEBUG] 2018-02-07 22:35:01.451 [main] LoadPlanTreePrinter - LoadPlan(entity=entity.User)
    - Returns
       - EntityReturnImpl(entity=entity.User, querySpaceUid=<gen:0>, path=entity.User)
    - QuerySpaces
       - EntityQuerySpaceImpl(uid=<gen:0>, entity=entity.User)
          - SQL table alias mapping - user0_
          - alias suffix - 0_
          - suffixed key columns - {id1_0_0_}

[DEBUG] 2018-02-07 22:35:01.451 [main] EntityLoader - Static select for entity entity.User [READ]: select user0_.id as id1_0_0_, user0_.approved as approved2_0_0_, user0_.city as city3_0_0_, user0_.email as email4_0_0_, user0_.first_name as first_na5_0_0_, user0_.join_date as join_dat6_0_0_, user0_.last_name as last_nam7_0_0_, user0_.password as password8_0_0_, user0_.state as state9_0_0_, user0_.user_name as user_na10_0_0_, user0_.zipcode as zipcode11_0_0_ from users user0_ where user0_.id=?
[DEBUG] 2018-02-07 22:35:01.451 [main] QuerySpacesImpl - Adding QuerySpace : uid = <gen:0> -> org.hibernate.loader.plan.build.internal.spaces.EntityQuerySpaceImpl@632aa1a3]
[DEBUG] 2018-02-07 22:35:01.452 [main] MetamodelGraphWalker - Visiting attribute path : approved
[DEBUG] 2018-02-07 22:35:01.452 [main] MetamodelGraphWalker - Visiting attribute path : city
[DEBUG] 2018-02-07 22:35:01.452 [main] MetamodelGraphWalker - Visiting attribute path : email
[DEBUG] 2018-02-07 22:35:01.452 [main] MetamodelGraphWalker - Visiting attribute path : firstName
[DEBUG] 2018-02-07 22:35:01.453 [main] MetamodelGraphWalker - Visiting attribute path : joinDate
[DEBUG] 2018-02-07 22:35:01.453 [main] MetamodelGraphWalker - Visiting attribute path : lastName
[DEBUG] 2018-02-07 22:35:01.453 [main] MetamodelGraphWalker - Visiting attribute path : password
[DEBUG] 2018-02-07 22:35:01.453 [main] MetamodelGraphWalker - Visiting attribute path : state
[DEBUG] 2018-02-07 22:35:01.453 [main] MetamodelGraphWalker - Visiting attribute path : userName
[DEBUG] 2018-02-07 22:35:01.453 [main] MetamodelGraphWalker - Visiting attribute path : zipcode
[DEBUG] 2018-02-07 22:35:01.453 [main] FetchStyleLoadPlanBuildingAssociationVisitationStrategy - Building LoadPlan...
[DEBUG] 2018-02-07 22:35:01.454 [main] LoadQueryJoinAndFetchProcessor - processing queryspace <gen:0>
[DEBUG] 2018-02-07 22:35:01.455 [main] LoadPlanTreePrinter - LoadPlan(entity=entity.User)
    - Returns
       - EntityReturnImpl(entity=entity.User, querySpaceUid=<gen:0>, path=entity.User)
    - QuerySpaces
       - EntityQuerySpaceImpl(uid=<gen:0>, entity=entity.User)
          - SQL table alias mapping - user0_
          - alias suffix - 0_
          - suffixed key columns - {id1_0_0_}

[DEBUG] 2018-02-07 22:35:01.455 [main] EntityLoader - Static select for entity entity.User [UPGRADE]: select user0_.id as id1_0_0_, user0_.approved as approved2_0_0_, user0_.city as city3_0_0_, user0_.email as email4_0_0_, user0_.first_name as first_na5_0_0_, user0_.join_date as join_dat6_0_0_, user0_.last_name as last_nam7_0_0_, user0_.password as password8_0_0_, user0_.state as state9_0_0_, user0_.user_name as user_na10_0_0_, user0_.zipcode as zipcode11_0_0_ from users user0_ where user0_.id=? for update
[DEBUG] 2018-02-07 22:35:01.455 [main] QuerySpacesImpl - Adding QuerySpace : uid = <gen:0> -> org.hibernate.loader.plan.build.internal.spaces.EntityQuerySpaceImpl@3b582111]
[DEBUG] 2018-02-07 22:35:01.456 [main] MetamodelGraphWalker - Visiting attribute path : approved
[DEBUG] 2018-02-07 22:35:01.456 [main] MetamodelGraphWalker - Visiting attribute path : city
[DEBUG] 2018-02-07 22:35:01.456 [main] MetamodelGraphWalker - Visiting attribute path : email
[DEBUG] 2018-02-07 22:35:01.456 [main] MetamodelGraphWalker - Visiting attribute path : firstName
[DEBUG] 2018-02-07 22:35:01.456 [main] MetamodelGraphWalker - Visiting attribute path : joinDate
[DEBUG] 2018-02-07 22:35:01.456 [main] MetamodelGraphWalker - Visiting attribute path : lastName
[DEBUG] 2018-02-07 22:35:01.456 [main] MetamodelGraphWalker - Visiting attribute path : password
[DEBUG] 2018-02-07 22:35:01.456 [main] MetamodelGraphWalker - Visiting attribute path : state
[DEBUG] 2018-02-07 22:35:01.457 [main] MetamodelGraphWalker - Visiting attribute path : userName
[DEBUG] 2018-02-07 22:35:01.457 [main] MetamodelGraphWalker - Visiting attribute path : zipcode
[DEBUG] 2018-02-07 22:35:01.457 [main] FetchStyleLoadPlanBuildingAssociationVisitationStrategy - Building LoadPlan...
[DEBUG] 2018-02-07 22:35:01.458 [main] LoadQueryJoinAndFetchProcessor - processing queryspace <gen:0>
[DEBUG] 2018-02-07 22:35:01.459 [main] LoadPlanTreePrinter - LoadPlan(entity=entity.User)
    - Returns
       - EntityReturnImpl(entity=entity.User, querySpaceUid=<gen:0>, path=entity.User)
    - QuerySpaces
       - EntityQuerySpaceImpl(uid=<gen:0>, entity=entity.User)
          - SQL table alias mapping - user0_
          - alias suffix - 0_
          - suffixed key columns - {id1_0_0_}

[DEBUG] 2018-02-07 22:35:01.459 [main] EntityLoader - Static select for entity entity.User [UPGRADE_NOWAIT]: select user0_.id as id1_0_0_, user0_.approved as approved2_0_0_, user0_.city as city3_0_0_, user0_.email as email4_0_0_, user0_.first_name as first_na5_0_0_, user0_.join_date as join_dat6_0_0_, user0_.last_name as last_nam7_0_0_, user0_.password as password8_0_0_, user0_.state as state9_0_0_, user0_.user_name as user_na10_0_0_, user0_.zipcode as zipcode11_0_0_ from users user0_ where user0_.id=? for update
[DEBUG] 2018-02-07 22:35:01.459 [main] QuerySpacesImpl - Adding QuerySpace : uid = <gen:0> -> org.hibernate.loader.plan.build.internal.spaces.EntityQuerySpaceImpl@1e8823d2]
[DEBUG] 2018-02-07 22:35:01.460 [main] MetamodelGraphWalker - Visiting attribute path : approved
[DEBUG] 2018-02-07 22:35:01.460 [main] MetamodelGraphWalker - Visiting attribute path : city
[DEBUG] 2018-02-07 22:35:01.460 [main] MetamodelGraphWalker - Visiting attribute path : email
[DEBUG] 2018-02-07 22:35:01.460 [main] MetamodelGraphWalker - Visiting attribute path : firstName
[DEBUG] 2018-02-07 22:35:01.460 [main] MetamodelGraphWalker - Visiting attribute path : joinDate
[DEBUG] 2018-02-07 22:35:01.460 [main] MetamodelGraphWalker - Visiting attribute path : lastName
[DEBUG] 2018-02-07 22:35:01.460 [main] MetamodelGraphWalker - Visiting attribute path : password
[DEBUG] 2018-02-07 22:35:01.460 [main] MetamodelGraphWalker - Visiting attribute path : state
[DEBUG] 2018-02-07 22:35:01.461 [main] MetamodelGraphWalker - Visiting attribute path : userName
[DEBUG] 2018-02-07 22:35:01.461 [main] MetamodelGraphWalker - Visiting attribute path : zipcode
[DEBUG] 2018-02-07 22:35:01.461 [main] FetchStyleLoadPlanBuildingAssociationVisitationStrategy - Building LoadPlan...
[DEBUG] 2018-02-07 22:35:01.462 [main] LoadQueryJoinAndFetchProcessor - processing queryspace <gen:0>
[DEBUG] 2018-02-07 22:35:01.463 [main] LoadPlanTreePrinter - LoadPlan(entity=entity.User)
    - Returns
       - EntityReturnImpl(entity=entity.User, querySpaceUid=<gen:0>, path=entity.User)
    - QuerySpaces
       - EntityQuerySpaceImpl(uid=<gen:0>, entity=entity.User)
          - SQL table alias mapping - user0_
          - alias suffix - 0_
          - suffixed key columns - {id1_0_0_}

[DEBUG] 2018-02-07 22:35:01.463 [main] EntityLoader - Static select for entity entity.User [UPGRADE_SKIPLOCKED]: select user0_.id as id1_0_0_, user0_.approved as approved2_0_0_, user0_.city as city3_0_0_, user0_.email as email4_0_0_, user0_.first_name as first_na5_0_0_, user0_.join_date as join_dat6_0_0_, user0_.last_name as last_nam7_0_0_, user0_.password as password8_0_0_, user0_.state as state9_0_0_, user0_.user_name as user_na10_0_0_, user0_.zipcode as zipcode11_0_0_ from users user0_ where user0_.id=? for update
[DEBUG] 2018-02-07 22:35:01.464 [main] QuerySpacesImpl - Adding QuerySpace : uid = <gen:0> -> org.hibernate.loader.plan.build.internal.spaces.EntityQuerySpaceImpl@76b0ae1b]
[DEBUG] 2018-02-07 22:35:01.464 [main] MetamodelGraphWalker - Visiting attribute path : approved
[DEBUG] 2018-02-07 22:35:01.464 [main] MetamodelGraphWalker - Visiting attribute path : city
[DEBUG] 2018-02-07 22:35:01.464 [main] MetamodelGraphWalker - Visiting attribute path : email
[DEBUG] 2018-02-07 22:35:01.464 [main] MetamodelGraphWalker - Visiting attribute path : firstName
[DEBUG] 2018-02-07 22:35:01.464 [main] MetamodelGraphWalker - Visiting attribute path : joinDate
[DEBUG] 2018-02-07 22:35:01.465 [main] MetamodelGraphWalker - Visiting attribute path : lastName
[DEBUG] 2018-02-07 22:35:01.465 [main] MetamodelGraphWalker - Visiting attribute path : password
[DEBUG] 2018-02-07 22:35:01.465 [main] MetamodelGraphWalker - Visiting attribute path : state
[DEBUG] 2018-02-07 22:35:01.465 [main] MetamodelGraphWalker - Visiting attribute path : userName
[DEBUG] 2018-02-07 22:35:01.465 [main] MetamodelGraphWalker - Visiting attribute path : zipcode
[DEBUG] 2018-02-07 22:35:01.465 [main] FetchStyleLoadPlanBuildingAssociationVisitationStrategy - Building LoadPlan...
[DEBUG] 2018-02-07 22:35:01.466 [main] LoadQueryJoinAndFetchProcessor - processing queryspace <gen:0>
[DEBUG] 2018-02-07 22:35:01.467 [main] LoadPlanTreePrinter - LoadPlan(entity=entity.User)
    - Returns
       - EntityReturnImpl(entity=entity.User, querySpaceUid=<gen:0>, path=entity.User)
    - QuerySpaces
       - EntityQuerySpaceImpl(uid=<gen:0>, entity=entity.User)
          - SQL table alias mapping - user0_
          - alias suffix - 0_
          - suffixed key columns - {id1_0_0_}

[DEBUG] 2018-02-07 22:35:01.468 [main] EntityLoader - Static select for entity entity.User [FORCE]: select user0_.id as id1_0_0_, user0_.approved as approved2_0_0_, user0_.city as city3_0_0_, user0_.email as email4_0_0_, user0_.first_name as first_na5_0_0_, user0_.join_date as join_dat6_0_0_, user0_.last_name as last_nam7_0_0_, user0_.password as password8_0_0_, user0_.state as state9_0_0_, user0_.user_name as user_na10_0_0_, user0_.zipcode as zipcode11_0_0_ from users user0_ where user0_.id=? for update
[DEBUG] 2018-02-07 22:35:01.468 [main] QuerySpacesImpl - Adding QuerySpace : uid = <gen:0> -> org.hibernate.loader.plan.build.internal.spaces.EntityQuerySpaceImpl@4c432866]
[DEBUG] 2018-02-07 22:35:01.468 [main] MetamodelGraphWalker - Visiting attribute path : approved
[DEBUG] 2018-02-07 22:35:01.469 [main] MetamodelGraphWalker - Visiting attribute path : city
[DEBUG] 2018-02-07 22:35:01.469 [main] MetamodelGraphWalker - Visiting attribute path : email
[DEBUG] 2018-02-07 22:35:01.469 [main] MetamodelGraphWalker - Visiting attribute path : firstName
[DEBUG] 2018-02-07 22:35:01.469 [main] MetamodelGraphWalker - Visiting attribute path : joinDate
[DEBUG] 2018-02-07 22:35:01.469 [main] MetamodelGraphWalker - Visiting attribute path : lastName
[DEBUG] 2018-02-07 22:35:01.469 [main] MetamodelGraphWalker - Visiting attribute path : password
[DEBUG] 2018-02-07 22:35:01.469 [main] MetamodelGraphWalker - Visiting attribute path : state
[DEBUG] 2018-02-07 22:35:01.469 [main] MetamodelGraphWalker - Visiting attribute path : userName
[DEBUG] 2018-02-07 22:35:01.469 [main] MetamodelGraphWalker - Visiting attribute path : zipcode
[DEBUG] 2018-02-07 22:35:01.470 [main] FetchStyleLoadPlanBuildingAssociationVisitationStrategy - Building LoadPlan...
[DEBUG] 2018-02-07 22:35:01.470 [main] LoadQueryJoinAndFetchProcessor - processing queryspace <gen:0>
[DEBUG] 2018-02-07 22:35:01.471 [main] LoadPlanTreePrinter - LoadPlan(entity=entity.User)
    - Returns
       - EntityReturnImpl(entity=entity.User, querySpaceUid=<gen:0>, path=entity.User)
    - QuerySpaces
       - EntityQuerySpaceImpl(uid=<gen:0>, entity=entity.User)
          - SQL table alias mapping - user0_
          - alias suffix - 0_
          - suffixed key columns - {id1_0_0_}

[DEBUG] 2018-02-07 22:35:01.472 [main] EntityLoader - Static select for entity entity.User [PESSIMISTIC_READ]: select user0_.id as id1_0_0_, user0_.approved as approved2_0_0_, user0_.city as city3_0_0_, user0_.email as email4_0_0_, user0_.first_name as first_na5_0_0_, user0_.join_date as join_dat6_0_0_, user0_.last_name as last_nam7_0_0_, user0_.password as password8_0_0_, user0_.state as state9_0_0_, user0_.user_name as user_na10_0_0_, user0_.zipcode as zipcode11_0_0_ from users user0_ where user0_.id=? lock in share mode
[DEBUG] 2018-02-07 22:35:01.472 [main] QuerySpacesImpl - Adding QuerySpace : uid = <gen:0> -> org.hibernate.loader.plan.build.internal.spaces.EntityQuerySpaceImpl@6105f8a3]
[DEBUG] 2018-02-07 22:35:01.472 [main] MetamodelGraphWalker - Visiting attribute path : approved
[DEBUG] 2018-02-07 22:35:01.472 [main] MetamodelGraphWalker - Visiting attribute path : city
[DEBUG] 2018-02-07 22:35:01.472 [main] MetamodelGraphWalker - Visiting attribute path : email
[DEBUG] 2018-02-07 22:35:01.473 [main] MetamodelGraphWalker - Visiting attribute path : firstName
[DEBUG] 2018-02-07 22:35:01.473 [main] MetamodelGraphWalker - Visiting attribute path : joinDate
[DEBUG] 2018-02-07 22:35:01.473 [main] MetamodelGraphWalker - Visiting attribute path : lastName
[DEBUG] 2018-02-07 22:35:01.473 [main] MetamodelGraphWalker - Visiting attribute path : password
[DEBUG] 2018-02-07 22:35:01.473 [main] MetamodelGraphWalker - Visiting attribute path : state
[DEBUG] 2018-02-07 22:35:01.474 [main] MetamodelGraphWalker - Visiting attribute path : userName
[DEBUG] 2018-02-07 22:35:01.474 [main] MetamodelGraphWalker - Visiting attribute path : zipcode
[DEBUG] 2018-02-07 22:35:01.474 [main] FetchStyleLoadPlanBuildingAssociationVisitationStrategy - Building LoadPlan...
[DEBUG] 2018-02-07 22:35:01.475 [main] LoadQueryJoinAndFetchProcessor - processing queryspace <gen:0>
[DEBUG] 2018-02-07 22:35:01.476 [main] LoadPlanTreePrinter - LoadPlan(entity=entity.User)
    - Returns
       - EntityReturnImpl(entity=entity.User, querySpaceUid=<gen:0>, path=entity.User)
    - QuerySpaces
       - EntityQuerySpaceImpl(uid=<gen:0>, entity=entity.User)
          - SQL table alias mapping - user0_
          - alias suffix - 0_
          - suffixed key columns - {id1_0_0_}

[DEBUG] 2018-02-07 22:35:01.476 [main] EntityLoader - Static select for entity entity.User [PESSIMISTIC_WRITE]: select user0_.id as id1_0_0_, user0_.approved as approved2_0_0_, user0_.city as city3_0_0_, user0_.email as email4_0_0_, user0_.first_name as first_na5_0_0_, user0_.join_date as join_dat6_0_0_, user0_.last_name as last_nam7_0_0_, user0_.password as password8_0_0_, user0_.state as state9_0_0_, user0_.user_name as user_na10_0_0_, user0_.zipcode as zipcode11_0_0_ from users user0_ where user0_.id=? for update
[DEBUG] 2018-02-07 22:35:01.477 [main] QuerySpacesImpl - Adding QuerySpace : uid = <gen:0> -> org.hibernate.loader.plan.build.internal.spaces.EntityQuerySpaceImpl@77e2a6e2]
[DEBUG] 2018-02-07 22:35:01.477 [main] MetamodelGraphWalker - Visiting attribute path : approved
[DEBUG] 2018-02-07 22:35:01.477 [main] MetamodelGraphWalker - Visiting attribute path : city
[DEBUG] 2018-02-07 22:35:01.478 [main] MetamodelGraphWalker - Visiting attribute path : email
[DEBUG] 2018-02-07 22:35:01.478 [main] MetamodelGraphWalker - Visiting attribute path : firstName
[DEBUG] 2018-02-07 22:35:01.478 [main] MetamodelGraphWalker - Visiting attribute path : joinDate
[DEBUG] 2018-02-07 22:35:01.478 [main] MetamodelGraphWalker - Visiting attribute path : lastName
[DEBUG] 2018-02-07 22:35:01.478 [main] MetamodelGraphWalker - Visiting attribute path : password
[DEBUG] 2018-02-07 22:35:01.478 [main] MetamodelGraphWalker - Visiting attribute path : state
[DEBUG] 2018-02-07 22:35:01.478 [main] MetamodelGraphWalker - Visiting attribute path : userName
[DEBUG] 2018-02-07 22:35:01.479 [main] MetamodelGraphWalker - Visiting attribute path : zipcode
[DEBUG] 2018-02-07 22:35:01.479 [main] FetchStyleLoadPlanBuildingAssociationVisitationStrategy - Building LoadPlan...
[DEBUG] 2018-02-07 22:35:01.480 [main] LoadQueryJoinAndFetchProcessor - processing queryspace <gen:0>
[DEBUG] 2018-02-07 22:35:01.481 [main] LoadPlanTreePrinter - LoadPlan(entity=entity.User)
    - Returns
       - EntityReturnImpl(entity=entity.User, querySpaceUid=<gen:0>, path=entity.User)
    - QuerySpaces
       - EntityQuerySpaceImpl(uid=<gen:0>, entity=entity.User)
          - SQL table alias mapping - user0_
          - alias suffix - 0_
          - suffixed key columns - {id1_0_0_}

[DEBUG] 2018-02-07 22:35:01.481 [main] EntityLoader - Static select for entity entity.User [PESSIMISTIC_FORCE_INCREMENT]: select user0_.id as id1_0_0_, user0_.approved as approved2_0_0_, user0_.city as city3_0_0_, user0_.email as email4_0_0_, user0_.first_name as first_na5_0_0_, user0_.join_date as join_dat6_0_0_, user0_.last_name as last_nam7_0_0_, user0_.password as password8_0_0_, user0_.state as state9_0_0_, user0_.user_name as user_na10_0_0_, user0_.zipcode as zipcode11_0_0_ from users user0_ where user0_.id=? for update
[DEBUG] 2018-02-07 22:35:01.482 [main] QuerySpacesImpl - Adding QuerySpace : uid = <gen:0> -> org.hibernate.loader.plan.build.internal.spaces.EntityQuerySpaceImpl@199e4c2b]
[DEBUG] 2018-02-07 22:35:01.482 [main] MetamodelGraphWalker - Visiting attribute path : approved
[DEBUG] 2018-02-07 22:35:01.482 [main] MetamodelGraphWalker - Visiting attribute path : city
[DEBUG] 2018-02-07 22:35:01.482 [main] MetamodelGraphWalker - Visiting attribute path : email
[DEBUG] 2018-02-07 22:35:01.483 [main] MetamodelGraphWalker - Visiting attribute path : firstName
[DEBUG] 2018-02-07 22:35:01.483 [main] MetamodelGraphWalker - Visiting attribute path : joinDate
[DEBUG] 2018-02-07 22:35:01.483 [main] MetamodelGraphWalker - Visiting attribute path : lastName
[DEBUG] 2018-02-07 22:35:01.483 [main] MetamodelGraphWalker - Visiting attribute path : password
[DEBUG] 2018-02-07 22:35:01.483 [main] MetamodelGraphWalker - Visiting attribute path : state
[DEBUG] 2018-02-07 22:35:01.483 [main] MetamodelGraphWalker - Visiting attribute path : userName
[DEBUG] 2018-02-07 22:35:01.483 [main] MetamodelGraphWalker - Visiting attribute path : zipcode
[DEBUG] 2018-02-07 22:35:01.484 [main] FetchStyleLoadPlanBuildingAssociationVisitationStrategy - Building LoadPlan...
[DEBUG] 2018-02-07 22:35:01.485 [main] LoadQueryJoinAndFetchProcessor - processing queryspace <gen:0>
[DEBUG] 2018-02-07 22:35:01.486 [main] LoadPlanTreePrinter - LoadPlan(entity=entity.User)
    - Returns
       - EntityReturnImpl(entity=entity.User, querySpaceUid=<gen:0>, path=entity.User)
    - QuerySpaces
       - EntityQuerySpaceImpl(uid=<gen:0>, entity=entity.User)
          - SQL table alias mapping - user0_
          - alias suffix - 0_
          - suffixed key columns - {id1_0_0_}

[DEBUG] 2018-02-07 22:35:01.487 [main] EntityLoader - Static select for entity entity.User [OPTIMISTIC]: select user0_.id as id1_0_0_, user0_.approved as approved2_0_0_, user0_.city as city3_0_0_, user0_.email as email4_0_0_, user0_.first_name as first_na5_0_0_, user0_.join_date as join_dat6_0_0_, user0_.last_name as last_nam7_0_0_, user0_.password as password8_0_0_, user0_.state as state9_0_0_, user0_.user_name as user_na10_0_0_, user0_.zipcode as zipcode11_0_0_ from users user0_ where user0_.id=?
[DEBUG] 2018-02-07 22:35:01.487 [main] QuerySpacesImpl - Adding QuerySpace : uid = <gen:0> -> org.hibernate.loader.plan.build.internal.spaces.EntityQuerySpaceImpl@64d7b720]
[DEBUG] 2018-02-07 22:35:01.488 [main] MetamodelGraphWalker - Visiting attribute path : approved
[DEBUG] 2018-02-07 22:35:01.488 [main] MetamodelGraphWalker - Visiting attribute path : city
[DEBUG] 2018-02-07 22:35:01.488 [main] MetamodelGraphWalker - Visiting attribute path : email
[DEBUG] 2018-02-07 22:35:01.488 [main] MetamodelGraphWalker - Visiting attribute path : firstName
[DEBUG] 2018-02-07 22:35:01.488 [main] MetamodelGraphWalker - Visiting attribute path : joinDate
[DEBUG] 2018-02-07 22:35:01.488 [main] MetamodelGraphWalker - Visiting attribute path : lastName
[DEBUG] 2018-02-07 22:35:01.488 [main] MetamodelGraphWalker - Visiting attribute path : password
[DEBUG] 2018-02-07 22:35:01.488 [main] MetamodelGraphWalker - Visiting attribute path : state
[DEBUG] 2018-02-07 22:35:01.488 [main] MetamodelGraphWalker - Visiting attribute path : userName
[DEBUG] 2018-02-07 22:35:01.489 [main] MetamodelGraphWalker - Visiting attribute path : zipcode
[DEBUG] 2018-02-07 22:35:01.489 [main] FetchStyleLoadPlanBuildingAssociationVisitationStrategy - Building LoadPlan...
[DEBUG] 2018-02-07 22:35:01.490 [main] LoadQueryJoinAndFetchProcessor - processing queryspace <gen:0>
[DEBUG] 2018-02-07 22:35:01.491 [main] LoadPlanTreePrinter - LoadPlan(entity=entity.User)
    - Returns
       - EntityReturnImpl(entity=entity.User, querySpaceUid=<gen:0>, path=entity.User)
    - QuerySpaces
       - EntityQuerySpaceImpl(uid=<gen:0>, entity=entity.User)
          - SQL table alias mapping - user0_
          - alias suffix - 0_
          - suffixed key columns - {id1_0_0_}

[DEBUG] 2018-02-07 22:35:01.491 [main] EntityLoader - Static select for entity entity.User [OPTIMISTIC_FORCE_INCREMENT]: select user0_.id as id1_0_0_, user0_.approved as approved2_0_0_, user0_.city as city3_0_0_, user0_.email as email4_0_0_, user0_.first_name as first_na5_0_0_, user0_.join_date as join_dat6_0_0_, user0_.last_name as last_nam7_0_0_, user0_.password as password8_0_0_, user0_.state as state9_0_0_, user0_.user_name as user_na10_0_0_, user0_.zipcode as zipcode11_0_0_ from users user0_ where user0_.id=?
[DEBUG] 2018-02-07 22:35:01.531 [main] Loader - Static select for action ACTION_MERGE on entity entity.User: select user0_.id as id1_0_0_, user0_.approved as approved2_0_0_, user0_.city as city3_0_0_, user0_.email as email4_0_0_, user0_.first_name as first_na5_0_0_, user0_.join_date as join_dat6_0_0_, user0_.last_name as last_nam7_0_0_, user0_.password as password8_0_0_, user0_.state as state9_0_0_, user0_.user_name as user_na10_0_0_, user0_.zipcode as zipcode11_0_0_ from users user0_ where user0_.id=?
[DEBUG] 2018-02-07 22:35:01.532 [main] Loader - Static select for action ACTION_REFRESH on entity entity.User: select user0_.id as id1_0_0_, user0_.approved as approved2_0_0_, user0_.city as city3_0_0_, user0_.email as email4_0_0_, user0_.first_name as first_na5_0_0_, user0_.join_date as join_dat6_0_0_, user0_.last_name as last_nam7_0_0_, user0_.password as password8_0_0_, user0_.state as state9_0_0_, user0_.user_name as user_na10_0_0_, user0_.zipcode as zipcode11_0_0_ from users user0_ where user0_.id=?
[DEBUG] 2018-02-07 22:35:01.591 [main] SchemaManagementToolCoordinator - No actions specified; doing nothing
[DEBUG] 2018-02-07 22:35:01.591 [main] JtaPlatformInitiator - No JtaPlatform was specified, checking resolver
[DEBUG] 2018-02-07 22:35:01.593 [main] JtaPlatformResolverInitiator - No JtaPlatformResolver was specified, using default [org.hibernate.engine.transaction.jta.platform.internal.StandardJtaPlatformResolver]
[DEBUG] 2018-02-07 22:35:01.603 [main] StandardJtaPlatformResolver - Could not resolve JtaPlatform, using default [org.hibernate.engine.transaction.jta.platform.internal.NoJtaPlatform]
[DEBUG] 2018-02-07 22:35:01.607 [main] NamedQueryRepository - Checking 0 named HQL queries
[DEBUG] 2018-02-07 22:35:01.607 [main] NamedQueryRepository - Checking 0 named SQL queries
[DEBUG] 2018-02-07 22:35:01.611 [main] SessionFactoryRegistry - Initializing SessionFactoryRegistry : org.hibernate.internal.SessionFactoryRegistry@3af9aa66
[DEBUG] 2018-02-07 22:35:01.616 [main] SessionFactoryRegistry - Registering SessionFactory: f5fa0644-f81b-4286-945c-1a2bbdf865b3 (<unnamed>)
[DEBUG] 2018-02-07 22:35:01.617 [main] SessionFactoryRegistry - Not binding SessionFactory to JNDI, no JNDI name configured
[DEBUG] 2018-02-07 22:35:01.903 [main] StatisticsInitiator - Statistics initialized [enabled=false]
[DEBUG] 2018-02-07 22:35:01.921 [main] TransactionImpl - begin
[DEBUG] 2018-02-07 22:35:01.959 [main] ActionQueue - Executing identity-insert immediately
[DEBUG] 2018-02-07 22:35:01.987 [main] SQL - insert into users (approved, city, email, first_name, join_date, last_name, password, state, user_name, zipcode) values (?, ?, ?, ?, ?, ?, ?, ?, ?, ?)
[DEBUG] 2018-02-07 22:35:02.050 [main] IdentifierGeneratorHelper - Natively generated identity: 8
[DEBUG] 2018-02-07 22:35:02.052 [main] ResourceRegistryStandardImpl - HHH000387: ResultSet's statement was not registered
[DEBUG] 2018-02-07 22:35:02.059 [main] TransactionImpl - committing
[DEBUG] 2018-02-07 22:35:02.061 [main] AbstractFlushingEventListener - Processing flush-time cascades
[DEBUG] 2018-02-07 22:35:02.063 [main] AbstractFlushingEventListener - Dirty checking collections
[DEBUG] 2018-02-07 22:35:02.069 [main] AbstractFlushingEventListener - Flushed: 0 insertions, 0 updates, 0 deletions to 1 objects
[DEBUG] 2018-02-07 22:35:02.070 [main] AbstractFlushingEventListener - Flushed: 0 (re)creations, 0 updates, 0 removals to 0 collections
[DEBUG] 2018-02-07 22:35:02.072 [main] EntityPrinter - Listing entities:
[DEBUG] 2018-02-07 22:35:02.073 [main] EntityPrinter - entity.User{zipcode=53704, firstName=Fred, lastName=Flintstone, approved=0, password=supersecure, joinDate=1968-01-01, city=Madison, id=8, state=Wisconsin, userName=fflintstone, email=ff@madison.com}
[DEBUG] 2018-02-07 22:35:02.124 [main] LogicalConnectionManagedImpl - Initiating JDBC connection release from afterTransaction
[DEBUG] 2018-02-07 22:35:02.125 [main] LogicalConnectionManagedImpl - Initiating JDBC connection release from afterTransaction
[DEBUG] 2018-02-07 22:35:02.153 [main] SQL - select user0_.id as id1_0_0_, user0_.approved as approved2_0_0_, user0_.city as city3_0_0_, user0_.email as email4_0_0_, user0_.first_name as first_na5_0_0_, user0_.join_date as join_dat6_0_0_, user0_.last_name as last_nam7_0_0_, user0_.password as password8_0_0_, user0_.state as state9_0_0_, user0_.user_name as user_na10_0_0_, user0_.zipcode as zipcode11_0_0_ from users user0_ where user0_.id=?
[DEBUG] 2018-02-07 22:35:02.164 [main] ResultSetProcessorImpl - Starting ResultSet row #0
[DEBUG] 2018-02-07 22:35:02.166 [main] EntityReferenceInitializerImpl - On call to EntityIdentifierReaderImpl#resolve, EntityKey was already known; should only happen on root returns with an optional identifier specified
[DEBUG] 2018-02-07 22:35:02.181 [main] TwoPhaseLoad - Resolving associations for [entity.User#8]
[DEBUG] 2018-02-07 22:35:02.182 [main] TwoPhaseLoad - Done materializing entity [entity.User#8]
[DEBUG] 2018-02-07 22:35:02.182 [main] ResourceRegistryStandardImpl - HHH000387: ResultSet's statement was not registered
[DEBUG] 2018-02-07 22:35:02.183 [main] AbstractLoadPlanBasedEntityLoader - Done entity load : entity.User#8
[DEBUG] 2018-02-07 22:35:02.183 [main] LogicalConnectionManagedImpl - Initiating JDBC connection release from afterTransaction
