[DEBUG] 2018-02-11 22:01:04.654 [main] IntegratorServiceImpl - Adding Integrator [org.hibernate.cfg.beanvalidation.BeanValidationIntegrator].
[DEBUG] 2018-02-11 22:01:04.715 [main] IntegratorServiceImpl - Adding Integrator [org.hibernate.secure.spi.JaccIntegrator].
[DEBUG] 2018-02-11 22:01:04.775 [main] IntegratorServiceImpl - Adding Integrator [org.hibernate.cache.internal.CollectionCacheInvalidator].
[INFO ] 2018-02-11 22:01:05.373 [main] Version - HHH000412: Hibernate Core {5.2.12.Final}
[INFO ] 2018-02-11 22:01:05.383 [main] Environment - HHH000206: hibernate.properties not found
[DEBUG] 2018-02-11 22:01:05.691 [main] LocalXmlResourceResolver - Interpreting public/system identifier : [-//Hibernate/Hibernate Configuration DTD//EN] - [http://www.hibernate.org/dtd/hibernate-configuration-3.0.dtd]
[DEBUG] 2018-02-11 22:01:05.694 [main] LocalXmlResourceResolver - Recognized hibernate-configuration identifier; attempting to resolve on classpath under org/hibernate/
[DEBUG] 2018-02-11 22:01:05.739 [main] JaxbCfgProcessor - cfg.xml document did not define namespaces; wrapping in custom event reader to introduce namespace information
[DEBUG] 2018-02-11 22:01:06.708 [main] ServiceBinding - Overriding existing service binding [org.hibernate.secure.spi.JaccService]
[DEBUG] 2018-02-11 22:01:06.808 [main] RegionFactoryInitiator - Cache region factory : org.hibernate.cache.internal.NoCachingRegionFactory
[INFO ] 2018-02-11 22:01:06.951 [main] Version - HCANN000001: Hibernate Commons Annotations {5.0.1.Final}
[DEBUG] 2018-02-11 22:01:07.090 [main] BasicTypeRegistry - Adding type registration boolean -> org.hibernate.type.BooleanType@7139992f
[DEBUG] 2018-02-11 22:01:07.091 [main] BasicTypeRegistry - Adding type registration boolean -> org.hibernate.type.BooleanType@7139992f
[DEBUG] 2018-02-11 22:01:07.092 [main] BasicTypeRegistry - Adding type registration java.lang.Boolean -> org.hibernate.type.BooleanType@7139992f
[DEBUG] 2018-02-11 22:01:07.096 [main] BasicTypeRegistry - Adding type registration numeric_boolean -> org.hibernate.type.NumericBooleanType@7eecb5b8
[DEBUG] 2018-02-11 22:01:07.101 [main] BasicTypeRegistry - Adding type registration true_false -> org.hibernate.type.TrueFalseType@71687585
[DEBUG] 2018-02-11 22:01:07.103 [main] BasicTypeRegistry - Adding type registration yes_no -> org.hibernate.type.YesNoType@7fb4f2a9
[DEBUG] 2018-02-11 22:01:07.107 [main] BasicTypeRegistry - Adding type registration byte -> org.hibernate.type.ByteType@7d3e8655
[DEBUG] 2018-02-11 22:01:07.108 [main] BasicTypeRegistry - Adding type registration byte -> org.hibernate.type.ByteType@7d3e8655
[DEBUG] 2018-02-11 22:01:07.108 [main] BasicTypeRegistry - Adding type registration java.lang.Byte -> org.hibernate.type.ByteType@7d3e8655
[DEBUG] 2018-02-11 22:01:07.111 [main] BasicTypeRegistry - Adding type registration character -> org.hibernate.type.CharacterType@3aa078fd
[DEBUG] 2018-02-11 22:01:07.112 [main] BasicTypeRegistry - Adding type registration char -> org.hibernate.type.CharacterType@3aa078fd
[DEBUG] 2018-02-11 22:01:07.112 [main] BasicTypeRegistry - Adding type registration java.lang.Character -> org.hibernate.type.CharacterType@3aa078fd
[DEBUG] 2018-02-11 22:01:07.117 [main] BasicTypeRegistry - Adding type registration short -> org.hibernate.type.ShortType@5dafbe45
[DEBUG] 2018-02-11 22:01:07.117 [main] BasicTypeRegistry - Adding type registration short -> org.hibernate.type.ShortType@5dafbe45
[DEBUG] 2018-02-11 22:01:07.118 [main] BasicTypeRegistry - Adding type registration java.lang.Short -> org.hibernate.type.ShortType@5dafbe45
[DEBUG] 2018-02-11 22:01:07.121 [main] BasicTypeRegistry - Adding type registration integer -> org.hibernate.type.IntegerType@d2de489
[DEBUG] 2018-02-11 22:01:07.121 [main] BasicTypeRegistry - Adding type registration int -> org.hibernate.type.IntegerType@d2de489
[DEBUG] 2018-02-11 22:01:07.121 [main] BasicTypeRegistry - Adding type registration java.lang.Integer -> org.hibernate.type.IntegerType@d2de489
[DEBUG] 2018-02-11 22:01:07.126 [main] BasicTypeRegistry - Adding type registration long -> org.hibernate.type.LongType@3e0e1046
[DEBUG] 2018-02-11 22:01:07.126 [main] BasicTypeRegistry - Adding type registration long -> org.hibernate.type.LongType@3e0e1046
[DEBUG] 2018-02-11 22:01:07.126 [main] BasicTypeRegistry - Adding type registration java.lang.Long -> org.hibernate.type.LongType@3e0e1046
[DEBUG] 2018-02-11 22:01:07.131 [main] BasicTypeRegistry - Adding type registration float -> org.hibernate.type.FloatType@23941fb4
[DEBUG] 2018-02-11 22:01:07.131 [main] BasicTypeRegistry - Adding type registration float -> org.hibernate.type.FloatType@23941fb4
[DEBUG] 2018-02-11 22:01:07.132 [main] BasicTypeRegistry - Adding type registration java.lang.Float -> org.hibernate.type.FloatType@23941fb4
[DEBUG] 2018-02-11 22:01:07.135 [main] BasicTypeRegistry - Adding type registration double -> org.hibernate.type.DoubleType@45385f75
[DEBUG] 2018-02-11 22:01:07.136 [main] BasicTypeRegistry - Adding type registration double -> org.hibernate.type.DoubleType@45385f75
[DEBUG] 2018-02-11 22:01:07.136 [main] BasicTypeRegistry - Adding type registration java.lang.Double -> org.hibernate.type.DoubleType@45385f75
[DEBUG] 2018-02-11 22:01:07.139 [main] BasicTypeRegistry - Adding type registration big_decimal -> org.hibernate.type.BigDecimalType@700fb871
[DEBUG] 2018-02-11 22:01:07.140 [main] BasicTypeRegistry - Adding type registration java.math.BigDecimal -> org.hibernate.type.BigDecimalType@700fb871
[DEBUG] 2018-02-11 22:01:07.145 [main] BasicTypeRegistry - Adding type registration big_integer -> org.hibernate.type.BigIntegerType@565f390
[DEBUG] 2018-02-11 22:01:07.146 [main] BasicTypeRegistry - Adding type registration java.math.BigInteger -> org.hibernate.type.BigIntegerType@565f390
[DEBUG] 2018-02-11 22:01:07.149 [main] BasicTypeRegistry - Adding type registration string -> org.hibernate.type.StringType@49b2a47d
[DEBUG] 2018-02-11 22:01:07.149 [main] BasicTypeRegistry - Adding type registration java.lang.String -> org.hibernate.type.StringType@49b2a47d
[DEBUG] 2018-02-11 22:01:07.151 [main] BasicTypeRegistry - Adding type registration nstring -> org.hibernate.type.StringNVarcharType@642a7222
[DEBUG] 2018-02-11 22:01:07.164 [main] BasicTypeRegistry - Adding type registration ncharacter -> org.hibernate.type.CharacterNCharType@147e2ae7
[DEBUG] 2018-02-11 22:01:07.168 [main] BasicTypeRegistry - Adding type registration url -> org.hibernate.type.UrlType@503f91c3
[DEBUG] 2018-02-11 22:01:07.168 [main] BasicTypeRegistry - Adding type registration java.net.URL -> org.hibernate.type.UrlType@503f91c3
[DEBUG] 2018-02-11 22:01:07.172 [main] BasicTypeRegistry - Adding type registration Duration -> org.hibernate.type.DurationType@3b6d844d
[DEBUG] 2018-02-11 22:01:07.173 [main] BasicTypeRegistry - Adding type registration java.time.Duration -> org.hibernate.type.DurationType@3b6d844d
[DEBUG] 2018-02-11 22:01:07.222 [main] BasicTypeRegistry - Adding type registration Instant -> org.hibernate.type.InstantType@5038d0b5
[DEBUG] 2018-02-11 22:01:07.223 [main] BasicTypeRegistry - Adding type registration java.time.Instant -> org.hibernate.type.InstantType@5038d0b5
[DEBUG] 2018-02-11 22:01:07.226 [main] BasicTypeRegistry - Adding type registration LocalDateTime -> org.hibernate.type.LocalDateTimeType@45efd90f
[DEBUG] 2018-02-11 22:01:07.226 [main] BasicTypeRegistry - Adding type registration java.time.LocalDateTime -> org.hibernate.type.LocalDateTimeType@45efd90f
[DEBUG] 2018-02-11 22:01:07.230 [main] BasicTypeRegistry - Adding type registration LocalDate -> org.hibernate.type.LocalDateType@7d7758be
[DEBUG] 2018-02-11 22:01:07.230 [main] BasicTypeRegistry - Adding type registration java.time.LocalDate -> org.hibernate.type.LocalDateType@7d7758be
[DEBUG] 2018-02-11 22:01:07.233 [main] BasicTypeRegistry - Adding type registration LocalTime -> org.hibernate.type.LocalTimeType@a8ef162
[DEBUG] 2018-02-11 22:01:07.234 [main] BasicTypeRegistry - Adding type registration java.time.LocalTime -> org.hibernate.type.LocalTimeType@a8ef162
[DEBUG] 2018-02-11 22:01:07.237 [main] BasicTypeRegistry - Adding type registration OffsetDateTime -> org.hibernate.type.OffsetDateTimeType@78fa769e
[DEBUG] 2018-02-11 22:01:07.237 [main] BasicTypeRegistry - Adding type registration java.time.OffsetDateTime -> org.hibernate.type.OffsetDateTimeType@78fa769e
[DEBUG] 2018-02-11 22:01:07.240 [main] BasicTypeRegistry - Adding type registration OffsetTime -> org.hibernate.type.OffsetTimeType@18317edc
[DEBUG] 2018-02-11 22:01:07.240 [main] BasicTypeRegistry - Adding type registration java.time.OffsetTime -> org.hibernate.type.OffsetTimeType@18317edc
[DEBUG] 2018-02-11 22:01:07.246 [main] BasicTypeRegistry - Adding type registration ZonedDateTime -> org.hibernate.type.ZonedDateTimeType@3e62d773
[DEBUG] 2018-02-11 22:01:07.247 [main] BasicTypeRegistry - Adding type registration java.time.ZonedDateTime -> org.hibernate.type.ZonedDateTimeType@3e62d773
[DEBUG] 2018-02-11 22:01:07.258 [main] BasicTypeRegistry - Adding type registration date -> org.hibernate.type.DateType@47c81abf
[DEBUG] 2018-02-11 22:01:07.259 [main] BasicTypeRegistry - Adding type registration java.sql.Date -> org.hibernate.type.DateType@47c81abf
[DEBUG] 2018-02-11 22:01:07.263 [main] BasicTypeRegistry - Adding type registration time -> org.hibernate.type.TimeType@3cce57c7
[DEBUG] 2018-02-11 22:01:07.263 [main] BasicTypeRegistry - Adding type registration java.sql.Time -> org.hibernate.type.TimeType@3cce57c7
[DEBUG] 2018-02-11 22:01:07.267 [main] BasicTypeRegistry - Adding type registration timestamp -> org.hibernate.type.TimestampType@3576ddc2
[DEBUG] 2018-02-11 22:01:07.268 [main] BasicTypeRegistry - Adding type registration java.sql.Timestamp -> org.hibernate.type.TimestampType@3576ddc2
[DEBUG] 2018-02-11 22:01:07.268 [main] BasicTypeRegistry - Adding type registration java.util.Date -> org.hibernate.type.TimestampType@3576ddc2
[DEBUG] 2018-02-11 22:01:07.282 [main] BasicTypeRegistry - Adding type registration dbtimestamp -> org.hibernate.type.DbTimestampType@b86de0d
[DEBUG] 2018-02-11 22:01:07.286 [main] BasicTypeRegistry - Adding type registration calendar -> org.hibernate.type.CalendarType@4808bc9b
[DEBUG] 2018-02-11 22:01:07.286 [main] BasicTypeRegistry - Adding type registration java.util.Calendar -> org.hibernate.type.CalendarType@4808bc9b
[DEBUG] 2018-02-11 22:01:07.286 [main] BasicTypeRegistry - Adding type registration java.util.GregorianCalendar -> org.hibernate.type.CalendarType@4808bc9b
[DEBUG] 2018-02-11 22:01:07.288 [main] BasicTypeRegistry - Adding type registration calendar_date -> org.hibernate.type.CalendarDateType@13df2a8c
[DEBUG] 2018-02-11 22:01:07.291 [main] BasicTypeRegistry - Adding type registration locale -> org.hibernate.type.LocaleType@163370c2
[DEBUG] 2018-02-11 22:01:07.291 [main] BasicTypeRegistry - Adding type registration java.util.Locale -> org.hibernate.type.LocaleType@163370c2
[DEBUG] 2018-02-11 22:01:07.294 [main] BasicTypeRegistry - Adding type registration currency -> org.hibernate.type.CurrencyType@13d9cbf5
[DEBUG] 2018-02-11 22:01:07.294 [main] BasicTypeRegistry - Adding type registration java.util.Currency -> org.hibernate.type.CurrencyType@13d9cbf5
[DEBUG] 2018-02-11 22:01:07.297 [main] BasicTypeRegistry - Adding type registration timezone -> org.hibernate.type.TimeZoneType@7b50df34
[DEBUG] 2018-02-11 22:01:07.297 [main] BasicTypeRegistry - Adding type registration java.util.TimeZone -> org.hibernate.type.TimeZoneType@7b50df34
[DEBUG] 2018-02-11 22:01:07.299 [main] BasicTypeRegistry - Adding type registration class -> org.hibernate.type.ClassType@77659b30
[DEBUG] 2018-02-11 22:01:07.300 [main] BasicTypeRegistry - Adding type registration java.lang.Class -> org.hibernate.type.ClassType@77659b30
[DEBUG] 2018-02-11 22:01:07.303 [main] BasicTypeRegistry - Adding type registration uuid-binary -> org.hibernate.type.UUIDBinaryType@e25951c
[DEBUG] 2018-02-11 22:01:07.303 [main] BasicTypeRegistry - Adding type registration java.util.UUID -> org.hibernate.type.UUIDBinaryType@e25951c
[DEBUG] 2018-02-11 22:01:07.305 [main] BasicTypeRegistry - Adding type registration uuid-char -> org.hibernate.type.UUIDCharType@dc9876b
[DEBUG] 2018-02-11 22:01:07.308 [main] BasicTypeRegistry - Adding type registration binary -> org.hibernate.type.BinaryType@57a3e26a
[DEBUG] 2018-02-11 22:01:07.308 [main] BasicTypeRegistry - Adding type registration byte[] -> org.hibernate.type.BinaryType@57a3e26a
[DEBUG] 2018-02-11 22:01:07.308 [main] BasicTypeRegistry - Adding type registration [B -> org.hibernate.type.BinaryType@57a3e26a
[DEBUG] 2018-02-11 22:01:07.311 [main] BasicTypeRegistry - Adding type registration wrapper-binary -> org.hibernate.type.WrapperBinaryType@3b5fad2d
[DEBUG] 2018-02-11 22:01:07.311 [main] BasicTypeRegistry - Adding type registration Byte[] -> org.hibernate.type.WrapperBinaryType@3b5fad2d
[DEBUG] 2018-02-11 22:01:07.311 [main] BasicTypeRegistry - Adding type registration [Ljava.lang.Byte; -> org.hibernate.type.WrapperBinaryType@3b5fad2d
[DEBUG] 2018-02-11 22:01:07.314 [main] BasicTypeRegistry - Adding type registration row_version -> org.hibernate.type.RowVersionType@74f6c5d8
[DEBUG] 2018-02-11 22:01:07.317 [main] BasicTypeRegistry - Adding type registration image -> org.hibernate.type.ImageType@4bbf6d0e
[DEBUG] 2018-02-11 22:01:07.320 [main] BasicTypeRegistry - Adding type registration characters -> org.hibernate.type.CharArrayType@13bc8645
[DEBUG] 2018-02-11 22:01:07.321 [main] BasicTypeRegistry - Adding type registration char[] -> org.hibernate.type.CharArrayType@13bc8645
[DEBUG] 2018-02-11 22:01:07.321 [main] BasicTypeRegistry - Adding type registration [C -> org.hibernate.type.CharArrayType@13bc8645
[DEBUG] 2018-02-11 22:01:07.324 [main] BasicTypeRegistry - Adding type registration wrapper-characters -> org.hibernate.type.CharacterArrayType@1890516e
[DEBUG] 2018-02-11 22:01:07.324 [main] BasicTypeRegistry - Adding type registration [Ljava.lang.Character; -> org.hibernate.type.CharacterArrayType@1890516e
[DEBUG] 2018-02-11 22:01:07.324 [main] BasicTypeRegistry - Adding type registration Character[] -> org.hibernate.type.CharacterArrayType@1890516e
[DEBUG] 2018-02-11 22:01:07.327 [main] BasicTypeRegistry - Adding type registration text -> org.hibernate.type.TextType@26adfd2d
[DEBUG] 2018-02-11 22:01:07.329 [main] BasicTypeRegistry - Adding type registration ntext -> org.hibernate.type.NTextType@6dd7b5a3
[DEBUG] 2018-02-11 22:01:07.345 [main] BasicTypeRegistry - Adding type registration blob -> org.hibernate.type.BlobType@7f284218
[DEBUG] 2018-02-11 22:01:07.345 [main] BasicTypeRegistry - Adding type registration java.sql.Blob -> org.hibernate.type.BlobType@7f284218
[DEBUG] 2018-02-11 22:01:07.356 [main] BasicTypeRegistry - Adding type registration materialized_blob -> org.hibernate.type.MaterializedBlobType@2a7ed1f
[DEBUG] 2018-02-11 22:01:07.392 [main] BasicTypeRegistry - Adding type registration clob -> org.hibernate.type.ClobType@42b3b079
[DEBUG] 2018-02-11 22:01:07.393 [main] BasicTypeRegistry - Adding type registration java.sql.Clob -> org.hibernate.type.ClobType@42b3b079
[DEBUG] 2018-02-11 22:01:07.486 [main] BasicTypeRegistry - Adding type registration nclob -> org.hibernate.type.NClobType@20d7d6fb
[DEBUG] 2018-02-11 22:01:07.487 [main] BasicTypeRegistry - Adding type registration java.sql.NClob -> org.hibernate.type.NClobType@20d7d6fb
[DEBUG] 2018-02-11 22:01:07.488 [main] BasicTypeRegistry - Adding type registration materialized_clob -> org.hibernate.type.MaterializedClobType@479cbee5
[DEBUG] 2018-02-11 22:01:07.489 [main] BasicTypeRegistry - Adding type registration materialized_nclob -> org.hibernate.type.MaterializedNClobType@7f8a9499
[DEBUG] 2018-02-11 22:01:07.492 [main] BasicTypeRegistry - Adding type registration serializable -> org.hibernate.type.SerializableType@62833051
[DEBUG] 2018-02-11 22:01:07.508 [main] BasicTypeRegistry - Adding type registration object -> org.hibernate.type.ObjectType@7fc4780b
[DEBUG] 2018-02-11 22:01:07.508 [main] BasicTypeRegistry - Adding type registration java.lang.Object -> org.hibernate.type.ObjectType@7fc4780b
[DEBUG] 2018-02-11 22:01:07.510 [main] BasicTypeRegistry - Adding type registration imm_date -> org.hibernate.type.AdaptedImmutableType@43599640
[DEBUG] 2018-02-11 22:01:07.510 [main] BasicTypeRegistry - Adding type registration imm_time -> org.hibernate.type.AdaptedImmutableType@1f81aa00
[DEBUG] 2018-02-11 22:01:07.510 [main] BasicTypeRegistry - Adding type registration imm_timestamp -> org.hibernate.type.AdaptedImmutableType@6b6776cb
[DEBUG] 2018-02-11 22:01:07.511 [main] BasicTypeRegistry - Adding type registration imm_dbtimestamp -> org.hibernate.type.AdaptedImmutableType@1863d2fe
[DEBUG] 2018-02-11 22:01:07.511 [main] BasicTypeRegistry - Adding type registration imm_calendar -> org.hibernate.type.AdaptedImmutableType@1787bc24
[DEBUG] 2018-02-11 22:01:07.511 [main] BasicTypeRegistry - Adding type registration imm_calendar_date -> org.hibernate.type.AdaptedImmutableType@544d57e
[DEBUG] 2018-02-11 22:01:07.511 [main] BasicTypeRegistry - Adding type registration imm_binary -> org.hibernate.type.AdaptedImmutableType@55c53a33
[DEBUG] 2018-02-11 22:01:07.512 [main] BasicTypeRegistry - Adding type registration imm_serializable -> org.hibernate.type.AdaptedImmutableType@53b7f657
[INFO ] 2018-02-11 22:01:07.536 [main] C3P0ConnectionProvider - HHH010002: C3P0 using driver: com.mysql.jdbc.Driver at URL: jdbc:mysql://localhost:3306/test_used_computers
[INFO ] 2018-02-11 22:01:07.536 [main] C3P0ConnectionProvider - HHH10001001: Connection properties: {user=root, password=****}
[INFO ] 2018-02-11 22:01:07.537 [main] C3P0ConnectionProvider - HHH10001003: Autocommit mode: false
[INFO ] 2018-02-11 22:01:08.131 [main] C3P0ConnectionProvider - HHH10001007: JDBC isolation level: <unknown>
[DEBUG] 2018-02-11 22:01:09.368 [main] JdbcEnvironmentInitiator - Database ->
       name : MySQL
    version : 5.7.21-0ubuntu0.16.04.1
      major : 5
      minor : 7
[DEBUG] 2018-02-11 22:01:09.369 [main] JdbcEnvironmentInitiator - Driver ->
       name : MySQL Connector Java
    version : mysql-connector-java-5.1.39 ( Revision: 3289a357af6d09ecc1a10fd3c26e95183e5790ad )
      major : 5
      minor : 1
[DEBUG] 2018-02-11 22:01:09.370 [main] JdbcEnvironmentInitiator - JDBC version : 4.0
[INFO ] 2018-02-11 22:01:09.437 [main] Dialect - HHH000400: Using dialect: org.hibernate.dialect.MySQL5Dialect
[DEBUG] 2018-02-11 22:01:09.538 [main] IdentifierHelperBuilder - JDBC driver metadata reported database stores quoted identifiers in more than one case
[DEBUG] 2018-02-11 22:01:09.542 [main] IdentifierHelperBuilder - IdentifierCaseStrategy for both quoted and unquoted identifiers was set to the same strategy [MIXED]; that will likely lead to problems in schema update and validation if using quoted identifiers
[DEBUG] 2018-02-11 22:01:09.695 [main] DefaultIdentifierGeneratorFactory - Registering IdentifierGenerator strategy [uuid2] -> [org.hibernate.id.UUIDGenerator]
[DEBUG] 2018-02-11 22:01:09.697 [main] DefaultIdentifierGeneratorFactory - Registering IdentifierGenerator strategy [guid] -> [org.hibernate.id.GUIDGenerator]
[DEBUG] 2018-02-11 22:01:09.700 [main] DefaultIdentifierGeneratorFactory - Registering IdentifierGenerator strategy [uuid] -> [org.hibernate.id.UUIDHexGenerator]
[DEBUG] 2018-02-11 22:01:09.701 [main] DefaultIdentifierGeneratorFactory - Registering IdentifierGenerator strategy [uuid.hex] -> [org.hibernate.id.UUIDHexGenerator]
[DEBUG] 2018-02-11 22:01:09.703 [main] DefaultIdentifierGeneratorFactory - Registering IdentifierGenerator strategy [assigned] -> [org.hibernate.id.Assigned]
[DEBUG] 2018-02-11 22:01:09.708 [main] DefaultIdentifierGeneratorFactory - Registering IdentifierGenerator strategy [identity] -> [org.hibernate.id.IdentityGenerator]
[DEBUG] 2018-02-11 22:01:09.710 [main] DefaultIdentifierGeneratorFactory - Registering IdentifierGenerator strategy [select] -> [org.hibernate.id.SelectGenerator]
[DEBUG] 2018-02-11 22:01:09.714 [main] DefaultIdentifierGeneratorFactory - Registering IdentifierGenerator strategy [sequence] -> [org.hibernate.id.enhanced.SequenceStyleGenerator]
[DEBUG] 2018-02-11 22:01:09.717 [main] DefaultIdentifierGeneratorFactory - Registering IdentifierGenerator strategy [seqhilo] -> [org.hibernate.id.SequenceHiLoGenerator]
[DEBUG] 2018-02-11 22:01:09.719 [main] DefaultIdentifierGeneratorFactory - Registering IdentifierGenerator strategy [increment] -> [org.hibernate.id.IncrementGenerator]
[DEBUG] 2018-02-11 22:01:09.721 [main] DefaultIdentifierGeneratorFactory - Registering IdentifierGenerator strategy [foreign] -> [org.hibernate.id.ForeignGenerator]
[DEBUG] 2018-02-11 22:01:09.723 [main] DefaultIdentifierGeneratorFactory - Registering IdentifierGenerator strategy [sequence-identity] -> [org.hibernate.id.SequenceIdentityGenerator]
[DEBUG] 2018-02-11 22:01:09.723 [main] DefaultIdentifierGeneratorFactory - Registering IdentifierGenerator strategy [enhanced-sequence] -> [org.hibernate.id.enhanced.SequenceStyleGenerator]
[DEBUG] 2018-02-11 22:01:09.727 [main] DefaultIdentifierGeneratorFactory - Registering IdentifierGenerator strategy [enhanced-table] -> [org.hibernate.id.enhanced.TableGenerator]
[DEBUG] 2018-02-11 22:01:09.845 [main] Namespace - Created database namespace [logicalName=Name{catalog=null, schema=null}, physicalName=Name{catalog=null, schema=null}]
[DEBUG] 2018-02-11 22:01:09.978 [main] AnnotationBinder - Binding entity from annotated class: entity.User
[DEBUG] 2018-02-11 22:01:10.065 [main] Ejb3Column - Binding column: Ejb3DiscriminatorColumn{logicalColumnName'DTYPE', discriminatorTypeName='string'}
[DEBUG] 2018-02-11 22:01:10.099 [main] EntityBinder - Import with entity name User
[DEBUG] 2018-02-11 22:01:10.109 [main] EntityBinder - Bind entity entity.User on table users
[DEBUG] 2018-02-11 22:01:10.237 [main] Ejb3Column - Binding column: Ejb3Column{table=org.hibernate.mapping.Table(users), mappingColumn=id, insertable=true, updatable=true, unique=false}
[DEBUG] 2018-02-11 22:01:10.245 [main] PropertyBinder - MetadataSourceProcessor property id with lazy=false
[DEBUG] 2018-02-11 22:01:10.250 [main] AbstractPropertyHolder - Attempting to locate auto-apply AttributeConverter for property [entity.User:id]
[DEBUG] 2018-02-11 22:01:10.255 [main] SimpleValueBinder - building SimpleValue for id
[DEBUG] 2018-02-11 22:01:10.261 [main] PropertyBinder - Building property id
[DEBUG] 2018-02-11 22:01:10.278 [main] Ejb3Column - Binding column: Ejb3Column{table=org.hibernate.mapping.Table(users), mappingColumn=approved, insertable=true, updatable=true, unique=false}
[DEBUG] 2018-02-11 22:01:10.279 [main] PropertyBinder - MetadataSourceProcessor property approved with lazy=false
[DEBUG] 2018-02-11 22:01:10.279 [main] AbstractPropertyHolder - Attempting to locate auto-apply AttributeConverter for property [entity.User:approved]
[DEBUG] 2018-02-11 22:01:10.280 [main] SimpleValueBinder - building SimpleValue for approved
[DEBUG] 2018-02-11 22:01:10.280 [main] PropertyBinder - Building property approved
[DEBUG] 2018-02-11 22:01:10.281 [main] Ejb3Column - Binding column: Ejb3Column{table=org.hibernate.mapping.Table(users), mappingColumn=city, insertable=true, updatable=true, unique=false}
[DEBUG] 2018-02-11 22:01:10.282 [main] PropertyBinder - MetadataSourceProcessor property city with lazy=false
[DEBUG] 2018-02-11 22:01:10.282 [main] AbstractPropertyHolder - Attempting to locate auto-apply AttributeConverter for property [entity.User:city]
[DEBUG] 2018-02-11 22:01:10.283 [main] SimpleValueBinder - building SimpleValue for city
[DEBUG] 2018-02-11 22:01:10.283 [main] PropertyBinder - Building property city
[DEBUG] 2018-02-11 22:01:10.283 [main] Ejb3Column - Binding column: Ejb3Column{table=org.hibernate.mapping.Table(users), mappingColumn=email, insertable=true, updatable=true, unique=false}
[DEBUG] 2018-02-11 22:01:10.284 [main] PropertyBinder - MetadataSourceProcessor property email with lazy=false
[DEBUG] 2018-02-11 22:01:10.284 [main] AbstractPropertyHolder - Attempting to locate auto-apply AttributeConverter for property [entity.User:email]
[DEBUG] 2018-02-11 22:01:10.284 [main] SimpleValueBinder - building SimpleValue for email
[DEBUG] 2018-02-11 22:01:10.284 [main] PropertyBinder - Building property email
[DEBUG] 2018-02-11 22:01:10.285 [main] Ejb3Column - Binding column: Ejb3Column{table=org.hibernate.mapping.Table(users), mappingColumn=first_name, insertable=true, updatable=true, unique=false}
[DEBUG] 2018-02-11 22:01:10.285 [main] PropertyBinder - MetadataSourceProcessor property firstName with lazy=false
[DEBUG] 2018-02-11 22:01:10.285 [main] AbstractPropertyHolder - Attempting to locate auto-apply AttributeConverter for property [entity.User:firstName]
[DEBUG] 2018-02-11 22:01:10.286 [main] SimpleValueBinder - building SimpleValue for firstName
[DEBUG] 2018-02-11 22:01:10.286 [main] PropertyBinder - Building property firstName
[DEBUG] 2018-02-11 22:01:10.287 [main] Ejb3Column - Binding column: Ejb3Column{table=org.hibernate.mapping.Table(users), mappingColumn=join_date, insertable=true, updatable=true, unique=false}
[DEBUG] 2018-02-11 22:01:10.287 [main] PropertyBinder - MetadataSourceProcessor property joinDate with lazy=false
[DEBUG] 2018-02-11 22:01:10.287 [main] AbstractPropertyHolder - Attempting to locate auto-apply AttributeConverter for property [entity.User:joinDate]
[DEBUG] 2018-02-11 22:01:10.288 [main] SimpleValueBinder - building SimpleValue for joinDate
[DEBUG] 2018-02-11 22:01:10.288 [main] PropertyBinder - Building property joinDate
[DEBUG] 2018-02-11 22:01:10.288 [main] Ejb3Column - Binding column: Ejb3Column{table=org.hibernate.mapping.Table(users), mappingColumn=last_name, insertable=true, updatable=true, unique=false}
[DEBUG] 2018-02-11 22:01:10.289 [main] PropertyBinder - MetadataSourceProcessor property lastName with lazy=false
[DEBUG] 2018-02-11 22:01:10.289 [main] AbstractPropertyHolder - Attempting to locate auto-apply AttributeConverter for property [entity.User:lastName]
[DEBUG] 2018-02-11 22:01:10.289 [main] SimpleValueBinder - building SimpleValue for lastName
[DEBUG] 2018-02-11 22:01:10.290 [main] PropertyBinder - Building property lastName
[DEBUG] 2018-02-11 22:01:10.290 [main] Ejb3Column - Binding column: Ejb3Column{table=org.hibernate.mapping.Table(users), mappingColumn=password, insertable=true, updatable=true, unique=false}
[DEBUG] 2018-02-11 22:01:10.291 [main] PropertyBinder - MetadataSourceProcessor property password with lazy=false
[DEBUG] 2018-02-11 22:01:10.291 [main] AbstractPropertyHolder - Attempting to locate auto-apply AttributeConverter for property [entity.User:password]
[DEBUG] 2018-02-11 22:01:10.291 [main] SimpleValueBinder - building SimpleValue for password
[DEBUG] 2018-02-11 22:01:10.291 [main] PropertyBinder - Building property password
[DEBUG] 2018-02-11 22:01:10.292 [main] Ejb3Column - Binding column: Ejb3Column{table=org.hibernate.mapping.Table(users), mappingColumn=state, insertable=true, updatable=true, unique=false}
[DEBUG] 2018-02-11 22:01:10.292 [main] PropertyBinder - MetadataSourceProcessor property state with lazy=false
[DEBUG] 2018-02-11 22:01:10.292 [main] AbstractPropertyHolder - Attempting to locate auto-apply AttributeConverter for property [entity.User:state]
[DEBUG] 2018-02-11 22:01:10.292 [main] SimpleValueBinder - building SimpleValue for state
[DEBUG] 2018-02-11 22:01:10.293 [main] PropertyBinder - Building property state
[DEBUG] 2018-02-11 22:01:10.293 [main] Ejb3Column - Binding column: Ejb3Column{table=org.hibernate.mapping.Table(users), mappingColumn=user_name, insertable=true, updatable=true, unique=false}
[DEBUG] 2018-02-11 22:01:10.293 [main] PropertyBinder - MetadataSourceProcessor property userName with lazy=false
[DEBUG] 2018-02-11 22:01:10.294 [main] AbstractPropertyHolder - Attempting to locate auto-apply AttributeConverter for property [entity.User:userName]
[DEBUG] 2018-02-11 22:01:10.294 [main] SimpleValueBinder - building SimpleValue for userName
[DEBUG] 2018-02-11 22:01:10.294 [main] PropertyBinder - Building property userName
[DEBUG] 2018-02-11 22:01:10.295 [main] Ejb3Column - Binding column: Ejb3Column{table=org.hibernate.mapping.Table(users), mappingColumn=zipcode, insertable=true, updatable=true, unique=false}
[DEBUG] 2018-02-11 22:01:10.295 [main] PropertyBinder - MetadataSourceProcessor property zipcode with lazy=false
[DEBUG] 2018-02-11 22:01:10.295 [main] AbstractPropertyHolder - Attempting to locate auto-apply AttributeConverter for property [entity.User:zipcode]
[DEBUG] 2018-02-11 22:01:10.295 [main] SimpleValueBinder - building SimpleValue for zipcode
[DEBUG] 2018-02-11 22:01:10.296 [main] PropertyBinder - Building property zipcode
[DEBUG] 2018-02-11 22:01:10.300 [main] SimpleValueBinder - Starting fillSimpleValue for id
[DEBUG] 2018-02-11 22:01:10.301 [main] SimpleValueBinder - Starting fillSimpleValue for approved
[DEBUG] 2018-02-11 22:01:10.301 [main] SimpleValueBinder - Starting fillSimpleValue for city
[DEBUG] 2018-02-11 22:01:10.301 [main] SimpleValueBinder - Starting fillSimpleValue for email
[DEBUG] 2018-02-11 22:01:10.301 [main] SimpleValueBinder - Starting fillSimpleValue for firstName
[DEBUG] 2018-02-11 22:01:10.301 [main] SimpleValueBinder - Starting fillSimpleValue for joinDate
[DEBUG] 2018-02-11 22:01:10.301 [main] SimpleValueBinder - Starting fillSimpleValue for lastName
[DEBUG] 2018-02-11 22:01:10.301 [main] SimpleValueBinder - Starting fillSimpleValue for password
[DEBUG] 2018-02-11 22:01:10.302 [main] SimpleValueBinder - Starting fillSimpleValue for state
[DEBUG] 2018-02-11 22:01:10.302 [main] SimpleValueBinder - Starting fillSimpleValue for userName
[DEBUG] 2018-02-11 22:01:10.302 [main] SimpleValueBinder - Starting fillSimpleValue for zipcode
[DEBUG] 2018-02-11 22:01:10.306 [main] PrimaryKey - Forcing column [id] to be non-null as it is part of the primary key for table [users]
[DEBUG] 2018-02-11 22:01:10.471 [main] SessionFactoryImpl - Building session factory
[DEBUG] 2018-02-11 22:01:10.474 [main] Settings - SessionFactory name : null
[DEBUG] 2018-02-11 22:01:10.474 [main] Settings - Automatic flush during beforeCompletion(): enabled
[DEBUG] 2018-02-11 22:01:10.475 [main] Settings - Automatic session close at end of transaction: disabled
[DEBUG] 2018-02-11 22:01:10.475 [main] Settings - Statistics: disabled
[DEBUG] 2018-02-11 22:01:10.475 [main] Settings - Deleted entity synthetic identifier rollback: disabled
[DEBUG] 2018-02-11 22:01:10.475 [main] Settings - Default entity-mode: pojo
[DEBUG] 2018-02-11 22:01:10.475 [main] Settings - Check Nullability in Core (should be disabled when Bean Validation is on): enabled
[DEBUG] 2018-02-11 22:01:10.475 [main] Settings - Allow initialization of lazy state outside session : disabled
[DEBUG] 2018-02-11 22:01:10.475 [main] Settings - Using BatchFetchStyle : LEGACY
[DEBUG] 2018-02-11 22:01:10.476 [main] Settings - Default batch fetch size: -1
[DEBUG] 2018-02-11 22:01:10.476 [main] Settings - Maximum outer join fetch depth: 2
[DEBUG] 2018-02-11 22:01:10.476 [main] Settings - Default null ordering: NONE
[DEBUG] 2018-02-11 22:01:10.476 [main] Settings - Order SQL updates by primary key: disabled
[DEBUG] 2018-02-11 22:01:10.476 [main] Settings - Order SQL inserts for batching: disabled
[DEBUG] 2018-02-11 22:01:10.476 [main] Settings - multi-tenancy strategy : NONE
[DEBUG] 2018-02-11 22:01:10.476 [main] Settings - JTA Track by Thread: enabled
[DEBUG] 2018-02-11 22:01:10.477 [main] Settings - Query language substitutions: {}
[DEBUG] 2018-02-11 22:01:10.477 [main] Settings - JPA query language strict compliance: disabled
[DEBUG] 2018-02-11 22:01:10.477 [main] Settings - Named query checking : enabled
[DEBUG] 2018-02-11 22:01:10.477 [main] Settings - Second-level cache: enabled
[DEBUG] 2018-02-11 22:01:10.477 [main] Settings - Second-level query cache: disabled
[DEBUG] 2018-02-11 22:01:10.477 [main] Settings - Second-level query cache factory: org.hibernate.cache.internal.StandardQueryCacheFactory@5be067de
[DEBUG] 2018-02-11 22:01:10.477 [main] Settings - Second-level cache region prefix: null
[DEBUG] 2018-02-11 22:01:10.477 [main] Settings - Optimize second-level cache for minimal puts: disabled
[DEBUG] 2018-02-11 22:01:10.478 [main] Settings - Structured second-level cache entries: disabled
[DEBUG] 2018-02-11 22:01:10.478 [main] Settings - Second-level cache direct-reference entries: disabled
[DEBUG] 2018-02-11 22:01:10.478 [main] Settings - Automatic eviction of collection cache: disabled
[DEBUG] 2018-02-11 22:01:10.478 [main] Settings - JDBC batch size: 15
[DEBUG] 2018-02-11 22:01:10.478 [main] Settings - JDBC batch updates for versioned data: enabled
[DEBUG] 2018-02-11 22:01:10.478 [main] Settings - Scrollable result sets: enabled
[DEBUG] 2018-02-11 22:01:10.478 [main] Settings - Wrap result sets: disabled
[DEBUG] 2018-02-11 22:01:10.479 [main] Settings - JDBC3 getGeneratedKeys(): enabled
[DEBUG] 2018-02-11 22:01:10.479 [main] Settings - JDBC result set fetch size: null
[DEBUG] 2018-02-11 22:01:10.480 [main] Settings - Connection release mode: AFTER_TRANSACTION
[DEBUG] 2018-02-11 22:01:10.480 [main] Settings - Generate SQL with comments: disabled
[DEBUG] 2018-02-11 22:01:10.661 [main] SessionFactoryImpl - Session factory constructed with filter configurations : {}
[DEBUG] 2018-02-11 22:01:10.665 [main] SessionFactoryImpl - Instantiating session factory with properties: {sun.desktop=gnome, awt.toolkit=sun.awt.X11.XToolkit, file.encoding.pkg=sun.io, java.specification.version=1.8, hibernate.c3p0.idle_test_period=3000, sun.cpu.isalist=, sun.jnu.encoding=UTF-8, hibernate.c3p0.min_size=5, java.class.path=/home/osamah/idea/lib/idea_rt.jar:/home/osamah/idea/plugins/junit/lib/junit-rt.jar:/home/osamah/idea/plugins/junit/lib/junit5-rt.jar:/usr/lib/jvm/java-8-oracle/jre/lib/charsets.jar:/usr/lib/jvm/java-8-oracle/jre/lib/deploy.jar:/usr/lib/jvm/java-8-oracle/jre/lib/ext/cldrdata.jar:/usr/lib/jvm/java-8-oracle/jre/lib/ext/dnsns.jar:/usr/lib/jvm/java-8-oracle/jre/lib/ext/jaccess.jar:/usr/lib/jvm/java-8-oracle/jre/lib/ext/jfxrt.jar:/usr/lib/jvm/java-8-oracle/jre/lib/ext/localedata.jar:/usr/lib/jvm/java-8-oracle/jre/lib/ext/nashorn.jar:/usr/lib/jvm/java-8-oracle/jre/lib/ext/sunec.jar:/usr/lib/jvm/java-8-oracle/jre/lib/ext/sunjce_provider.jar:/usr/lib/jvm/java-8-oracle/jre/lib/ext/sunpkcs11.jar:/usr/lib/jvm/java-8-oracle/jre/lib/ext/zipfs.jar:/usr/lib/jvm/java-8-oracle/jre/lib/javaws.jar:/usr/lib/jvm/java-8-oracle/jre/lib/jce.jar:/usr/lib/jvm/java-8-oracle/jre/lib/jfr.jar:/usr/lib/jvm/java-8-oracle/jre/lib/jfxswt.jar:/usr/lib/jvm/java-8-oracle/jre/lib/jsse.jar:/usr/lib/jvm/java-8-oracle/jre/lib/management-agent.jar:/usr/lib/jvm/java-8-oracle/jre/lib/plugin.jar:/usr/lib/jvm/java-8-oracle/jre/lib/resources.jar:/usr/lib/jvm/java-8-oracle/jre/lib/rt.jar:/home/osamah/IdeaProjects/usedComputersWebSite/target/test-classes:/home/osamah/IdeaProjects/usedComputersWebSite/target/classes:/home/osamah/.m2/repository/org/junit/jupiter/junit-jupiter-engine/5.0.0/junit-jupiter-engine-5.0.0.jar:/home/osamah/.m2/repository/org/apiguardian/apiguardian-api/1.0.0/apiguardian-api-1.0.0.jar:/home/osamah/.m2/repository/org/junit/platform/junit-platform-engine/1.0.0/junit-platform-engine-1.0.0.jar:/home/osamah/.m2/repository/org/junit/platform/junit-platform-commons/1.0.0/junit-platform-commons-1.0.0.jar:/home/osamah/.m2/repository/org/opentest4j/opentest4j/1.0.0/opentest4j-1.0.0.jar:/home/osamah/.m2/repository/org/junit/jupiter/junit-jupiter-api/5.0.0/junit-jupiter-api-5.0.0.jar:/home/osamah/.m2/repository/junit/junit/4.12/junit-4.12.jar:/home/osamah/.m2/repository/org/hamcrest/hamcrest-core/1.3/hamcrest-core-1.3.jar:/home/osamah/.m2/repository/org/junit/platform/junit-platform-runner/1.0.0/junit-platform-runner-1.0.0.jar:/home/osamah/.m2/repository/org/junit/platform/junit-platform-launcher/1.0.0/junit-platform-launcher-1.0.0.jar:/home/osamah/.m2/repository/org/junit/platform/junit-platform-suite-api/1.0.0/junit-platform-suite-api-1.0.0.jar:/home/osamah/.m2/repository/org/junit/vintage/junit-vintage-engine/4.12.0/junit-vintage-engine-4.12.0.jar:/home/osamah/.m2/repository/javax/javaee-web-api/7.0/javaee-web-api-7.0.jar:/home/osamah/.m2/repository/org/apache/logging/log4j/log4j-api/2.10.0/log4j-api-2.10.0.jar:/home/osamah/.m2/repository/org/apache/logging/log4j/log4j-core/2.10.0/log4j-core-2.10.0.jar:/home/osamah/.m2/repository/org/hibernate/hibernate-core/5.2.12.Final/hibernate-core-5.2.12.Final.jar:/home/osamah/.m2/repository/org/jboss/logging/jboss-logging/3.3.0.Final/jboss-logging-3.3.0.Final.jar:/home/osamah/.m2/repository/org/hibernate/javax/persistence/hibernate-jpa-2.1-api/1.0.0.Final/hibernate-jpa-2.1-api-1.0.0.Final.jar:/home/osamah/.m2/repository/org/javassist/javassist/3.20.0-GA/javassist-3.20.0-GA.jar:/home/osamah/.m2/repository/antlr/antlr/2.7.7/antlr-2.7.7.jar:/home/osamah/.m2/repository/org/jboss/spec/javax/transaction/jboss-transaction-api_1.2_spec/1.0.1.Final/jboss-transaction-api_1.2_spec-1.0.1.Final.jar:/home/osamah/.m2/repository/org/jboss/jandex/2.0.3.Final/jandex-2.0.3.Final.jar:/home/osamah/.m2/repository/com/fasterxml/classmate/1.3.0/classmate-1.3.0.jar:/home/osamah/.m2/repository/dom4j/dom4j/1.6.1/dom4j-1.6.1.jar:/home/osamah/.m2/repository/org/hibernate/common/hibernate-commons-annotations/5.0.1.Final/hibernate-commons-annotations-5.0.1.Final.jar:/home/osamah/.m2/repository/org/hibernate/hibernate-c3p0/5.2.12.Final/hibernate-c3p0-5.2.12.Final.jar:/home/osamah/.m2/repository/com/mchange/c3p0/0.9.5.2/c3p0-0.9.5.2.jar:/home/osamah/.m2/repository/com/mchange/mchange-commons-java/0.2.11/mchange-commons-java-0.2.11.jar:/home/osamah/.m2/repository/mysql/mysql-connector-java/5.1.39/mysql-connector-java-5.1.39.jar:/home/osamah/.m2/repository/jstl/jstl/1.2/jstl-1.2.jar:/home/osamah/idea/lib/idea_rt.jar, java.vm.vendor=Oracle Corporation, sun.arch.data.model=64, idea.test.cyclic.buffer.size=1048576, java.vendor.url=http://java.oracle.com/, user.timezone=America/Chicago, os.name=Linux, java.vm.specification.version=1.8, user.country=US, sun.java.launcher=SUN_STANDARD, sun.boot.library.path=/usr/lib/jvm/java-8-oracle/jre/lib/amd64, sun.java.command=com.intellij.rt.execution.junit.JUnitStarter -ideVersion5 -junit5 persistence.UserDaoTest, sun.cpu.endian=little, hibernate.c3p0.max_statements=50, user.home=/home/osamah, user.language=en, java.specification.vendor=Oracle Corporation, java.home=/usr/lib/jvm/java-8-oracle/jre, file.separator=/, line.separator=
, hibernate.c3p0.timeout=300, java.vm.specification.vendor=Oracle Corporation, java.specification.name=Java Platform API Specification, java.awt.graphicsenv=sun.awt.X11GraphicsEnvironment, sun.boot.class.path=/usr/lib/jvm/java-8-oracle/jre/lib/resources.jar:/usr/lib/jvm/java-8-oracle/jre/lib/rt.jar:/usr/lib/jvm/java-8-oracle/jre/lib/sunrsasign.jar:/usr/lib/jvm/java-8-oracle/jre/lib/jsse.jar:/usr/lib/jvm/java-8-oracle/jre/lib/jce.jar:/usr/lib/jvm/java-8-oracle/jre/lib/charsets.jar:/usr/lib/jvm/java-8-oracle/jre/lib/jfr.jar:/usr/lib/jvm/java-8-oracle/jre/classes, connection.password=student, sun.management.compiler=HotSpot 64-Bit Tiered Compilers, hibernate.c3p0.max_size=20, java.runtime.version=1.8.0_161-b12, user.name=osamah, path.separator=:, hibernate.connection.username=root, os.version=4.13.0-32-generic, java.endorsed.dirs=/usr/lib/jvm/java-8-oracle/jre/lib/endorsed, java.runtime.name=Java(TM) SE Runtime Environment, hibernate.connection.url=jdbc:mysql://localhost:3306/test_used_computers, file.encoding=UTF-8, java.vm.name=Java HotSpot(TM) 64-Bit Server VM, hibernate.connection.driver_class=com.mysql.jdbc.Driver, java.vendor.url.bug=http://bugreport.sun.com/bugreport/, java.io.tmpdir=/tmp, java.version=1.8.0_161, user.dir=/home/osamah/IdeaProjects/usedComputersWebSite, os.arch=amd64, connection.username=root, java.vm.specification.name=Java Virtual Machine Specification, hibernate.connection.password=****, java.awt.printerjob=sun.print.PSPrinterJob, sun.os.patch.level=unknown, connection.driver_class=com.mysql.jdbc.Driver, hibernate.boot.CfgXmlAccessService.key=org.hibernate.boot.cfgxml.spi.LoadedConfig@c65a5ef, java.library.path=/usr/java/packages/lib/amd64:/usr/lib64:/lib64:/lib:/usr/lib, java.vm.info=mixed mode, java.vendor=Oracle Corporation, java.vm.version=25.161-b12, hibernate.bytecode.use_reflection_optimizer=false, java.ext.dirs=/usr/lib/jvm/java-8-oracle/jre/lib/ext:/usr/java/packages/lib/ext, sun.io.unicode.encoding=UnicodeLittle, connection.url=jdbc:mysql://localhost:3306/test_used_computers, java.class.version=52.0}
[DEBUG] 2018-02-11 22:01:10.725 [main] TypeSafeActivator - Unable to acquire Bean Validation ValidatorFactory, skipping activation
[DEBUG] 2018-02-11 22:01:10.726 [main] JaccIntegrator - Skipping JACC integration as it was not enabled
[DEBUG] 2018-02-11 22:01:10.730 [main] SessionFactoryImpl - Instantiated session factory
[DEBUG] 2018-02-11 22:01:10.869 [main] ClassLoaderAccessImpl - Not known whether passed class name [entity.User] is safe
[DEBUG] 2018-02-11 22:01:10.870 [main] ClassLoaderAccessImpl - No temp ClassLoader provided; using live ClassLoader for loading potentially unsafe class : entity.User
[DEBUG] 2018-02-11 22:01:10.916 [main] ClassLoaderAccessImpl - Not known whether passed class name [entity.User] is safe
[DEBUG] 2018-02-11 22:01:10.917 [main] ClassLoaderAccessImpl - No temp ClassLoader provided; using live ClassLoader for loading potentially unsafe class : entity.User
[DEBUG] 2018-02-11 22:01:11.161 [main] AbstractEntityPersister - Static SQL for entity: entity.User
[DEBUG] 2018-02-11 22:01:11.161 [main] AbstractEntityPersister -  Version select: select id from users where id =?
[DEBUG] 2018-02-11 22:01:11.162 [main] AbstractEntityPersister -  Snapshot select: select user_.id, user_.approved as approved2_0_, user_.city as city3_0_, user_.email as email4_0_, user_.first_name as first_na5_0_, user_.join_date as join_dat6_0_, user_.last_name as last_nam7_0_, user_.password as password8_0_, user_.state as state9_0_, user_.user_name as user_na10_0_, user_.zipcode as zipcode11_0_ from users user_ where user_.id=?
[DEBUG] 2018-02-11 22:01:11.162 [main] AbstractEntityPersister -  Insert 0: insert into users (approved, city, email, first_name, join_date, last_name, password, state, user_name, zipcode, id) values (?, ?, ?, ?, ?, ?, ?, ?, ?, ?, ?)
[DEBUG] 2018-02-11 22:01:11.162 [main] AbstractEntityPersister -  Update 0: update users set approved=?, city=?, email=?, first_name=?, join_date=?, last_name=?, password=?, state=?, user_name=?, zipcode=? where id=?
[DEBUG] 2018-02-11 22:01:11.162 [main] AbstractEntityPersister -  Delete 0: delete from users where id=?
[DEBUG] 2018-02-11 22:01:11.162 [main] AbstractEntityPersister -  Identity insert: insert into users (approved, city, email, first_name, join_date, last_name, password, state, user_name, zipcode) values (?, ?, ?, ?, ?, ?, ?, ?, ?, ?)
[DEBUG] 2018-02-11 22:01:11.231 [main] QuerySpacesImpl - Adding QuerySpace : uid = <gen:0> -> org.hibernate.loader.plan.build.internal.spaces.EntityQuerySpaceImpl@214894fc]
[DEBUG] 2018-02-11 22:01:11.238 [main] MetamodelGraphWalker - Visiting attribute path : approved
[DEBUG] 2018-02-11 22:01:11.240 [main] MetamodelGraphWalker - Visiting attribute path : city
[DEBUG] 2018-02-11 22:01:11.241 [main] MetamodelGraphWalker - Visiting attribute path : email
[DEBUG] 2018-02-11 22:01:11.241 [main] MetamodelGraphWalker - Visiting attribute path : firstName
[DEBUG] 2018-02-11 22:01:11.241 [main] MetamodelGraphWalker - Visiting attribute path : joinDate
[DEBUG] 2018-02-11 22:01:11.241 [main] MetamodelGraphWalker - Visiting attribute path : lastName
[DEBUG] 2018-02-11 22:01:11.241 [main] MetamodelGraphWalker - Visiting attribute path : password
[DEBUG] 2018-02-11 22:01:11.243 [main] MetamodelGraphWalker - Visiting attribute path : state
[DEBUG] 2018-02-11 22:01:11.243 [main] MetamodelGraphWalker - Visiting attribute path : userName
[DEBUG] 2018-02-11 22:01:11.243 [main] MetamodelGraphWalker - Visiting attribute path : zipcode
[DEBUG] 2018-02-11 22:01:11.244 [main] FetchStyleLoadPlanBuildingAssociationVisitationStrategy - Building LoadPlan...
[DEBUG] 2018-02-11 22:01:11.290 [main] LoadQueryJoinAndFetchProcessor - processing queryspace <gen:0>
[DEBUG] 2018-02-11 22:01:11.304 [main] LoadPlanTreePrinter - LoadPlan(entity=entity.User)
    - Returns
       - EntityReturnImpl(entity=entity.User, querySpaceUid=<gen:0>, path=entity.User)
    - QuerySpaces
       - EntityQuerySpaceImpl(uid=<gen:0>, entity=entity.User)
          - SQL table alias mapping - user0_
          - alias suffix - 0_
          - suffixed key columns - {id1_0_0_}

[DEBUG] 2018-02-11 22:01:11.311 [main] EntityLoader - Static select for entity entity.User [NONE]: select user0_.id as id1_0_0_, user0_.approved as approved2_0_0_, user0_.city as city3_0_0_, user0_.email as email4_0_0_, user0_.first_name as first_na5_0_0_, user0_.join_date as join_dat6_0_0_, user0_.last_name as last_nam7_0_0_, user0_.password as password8_0_0_, user0_.state as state9_0_0_, user0_.user_name as user_na10_0_0_, user0_.zipcode as zipcode11_0_0_ from users user0_ where user0_.id=?
[DEBUG] 2018-02-11 22:01:11.311 [main] QuerySpacesImpl - Adding QuerySpace : uid = <gen:0> -> org.hibernate.loader.plan.build.internal.spaces.EntityQuerySpaceImpl@3b582111]
[DEBUG] 2018-02-11 22:01:11.312 [main] MetamodelGraphWalker - Visiting attribute path : approved
[DEBUG] 2018-02-11 22:01:11.312 [main] MetamodelGraphWalker - Visiting attribute path : city
[DEBUG] 2018-02-11 22:01:11.312 [main] MetamodelGraphWalker - Visiting attribute path : email
[DEBUG] 2018-02-11 22:01:11.312 [main] MetamodelGraphWalker - Visiting attribute path : firstName
[DEBUG] 2018-02-11 22:01:11.312 [main] MetamodelGraphWalker - Visiting attribute path : joinDate
[DEBUG] 2018-02-11 22:01:11.312 [main] MetamodelGraphWalker - Visiting attribute path : lastName
[DEBUG] 2018-02-11 22:01:11.312 [main] MetamodelGraphWalker - Visiting attribute path : password
[DEBUG] 2018-02-11 22:01:11.313 [main] MetamodelGraphWalker - Visiting attribute path : state
[DEBUG] 2018-02-11 22:01:11.313 [main] MetamodelGraphWalker - Visiting attribute path : userName
[DEBUG] 2018-02-11 22:01:11.313 [main] MetamodelGraphWalker - Visiting attribute path : zipcode
[DEBUG] 2018-02-11 22:01:11.313 [main] FetchStyleLoadPlanBuildingAssociationVisitationStrategy - Building LoadPlan...
[DEBUG] 2018-02-11 22:01:11.314 [main] LoadQueryJoinAndFetchProcessor - processing queryspace <gen:0>
[DEBUG] 2018-02-11 22:01:11.315 [main] LoadPlanTreePrinter - LoadPlan(entity=entity.User)
    - Returns
       - EntityReturnImpl(entity=entity.User, querySpaceUid=<gen:0>, path=entity.User)
    - QuerySpaces
       - EntityQuerySpaceImpl(uid=<gen:0>, entity=entity.User)
          - SQL table alias mapping - user0_
          - alias suffix - 0_
          - suffixed key columns - {id1_0_0_}

[DEBUG] 2018-02-11 22:01:11.315 [main] EntityLoader - Static select for entity entity.User [READ]: select user0_.id as id1_0_0_, user0_.approved as approved2_0_0_, user0_.city as city3_0_0_, user0_.email as email4_0_0_, user0_.first_name as first_na5_0_0_, user0_.join_date as join_dat6_0_0_, user0_.last_name as last_nam7_0_0_, user0_.password as password8_0_0_, user0_.state as state9_0_0_, user0_.user_name as user_na10_0_0_, user0_.zipcode as zipcode11_0_0_ from users user0_ where user0_.id=?
[DEBUG] 2018-02-11 22:01:11.316 [main] QuerySpacesImpl - Adding QuerySpace : uid = <gen:0> -> org.hibernate.loader.plan.build.internal.spaces.EntityQuerySpaceImpl@1e8823d2]
[DEBUG] 2018-02-11 22:01:11.317 [main] MetamodelGraphWalker - Visiting attribute path : approved
[DEBUG] 2018-02-11 22:01:11.317 [main] MetamodelGraphWalker - Visiting attribute path : city
[DEBUG] 2018-02-11 22:01:11.317 [main] MetamodelGraphWalker - Visiting attribute path : email
[DEBUG] 2018-02-11 22:01:11.317 [main] MetamodelGraphWalker - Visiting attribute path : firstName
[DEBUG] 2018-02-11 22:01:11.317 [main] MetamodelGraphWalker - Visiting attribute path : joinDate
[DEBUG] 2018-02-11 22:01:11.317 [main] MetamodelGraphWalker - Visiting attribute path : lastName
[DEBUG] 2018-02-11 22:01:11.318 [main] MetamodelGraphWalker - Visiting attribute path : password
[DEBUG] 2018-02-11 22:01:11.318 [main] MetamodelGraphWalker - Visiting attribute path : state
[DEBUG] 2018-02-11 22:01:11.318 [main] MetamodelGraphWalker - Visiting attribute path : userName
[DEBUG] 2018-02-11 22:01:11.318 [main] MetamodelGraphWalker - Visiting attribute path : zipcode
[DEBUG] 2018-02-11 22:01:11.318 [main] FetchStyleLoadPlanBuildingAssociationVisitationStrategy - Building LoadPlan...
[DEBUG] 2018-02-11 22:01:11.319 [main] LoadQueryJoinAndFetchProcessor - processing queryspace <gen:0>
[DEBUG] 2018-02-11 22:01:11.320 [main] LoadPlanTreePrinter - LoadPlan(entity=entity.User)
    - Returns
       - EntityReturnImpl(entity=entity.User, querySpaceUid=<gen:0>, path=entity.User)
    - QuerySpaces
       - EntityQuerySpaceImpl(uid=<gen:0>, entity=entity.User)
          - SQL table alias mapping - user0_
          - alias suffix - 0_
          - suffixed key columns - {id1_0_0_}

[DEBUG] 2018-02-11 22:01:11.320 [main] EntityLoader - Static select for entity entity.User [UPGRADE]: select user0_.id as id1_0_0_, user0_.approved as approved2_0_0_, user0_.city as city3_0_0_, user0_.email as email4_0_0_, user0_.first_name as first_na5_0_0_, user0_.join_date as join_dat6_0_0_, user0_.last_name as last_nam7_0_0_, user0_.password as password8_0_0_, user0_.state as state9_0_0_, user0_.user_name as user_na10_0_0_, user0_.zipcode as zipcode11_0_0_ from users user0_ where user0_.id=? for update
[DEBUG] 2018-02-11 22:01:11.321 [main] QuerySpacesImpl - Adding QuerySpace : uid = <gen:0> -> org.hibernate.loader.plan.build.internal.spaces.EntityQuerySpaceImpl@76b0ae1b]
[DEBUG] 2018-02-11 22:01:11.321 [main] MetamodelGraphWalker - Visiting attribute path : approved
[DEBUG] 2018-02-11 22:01:11.321 [main] MetamodelGraphWalker - Visiting attribute path : city
[DEBUG] 2018-02-11 22:01:11.321 [main] MetamodelGraphWalker - Visiting attribute path : email
[DEBUG] 2018-02-11 22:01:11.322 [main] MetamodelGraphWalker - Visiting attribute path : firstName
[DEBUG] 2018-02-11 22:01:11.322 [main] MetamodelGraphWalker - Visiting attribute path : joinDate
[DEBUG] 2018-02-11 22:01:11.322 [main] MetamodelGraphWalker - Visiting attribute path : lastName
[DEBUG] 2018-02-11 22:01:11.322 [main] MetamodelGraphWalker - Visiting attribute path : password
[DEBUG] 2018-02-11 22:01:11.322 [main] MetamodelGraphWalker - Visiting attribute path : state
[DEBUG] 2018-02-11 22:01:11.322 [main] MetamodelGraphWalker - Visiting attribute path : userName
[DEBUG] 2018-02-11 22:01:11.322 [main] MetamodelGraphWalker - Visiting attribute path : zipcode
[DEBUG] 2018-02-11 22:01:11.322 [main] FetchStyleLoadPlanBuildingAssociationVisitationStrategy - Building LoadPlan...
[DEBUG] 2018-02-11 22:01:11.323 [main] LoadQueryJoinAndFetchProcessor - processing queryspace <gen:0>
[DEBUG] 2018-02-11 22:01:11.324 [main] LoadPlanTreePrinter - LoadPlan(entity=entity.User)
    - Returns
       - EntityReturnImpl(entity=entity.User, querySpaceUid=<gen:0>, path=entity.User)
    - QuerySpaces
       - EntityQuerySpaceImpl(uid=<gen:0>, entity=entity.User)
          - SQL table alias mapping - user0_
          - alias suffix - 0_
          - suffixed key columns - {id1_0_0_}

[DEBUG] 2018-02-11 22:01:11.324 [main] EntityLoader - Static select for entity entity.User [UPGRADE_NOWAIT]: select user0_.id as id1_0_0_, user0_.approved as approved2_0_0_, user0_.city as city3_0_0_, user0_.email as email4_0_0_, user0_.first_name as first_na5_0_0_, user0_.join_date as join_dat6_0_0_, user0_.last_name as last_nam7_0_0_, user0_.password as password8_0_0_, user0_.state as state9_0_0_, user0_.user_name as user_na10_0_0_, user0_.zipcode as zipcode11_0_0_ from users user0_ where user0_.id=? for update
[DEBUG] 2018-02-11 22:01:11.325 [main] QuerySpacesImpl - Adding QuerySpace : uid = <gen:0> -> org.hibernate.loader.plan.build.internal.spaces.EntityQuerySpaceImpl@4c432866]
[DEBUG] 2018-02-11 22:01:11.325 [main] MetamodelGraphWalker - Visiting attribute path : approved
[DEBUG] 2018-02-11 22:01:11.325 [main] MetamodelGraphWalker - Visiting attribute path : city
[DEBUG] 2018-02-11 22:01:11.325 [main] MetamodelGraphWalker - Visiting attribute path : email
[DEBUG] 2018-02-11 22:01:11.325 [main] MetamodelGraphWalker - Visiting attribute path : firstName
[DEBUG] 2018-02-11 22:01:11.325 [main] MetamodelGraphWalker - Visiting attribute path : joinDate
[DEBUG] 2018-02-11 22:01:11.326 [main] MetamodelGraphWalker - Visiting attribute path : lastName
[DEBUG] 2018-02-11 22:01:11.327 [main] MetamodelGraphWalker - Visiting attribute path : password
[DEBUG] 2018-02-11 22:01:11.327 [main] MetamodelGraphWalker - Visiting attribute path : state
[DEBUG] 2018-02-11 22:01:11.327 [main] MetamodelGraphWalker - Visiting attribute path : userName
[DEBUG] 2018-02-11 22:01:11.327 [main] MetamodelGraphWalker - Visiting attribute path : zipcode
[DEBUG] 2018-02-11 22:01:11.327 [main] FetchStyleLoadPlanBuildingAssociationVisitationStrategy - Building LoadPlan...
[DEBUG] 2018-02-11 22:01:11.328 [main] LoadQueryJoinAndFetchProcessor - processing queryspace <gen:0>
[DEBUG] 2018-02-11 22:01:11.340 [main] LoadPlanTreePrinter - LoadPlan(entity=entity.User)
    - Returns
       - EntityReturnImpl(entity=entity.User, querySpaceUid=<gen:0>, path=entity.User)
    - QuerySpaces
       - EntityQuerySpaceImpl(uid=<gen:0>, entity=entity.User)
          - SQL table alias mapping - user0_
          - alias suffix - 0_
          - suffixed key columns - {id1_0_0_}

[DEBUG] 2018-02-11 22:01:11.340 [main] EntityLoader - Static select for entity entity.User [UPGRADE_SKIPLOCKED]: select user0_.id as id1_0_0_, user0_.approved as approved2_0_0_, user0_.city as city3_0_0_, user0_.email as email4_0_0_, user0_.first_name as first_na5_0_0_, user0_.join_date as join_dat6_0_0_, user0_.last_name as last_nam7_0_0_, user0_.password as password8_0_0_, user0_.state as state9_0_0_, user0_.user_name as user_na10_0_0_, user0_.zipcode as zipcode11_0_0_ from users user0_ where user0_.id=? for update
[DEBUG] 2018-02-11 22:01:11.340 [main] QuerySpacesImpl - Adding QuerySpace : uid = <gen:0> -> org.hibernate.loader.plan.build.internal.spaces.EntityQuerySpaceImpl@6105f8a3]
[DEBUG] 2018-02-11 22:01:11.341 [main] MetamodelGraphWalker - Visiting attribute path : approved
[DEBUG] 2018-02-11 22:01:11.342 [main] MetamodelGraphWalker - Visiting attribute path : city
[DEBUG] 2018-02-11 22:01:11.343 [main] MetamodelGraphWalker - Visiting attribute path : email
[DEBUG] 2018-02-11 22:01:11.343 [main] MetamodelGraphWalker - Visiting attribute path : firstName
[DEBUG] 2018-02-11 22:01:11.343 [main] MetamodelGraphWalker - Visiting attribute path : joinDate
[DEBUG] 2018-02-11 22:01:11.344 [main] MetamodelGraphWalker - Visiting attribute path : lastName
[DEBUG] 2018-02-11 22:01:11.345 [main] MetamodelGraphWalker - Visiting attribute path : password
[DEBUG] 2018-02-11 22:01:11.345 [main] MetamodelGraphWalker - Visiting attribute path : state
[DEBUG] 2018-02-11 22:01:11.345 [main] MetamodelGraphWalker - Visiting attribute path : userName
[DEBUG] 2018-02-11 22:01:11.345 [main] MetamodelGraphWalker - Visiting attribute path : zipcode
[DEBUG] 2018-02-11 22:01:11.345 [main] FetchStyleLoadPlanBuildingAssociationVisitationStrategy - Building LoadPlan...
[DEBUG] 2018-02-11 22:01:11.347 [main] LoadQueryJoinAndFetchProcessor - processing queryspace <gen:0>
[DEBUG] 2018-02-11 22:01:11.348 [main] LoadPlanTreePrinter - LoadPlan(entity=entity.User)
    - Returns
       - EntityReturnImpl(entity=entity.User, querySpaceUid=<gen:0>, path=entity.User)
    - QuerySpaces
       - EntityQuerySpaceImpl(uid=<gen:0>, entity=entity.User)
          - SQL table alias mapping - user0_
          - alias suffix - 0_
          - suffixed key columns - {id1_0_0_}

[DEBUG] 2018-02-11 22:01:11.348 [main] EntityLoader - Static select for entity entity.User [FORCE]: select user0_.id as id1_0_0_, user0_.approved as approved2_0_0_, user0_.city as city3_0_0_, user0_.email as email4_0_0_, user0_.first_name as first_na5_0_0_, user0_.join_date as join_dat6_0_0_, user0_.last_name as last_nam7_0_0_, user0_.password as password8_0_0_, user0_.state as state9_0_0_, user0_.user_name as user_na10_0_0_, user0_.zipcode as zipcode11_0_0_ from users user0_ where user0_.id=? for update
[DEBUG] 2018-02-11 22:01:11.349 [main] QuerySpacesImpl - Adding QuerySpace : uid = <gen:0> -> org.hibernate.loader.plan.build.internal.spaces.EntityQuerySpaceImpl@77e2a6e2]
[DEBUG] 2018-02-11 22:01:11.349 [main] MetamodelGraphWalker - Visiting attribute path : approved
[DEBUG] 2018-02-11 22:01:11.349 [main] MetamodelGraphWalker - Visiting attribute path : city
[DEBUG] 2018-02-11 22:01:11.349 [main] MetamodelGraphWalker - Visiting attribute path : email
[DEBUG] 2018-02-11 22:01:11.349 [main] MetamodelGraphWalker - Visiting attribute path : firstName
[DEBUG] 2018-02-11 22:01:11.350 [main] MetamodelGraphWalker - Visiting attribute path : joinDate
[DEBUG] 2018-02-11 22:01:11.350 [main] MetamodelGraphWalker - Visiting attribute path : lastName
[DEBUG] 2018-02-11 22:01:11.350 [main] MetamodelGraphWalker - Visiting attribute path : password
[DEBUG] 2018-02-11 22:01:11.350 [main] MetamodelGraphWalker - Visiting attribute path : state
[DEBUG] 2018-02-11 22:01:11.350 [main] MetamodelGraphWalker - Visiting attribute path : userName
[DEBUG] 2018-02-11 22:01:11.350 [main] MetamodelGraphWalker - Visiting attribute path : zipcode
[DEBUG] 2018-02-11 22:01:11.350 [main] FetchStyleLoadPlanBuildingAssociationVisitationStrategy - Building LoadPlan...
[DEBUG] 2018-02-11 22:01:11.354 [main] LoadQueryJoinAndFetchProcessor - processing queryspace <gen:0>
[DEBUG] 2018-02-11 22:01:11.355 [main] LoadPlanTreePrinter - LoadPlan(entity=entity.User)
    - Returns
       - EntityReturnImpl(entity=entity.User, querySpaceUid=<gen:0>, path=entity.User)
    - QuerySpaces
       - EntityQuerySpaceImpl(uid=<gen:0>, entity=entity.User)
          - SQL table alias mapping - user0_
          - alias suffix - 0_
          - suffixed key columns - {id1_0_0_}

[DEBUG] 2018-02-11 22:01:11.356 [main] EntityLoader - Static select for entity entity.User [PESSIMISTIC_READ]: select user0_.id as id1_0_0_, user0_.approved as approved2_0_0_, user0_.city as city3_0_0_, user0_.email as email4_0_0_, user0_.first_name as first_na5_0_0_, user0_.join_date as join_dat6_0_0_, user0_.last_name as last_nam7_0_0_, user0_.password as password8_0_0_, user0_.state as state9_0_0_, user0_.user_name as user_na10_0_0_, user0_.zipcode as zipcode11_0_0_ from users user0_ where user0_.id=? lock in share mode
[DEBUG] 2018-02-11 22:01:11.357 [main] QuerySpacesImpl - Adding QuerySpace : uid = <gen:0> -> org.hibernate.loader.plan.build.internal.spaces.EntityQuerySpaceImpl@199e4c2b]
[DEBUG] 2018-02-11 22:01:11.357 [main] MetamodelGraphWalker - Visiting attribute path : approved
[DEBUG] 2018-02-11 22:01:11.358 [main] MetamodelGraphWalker - Visiting attribute path : city
[DEBUG] 2018-02-11 22:01:11.358 [main] MetamodelGraphWalker - Visiting attribute path : email
[DEBUG] 2018-02-11 22:01:11.359 [main] MetamodelGraphWalker - Visiting attribute path : firstName
[DEBUG] 2018-02-11 22:01:11.361 [main] MetamodelGraphWalker - Visiting attribute path : joinDate
[DEBUG] 2018-02-11 22:01:11.374 [main] MetamodelGraphWalker - Visiting attribute path : lastName
[DEBUG] 2018-02-11 22:01:11.375 [main] MetamodelGraphWalker - Visiting attribute path : password
[DEBUG] 2018-02-11 22:01:11.375 [main] MetamodelGraphWalker - Visiting attribute path : state
[DEBUG] 2018-02-11 22:01:11.375 [main] MetamodelGraphWalker - Visiting attribute path : userName
[DEBUG] 2018-02-11 22:01:11.375 [main] MetamodelGraphWalker - Visiting attribute path : zipcode
[DEBUG] 2018-02-11 22:01:11.375 [main] FetchStyleLoadPlanBuildingAssociationVisitationStrategy - Building LoadPlan...
[DEBUG] 2018-02-11 22:01:11.376 [main] LoadQueryJoinAndFetchProcessor - processing queryspace <gen:0>
[DEBUG] 2018-02-11 22:01:11.380 [main] LoadPlanTreePrinter - LoadPlan(entity=entity.User)
    - Returns
       - EntityReturnImpl(entity=entity.User, querySpaceUid=<gen:0>, path=entity.User)
    - QuerySpaces
       - EntityQuerySpaceImpl(uid=<gen:0>, entity=entity.User)
          - SQL table alias mapping - user0_
          - alias suffix - 0_
          - suffixed key columns - {id1_0_0_}

[DEBUG] 2018-02-11 22:01:11.380 [main] EntityLoader - Static select for entity entity.User [PESSIMISTIC_WRITE]: select user0_.id as id1_0_0_, user0_.approved as approved2_0_0_, user0_.city as city3_0_0_, user0_.email as email4_0_0_, user0_.first_name as first_na5_0_0_, user0_.join_date as join_dat6_0_0_, user0_.last_name as last_nam7_0_0_, user0_.password as password8_0_0_, user0_.state as state9_0_0_, user0_.user_name as user_na10_0_0_, user0_.zipcode as zipcode11_0_0_ from users user0_ where user0_.id=? for update
[DEBUG] 2018-02-11 22:01:11.380 [main] QuerySpacesImpl - Adding QuerySpace : uid = <gen:0> -> org.hibernate.loader.plan.build.internal.spaces.EntityQuerySpaceImpl@64d7b720]
[DEBUG] 2018-02-11 22:01:11.381 [main] MetamodelGraphWalker - Visiting attribute path : approved
[DEBUG] 2018-02-11 22:01:11.381 [main] MetamodelGraphWalker - Visiting attribute path : city
[DEBUG] 2018-02-11 22:01:11.381 [main] MetamodelGraphWalker - Visiting attribute path : email
[DEBUG] 2018-02-11 22:01:11.381 [main] MetamodelGraphWalker - Visiting attribute path : firstName
[DEBUG] 2018-02-11 22:01:11.381 [main] MetamodelGraphWalker - Visiting attribute path : joinDate
[DEBUG] 2018-02-11 22:01:11.381 [main] MetamodelGraphWalker - Visiting attribute path : lastName
[DEBUG] 2018-02-11 22:01:11.381 [main] MetamodelGraphWalker - Visiting attribute path : password
[DEBUG] 2018-02-11 22:01:11.381 [main] MetamodelGraphWalker - Visiting attribute path : state
[DEBUG] 2018-02-11 22:01:11.382 [main] MetamodelGraphWalker - Visiting attribute path : userName
[DEBUG] 2018-02-11 22:01:11.382 [main] MetamodelGraphWalker - Visiting attribute path : zipcode
[DEBUG] 2018-02-11 22:01:11.382 [main] FetchStyleLoadPlanBuildingAssociationVisitationStrategy - Building LoadPlan...
[DEBUG] 2018-02-11 22:01:11.383 [main] LoadQueryJoinAndFetchProcessor - processing queryspace <gen:0>
[DEBUG] 2018-02-11 22:01:11.384 [main] LoadPlanTreePrinter - LoadPlan(entity=entity.User)
    - Returns
       - EntityReturnImpl(entity=entity.User, querySpaceUid=<gen:0>, path=entity.User)
    - QuerySpaces
       - EntityQuerySpaceImpl(uid=<gen:0>, entity=entity.User)
          - SQL table alias mapping - user0_
          - alias suffix - 0_
          - suffixed key columns - {id1_0_0_}

[DEBUG] 2018-02-11 22:01:11.384 [main] EntityLoader - Static select for entity entity.User [PESSIMISTIC_FORCE_INCREMENT]: select user0_.id as id1_0_0_, user0_.approved as approved2_0_0_, user0_.city as city3_0_0_, user0_.email as email4_0_0_, user0_.first_name as first_na5_0_0_, user0_.join_date as join_dat6_0_0_, user0_.last_name as last_nam7_0_0_, user0_.password as password8_0_0_, user0_.state as state9_0_0_, user0_.user_name as user_na10_0_0_, user0_.zipcode as zipcode11_0_0_ from users user0_ where user0_.id=? for update
[DEBUG] 2018-02-11 22:01:11.385 [main] QuerySpacesImpl - Adding QuerySpace : uid = <gen:0> -> org.hibernate.loader.plan.build.internal.spaces.EntityQuerySpaceImpl@5bb3d42d]
[DEBUG] 2018-02-11 22:01:11.385 [main] MetamodelGraphWalker - Visiting attribute path : approved
[DEBUG] 2018-02-11 22:01:11.385 [main] MetamodelGraphWalker - Visiting attribute path : city
[DEBUG] 2018-02-11 22:01:11.385 [main] MetamodelGraphWalker - Visiting attribute path : email
[DEBUG] 2018-02-11 22:01:11.386 [main] MetamodelGraphWalker - Visiting attribute path : firstName
[DEBUG] 2018-02-11 22:01:11.386 [main] MetamodelGraphWalker - Visiting attribute path : joinDate
[DEBUG] 2018-02-11 22:01:11.386 [main] MetamodelGraphWalker - Visiting attribute path : lastName
[DEBUG] 2018-02-11 22:01:11.386 [main] MetamodelGraphWalker - Visiting attribute path : password
[DEBUG] 2018-02-11 22:01:11.386 [main] MetamodelGraphWalker - Visiting attribute path : state
[DEBUG] 2018-02-11 22:01:11.386 [main] MetamodelGraphWalker - Visiting attribute path : userName
[DEBUG] 2018-02-11 22:01:11.386 [main] MetamodelGraphWalker - Visiting attribute path : zipcode
[DEBUG] 2018-02-11 22:01:11.386 [main] FetchStyleLoadPlanBuildingAssociationVisitationStrategy - Building LoadPlan...
[DEBUG] 2018-02-11 22:01:11.387 [main] LoadQueryJoinAndFetchProcessor - processing queryspace <gen:0>
[DEBUG] 2018-02-11 22:01:11.388 [main] LoadPlanTreePrinter - LoadPlan(entity=entity.User)
    - Returns
       - EntityReturnImpl(entity=entity.User, querySpaceUid=<gen:0>, path=entity.User)
    - QuerySpaces
       - EntityQuerySpaceImpl(uid=<gen:0>, entity=entity.User)
          - SQL table alias mapping - user0_
          - alias suffix - 0_
          - suffixed key columns - {id1_0_0_}

[DEBUG] 2018-02-11 22:01:11.388 [main] EntityLoader - Static select for entity entity.User [OPTIMISTIC]: select user0_.id as id1_0_0_, user0_.approved as approved2_0_0_, user0_.city as city3_0_0_, user0_.email as email4_0_0_, user0_.first_name as first_na5_0_0_, user0_.join_date as join_dat6_0_0_, user0_.last_name as last_nam7_0_0_, user0_.password as password8_0_0_, user0_.state as state9_0_0_, user0_.user_name as user_na10_0_0_, user0_.zipcode as zipcode11_0_0_ from users user0_ where user0_.id=?
[DEBUG] 2018-02-11 22:01:11.389 [main] QuerySpacesImpl - Adding QuerySpace : uid = <gen:0> -> org.hibernate.loader.plan.build.internal.spaces.EntityQuerySpaceImpl@2c1dc8e]
[DEBUG] 2018-02-11 22:01:11.389 [main] MetamodelGraphWalker - Visiting attribute path : approved
[DEBUG] 2018-02-11 22:01:11.389 [main] MetamodelGraphWalker - Visiting attribute path : city
[DEBUG] 2018-02-11 22:01:11.390 [main] MetamodelGraphWalker - Visiting attribute path : email
[DEBUG] 2018-02-11 22:01:11.390 [main] MetamodelGraphWalker - Visiting attribute path : firstName
[DEBUG] 2018-02-11 22:01:11.390 [main] MetamodelGraphWalker - Visiting attribute path : joinDate
[DEBUG] 2018-02-11 22:01:11.390 [main] MetamodelGraphWalker - Visiting attribute path : lastName
[DEBUG] 2018-02-11 22:01:11.390 [main] MetamodelGraphWalker - Visiting attribute path : password
[DEBUG] 2018-02-11 22:01:11.390 [main] MetamodelGraphWalker - Visiting attribute path : state
[DEBUG] 2018-02-11 22:01:11.390 [main] MetamodelGraphWalker - Visiting attribute path : userName
[DEBUG] 2018-02-11 22:01:11.390 [main] MetamodelGraphWalker - Visiting attribute path : zipcode
[DEBUG] 2018-02-11 22:01:11.392 [main] FetchStyleLoadPlanBuildingAssociationVisitationStrategy - Building LoadPlan...
[DEBUG] 2018-02-11 22:01:11.393 [main] LoadQueryJoinAndFetchProcessor - processing queryspace <gen:0>
[DEBUG] 2018-02-11 22:01:11.394 [main] LoadPlanTreePrinter - LoadPlan(entity=entity.User)
    - Returns
       - EntityReturnImpl(entity=entity.User, querySpaceUid=<gen:0>, path=entity.User)
    - QuerySpaces
       - EntityQuerySpaceImpl(uid=<gen:0>, entity=entity.User)
          - SQL table alias mapping - user0_
          - alias suffix - 0_
          - suffixed key columns - {id1_0_0_}

[DEBUG] 2018-02-11 22:01:11.394 [main] EntityLoader - Static select for entity entity.User [OPTIMISTIC_FORCE_INCREMENT]: select user0_.id as id1_0_0_, user0_.approved as approved2_0_0_, user0_.city as city3_0_0_, user0_.email as email4_0_0_, user0_.first_name as first_na5_0_0_, user0_.join_date as join_dat6_0_0_, user0_.last_name as last_nam7_0_0_, user0_.password as password8_0_0_, user0_.state as state9_0_0_, user0_.user_name as user_na10_0_0_, user0_.zipcode as zipcode11_0_0_ from users user0_ where user0_.id=?
[DEBUG] 2018-02-11 22:01:11.486 [main] Loader - Static select for action ACTION_MERGE on entity entity.User: select user0_.id as id1_0_0_, user0_.approved as approved2_0_0_, user0_.city as city3_0_0_, user0_.email as email4_0_0_, user0_.first_name as first_na5_0_0_, user0_.join_date as join_dat6_0_0_, user0_.last_name as last_nam7_0_0_, user0_.password as password8_0_0_, user0_.state as state9_0_0_, user0_.user_name as user_na10_0_0_, user0_.zipcode as zipcode11_0_0_ from users user0_ where user0_.id=?
[DEBUG] 2018-02-11 22:01:11.488 [main] Loader - Static select for action ACTION_REFRESH on entity entity.User: select user0_.id as id1_0_0_, user0_.approved as approved2_0_0_, user0_.city as city3_0_0_, user0_.email as email4_0_0_, user0_.first_name as first_na5_0_0_, user0_.join_date as join_dat6_0_0_, user0_.last_name as last_nam7_0_0_, user0_.password as password8_0_0_, user0_.state as state9_0_0_, user0_.user_name as user_na10_0_0_, user0_.zipcode as zipcode11_0_0_ from users user0_ where user0_.id=?
[DEBUG] 2018-02-11 22:01:11.611 [main] SchemaManagementToolCoordinator - No actions specified; doing nothing
[DEBUG] 2018-02-11 22:01:11.612 [main] JtaPlatformInitiator - No JtaPlatform was specified, checking resolver
[DEBUG] 2018-02-11 22:01:11.613 [main] JtaPlatformResolverInitiator - No JtaPlatformResolver was specified, using default [org.hibernate.engine.transaction.jta.platform.internal.StandardJtaPlatformResolver]
[DEBUG] 2018-02-11 22:01:11.625 [main] StandardJtaPlatformResolver - Could not resolve JtaPlatform, using default [org.hibernate.engine.transaction.jta.platform.internal.NoJtaPlatform]
[DEBUG] 2018-02-11 22:01:11.630 [main] NamedQueryRepository - Checking 0 named HQL queries
[DEBUG] 2018-02-11 22:01:11.630 [main] NamedQueryRepository - Checking 0 named SQL queries
[DEBUG] 2018-02-11 22:01:11.645 [main] SessionFactoryRegistry - Initializing SessionFactoryRegistry : org.hibernate.internal.SessionFactoryRegistry@150d80c4
[DEBUG] 2018-02-11 22:01:11.654 [main] SessionFactoryRegistry - Registering SessionFactory: b4ba947d-6d2a-4029-84a2-3813fedc8eaa (<unnamed>)
[DEBUG] 2018-02-11 22:01:11.655 [main] SessionFactoryRegistry - Not binding SessionFactory to JNDI, no JNDI name configured
[DEBUG] 2018-02-11 22:01:11.901 [main] StatisticsInitiator - Statistics initialized [enabled=false]
[DEBUG] 2018-02-11 22:01:11.953 [main] SQL - select user0_.id as id1_0_0_, user0_.approved as approved2_0_0_, user0_.city as city3_0_0_, user0_.email as email4_0_0_, user0_.first_name as first_na5_0_0_, user0_.join_date as join_dat6_0_0_, user0_.last_name as last_nam7_0_0_, user0_.password as password8_0_0_, user0_.state as state9_0_0_, user0_.user_name as user_na10_0_0_, user0_.zipcode as zipcode11_0_0_ from users user0_ where user0_.id=?
[DEBUG] 2018-02-11 22:01:12.045 [main] ResourceRegistryStandardImpl - HHH000387: ResultSet's statement was not registered
[DEBUG] 2018-02-11 22:01:12.046 [main] AbstractLoadPlanBasedEntityLoader - Done entity load : entity.User#3
[DEBUG] 2018-02-11 22:01:12.047 [main] LogicalConnectionManagedImpl - Initiating JDBC connection release from afterTransaction
[DEBUG] 2018-02-11 22:01:12.055 [main] TransactionImpl - begin
[DEBUG] 2018-02-11 22:01:12.187 [main] CriteriaQueryImpl - Rendered criteria query -> select generatedAlias0 from User as generatedAlias0 where generatedAlias0.lastName like :param0
[DEBUG] 2018-02-11 22:01:12.229 [main] QueryTranslatorFactoryInitiator - QueryTranslatorFactory : org.hibernate.hql.internal.ast.ASTQueryTranslatorFactory@7b44b63d
[INFO ] 2018-02-11 22:01:12.229 [main] QueryTranslatorFactoryInitiator - HHH000397: Using ASTQueryTranslatorFactory
[DEBUG] 2018-02-11 22:01:12.350 [main] QueryTranslatorImpl - parse() - HQL: select generatedAlias0 from entity.User as generatedAlias0 where generatedAlias0.lastName like :param0
[DEBUG] 2018-02-11 22:01:12.379 [main] ErrorCounter - throwQueryException() : no errors
[DEBUG] 2018-02-11 22:01:12.393 [main] QueryTranslatorImpl - --- HQL AST ---
 \-[QUERY] Node: 'query'
    +-[SELECT_FROM] Node: 'SELECT_FROM'
    |  +-[FROM] Node: 'from'
    |  |  \-[RANGE] Node: 'RANGE'
    |  |     +-[DOT] Node: '.'
    |  |     |  +-[IDENT] Node: 'entity'
    |  |     |  \-[IDENT] Node: 'User'
    |  |     \-[ALIAS] Node: 'generatedAlias0'
    |  \-[SELECT] Node: 'select'
    |     \-[IDENT] Node: 'generatedAlias0'
    \-[WHERE] Node: 'where'
       \-[LIKE] Node: 'like'
          +-[DOT] Node: '.'
          |  +-[IDENT] Node: 'generatedAlias0'
          |  \-[IDENT] Node: 'lastName'
          \-[COLON] Node: ':'
             \-[IDENT] Node: 'param0'

[DEBUG] 2018-02-11 22:01:12.494 [main] HqlSqlBaseWalker - select << begin [level=1, statement=select]
[DEBUG] 2018-02-11 22:01:12.538 [main] FromElement - FromClause{level=1} : entity.User (generatedAlias0) -> user0_
[DEBUG] 2018-02-11 22:01:12.541 [main] FromReferenceNode - Resolved : generatedAlias0 -> user0_.id
[DEBUG] 2018-02-11 22:01:12.550 [main] FromReferenceNode - Resolved : generatedAlias0 -> user0_.id
[DEBUG] 2018-02-11 22:01:12.553 [main] DotNode - getDataType() : lastName -> org.hibernate.type.StringType@49b2a47d
[DEBUG] 2018-02-11 22:01:12.555 [main] FromReferenceNode - Resolved : generatedAlias0.lastName -> user0_.last_name
[DEBUG] 2018-02-11 22:01:12.561 [main] HqlSqlBaseWalker - select : finishing up [level=1, statement=select]
[DEBUG] 2018-02-11 22:01:12.561 [main] HqlSqlWalker - processQuery() :  ( SELECT ( {select clause} user0_.id ) ( FromClause{level=1} users user0_ ) ( where ( like ( user0_.last_name user0_.id lastName ) ? ) ) )
[DEBUG] 2018-02-11 22:01:12.585 [main] JoinProcessor - Using FROM fragment [users user0_]
[DEBUG] 2018-02-11 22:01:12.586 [main] HqlSqlBaseWalker - select >> end [level=1, statement=select]
[DEBUG] 2018-02-11 22:01:12.588 [main] QueryTranslatorImpl - --- SQL AST ---
 \-[SELECT] QueryNode: 'SELECT'  querySpaces (users)
    +-[SELECT_CLAUSE] SelectClause: '{select clause}'
    |  +-[ALIAS_REF] IdentNode: 'user0_.id as id1_0_' {alias=generatedAlias0, className=entity.User, tableAlias=user0_}
    |  \-[SQL_TOKEN] SqlFragment: 'user0_.approved as approved2_0_, user0_.city as city3_0_, user0_.email as email4_0_, user0_.first_name as first_na5_0_, user0_.join_date as join_dat6_0_, user0_.last_name as last_nam7_0_, user0_.password as password8_0_, user0_.state as state9_0_, user0_.user_name as user_na10_0_, user0_.zipcode as zipcode11_0_'
    +-[FROM] FromClause: 'from' FromClause{level=1, fromElementCounter=1, fromElements=1, fromElementByClassAlias=[generatedAlias0], fromElementByTableAlias=[user0_], fromElementsByPath=[], collectionJoinFromElementsByPath=[], impliedElements=[]}
    |  \-[FROM_FRAGMENT] FromElement: 'users user0_' FromElement{explicit,not a collection join,not a fetch join,fetch non-lazy properties,classAlias=generatedAlias0,role=null,tableName=users,tableAlias=user0_,origin=null,columns={,className=entity.User}}
    \-[WHERE] SqlNode: 'where'
       \-[LIKE] BinaryLogicOperatorNode: 'like'
          +-[DOT] DotNode: 'user0_.last_name' {propertyName=lastName,dereferenceType=PRIMITIVE,getPropertyPath=lastName,path=generatedAlias0.lastName,tableAlias=user0_,className=entity.User,classAlias=generatedAlias0}
          |  +-[ALIAS_REF] IdentNode: 'user0_.id' {alias=generatedAlias0, className=entity.User, tableAlias=user0_}
          |  \-[IDENT] IdentNode: 'lastName' {originalText=lastName}
          \-[NAMED_PARAM] ParameterNode: '?' {name=param0, expectedType=org.hibernate.type.StringType@49b2a47d}

[DEBUG] 2018-02-11 22:01:12.588 [main] ErrorCounter - throwQueryException() : no errors
[DEBUG] 2018-02-11 22:01:12.603 [main] QueryTranslatorImpl - HQL: select generatedAlias0 from entity.User as generatedAlias0 where generatedAlias0.lastName like :param0
[DEBUG] 2018-02-11 22:01:12.603 [main] QueryTranslatorImpl - SQL: select user0_.id as id1_0_, user0_.approved as approved2_0_, user0_.city as city3_0_, user0_.email as email4_0_, user0_.first_name as first_na5_0_, user0_.join_date as join_dat6_0_, user0_.last_name as last_nam7_0_, user0_.password as password8_0_, user0_.state as state9_0_, user0_.user_name as user_na10_0_, user0_.zipcode as zipcode11_0_ from users user0_ where user0_.last_name like ?
[DEBUG] 2018-02-11 22:01:12.603 [main] ErrorCounter - throwQueryException() : no errors
[DEBUG] 2018-02-11 22:01:12.633 [main] SQL - select user0_.id as id1_0_, user0_.approved as approved2_0_, user0_.city as city3_0_, user0_.email as email4_0_, user0_.first_name as first_na5_0_, user0_.join_date as join_dat6_0_, user0_.last_name as last_nam7_0_, user0_.password as password8_0_, user0_.state as state9_0_, user0_.user_name as user_na10_0_, user0_.zipcode as zipcode11_0_ from users user0_ where user0_.last_name like ?
[DEBUG] 2018-02-11 22:01:12.650 [main] Loader - Result set row: 0
[DEBUG] 2018-02-11 22:01:12.659 [main] Loader - Result row: EntityKey[entity.User#1]
[DEBUG] 2018-02-11 22:01:12.679 [main] Loader - Result set row: 1
[DEBUG] 2018-02-11 22:01:12.680 [main] Loader - Result row: EntityKey[entity.User#4]
[DEBUG] 2018-02-11 22:01:12.681 [main] TwoPhaseLoad - Resolving associations for [entity.User#1]
[DEBUG] 2018-02-11 22:01:12.685 [main] TwoPhaseLoad - Done materializing entity [entity.User#1]
[DEBUG] 2018-02-11 22:01:12.685 [main] TwoPhaseLoad - Resolving associations for [entity.User#4]
[DEBUG] 2018-02-11 22:01:12.686 [main] TwoPhaseLoad - Done materializing entity [entity.User#4]
[DEBUG] 2018-02-11 22:01:12.690 [main] LogicalConnectionManagedImpl - Initiating JDBC connection release from afterTransaction
[DEBUG] 2018-02-11 22:01:12.710 [main] SQL - select user0_.id as id1_0_0_, user0_.approved as approved2_0_0_, user0_.city as city3_0_0_, user0_.email as email4_0_0_, user0_.first_name as first_na5_0_0_, user0_.join_date as join_dat6_0_0_, user0_.last_name as last_nam7_0_0_, user0_.password as password8_0_0_, user0_.state as state9_0_0_, user0_.user_name as user_na10_0_0_, user0_.zipcode as zipcode11_0_0_ from users user0_ where user0_.id=?
[DEBUG] 2018-02-11 22:01:12.714 [main] ResourceRegistryStandardImpl - HHH000387: ResultSet's statement was not registered
[DEBUG] 2018-02-11 22:01:12.715 [main] AbstractLoadPlanBasedEntityLoader - Done entity load : entity.User#3
[DEBUG] 2018-02-11 22:01:12.715 [main] LogicalConnectionManagedImpl - Initiating JDBC connection release from afterTransaction
[DEBUG] 2018-02-11 22:01:12.730 [main] SQL - select user0_.id as id1_0_0_, user0_.approved as approved2_0_0_, user0_.city as city3_0_0_, user0_.email as email4_0_0_, user0_.first_name as first_na5_0_0_, user0_.join_date as join_dat6_0_0_, user0_.last_name as last_nam7_0_0_, user0_.password as password8_0_0_, user0_.state as state9_0_0_, user0_.user_name as user_na10_0_0_, user0_.zipcode as zipcode11_0_0_ from users user0_ where user0_.id=?
[DEBUG] 2018-02-11 22:01:12.733 [main] ResourceRegistryStandardImpl - HHH000387: ResultSet's statement was not registered
[DEBUG] 2018-02-11 22:01:12.734 [main] AbstractLoadPlanBasedEntityLoader - Done entity load : entity.User#3
[DEBUG] 2018-02-11 22:01:12.734 [main] LogicalConnectionManagedImpl - Initiating JDBC connection release from afterTransaction
[DEBUG] 2018-02-11 22:01:12.746 [main] CriteriaQueryImpl - Rendered criteria query -> select generatedAlias0 from User as generatedAlias0
[DEBUG] 2018-02-11 22:01:12.748 [main] QueryTranslatorImpl - parse() - HQL: select generatedAlias0 from entity.User as generatedAlias0
[DEBUG] 2018-02-11 22:01:12.750 [main] ErrorCounter - throwQueryException() : no errors
[DEBUG] 2018-02-11 22:01:12.751 [main] QueryTranslatorImpl - --- HQL AST ---
 \-[QUERY] Node: 'query'
    \-[SELECT_FROM] Node: 'SELECT_FROM'
       +-[FROM] Node: 'from'
       |  \-[RANGE] Node: 'RANGE'
       |     +-[DOT] Node: '.'
       |     |  +-[IDENT] Node: 'entity'
       |     |  \-[IDENT] Node: 'User'
       |     \-[ALIAS] Node: 'generatedAlias0'
       \-[SELECT] Node: 'select'
          \-[IDENT] Node: 'generatedAlias0'

[DEBUG] 2018-02-11 22:01:12.752 [main] HqlSqlBaseWalker - select << begin [level=1, statement=select]
[DEBUG] 2018-02-11 22:01:12.752 [main] FromElement - FromClause{level=1} : entity.User (generatedAlias0) -> user0_
[DEBUG] 2018-02-11 22:01:12.753 [main] FromReferenceNode - Resolved : generatedAlias0 -> user0_.id
[DEBUG] 2018-02-11 22:01:12.754 [main] HqlSqlBaseWalker - select : finishing up [level=1, statement=select]
[DEBUG] 2018-02-11 22:01:12.754 [main] HqlSqlWalker - processQuery() :  ( SELECT ( {select clause} user0_.id ) ( FromClause{level=1} users user0_ ) )
[DEBUG] 2018-02-11 22:01:12.755 [main] JoinProcessor - Using FROM fragment [users user0_]
[DEBUG] 2018-02-11 22:01:12.755 [main] HqlSqlBaseWalker - select >> end [level=1, statement=select]
[DEBUG] 2018-02-11 22:01:12.756 [main] QueryTranslatorImpl - --- SQL AST ---
 \-[SELECT] QueryNode: 'SELECT'  querySpaces (users)
    +-[SELECT_CLAUSE] SelectClause: '{select clause}'
    |  +-[ALIAS_REF] IdentNode: 'user0_.id as id1_0_' {alias=generatedAlias0, className=entity.User, tableAlias=user0_}
    |  \-[SQL_TOKEN] SqlFragment: 'user0_.approved as approved2_0_, user0_.city as city3_0_, user0_.email as email4_0_, user0_.first_name as first_na5_0_, user0_.join_date as join_dat6_0_, user0_.last_name as last_nam7_0_, user0_.password as password8_0_, user0_.state as state9_0_, user0_.user_name as user_na10_0_, user0_.zipcode as zipcode11_0_'
    \-[FROM] FromClause: 'from' FromClause{level=1, fromElementCounter=1, fromElements=1, fromElementByClassAlias=[generatedAlias0], fromElementByTableAlias=[user0_], fromElementsByPath=[], collectionJoinFromElementsByPath=[], impliedElements=[]}
       \-[FROM_FRAGMENT] FromElement: 'users user0_' FromElement{explicit,not a collection join,not a fetch join,fetch non-lazy properties,classAlias=generatedAlias0,role=null,tableName=users,tableAlias=user0_,origin=null,columns={,className=entity.User}}

[DEBUG] 2018-02-11 22:01:12.756 [main] ErrorCounter - throwQueryException() : no errors
[DEBUG] 2018-02-11 22:01:12.757 [main] QueryTranslatorImpl - HQL: select generatedAlias0 from entity.User as generatedAlias0
[DEBUG] 2018-02-11 22:01:12.757 [main] QueryTranslatorImpl - SQL: select user0_.id as id1_0_, user0_.approved as approved2_0_, user0_.city as city3_0_, user0_.email as email4_0_, user0_.first_name as first_na5_0_, user0_.join_date as join_dat6_0_, user0_.last_name as last_nam7_0_, user0_.password as password8_0_, user0_.state as state9_0_, user0_.user_name as user_na10_0_, user0_.zipcode as zipcode11_0_ from users user0_
[DEBUG] 2018-02-11 22:01:12.757 [main] ErrorCounter - throwQueryException() : no errors
[DEBUG] 2018-02-11 22:01:12.759 [main] SQL - select user0_.id as id1_0_, user0_.approved as approved2_0_, user0_.city as city3_0_, user0_.email as email4_0_, user0_.first_name as first_na5_0_, user0_.join_date as join_dat6_0_, user0_.last_name as last_nam7_0_, user0_.password as password8_0_, user0_.state as state9_0_, user0_.user_name as user_na10_0_, user0_.zipcode as zipcode11_0_ from users user0_
[DEBUG] 2018-02-11 22:01:12.769 [main] Loader - Result set row: 0
[DEBUG] 2018-02-11 22:01:12.771 [main] Loader - Result row: EntityKey[entity.User#1]
[DEBUG] 2018-02-11 22:01:12.772 [main] Loader - Result set row: 1
[DEBUG] 2018-02-11 22:01:12.773 [main] Loader - Result row: EntityKey[entity.User#2]
[DEBUG] 2018-02-11 22:01:12.775 [main] Loader - Result set row: 2
[DEBUG] 2018-02-11 22:01:12.775 [main] Loader - Result row: EntityKey[entity.User#4]
[DEBUG] 2018-02-11 22:01:12.776 [main] Loader - Result set row: 3
[DEBUG] 2018-02-11 22:01:12.776 [main] Loader - Result row: EntityKey[entity.User#5]
[DEBUG] 2018-02-11 22:01:12.777 [main] Loader - Result set row: 4
[DEBUG] 2018-02-11 22:01:12.778 [main] Loader - Result row: EntityKey[entity.User#6]
[DEBUG] 2018-02-11 22:01:12.795 [main] Loader - Result set row: 5
[DEBUG] 2018-02-11 22:01:12.795 [main] Loader - Result row: EntityKey[entity.User#12]
[DEBUG] 2018-02-11 22:01:12.797 [main] TwoPhaseLoad - Resolving associations for [entity.User#1]
[DEBUG] 2018-02-11 22:01:12.797 [main] TwoPhaseLoad - Done materializing entity [entity.User#1]
[DEBUG] 2018-02-11 22:01:12.798 [main] TwoPhaseLoad - Resolving associations for [entity.User#2]
[DEBUG] 2018-02-11 22:01:12.798 [main] TwoPhaseLoad - Done materializing entity [entity.User#2]
[DEBUG] 2018-02-11 22:01:12.798 [main] TwoPhaseLoad - Resolving associations for [entity.User#4]
[DEBUG] 2018-02-11 22:01:12.799 [main] TwoPhaseLoad - Done materializing entity [entity.User#4]
[DEBUG] 2018-02-11 22:01:12.799 [main] TwoPhaseLoad - Resolving associations for [entity.User#5]
[DEBUG] 2018-02-11 22:01:12.799 [main] TwoPhaseLoad - Done materializing entity [entity.User#5]
[DEBUG] 2018-02-11 22:01:12.800 [main] TwoPhaseLoad - Resolving associations for [entity.User#6]
[DEBUG] 2018-02-11 22:01:12.800 [main] TwoPhaseLoad - Done materializing entity [entity.User#6]
[DEBUG] 2018-02-11 22:01:12.800 [main] TwoPhaseLoad - Resolving associations for [entity.User#12]
[DEBUG] 2018-02-11 22:01:12.801 [main] TwoPhaseLoad - Done materializing entity [entity.User#12]
[DEBUG] 2018-02-11 22:01:12.801 [main] LogicalConnectionManagedImpl - Initiating JDBC connection release from afterTransaction
[DEBUG] 2018-02-11 22:01:12.817 [main] TransactionImpl - begin
[DEBUG] 2018-02-11 22:01:12.837 [main] ActionQueue - Executing identity-insert immediately
[DEBUG] 2018-02-11 22:01:12.841 [main] SQL - insert into users (approved, city, email, first_name, join_date, last_name, password, state, user_name, zipcode) values (?, ?, ?, ?, ?, ?, ?, ?, ?, ?)
[DEBUG] 2018-02-11 22:01:12.872 [main] IdentifierGeneratorHelper - Natively generated identity: 13
[DEBUG] 2018-02-11 22:01:12.872 [main] ResourceRegistryStandardImpl - HHH000387: ResultSet's statement was not registered
[DEBUG] 2018-02-11 22:01:13.065 [main] TransactionImpl - committing
[DEBUG] 2018-02-11 22:01:13.067 [main] AbstractFlushingEventListener - Processing flush-time cascades
[DEBUG] 2018-02-11 22:01:13.068 [main] AbstractFlushingEventListener - Dirty checking collections
[DEBUG] 2018-02-11 22:01:13.072 [main] AbstractFlushingEventListener - Flushed: 0 insertions, 0 updates, 0 deletions to 1 objects
[DEBUG] 2018-02-11 22:01:13.073 [main] AbstractFlushingEventListener - Flushed: 0 (re)creations, 0 updates, 0 removals to 0 collections
[DEBUG] 2018-02-11 22:01:13.075 [main] EntityPrinter - Listing entities:
[DEBUG] 2018-02-11 22:01:13.076 [main] EntityPrinter - entity.User{zipcode=53704, firstName=Fred, lastName=Flintstone, approved=0, password=supersecure, joinDate=1968-01-01, city=Madison, id=13, state=Wisconsin, userName=fflintstone, email=ff@madison.com}
[DEBUG] 2018-02-11 22:01:13.101 [main] LogicalConnectionManagedImpl - Initiating JDBC connection release from afterTransaction
[DEBUG] 2018-02-11 22:01:13.103 [main] LogicalConnectionManagedImpl - Initiating JDBC connection release from afterTransaction
[DEBUG] 2018-02-11 22:01:13.107 [main] SQL - select user0_.id as id1_0_0_, user0_.approved as approved2_0_0_, user0_.city as city3_0_0_, user0_.email as email4_0_0_, user0_.first_name as first_na5_0_0_, user0_.join_date as join_dat6_0_0_, user0_.last_name as last_nam7_0_0_, user0_.password as password8_0_0_, user0_.state as state9_0_0_, user0_.user_name as user_na10_0_0_, user0_.zipcode as zipcode11_0_0_ from users user0_ where user0_.id=?
[DEBUG] 2018-02-11 22:01:13.110 [main] ResultSetProcessorImpl - Starting ResultSet row #0
[DEBUG] 2018-02-11 22:01:13.113 [main] EntityReferenceInitializerImpl - On call to EntityIdentifierReaderImpl#resolve, EntityKey was already known; should only happen on root returns with an optional identifier specified
[DEBUG] 2018-02-11 22:01:13.117 [main] TwoPhaseLoad - Resolving associations for [entity.User#13]
[DEBUG] 2018-02-11 22:01:13.117 [main] TwoPhaseLoad - Done materializing entity [entity.User#13]
[DEBUG] 2018-02-11 22:01:13.117 [main] ResourceRegistryStandardImpl - HHH000387: ResultSet's statement was not registered
[DEBUG] 2018-02-11 22:01:13.118 [main] AbstractLoadPlanBasedEntityLoader - Done entity load : entity.User#13
[DEBUG] 2018-02-11 22:01:13.118 [main] LogicalConnectionManagedImpl - Initiating JDBC connection release from afterTransaction
