[DEBUG] 2018-02-05 20:22:47.683 [main] IntegratorServiceImpl - Adding Integrator [org.hibernate.cfg.beanvalidation.BeanValidationIntegrator].
[DEBUG] 2018-02-05 20:22:47.696 [main] IntegratorServiceImpl - Adding Integrator [org.hibernate.secure.spi.JaccIntegrator].
[DEBUG] 2018-02-05 20:22:47.704 [main] IntegratorServiceImpl - Adding Integrator [org.hibernate.cache.internal.CollectionCacheInvalidator].
[INFO ] 2018-02-05 20:22:47.856 [main] Version - HHH000412: Hibernate Core {5.2.12.Final}
[INFO ] 2018-02-05 20:22:47.859 [main] Environment - HHH000206: hibernate.properties not found
[DEBUG] 2018-02-05 20:22:47.915 [main] LocalXmlResourceResolver - Interpreting public/system identifier : [-//Hibernate/Hibernate Configuration DTD//EN] - [http://www.hibernate.org/dtd/hibernate-configuration-3.0.dtd]
[DEBUG] 2018-02-05 20:22:47.916 [main] LocalXmlResourceResolver - Recognized hibernate-configuration identifier; attempting to resolve on classpath under org/hibernate/
[DEBUG] 2018-02-05 20:22:47.926 [main] JaxbCfgProcessor - cfg.xml document did not define namespaces; wrapping in custom event reader to introduce namespace information
[DEBUG] 2018-02-05 20:22:48.287 [main] ServiceBinding - Overriding existing service binding [org.hibernate.secure.spi.JaccService]
[DEBUG] 2018-02-05 20:22:48.327 [main] RegionFactoryInitiator - Cache region factory : org.hibernate.cache.internal.NoCachingRegionFactory
[INFO ] 2018-02-05 20:22:48.358 [main] Version - HCANN000001: Hibernate Commons Annotations {5.0.1.Final}
[DEBUG] 2018-02-05 20:22:48.410 [main] BasicTypeRegistry - Adding type registration boolean -> org.hibernate.type.BooleanType@68746f22
[DEBUG] 2018-02-05 20:22:48.410 [main] BasicTypeRegistry - Adding type registration boolean -> org.hibernate.type.BooleanType@68746f22
[DEBUG] 2018-02-05 20:22:48.411 [main] BasicTypeRegistry - Adding type registration java.lang.Boolean -> org.hibernate.type.BooleanType@68746f22
[DEBUG] 2018-02-05 20:22:48.413 [main] BasicTypeRegistry - Adding type registration numeric_boolean -> org.hibernate.type.NumericBooleanType@2eea88a1
[DEBUG] 2018-02-05 20:22:48.416 [main] BasicTypeRegistry - Adding type registration true_false -> org.hibernate.type.TrueFalseType@2c78324b
[DEBUG] 2018-02-05 20:22:48.417 [main] BasicTypeRegistry - Adding type registration yes_no -> org.hibernate.type.YesNoType@4e0ae11f
[DEBUG] 2018-02-05 20:22:48.421 [main] BasicTypeRegistry - Adding type registration byte -> org.hibernate.type.ByteType@38af9828
[DEBUG] 2018-02-05 20:22:48.422 [main] BasicTypeRegistry - Adding type registration byte -> org.hibernate.type.ByteType@38af9828
[DEBUG] 2018-02-05 20:22:48.422 [main] BasicTypeRegistry - Adding type registration java.lang.Byte -> org.hibernate.type.ByteType@38af9828
[DEBUG] 2018-02-05 20:22:48.424 [main] BasicTypeRegistry - Adding type registration character -> org.hibernate.type.CharacterType@34129c78
[DEBUG] 2018-02-05 20:22:48.425 [main] BasicTypeRegistry - Adding type registration char -> org.hibernate.type.CharacterType@34129c78
[DEBUG] 2018-02-05 20:22:48.425 [main] BasicTypeRegistry - Adding type registration java.lang.Character -> org.hibernate.type.CharacterType@34129c78
[DEBUG] 2018-02-05 20:22:48.429 [main] BasicTypeRegistry - Adding type registration short -> org.hibernate.type.ShortType@7283d3eb
[DEBUG] 2018-02-05 20:22:48.429 [main] BasicTypeRegistry - Adding type registration short -> org.hibernate.type.ShortType@7283d3eb
[DEBUG] 2018-02-05 20:22:48.430 [main] BasicTypeRegistry - Adding type registration java.lang.Short -> org.hibernate.type.ShortType@7283d3eb
[DEBUG] 2018-02-05 20:22:48.432 [main] BasicTypeRegistry - Adding type registration integer -> org.hibernate.type.IntegerType@47c81abf
[DEBUG] 2018-02-05 20:22:48.433 [main] BasicTypeRegistry - Adding type registration int -> org.hibernate.type.IntegerType@47c81abf
[DEBUG] 2018-02-05 20:22:48.433 [main] BasicTypeRegistry - Adding type registration java.lang.Integer -> org.hibernate.type.IntegerType@47c81abf
[DEBUG] 2018-02-05 20:22:48.436 [main] BasicTypeRegistry - Adding type registration long -> org.hibernate.type.LongType@33f676f6
[DEBUG] 2018-02-05 20:22:48.437 [main] BasicTypeRegistry - Adding type registration long -> org.hibernate.type.LongType@33f676f6
[DEBUG] 2018-02-05 20:22:48.437 [main] BasicTypeRegistry - Adding type registration java.lang.Long -> org.hibernate.type.LongType@33f676f6
[DEBUG] 2018-02-05 20:22:48.441 [main] BasicTypeRegistry - Adding type registration float -> org.hibernate.type.FloatType@1169afe1
[DEBUG] 2018-02-05 20:22:48.441 [main] BasicTypeRegistry - Adding type registration float -> org.hibernate.type.FloatType@1169afe1
[DEBUG] 2018-02-05 20:22:48.441 [main] BasicTypeRegistry - Adding type registration java.lang.Float -> org.hibernate.type.FloatType@1169afe1
[DEBUG] 2018-02-05 20:22:48.444 [main] BasicTypeRegistry - Adding type registration double -> org.hibernate.type.DoubleType@72d6b3ba
[DEBUG] 2018-02-05 20:22:48.445 [main] BasicTypeRegistry - Adding type registration double -> org.hibernate.type.DoubleType@72d6b3ba
[DEBUG] 2018-02-05 20:22:48.445 [main] BasicTypeRegistry - Adding type registration java.lang.Double -> org.hibernate.type.DoubleType@72d6b3ba
[DEBUG] 2018-02-05 20:22:48.449 [main] BasicTypeRegistry - Adding type registration big_decimal -> org.hibernate.type.BigDecimalType@478db956
[DEBUG] 2018-02-05 20:22:48.450 [main] BasicTypeRegistry - Adding type registration java.math.BigDecimal -> org.hibernate.type.BigDecimalType@478db956
[DEBUG] 2018-02-05 20:22:48.454 [main] BasicTypeRegistry - Adding type registration big_integer -> org.hibernate.type.BigIntegerType@1b410b60
[DEBUG] 2018-02-05 20:22:48.454 [main] BasicTypeRegistry - Adding type registration java.math.BigInteger -> org.hibernate.type.BigIntegerType@1b410b60
[DEBUG] 2018-02-05 20:22:48.457 [main] BasicTypeRegistry - Adding type registration string -> org.hibernate.type.StringType@456d6c1e
[DEBUG] 2018-02-05 20:22:48.458 [main] BasicTypeRegistry - Adding type registration java.lang.String -> org.hibernate.type.StringType@456d6c1e
[DEBUG] 2018-02-05 20:22:48.461 [main] BasicTypeRegistry - Adding type registration nstring -> org.hibernate.type.StringNVarcharType@6f8e8894
[DEBUG] 2018-02-05 20:22:48.463 [main] BasicTypeRegistry - Adding type registration ncharacter -> org.hibernate.type.CharacterNCharType@471a9022
[DEBUG] 2018-02-05 20:22:48.466 [main] BasicTypeRegistry - Adding type registration url -> org.hibernate.type.UrlType@4b2c5e02
[DEBUG] 2018-02-05 20:22:48.466 [main] BasicTypeRegistry - Adding type registration java.net.URL -> org.hibernate.type.UrlType@4b2c5e02
[DEBUG] 2018-02-05 20:22:48.469 [main] BasicTypeRegistry - Adding type registration Duration -> org.hibernate.type.DurationType@6531a794
[DEBUG] 2018-02-05 20:22:48.470 [main] BasicTypeRegistry - Adding type registration java.time.Duration -> org.hibernate.type.DurationType@6531a794
[DEBUG] 2018-02-05 20:22:48.506 [main] BasicTypeRegistry - Adding type registration Instant -> org.hibernate.type.InstantType@205d38da
[DEBUG] 2018-02-05 20:22:48.506 [main] BasicTypeRegistry - Adding type registration java.time.Instant -> org.hibernate.type.InstantType@205d38da
[DEBUG] 2018-02-05 20:22:48.511 [main] BasicTypeRegistry - Adding type registration LocalDateTime -> org.hibernate.type.LocalDateTimeType@48b67364
[DEBUG] 2018-02-05 20:22:48.511 [main] BasicTypeRegistry - Adding type registration java.time.LocalDateTime -> org.hibernate.type.LocalDateTimeType@48b67364
[DEBUG] 2018-02-05 20:22:48.516 [main] BasicTypeRegistry - Adding type registration LocalDate -> org.hibernate.type.LocalDateType@72ef8d15
[DEBUG] 2018-02-05 20:22:48.519 [main] BasicTypeRegistry - Adding type registration java.time.LocalDate -> org.hibernate.type.LocalDateType@72ef8d15
[DEBUG] 2018-02-05 20:22:48.524 [main] BasicTypeRegistry - Adding type registration LocalTime -> org.hibernate.type.LocalTimeType@3fce8fd9
[DEBUG] 2018-02-05 20:22:48.525 [main] BasicTypeRegistry - Adding type registration java.time.LocalTime -> org.hibernate.type.LocalTimeType@3fce8fd9
[DEBUG] 2018-02-05 20:22:48.529 [main] BasicTypeRegistry - Adding type registration OffsetDateTime -> org.hibernate.type.OffsetDateTimeType@23202fce
[DEBUG] 2018-02-05 20:22:48.530 [main] BasicTypeRegistry - Adding type registration java.time.OffsetDateTime -> org.hibernate.type.OffsetDateTimeType@23202fce
[DEBUG] 2018-02-05 20:22:48.535 [main] BasicTypeRegistry - Adding type registration OffsetTime -> org.hibernate.type.OffsetTimeType@7f284218
[DEBUG] 2018-02-05 20:22:48.535 [main] BasicTypeRegistry - Adding type registration java.time.OffsetTime -> org.hibernate.type.OffsetTimeType@7f284218
[DEBUG] 2018-02-05 20:22:48.547 [main] BasicTypeRegistry - Adding type registration ZonedDateTime -> org.hibernate.type.ZonedDateTimeType@2e32ccc5
[DEBUG] 2018-02-05 20:22:48.548 [main] BasicTypeRegistry - Adding type registration java.time.ZonedDateTime -> org.hibernate.type.ZonedDateTimeType@2e32ccc5
[DEBUG] 2018-02-05 20:22:48.552 [main] BasicTypeRegistry - Adding type registration date -> org.hibernate.type.DateType@895e367
[DEBUG] 2018-02-05 20:22:48.553 [main] BasicTypeRegistry - Adding type registration java.sql.Date -> org.hibernate.type.DateType@895e367
[DEBUG] 2018-02-05 20:22:48.556 [main] BasicTypeRegistry - Adding type registration time -> org.hibernate.type.TimeType@4dd6fd0a
[DEBUG] 2018-02-05 20:22:48.557 [main] BasicTypeRegistry - Adding type registration java.sql.Time -> org.hibernate.type.TimeType@4dd6fd0a
[DEBUG] 2018-02-05 20:22:48.560 [main] BasicTypeRegistry - Adding type registration timestamp -> org.hibernate.type.TimestampType@589da3f3
[DEBUG] 2018-02-05 20:22:48.561 [main] BasicTypeRegistry - Adding type registration java.sql.Timestamp -> org.hibernate.type.TimestampType@589da3f3
[DEBUG] 2018-02-05 20:22:48.561 [main] BasicTypeRegistry - Adding type registration java.util.Date -> org.hibernate.type.TimestampType@589da3f3
[DEBUG] 2018-02-05 20:22:48.565 [main] BasicTypeRegistry - Adding type registration dbtimestamp -> org.hibernate.type.DbTimestampType@6736fa8d
[DEBUG] 2018-02-05 20:22:48.567 [main] BasicTypeRegistry - Adding type registration calendar -> org.hibernate.type.CalendarType@14a50707
[DEBUG] 2018-02-05 20:22:48.576 [main] BasicTypeRegistry - Adding type registration java.util.Calendar -> org.hibernate.type.CalendarType@14a50707
[DEBUG] 2018-02-05 20:22:48.577 [main] BasicTypeRegistry - Adding type registration java.util.GregorianCalendar -> org.hibernate.type.CalendarType@14a50707
[DEBUG] 2018-02-05 20:22:48.579 [main] BasicTypeRegistry - Adding type registration calendar_date -> org.hibernate.type.CalendarDateType@e3c0e40
[DEBUG] 2018-02-05 20:22:48.581 [main] BasicTypeRegistry - Adding type registration locale -> org.hibernate.type.LocaleType@11d8ae8b
[DEBUG] 2018-02-05 20:22:48.581 [main] BasicTypeRegistry - Adding type registration java.util.Locale -> org.hibernate.type.LocaleType@11d8ae8b
[DEBUG] 2018-02-05 20:22:48.583 [main] BasicTypeRegistry - Adding type registration currency -> org.hibernate.type.CurrencyType@5d43661b
[DEBUG] 2018-02-05 20:22:48.584 [main] BasicTypeRegistry - Adding type registration java.util.Currency -> org.hibernate.type.CurrencyType@5d43661b
[DEBUG] 2018-02-05 20:22:48.585 [main] BasicTypeRegistry - Adding type registration timezone -> org.hibernate.type.TimeZoneType@1c39680d
[DEBUG] 2018-02-05 20:22:48.586 [main] BasicTypeRegistry - Adding type registration java.util.TimeZone -> org.hibernate.type.TimeZoneType@1c39680d
[DEBUG] 2018-02-05 20:22:48.587 [main] BasicTypeRegistry - Adding type registration class -> org.hibernate.type.ClassType@266374ef
[DEBUG] 2018-02-05 20:22:48.587 [main] BasicTypeRegistry - Adding type registration java.lang.Class -> org.hibernate.type.ClassType@266374ef
[DEBUG] 2018-02-05 20:22:48.653 [main] BasicTypeRegistry - Adding type registration uuid-binary -> org.hibernate.type.UUIDBinaryType@4e07b95f
[DEBUG] 2018-02-05 20:22:48.654 [main] BasicTypeRegistry - Adding type registration java.util.UUID -> org.hibernate.type.UUIDBinaryType@4e07b95f
[DEBUG] 2018-02-05 20:22:48.655 [main] BasicTypeRegistry - Adding type registration uuid-char -> org.hibernate.type.UUIDCharType@3b79fd76
[DEBUG] 2018-02-05 20:22:48.657 [main] BasicTypeRegistry - Adding type registration binary -> org.hibernate.type.BinaryType@1863d2fe
[DEBUG] 2018-02-05 20:22:48.657 [main] BasicTypeRegistry - Adding type registration byte[] -> org.hibernate.type.BinaryType@1863d2fe
[DEBUG] 2018-02-05 20:22:48.657 [main] BasicTypeRegistry - Adding type registration [B -> org.hibernate.type.BinaryType@1863d2fe
[DEBUG] 2018-02-05 20:22:48.659 [main] BasicTypeRegistry - Adding type registration wrapper-binary -> org.hibernate.type.WrapperBinaryType@797b0699
[DEBUG] 2018-02-05 20:22:48.659 [main] BasicTypeRegistry - Adding type registration Byte[] -> org.hibernate.type.WrapperBinaryType@797b0699
[DEBUG] 2018-02-05 20:22:48.659 [main] BasicTypeRegistry - Adding type registration [Ljava.lang.Byte; -> org.hibernate.type.WrapperBinaryType@797b0699
[DEBUG] 2018-02-05 20:22:48.661 [main] BasicTypeRegistry - Adding type registration row_version -> org.hibernate.type.RowVersionType@f14a7d4
[DEBUG] 2018-02-05 20:22:48.662 [main] BasicTypeRegistry - Adding type registration image -> org.hibernate.type.ImageType@42a15bdc
[DEBUG] 2018-02-05 20:22:48.664 [main] BasicTypeRegistry - Adding type registration characters -> org.hibernate.type.CharArrayType@4f704591
[DEBUG] 2018-02-05 20:22:48.664 [main] BasicTypeRegistry - Adding type registration char[] -> org.hibernate.type.CharArrayType@4f704591
[DEBUG] 2018-02-05 20:22:48.664 [main] BasicTypeRegistry - Adding type registration [C -> org.hibernate.type.CharArrayType@4f704591
[DEBUG] 2018-02-05 20:22:48.666 [main] BasicTypeRegistry - Adding type registration wrapper-characters -> org.hibernate.type.CharacterArrayType@379614be
[DEBUG] 2018-02-05 20:22:48.666 [main] BasicTypeRegistry - Adding type registration [Ljava.lang.Character; -> org.hibernate.type.CharacterArrayType@379614be
[DEBUG] 2018-02-05 20:22:48.667 [main] BasicTypeRegistry - Adding type registration Character[] -> org.hibernate.type.CharacterArrayType@379614be
[DEBUG] 2018-02-05 20:22:48.668 [main] BasicTypeRegistry - Adding type registration text -> org.hibernate.type.TextType@1bab8268
[DEBUG] 2018-02-05 20:22:48.669 [main] BasicTypeRegistry - Adding type registration ntext -> org.hibernate.type.NTextType@658c5a19
[DEBUG] 2018-02-05 20:22:48.680 [main] BasicTypeRegistry - Adding type registration blob -> org.hibernate.type.BlobType@57ad2aa7
[DEBUG] 2018-02-05 20:22:48.680 [main] BasicTypeRegistry - Adding type registration java.sql.Blob -> org.hibernate.type.BlobType@57ad2aa7
[DEBUG] 2018-02-05 20:22:48.681 [main] BasicTypeRegistry - Adding type registration materialized_blob -> org.hibernate.type.MaterializedBlobType@398dada8
[DEBUG] 2018-02-05 20:22:48.687 [main] BasicTypeRegistry - Adding type registration clob -> org.hibernate.type.ClobType@31920ade
[DEBUG] 2018-02-05 20:22:48.688 [main] BasicTypeRegistry - Adding type registration java.sql.Clob -> org.hibernate.type.ClobType@31920ade
[DEBUG] 2018-02-05 20:22:48.694 [main] BasicTypeRegistry - Adding type registration nclob -> org.hibernate.type.NClobType@78aa1f72
[DEBUG] 2018-02-05 20:22:48.694 [main] BasicTypeRegistry - Adding type registration java.sql.NClob -> org.hibernate.type.NClobType@78aa1f72
[DEBUG] 2018-02-05 20:22:48.695 [main] BasicTypeRegistry - Adding type registration materialized_clob -> org.hibernate.type.MaterializedClobType@4b7dc788
[DEBUG] 2018-02-05 20:22:48.697 [main] BasicTypeRegistry - Adding type registration materialized_nclob -> org.hibernate.type.MaterializedNClobType@2812b107
[DEBUG] 2018-02-05 20:22:48.699 [main] BasicTypeRegistry - Adding type registration serializable -> org.hibernate.type.SerializableType@5117dd67
[DEBUG] 2018-02-05 20:22:48.704 [main] BasicTypeRegistry - Adding type registration object -> org.hibernate.type.ObjectType@7e19ebf0
[DEBUG] 2018-02-05 20:22:48.704 [main] BasicTypeRegistry - Adding type registration java.lang.Object -> org.hibernate.type.ObjectType@7e19ebf0
[DEBUG] 2018-02-05 20:22:48.705 [main] BasicTypeRegistry - Adding type registration imm_date -> org.hibernate.type.AdaptedImmutableType@3406472c
[DEBUG] 2018-02-05 20:22:48.705 [main] BasicTypeRegistry - Adding type registration imm_time -> org.hibernate.type.AdaptedImmutableType@5717c37
[DEBUG] 2018-02-05 20:22:48.705 [main] BasicTypeRegistry - Adding type registration imm_timestamp -> org.hibernate.type.AdaptedImmutableType@68f4865
[DEBUG] 2018-02-05 20:22:48.706 [main] BasicTypeRegistry - Adding type registration imm_dbtimestamp -> org.hibernate.type.AdaptedImmutableType@4816278d
[DEBUG] 2018-02-05 20:22:48.706 [main] BasicTypeRegistry - Adding type registration imm_calendar -> org.hibernate.type.AdaptedImmutableType@4eaf3684
[DEBUG] 2018-02-05 20:22:48.706 [main] BasicTypeRegistry - Adding type registration imm_calendar_date -> org.hibernate.type.AdaptedImmutableType@40317ba2
[DEBUG] 2018-02-05 20:22:48.706 [main] BasicTypeRegistry - Adding type registration imm_binary -> org.hibernate.type.AdaptedImmutableType@3c01cfa1
[DEBUG] 2018-02-05 20:22:48.706 [main] BasicTypeRegistry - Adding type registration imm_serializable -> org.hibernate.type.AdaptedImmutableType@45d2ade3
[INFO ] 2018-02-05 20:22:48.722 [main] C3P0ConnectionProvider - HHH010002: C3P0 using driver: com.mysql.jdbc.Driver at URL: jdbc:mysql://localhost:3306/test_used_computers
[INFO ] 2018-02-05 20:22:48.723 [main] C3P0ConnectionProvider - HHH10001001: Connection properties: {user=root, password=****}
[INFO ] 2018-02-05 20:22:48.723 [main] C3P0ConnectionProvider - HHH10001003: Autocommit mode: false
[INFO ] 2018-02-05 20:22:49.005 [main] C3P0ConnectionProvider - HHH10001007: JDBC isolation level: <unknown>
[DEBUG] 2018-02-05 20:22:49.845 [main] JdbcEnvironmentInitiator - Database ->
       name : MySQL
    version : 5.7.21-0ubuntu0.16.04.1
      major : 5
      minor : 7
[DEBUG] 2018-02-05 20:22:49.847 [main] JdbcEnvironmentInitiator - Driver ->
       name : MySQL Connector Java
    version : mysql-connector-java-5.1.39 ( Revision: 3289a357af6d09ecc1a10fd3c26e95183e5790ad )
      major : 5
      minor : 1
[DEBUG] 2018-02-05 20:22:49.847 [main] JdbcEnvironmentInitiator - JDBC version : 4.0
[INFO ] 2018-02-05 20:22:49.881 [main] Dialect - HHH000400: Using dialect: org.hibernate.dialect.MySQL5Dialect
[DEBUG] 2018-02-05 20:22:49.980 [main] IdentifierHelperBuilder - JDBC driver metadata reported database stores quoted identifiers in more than one case
[DEBUG] 2018-02-05 20:22:49.984 [main] IdentifierHelperBuilder - IdentifierCaseStrategy for both quoted and unquoted identifiers was set to the same strategy [MIXED]; that will likely lead to problems in schema update and validation if using quoted identifiers
[DEBUG] 2018-02-05 20:22:50.113 [main] DefaultIdentifierGeneratorFactory - Registering IdentifierGenerator strategy [uuid2] -> [org.hibernate.id.UUIDGenerator]
[DEBUG] 2018-02-05 20:22:50.114 [main] DefaultIdentifierGeneratorFactory - Registering IdentifierGenerator strategy [guid] -> [org.hibernate.id.GUIDGenerator]
[DEBUG] 2018-02-05 20:22:50.116 [main] DefaultIdentifierGeneratorFactory - Registering IdentifierGenerator strategy [uuid] -> [org.hibernate.id.UUIDHexGenerator]
[DEBUG] 2018-02-05 20:22:50.117 [main] DefaultIdentifierGeneratorFactory - Registering IdentifierGenerator strategy [uuid.hex] -> [org.hibernate.id.UUIDHexGenerator]
[DEBUG] 2018-02-05 20:22:50.118 [main] DefaultIdentifierGeneratorFactory - Registering IdentifierGenerator strategy [assigned] -> [org.hibernate.id.Assigned]
[DEBUG] 2018-02-05 20:22:50.121 [main] DefaultIdentifierGeneratorFactory - Registering IdentifierGenerator strategy [identity] -> [org.hibernate.id.IdentityGenerator]
[DEBUG] 2018-02-05 20:22:50.122 [main] DefaultIdentifierGeneratorFactory - Registering IdentifierGenerator strategy [select] -> [org.hibernate.id.SelectGenerator]
[DEBUG] 2018-02-05 20:22:50.125 [main] DefaultIdentifierGeneratorFactory - Registering IdentifierGenerator strategy [sequence] -> [org.hibernate.id.enhanced.SequenceStyleGenerator]
[DEBUG] 2018-02-05 20:22:50.128 [main] DefaultIdentifierGeneratorFactory - Registering IdentifierGenerator strategy [seqhilo] -> [org.hibernate.id.SequenceHiLoGenerator]
[DEBUG] 2018-02-05 20:22:50.129 [main] DefaultIdentifierGeneratorFactory - Registering IdentifierGenerator strategy [increment] -> [org.hibernate.id.IncrementGenerator]
[DEBUG] 2018-02-05 20:22:50.131 [main] DefaultIdentifierGeneratorFactory - Registering IdentifierGenerator strategy [foreign] -> [org.hibernate.id.ForeignGenerator]
[DEBUG] 2018-02-05 20:22:50.132 [main] DefaultIdentifierGeneratorFactory - Registering IdentifierGenerator strategy [sequence-identity] -> [org.hibernate.id.SequenceIdentityGenerator]
[DEBUG] 2018-02-05 20:22:50.133 [main] DefaultIdentifierGeneratorFactory - Registering IdentifierGenerator strategy [enhanced-sequence] -> [org.hibernate.id.enhanced.SequenceStyleGenerator]
[DEBUG] 2018-02-05 20:22:50.135 [main] DefaultIdentifierGeneratorFactory - Registering IdentifierGenerator strategy [enhanced-table] -> [org.hibernate.id.enhanced.TableGenerator]
[DEBUG] 2018-02-05 20:22:50.208 [main] Namespace - Created database namespace [logicalName=Name{catalog=null, schema=null}, physicalName=Name{catalog=null, schema=null}]
[DEBUG] 2018-02-05 20:22:50.260 [main] AnnotationBinder - Binding entity from annotated class: entity.User
[DEBUG] 2018-02-05 20:22:50.295 [main] Ejb3Column - Binding column: Ejb3DiscriminatorColumn{logicalColumnName'DTYPE', discriminatorTypeName='string'}
[DEBUG] 2018-02-05 20:22:50.305 [main] EntityBinder - Import with entity name User
[DEBUG] 2018-02-05 20:22:50.310 [main] EntityBinder - Bind entity entity.User on table users
[DEBUG] 2018-02-05 20:22:50.363 [main] Ejb3Column - Binding column: Ejb3Column{table=org.hibernate.mapping.Table(users), mappingColumn=id, insertable=true, updatable=true, unique=false}
[DEBUG] 2018-02-05 20:22:50.371 [main] PropertyBinder - MetadataSourceProcessor property id with lazy=false
[DEBUG] 2018-02-05 20:22:50.375 [main] AbstractPropertyHolder - Attempting to locate auto-apply AttributeConverter for property [entity.User:id]
[DEBUG] 2018-02-05 20:22:50.378 [main] SimpleValueBinder - building SimpleValue for id
[DEBUG] 2018-02-05 20:22:50.383 [main] PropertyBinder - Building property id
[DEBUG] 2018-02-05 20:22:50.398 [main] Ejb3Column - Binding column: Ejb3Column{table=org.hibernate.mapping.Table(users), mappingColumn=approved, insertable=true, updatable=true, unique=false}
[DEBUG] 2018-02-05 20:22:50.398 [main] PropertyBinder - MetadataSourceProcessor property approved with lazy=false
[DEBUG] 2018-02-05 20:22:50.399 [main] AbstractPropertyHolder - Attempting to locate auto-apply AttributeConverter for property [entity.User:approved]
[DEBUG] 2018-02-05 20:22:50.399 [main] SimpleValueBinder - building SimpleValue for approved
[DEBUG] 2018-02-05 20:22:50.399 [main] PropertyBinder - Building property approved
[DEBUG] 2018-02-05 20:22:50.401 [main] Ejb3Column - Binding column: Ejb3Column{table=org.hibernate.mapping.Table(users), mappingColumn=city, insertable=true, updatable=true, unique=false}
[DEBUG] 2018-02-05 20:22:50.401 [main] PropertyBinder - MetadataSourceProcessor property city with lazy=false
[DEBUG] 2018-02-05 20:22:50.401 [main] AbstractPropertyHolder - Attempting to locate auto-apply AttributeConverter for property [entity.User:city]
[DEBUG] 2018-02-05 20:22:50.402 [main] SimpleValueBinder - building SimpleValue for city
[DEBUG] 2018-02-05 20:22:50.402 [main] PropertyBinder - Building property city
[DEBUG] 2018-02-05 20:22:50.402 [main] Ejb3Column - Binding column: Ejb3Column{table=org.hibernate.mapping.Table(users), mappingColumn=first_name, insertable=true, updatable=true, unique=false}
[DEBUG] 2018-02-05 20:22:50.403 [main] PropertyBinder - MetadataSourceProcessor property firstName with lazy=false
[DEBUG] 2018-02-05 20:22:50.403 [main] AbstractPropertyHolder - Attempting to locate auto-apply AttributeConverter for property [entity.User:firstName]
[DEBUG] 2018-02-05 20:22:50.403 [main] SimpleValueBinder - building SimpleValue for firstName
[DEBUG] 2018-02-05 20:22:50.404 [main] PropertyBinder - Building property firstName
[DEBUG] 2018-02-05 20:22:50.404 [main] Ejb3Column - Binding column: Ejb3Column{table=org.hibernate.mapping.Table(users), mappingColumn=join_date, insertable=true, updatable=true, unique=false}
[DEBUG] 2018-02-05 20:22:50.405 [main] PropertyBinder - MetadataSourceProcessor property joinDate with lazy=false
[DEBUG] 2018-02-05 20:22:50.406 [main] AbstractPropertyHolder - Attempting to locate auto-apply AttributeConverter for property [entity.User:joinDate]
[DEBUG] 2018-02-05 20:22:50.406 [main] SimpleValueBinder - building SimpleValue for joinDate
[DEBUG] 2018-02-05 20:22:50.406 [main] PropertyBinder - Building property joinDate
[DEBUG] 2018-02-05 20:22:50.407 [main] Ejb3Column - Binding column: Ejb3Column{table=org.hibernate.mapping.Table(users), mappingColumn=last_name, insertable=true, updatable=true, unique=false}
[DEBUG] 2018-02-05 20:22:50.407 [main] PropertyBinder - MetadataSourceProcessor property lastName with lazy=false
[DEBUG] 2018-02-05 20:22:50.407 [main] AbstractPropertyHolder - Attempting to locate auto-apply AttributeConverter for property [entity.User:lastName]
[DEBUG] 2018-02-05 20:22:50.408 [main] SimpleValueBinder - building SimpleValue for lastName
[DEBUG] 2018-02-05 20:22:50.408 [main] PropertyBinder - Building property lastName
[DEBUG] 2018-02-05 20:22:50.409 [main] Ejb3Column - Binding column: Ejb3Column{table=org.hibernate.mapping.Table(users), mappingColumn=password, insertable=true, updatable=true, unique=false}
[DEBUG] 2018-02-05 20:22:50.409 [main] PropertyBinder - MetadataSourceProcessor property password with lazy=false
[DEBUG] 2018-02-05 20:22:50.410 [main] AbstractPropertyHolder - Attempting to locate auto-apply AttributeConverter for property [entity.User:password]
[DEBUG] 2018-02-05 20:22:50.410 [main] SimpleValueBinder - building SimpleValue for password
[DEBUG] 2018-02-05 20:22:50.410 [main] PropertyBinder - Building property password
[DEBUG] 2018-02-05 20:22:50.411 [main] Ejb3Column - Binding column: Ejb3Column{table=org.hibernate.mapping.Table(users), mappingColumn=state, insertable=true, updatable=true, unique=false}
[DEBUG] 2018-02-05 20:22:50.411 [main] PropertyBinder - MetadataSourceProcessor property state with lazy=false
[DEBUG] 2018-02-05 20:22:50.412 [main] AbstractPropertyHolder - Attempting to locate auto-apply AttributeConverter for property [entity.User:state]
[DEBUG] 2018-02-05 20:22:50.412 [main] SimpleValueBinder - building SimpleValue for state
[DEBUG] 2018-02-05 20:22:50.412 [main] PropertyBinder - Building property state
[DEBUG] 2018-02-05 20:22:50.413 [main] Ejb3Column - Binding column: Ejb3Column{table=org.hibernate.mapping.Table(users), mappingColumn=user_name, insertable=true, updatable=true, unique=false}
[DEBUG] 2018-02-05 20:22:50.413 [main] PropertyBinder - MetadataSourceProcessor property userName with lazy=false
[DEBUG] 2018-02-05 20:22:50.413 [main] AbstractPropertyHolder - Attempting to locate auto-apply AttributeConverter for property [entity.User:userName]
[DEBUG] 2018-02-05 20:22:50.414 [main] SimpleValueBinder - building SimpleValue for userName
[DEBUG] 2018-02-05 20:22:50.414 [main] PropertyBinder - Building property userName
[DEBUG] 2018-02-05 20:22:50.414 [main] Ejb3Column - Binding column: Ejb3Column{table=org.hibernate.mapping.Table(users), mappingColumn=zipcode, insertable=true, updatable=true, unique=false}
[DEBUG] 2018-02-05 20:22:50.415 [main] PropertyBinder - MetadataSourceProcessor property zipcode with lazy=false
[DEBUG] 2018-02-05 20:22:50.415 [main] AbstractPropertyHolder - Attempting to locate auto-apply AttributeConverter for property [entity.User:zipcode]
[DEBUG] 2018-02-05 20:22:50.415 [main] SimpleValueBinder - building SimpleValue for zipcode
[DEBUG] 2018-02-05 20:22:50.416 [main] PropertyBinder - Building property zipcode
[DEBUG] 2018-02-05 20:22:50.419 [main] SimpleValueBinder - Starting fillSimpleValue for id
[DEBUG] 2018-02-05 20:22:50.420 [main] SimpleValueBinder - Starting fillSimpleValue for approved
[DEBUG] 2018-02-05 20:22:50.420 [main] SimpleValueBinder - Starting fillSimpleValue for city
[DEBUG] 2018-02-05 20:22:50.420 [main] SimpleValueBinder - Starting fillSimpleValue for firstName
[DEBUG] 2018-02-05 20:22:50.420 [main] SimpleValueBinder - Starting fillSimpleValue for joinDate
[DEBUG] 2018-02-05 20:22:50.421 [main] SimpleValueBinder - Starting fillSimpleValue for lastName
[DEBUG] 2018-02-05 20:22:50.421 [main] SimpleValueBinder - Starting fillSimpleValue for password
[DEBUG] 2018-02-05 20:22:50.421 [main] SimpleValueBinder - Starting fillSimpleValue for state
[DEBUG] 2018-02-05 20:22:50.421 [main] SimpleValueBinder - Starting fillSimpleValue for userName
[DEBUG] 2018-02-05 20:22:50.421 [main] SimpleValueBinder - Starting fillSimpleValue for zipcode
[DEBUG] 2018-02-05 20:22:50.425 [main] PrimaryKey - Forcing column [id] to be non-null as it is part of the primary key for table [users]
[DEBUG] 2018-02-05 20:22:50.494 [main] SessionFactoryImpl - Building session factory
[DEBUG] 2018-02-05 20:22:50.497 [main] Settings - SessionFactory name : null
[DEBUG] 2018-02-05 20:22:50.497 [main] Settings - Automatic flush during beforeCompletion(): enabled
[DEBUG] 2018-02-05 20:22:50.497 [main] Settings - Automatic session close at end of transaction: disabled
[DEBUG] 2018-02-05 20:22:50.498 [main] Settings - Statistics: disabled
[DEBUG] 2018-02-05 20:22:50.498 [main] Settings - Deleted entity synthetic identifier rollback: disabled
[DEBUG] 2018-02-05 20:22:50.498 [main] Settings - Default entity-mode: pojo
[DEBUG] 2018-02-05 20:22:50.498 [main] Settings - Check Nullability in Core (should be disabled when Bean Validation is on): enabled
[DEBUG] 2018-02-05 20:22:50.498 [main] Settings - Allow initialization of lazy state outside session : disabled
[DEBUG] 2018-02-05 20:22:50.498 [main] Settings - Using BatchFetchStyle : LEGACY
[DEBUG] 2018-02-05 20:22:50.498 [main] Settings - Default batch fetch size: -1
[DEBUG] 2018-02-05 20:22:50.499 [main] Settings - Maximum outer join fetch depth: 2
[DEBUG] 2018-02-05 20:22:50.499 [main] Settings - Default null ordering: NONE
[DEBUG] 2018-02-05 20:22:50.499 [main] Settings - Order SQL updates by primary key: disabled
[DEBUG] 2018-02-05 20:22:50.499 [main] Settings - Order SQL inserts for batching: disabled
[DEBUG] 2018-02-05 20:22:50.499 [main] Settings - multi-tenancy strategy : NONE
[DEBUG] 2018-02-05 20:22:50.499 [main] Settings - JTA Track by Thread: enabled
[DEBUG] 2018-02-05 20:22:50.500 [main] Settings - Query language substitutions: {}
[DEBUG] 2018-02-05 20:22:50.500 [main] Settings - JPA query language strict compliance: disabled
[DEBUG] 2018-02-05 20:22:50.500 [main] Settings - Named query checking : enabled
[DEBUG] 2018-02-05 20:22:50.500 [main] Settings - Second-level cache: enabled
[DEBUG] 2018-02-05 20:22:50.500 [main] Settings - Second-level query cache: disabled
[DEBUG] 2018-02-05 20:22:50.500 [main] Settings - Second-level query cache factory: org.hibernate.cache.internal.StandardQueryCacheFactory@184497d1
[DEBUG] 2018-02-05 20:22:50.501 [main] Settings - Second-level cache region prefix: null
[DEBUG] 2018-02-05 20:22:50.501 [main] Settings - Optimize second-level cache for minimal puts: disabled
[DEBUG] 2018-02-05 20:22:50.501 [main] Settings - Structured second-level cache entries: disabled
[DEBUG] 2018-02-05 20:22:50.501 [main] Settings - Second-level cache direct-reference entries: disabled
[DEBUG] 2018-02-05 20:22:50.501 [main] Settings - Automatic eviction of collection cache: disabled
[DEBUG] 2018-02-05 20:22:50.501 [main] Settings - JDBC batch size: 15
[DEBUG] 2018-02-05 20:22:50.501 [main] Settings - JDBC batch updates for versioned data: enabled
[DEBUG] 2018-02-05 20:22:50.501 [main] Settings - Scrollable result sets: enabled
[DEBUG] 2018-02-05 20:22:50.502 [main] Settings - Wrap result sets: disabled
[DEBUG] 2018-02-05 20:22:50.502 [main] Settings - JDBC3 getGeneratedKeys(): enabled
[DEBUG] 2018-02-05 20:22:50.502 [main] Settings - JDBC result set fetch size: null
[DEBUG] 2018-02-05 20:22:50.502 [main] Settings - Connection release mode: AFTER_TRANSACTION
[DEBUG] 2018-02-05 20:22:50.502 [main] Settings - Generate SQL with comments: disabled
[DEBUG] 2018-02-05 20:22:50.650 [main] SessionFactoryImpl - Session factory constructed with filter configurations : {}
[DEBUG] 2018-02-05 20:22:50.650 [main] SessionFactoryImpl - Instantiating session factory with properties: {sun.desktop=gnome, awt.toolkit=sun.awt.X11.XToolkit, file.encoding.pkg=sun.io, java.specification.version=1.8, hibernate.c3p0.idle_test_period=3000, sun.cpu.isalist=, sun.jnu.encoding=UTF-8, hibernate.c3p0.min_size=5, java.class.path=/home/osamah/IdeaProjects/usedComputersWebSite/target/test-classes:/home/osamah/IdeaProjects/usedComputersWebSite/target/classes:/home/osamah/.m2/repository/org/junit/jupiter/junit-jupiter-engine/5.0.0/junit-jupiter-engine-5.0.0.jar:/home/osamah/.m2/repository/org/apiguardian/apiguardian-api/1.0.0/apiguardian-api-1.0.0.jar:/home/osamah/.m2/repository/org/junit/platform/junit-platform-engine/1.0.0/junit-platform-engine-1.0.0.jar:/home/osamah/.m2/repository/org/junit/platform/junit-platform-commons/1.0.0/junit-platform-commons-1.0.0.jar:/home/osamah/.m2/repository/org/opentest4j/opentest4j/1.0.0/opentest4j-1.0.0.jar:/home/osamah/.m2/repository/org/junit/jupiter/junit-jupiter-api/5.0.0/junit-jupiter-api-5.0.0.jar:/home/osamah/.m2/repository/junit/junit/4.12/junit-4.12.jar:/home/osamah/.m2/repository/org/hamcrest/hamcrest-core/1.3/hamcrest-core-1.3.jar:/home/osamah/.m2/repository/org/junit/platform/junit-platform-runner/1.0.0/junit-platform-runner-1.0.0.jar:/home/osamah/.m2/repository/org/junit/platform/junit-platform-launcher/1.0.0/junit-platform-launcher-1.0.0.jar:/home/osamah/.m2/repository/org/junit/platform/junit-platform-suite-api/1.0.0/junit-platform-suite-api-1.0.0.jar:/home/osamah/.m2/repository/org/junit/vintage/junit-vintage-engine/4.12.0/junit-vintage-engine-4.12.0.jar:/home/osamah/.m2/repository/javax/javaee-web-api/7.0/javaee-web-api-7.0.jar:/home/osamah/.m2/repository/org/apache/logging/log4j/log4j-api/2.10.0/log4j-api-2.10.0.jar:/home/osamah/.m2/repository/org/apache/logging/log4j/log4j-core/2.10.0/log4j-core-2.10.0.jar:/home/osamah/.m2/repository/org/hibernate/hibernate-core/5.2.12.Final/hibernate-core-5.2.12.Final.jar:/home/osamah/.m2/repository/org/jboss/logging/jboss-logging/3.3.0.Final/jboss-logging-3.3.0.Final.jar:/home/osamah/.m2/repository/org/hibernate/javax/persistence/hibernate-jpa-2.1-api/1.0.0.Final/hibernate-jpa-2.1-api-1.0.0.Final.jar:/home/osamah/.m2/repository/org/javassist/javassist/3.20.0-GA/javassist-3.20.0-GA.jar:/home/osamah/.m2/repository/antlr/antlr/2.7.7/antlr-2.7.7.jar:/home/osamah/.m2/repository/org/jboss/spec/javax/transaction/jboss-transaction-api_1.2_spec/1.0.1.Final/jboss-transaction-api_1.2_spec-1.0.1.Final.jar:/home/osamah/.m2/repository/org/jboss/jandex/2.0.3.Final/jandex-2.0.3.Final.jar:/home/osamah/.m2/repository/com/fasterxml/classmate/1.3.0/classmate-1.3.0.jar:/home/osamah/.m2/repository/dom4j/dom4j/1.6.1/dom4j-1.6.1.jar:/home/osamah/.m2/repository/org/hibernate/common/hibernate-commons-annotations/5.0.1.Final/hibernate-commons-annotations-5.0.1.Final.jar:/home/osamah/.m2/repository/org/hibernate/hibernate-c3p0/5.2.12.Final/hibernate-c3p0-5.2.12.Final.jar:/home/osamah/.m2/repository/com/mchange/c3p0/0.9.5.2/c3p0-0.9.5.2.jar:/home/osamah/.m2/repository/com/mchange/mchange-commons-java/0.2.11/mchange-commons-java-0.2.11.jar:/home/osamah/.m2/repository/mysql/mysql-connector-java/5.1.39/mysql-connector-java-5.1.39.jar:/home/osamah/.m2/repository/jstl/jstl/1.2/jstl-1.2.jar:, java.vm.vendor=Oracle Corporation, sun.arch.data.model=64, java.vendor.url=http://java.oracle.com/, user.timezone=America/Chicago, os.name=Linux, java.vm.specification.version=1.8, user.country=US, sun.java.launcher=SUN_STANDARD, sun.boot.library.path=/usr/lib/jvm/java-8-oracle/jre/lib/amd64, sun.java.command=/home/osamah/IdeaProjects/usedComputersWebSite/target/surefire/surefirebooter2679292624019786546.jar /home/osamah/IdeaProjects/usedComputersWebSite/target/surefire/surefire96830287904795770tmp /home/osamah/IdeaProjects/usedComputersWebSite/target/surefire/surefire_09180645389795674000tmp, surefire.test.class.path=/home/osamah/IdeaProjects/usedComputersWebSite/target/test-classes:/home/osamah/IdeaProjects/usedComputersWebSite/target/classes:/home/osamah/.m2/repository/org/junit/jupiter/junit-jupiter-engine/5.0.0/junit-jupiter-engine-5.0.0.jar:/home/osamah/.m2/repository/org/apiguardian/apiguardian-api/1.0.0/apiguardian-api-1.0.0.jar:/home/osamah/.m2/repository/org/junit/platform/junit-platform-engine/1.0.0/junit-platform-engine-1.0.0.jar:/home/osamah/.m2/repository/org/junit/platform/junit-platform-commons/1.0.0/junit-platform-commons-1.0.0.jar:/home/osamah/.m2/repository/org/opentest4j/opentest4j/1.0.0/opentest4j-1.0.0.jar:/home/osamah/.m2/repository/org/junit/jupiter/junit-jupiter-api/5.0.0/junit-jupiter-api-5.0.0.jar:/home/osamah/.m2/repository/junit/junit/4.12/junit-4.12.jar:/home/osamah/.m2/repository/org/hamcrest/hamcrest-core/1.3/hamcrest-core-1.3.jar:/home/osamah/.m2/repository/org/junit/platform/junit-platform-runner/1.0.0/junit-platform-runner-1.0.0.jar:/home/osamah/.m2/repository/org/junit/platform/junit-platform-launcher/1.0.0/junit-platform-launcher-1.0.0.jar:/home/osamah/.m2/repository/org/junit/platform/junit-platform-suite-api/1.0.0/junit-platform-suite-api-1.0.0.jar:/home/osamah/.m2/repository/org/junit/vintage/junit-vintage-engine/4.12.0/junit-vintage-engine-4.12.0.jar:/home/osamah/.m2/repository/javax/javaee-web-api/7.0/javaee-web-api-7.0.jar:/home/osamah/.m2/repository/org/apache/logging/log4j/log4j-api/2.10.0/log4j-api-2.10.0.jar:/home/osamah/.m2/repository/org/apache/logging/log4j/log4j-core/2.10.0/log4j-core-2.10.0.jar:/home/osamah/.m2/repository/org/hibernate/hibernate-core/5.2.12.Final/hibernate-core-5.2.12.Final.jar:/home/osamah/.m2/repository/org/jboss/logging/jboss-logging/3.3.0.Final/jboss-logging-3.3.0.Final.jar:/home/osamah/.m2/repository/org/hibernate/javax/persistence/hibernate-jpa-2.1-api/1.0.0.Final/hibernate-jpa-2.1-api-1.0.0.Final.jar:/home/osamah/.m2/repository/org/javassist/javassist/3.20.0-GA/javassist-3.20.0-GA.jar:/home/osamah/.m2/repository/antlr/antlr/2.7.7/antlr-2.7.7.jar:/home/osamah/.m2/repository/org/jboss/spec/javax/transaction/jboss-transaction-api_1.2_spec/1.0.1.Final/jboss-transaction-api_1.2_spec-1.0.1.Final.jar:/home/osamah/.m2/repository/org/jboss/jandex/2.0.3.Final/jandex-2.0.3.Final.jar:/home/osamah/.m2/repository/com/fasterxml/classmate/1.3.0/classmate-1.3.0.jar:/home/osamah/.m2/repository/dom4j/dom4j/1.6.1/dom4j-1.6.1.jar:/home/osamah/.m2/repository/org/hibernate/common/hibernate-commons-annotations/5.0.1.Final/hibernate-commons-annotations-5.0.1.Final.jar:/home/osamah/.m2/repository/org/hibernate/hibernate-c3p0/5.2.12.Final/hibernate-c3p0-5.2.12.Final.jar:/home/osamah/.m2/repository/com/mchange/c3p0/0.9.5.2/c3p0-0.9.5.2.jar:/home/osamah/.m2/repository/com/mchange/mchange-commons-java/0.2.11/mchange-commons-java-0.2.11.jar:/home/osamah/.m2/repository/mysql/mysql-connector-java/5.1.39/mysql-connector-java-5.1.39.jar:/home/osamah/.m2/repository/jstl/jstl/1.2/jstl-1.2.jar:, sun.cpu.endian=little, hibernate.c3p0.max_statements=50, user.home=/home/osamah, user.language=en, java.specification.vendor=Oracle Corporation, java.home=/usr/lib/jvm/java-8-oracle/jre, basedir=/home/osamah/IdeaProjects/usedComputersWebSite, file.separator=/, line.separator=
, hibernate.c3p0.timeout=300, java.vm.specification.vendor=Oracle Corporation, java.specification.name=Java Platform API Specification, java.awt.graphicsenv=sun.awt.X11GraphicsEnvironment, surefire.real.class.path=/home/osamah/IdeaProjects/usedComputersWebSite/target/surefire/surefirebooter2679292624019786546.jar, sun.boot.class.path=/usr/lib/jvm/java-8-oracle/jre/lib/resources.jar:/usr/lib/jvm/java-8-oracle/jre/lib/rt.jar:/usr/lib/jvm/java-8-oracle/jre/lib/sunrsasign.jar:/usr/lib/jvm/java-8-oracle/jre/lib/jsse.jar:/usr/lib/jvm/java-8-oracle/jre/lib/jce.jar:/usr/lib/jvm/java-8-oracle/jre/lib/charsets.jar:/usr/lib/jvm/java-8-oracle/jre/lib/jfr.jar:/usr/lib/jvm/java-8-oracle/jre/classes, connection.password=student, sun.management.compiler=HotSpot 64-Bit Tiered Compilers, hibernate.c3p0.max_size=20, java.runtime.version=1.8.0_161-b12, user.name=osamah, path.separator=:, hibernate.connection.username=root, os.version=4.13.0-32-generic, java.endorsed.dirs=/usr/lib/jvm/java-8-oracle/jre/lib/endorsed, java.runtime.name=Java(TM) SE Runtime Environment, hibernate.connection.url=jdbc:mysql://localhost:3306/test_used_computers, file.encoding=UTF-8, java.vm.name=Java HotSpot(TM) 64-Bit Server VM, localRepository=/home/osamah/.m2/repository, hibernate.connection.driver_class=com.mysql.jdbc.Driver, java.vendor.url.bug=http://bugreport.sun.com/bugreport/, java.io.tmpdir=/tmp, idea.version=2017.3.4, java.version=1.8.0_161, user.dir=/home/osamah/IdeaProjects/usedComputersWebSite, os.arch=amd64, connection.username=root, java.vm.specification.name=Java Virtual Machine Specification, hibernate.connection.password=****, java.awt.printerjob=sun.print.PSPrinterJob, sun.os.patch.level=unknown, connection.driver_class=com.mysql.jdbc.Driver, hibernate.boot.CfgXmlAccessService.key=org.hibernate.boot.cfgxml.spi.LoadedConfig@7cc586a8, java.library.path=/usr/java/packages/lib/amd64:/usr/lib64:/lib64:/lib:/usr/lib, java.vm.info=mixed mode, java.vendor=Oracle Corporation, java.vm.version=25.161-b12, hibernate.bytecode.use_reflection_optimizer=false, java.ext.dirs=/usr/lib/jvm/java-8-oracle/jre/lib/ext:/usr/java/packages/lib/ext, sun.io.unicode.encoding=UnicodeLittle, connection.url=jdbc:mysql://localhost:3306/test_used_computers, java.class.version=52.0}
[DEBUG] 2018-02-05 20:22:50.702 [main] TypeSafeActivator - Unable to acquire Bean Validation ValidatorFactory, skipping activation
[DEBUG] 2018-02-05 20:22:50.702 [main] JaccIntegrator - Skipping JACC integration as it was not enabled
[DEBUG] 2018-02-05 20:22:50.707 [main] SessionFactoryImpl - Instantiated session factory
[DEBUG] 2018-02-05 20:22:50.817 [main] ClassLoaderAccessImpl - Not known whether passed class name [entity.User] is safe
[DEBUG] 2018-02-05 20:22:50.817 [main] ClassLoaderAccessImpl - No temp ClassLoader provided; using live ClassLoader for loading potentially unsafe class : entity.User
[DEBUG] 2018-02-05 20:22:50.850 [main] ClassLoaderAccessImpl - Not known whether passed class name [entity.User] is safe
[DEBUG] 2018-02-05 20:22:50.850 [main] ClassLoaderAccessImpl - No temp ClassLoader provided; using live ClassLoader for loading potentially unsafe class : entity.User
[DEBUG] 2018-02-05 20:22:50.984 [main] AbstractEntityPersister - Static SQL for entity: entity.User
[DEBUG] 2018-02-05 20:22:50.984 [main] AbstractEntityPersister -  Version select: select id from users where id =?
[DEBUG] 2018-02-05 20:22:50.985 [main] AbstractEntityPersister -  Snapshot select: select user_.id, user_.approved as approved2_0_, user_.city as city3_0_, user_.first_name as first_na4_0_, user_.join_date as join_dat5_0_, user_.last_name as last_nam6_0_, user_.password as password7_0_, user_.state as state8_0_, user_.user_name as user_nam9_0_, user_.zipcode as zipcode10_0_ from users user_ where user_.id=?
[DEBUG] 2018-02-05 20:22:50.985 [main] AbstractEntityPersister -  Insert 0: insert into users (approved, city, first_name, join_date, last_name, password, state, user_name, zipcode, id) values (?, ?, ?, ?, ?, ?, ?, ?, ?, ?)
[DEBUG] 2018-02-05 20:22:50.985 [main] AbstractEntityPersister -  Update 0: update users set approved=?, city=?, first_name=?, join_date=?, last_name=?, password=?, state=?, user_name=?, zipcode=? where id=?
[DEBUG] 2018-02-05 20:22:50.985 [main] AbstractEntityPersister -  Delete 0: delete from users where id=?
[DEBUG] 2018-02-05 20:22:50.985 [main] AbstractEntityPersister -  Identity insert: insert into users (approved, city, first_name, join_date, last_name, password, state, user_name, zipcode) values (?, ?, ?, ?, ?, ?, ?, ?, ?)
[DEBUG] 2018-02-05 20:22:51.018 [main] QuerySpacesImpl - Adding QuerySpace : uid = <gen:0> -> org.hibernate.loader.plan.build.internal.spaces.EntityQuerySpaceImpl@9fecdf1]
[DEBUG] 2018-02-05 20:22:51.020 [main] MetamodelGraphWalker - Visiting attribute path : approved
[DEBUG] 2018-02-05 20:22:51.020 [main] MetamodelGraphWalker - Visiting attribute path : city
[DEBUG] 2018-02-05 20:22:51.020 [main] MetamodelGraphWalker - Visiting attribute path : firstName
[DEBUG] 2018-02-05 20:22:51.020 [main] MetamodelGraphWalker - Visiting attribute path : joinDate
[DEBUG] 2018-02-05 20:22:51.020 [main] MetamodelGraphWalker - Visiting attribute path : lastName
[DEBUG] 2018-02-05 20:22:51.021 [main] MetamodelGraphWalker - Visiting attribute path : password
[DEBUG] 2018-02-05 20:22:51.021 [main] MetamodelGraphWalker - Visiting attribute path : state
[DEBUG] 2018-02-05 20:22:51.021 [main] MetamodelGraphWalker - Visiting attribute path : userName
[DEBUG] 2018-02-05 20:22:51.021 [main] MetamodelGraphWalker - Visiting attribute path : zipcode
[DEBUG] 2018-02-05 20:22:51.021 [main] FetchStyleLoadPlanBuildingAssociationVisitationStrategy - Building LoadPlan...
[DEBUG] 2018-02-05 20:22:51.048 [main] LoadQueryJoinAndFetchProcessor - processing queryspace <gen:0>
[DEBUG] 2018-02-05 20:22:51.058 [main] LoadPlanTreePrinter - LoadPlan(entity=entity.User)
    - Returns
       - EntityReturnImpl(entity=entity.User, querySpaceUid=<gen:0>, path=entity.User)
    - QuerySpaces
       - EntityQuerySpaceImpl(uid=<gen:0>, entity=entity.User)
          - SQL table alias mapping - user0_
          - alias suffix - 0_
          - suffixed key columns - {id1_0_0_}

[DEBUG] 2018-02-05 20:22:51.062 [main] EntityLoader - Static select for entity entity.User [NONE]: select user0_.id as id1_0_0_, user0_.approved as approved2_0_0_, user0_.city as city3_0_0_, user0_.first_name as first_na4_0_0_, user0_.join_date as join_dat5_0_0_, user0_.last_name as last_nam6_0_0_, user0_.password as password7_0_0_, user0_.state as state8_0_0_, user0_.user_name as user_nam9_0_0_, user0_.zipcode as zipcode10_0_0_ from users user0_ where user0_.id=?
[DEBUG] 2018-02-05 20:22:51.063 [main] QuerySpacesImpl - Adding QuerySpace : uid = <gen:0> -> org.hibernate.loader.plan.build.internal.spaces.EntityQuerySpaceImpl@7ba63fe5]
[DEBUG] 2018-02-05 20:22:51.063 [main] MetamodelGraphWalker - Visiting attribute path : approved
[DEBUG] 2018-02-05 20:22:51.063 [main] MetamodelGraphWalker - Visiting attribute path : city
[DEBUG] 2018-02-05 20:22:51.063 [main] MetamodelGraphWalker - Visiting attribute path : firstName
[DEBUG] 2018-02-05 20:22:51.064 [main] MetamodelGraphWalker - Visiting attribute path : joinDate
[DEBUG] 2018-02-05 20:22:51.064 [main] MetamodelGraphWalker - Visiting attribute path : lastName
[DEBUG] 2018-02-05 20:22:51.064 [main] MetamodelGraphWalker - Visiting attribute path : password
[DEBUG] 2018-02-05 20:22:51.064 [main] MetamodelGraphWalker - Visiting attribute path : state
[DEBUG] 2018-02-05 20:22:51.064 [main] MetamodelGraphWalker - Visiting attribute path : userName
[DEBUG] 2018-02-05 20:22:51.064 [main] MetamodelGraphWalker - Visiting attribute path : zipcode
[DEBUG] 2018-02-05 20:22:51.064 [main] FetchStyleLoadPlanBuildingAssociationVisitationStrategy - Building LoadPlan...
[DEBUG] 2018-02-05 20:22:51.065 [main] LoadQueryJoinAndFetchProcessor - processing queryspace <gen:0>
[DEBUG] 2018-02-05 20:22:51.066 [main] LoadPlanTreePrinter - LoadPlan(entity=entity.User)
    - Returns
       - EntityReturnImpl(entity=entity.User, querySpaceUid=<gen:0>, path=entity.User)
    - QuerySpaces
       - EntityQuerySpaceImpl(uid=<gen:0>, entity=entity.User)
          - SQL table alias mapping - user0_
          - alias suffix - 0_
          - suffixed key columns - {id1_0_0_}

[DEBUG] 2018-02-05 20:22:51.066 [main] EntityLoader - Static select for entity entity.User [READ]: select user0_.id as id1_0_0_, user0_.approved as approved2_0_0_, user0_.city as city3_0_0_, user0_.first_name as first_na4_0_0_, user0_.join_date as join_dat5_0_0_, user0_.last_name as last_nam6_0_0_, user0_.password as password7_0_0_, user0_.state as state8_0_0_, user0_.user_name as user_nam9_0_0_, user0_.zipcode as zipcode10_0_0_ from users user0_ where user0_.id=?
[DEBUG] 2018-02-05 20:22:51.066 [main] QuerySpacesImpl - Adding QuerySpace : uid = <gen:0> -> org.hibernate.loader.plan.build.internal.spaces.EntityQuerySpaceImpl@6f330eb9]
[DEBUG] 2018-02-05 20:22:51.066 [main] MetamodelGraphWalker - Visiting attribute path : approved
[DEBUG] 2018-02-05 20:22:51.066 [main] MetamodelGraphWalker - Visiting attribute path : city
[DEBUG] 2018-02-05 20:22:51.067 [main] MetamodelGraphWalker - Visiting attribute path : firstName
[DEBUG] 2018-02-05 20:22:51.067 [main] MetamodelGraphWalker - Visiting attribute path : joinDate
[DEBUG] 2018-02-05 20:22:51.067 [main] MetamodelGraphWalker - Visiting attribute path : lastName
[DEBUG] 2018-02-05 20:22:51.067 [main] MetamodelGraphWalker - Visiting attribute path : password
[DEBUG] 2018-02-05 20:22:51.067 [main] MetamodelGraphWalker - Visiting attribute path : state
[DEBUG] 2018-02-05 20:22:51.067 [main] MetamodelGraphWalker - Visiting attribute path : userName
[DEBUG] 2018-02-05 20:22:51.067 [main] MetamodelGraphWalker - Visiting attribute path : zipcode
[DEBUG] 2018-02-05 20:22:51.067 [main] FetchStyleLoadPlanBuildingAssociationVisitationStrategy - Building LoadPlan...
[DEBUG] 2018-02-05 20:22:51.068 [main] LoadQueryJoinAndFetchProcessor - processing queryspace <gen:0>
[DEBUG] 2018-02-05 20:22:51.069 [main] LoadPlanTreePrinter - LoadPlan(entity=entity.User)
    - Returns
       - EntityReturnImpl(entity=entity.User, querySpaceUid=<gen:0>, path=entity.User)
    - QuerySpaces
       - EntityQuerySpaceImpl(uid=<gen:0>, entity=entity.User)
          - SQL table alias mapping - user0_
          - alias suffix - 0_
          - suffixed key columns - {id1_0_0_}

[DEBUG] 2018-02-05 20:22:51.069 [main] EntityLoader - Static select for entity entity.User [UPGRADE]: select user0_.id as id1_0_0_, user0_.approved as approved2_0_0_, user0_.city as city3_0_0_, user0_.first_name as first_na4_0_0_, user0_.join_date as join_dat5_0_0_, user0_.last_name as last_nam6_0_0_, user0_.password as password7_0_0_, user0_.state as state8_0_0_, user0_.user_name as user_nam9_0_0_, user0_.zipcode as zipcode10_0_0_ from users user0_ where user0_.id=? for update
[DEBUG] 2018-02-05 20:22:51.069 [main] QuerySpacesImpl - Adding QuerySpace : uid = <gen:0> -> org.hibernate.loader.plan.build.internal.spaces.EntityQuerySpaceImpl@584f5497]
[DEBUG] 2018-02-05 20:22:51.069 [main] MetamodelGraphWalker - Visiting attribute path : approved
[DEBUG] 2018-02-05 20:22:51.069 [main] MetamodelGraphWalker - Visiting attribute path : city
[DEBUG] 2018-02-05 20:22:51.069 [main] MetamodelGraphWalker - Visiting attribute path : firstName
[DEBUG] 2018-02-05 20:22:51.070 [main] MetamodelGraphWalker - Visiting attribute path : joinDate
[DEBUG] 2018-02-05 20:22:51.070 [main] MetamodelGraphWalker - Visiting attribute path : lastName
[DEBUG] 2018-02-05 20:22:51.070 [main] MetamodelGraphWalker - Visiting attribute path : password
[DEBUG] 2018-02-05 20:22:51.070 [main] MetamodelGraphWalker - Visiting attribute path : state
[DEBUG] 2018-02-05 20:22:51.070 [main] MetamodelGraphWalker - Visiting attribute path : userName
[DEBUG] 2018-02-05 20:22:51.070 [main] MetamodelGraphWalker - Visiting attribute path : zipcode
[DEBUG] 2018-02-05 20:22:51.070 [main] FetchStyleLoadPlanBuildingAssociationVisitationStrategy - Building LoadPlan...
[DEBUG] 2018-02-05 20:22:51.071 [main] LoadQueryJoinAndFetchProcessor - processing queryspace <gen:0>
[DEBUG] 2018-02-05 20:22:51.071 [main] LoadPlanTreePrinter - LoadPlan(entity=entity.User)
    - Returns
       - EntityReturnImpl(entity=entity.User, querySpaceUid=<gen:0>, path=entity.User)
    - QuerySpaces
       - EntityQuerySpaceImpl(uid=<gen:0>, entity=entity.User)
          - SQL table alias mapping - user0_
          - alias suffix - 0_
          - suffixed key columns - {id1_0_0_}

[DEBUG] 2018-02-05 20:22:51.071 [main] EntityLoader - Static select for entity entity.User [UPGRADE_NOWAIT]: select user0_.id as id1_0_0_, user0_.approved as approved2_0_0_, user0_.city as city3_0_0_, user0_.first_name as first_na4_0_0_, user0_.join_date as join_dat5_0_0_, user0_.last_name as last_nam6_0_0_, user0_.password as password7_0_0_, user0_.state as state8_0_0_, user0_.user_name as user_nam9_0_0_, user0_.zipcode as zipcode10_0_0_ from users user0_ where user0_.id=? for update
[DEBUG] 2018-02-05 20:22:51.072 [main] QuerySpacesImpl - Adding QuerySpace : uid = <gen:0> -> org.hibernate.loader.plan.build.internal.spaces.EntityQuerySpaceImpl@1f9d6c7b]
[DEBUG] 2018-02-05 20:22:51.072 [main] MetamodelGraphWalker - Visiting attribute path : approved
[DEBUG] 2018-02-05 20:22:51.072 [main] MetamodelGraphWalker - Visiting attribute path : city
[DEBUG] 2018-02-05 20:22:51.072 [main] MetamodelGraphWalker - Visiting attribute path : firstName
[DEBUG] 2018-02-05 20:22:51.072 [main] MetamodelGraphWalker - Visiting attribute path : joinDate
[DEBUG] 2018-02-05 20:22:51.072 [main] MetamodelGraphWalker - Visiting attribute path : lastName
[DEBUG] 2018-02-05 20:22:51.072 [main] MetamodelGraphWalker - Visiting attribute path : password
[DEBUG] 2018-02-05 20:22:51.072 [main] MetamodelGraphWalker - Visiting attribute path : state
[DEBUG] 2018-02-05 20:22:51.073 [main] MetamodelGraphWalker - Visiting attribute path : userName
[DEBUG] 2018-02-05 20:22:51.073 [main] MetamodelGraphWalker - Visiting attribute path : zipcode
[DEBUG] 2018-02-05 20:22:51.073 [main] FetchStyleLoadPlanBuildingAssociationVisitationStrategy - Building LoadPlan...
[DEBUG] 2018-02-05 20:22:51.073 [main] LoadQueryJoinAndFetchProcessor - processing queryspace <gen:0>
[DEBUG] 2018-02-05 20:22:51.074 [main] LoadPlanTreePrinter - LoadPlan(entity=entity.User)
    - Returns
       - EntityReturnImpl(entity=entity.User, querySpaceUid=<gen:0>, path=entity.User)
    - QuerySpaces
       - EntityQuerySpaceImpl(uid=<gen:0>, entity=entity.User)
          - SQL table alias mapping - user0_
          - alias suffix - 0_
          - suffixed key columns - {id1_0_0_}

[DEBUG] 2018-02-05 20:22:51.074 [main] EntityLoader - Static select for entity entity.User [UPGRADE_SKIPLOCKED]: select user0_.id as id1_0_0_, user0_.approved as approved2_0_0_, user0_.city as city3_0_0_, user0_.first_name as first_na4_0_0_, user0_.join_date as join_dat5_0_0_, user0_.last_name as last_nam6_0_0_, user0_.password as password7_0_0_, user0_.state as state8_0_0_, user0_.user_name as user_nam9_0_0_, user0_.zipcode as zipcode10_0_0_ from users user0_ where user0_.id=? for update
[DEBUG] 2018-02-05 20:22:51.074 [main] QuerySpacesImpl - Adding QuerySpace : uid = <gen:0> -> org.hibernate.loader.plan.build.internal.spaces.EntityQuerySpaceImpl@4fbb001b]
[DEBUG] 2018-02-05 20:22:51.075 [main] MetamodelGraphWalker - Visiting attribute path : approved
[DEBUG] 2018-02-05 20:22:51.075 [main] MetamodelGraphWalker - Visiting attribute path : city
[DEBUG] 2018-02-05 20:22:51.075 [main] MetamodelGraphWalker - Visiting attribute path : firstName
[DEBUG] 2018-02-05 20:22:51.075 [main] MetamodelGraphWalker - Visiting attribute path : joinDate
[DEBUG] 2018-02-05 20:22:51.075 [main] MetamodelGraphWalker - Visiting attribute path : lastName
[DEBUG] 2018-02-05 20:22:51.075 [main] MetamodelGraphWalker - Visiting attribute path : password
[DEBUG] 2018-02-05 20:22:51.075 [main] MetamodelGraphWalker - Visiting attribute path : state
[DEBUG] 2018-02-05 20:22:51.075 [main] MetamodelGraphWalker - Visiting attribute path : userName
[DEBUG] 2018-02-05 20:22:51.075 [main] MetamodelGraphWalker - Visiting attribute path : zipcode
[DEBUG] 2018-02-05 20:22:51.076 [main] FetchStyleLoadPlanBuildingAssociationVisitationStrategy - Building LoadPlan...
[DEBUG] 2018-02-05 20:22:51.076 [main] LoadQueryJoinAndFetchProcessor - processing queryspace <gen:0>
[DEBUG] 2018-02-05 20:22:51.077 [main] LoadPlanTreePrinter - LoadPlan(entity=entity.User)
    - Returns
       - EntityReturnImpl(entity=entity.User, querySpaceUid=<gen:0>, path=entity.User)
    - QuerySpaces
       - EntityQuerySpaceImpl(uid=<gen:0>, entity=entity.User)
          - SQL table alias mapping - user0_
          - alias suffix - 0_
          - suffixed key columns - {id1_0_0_}

[DEBUG] 2018-02-05 20:22:51.077 [main] EntityLoader - Static select for entity entity.User [FORCE]: select user0_.id as id1_0_0_, user0_.approved as approved2_0_0_, user0_.city as city3_0_0_, user0_.first_name as first_na4_0_0_, user0_.join_date as join_dat5_0_0_, user0_.last_name as last_nam6_0_0_, user0_.password as password7_0_0_, user0_.state as state8_0_0_, user0_.user_name as user_nam9_0_0_, user0_.zipcode as zipcode10_0_0_ from users user0_ where user0_.id=? for update
[DEBUG] 2018-02-05 20:22:51.077 [main] QuerySpacesImpl - Adding QuerySpace : uid = <gen:0> -> org.hibernate.loader.plan.build.internal.spaces.EntityQuerySpaceImpl@341a8659]
[DEBUG] 2018-02-05 20:22:51.078 [main] MetamodelGraphWalker - Visiting attribute path : approved
[DEBUG] 2018-02-05 20:22:51.078 [main] MetamodelGraphWalker - Visiting attribute path : city
[DEBUG] 2018-02-05 20:22:51.078 [main] MetamodelGraphWalker - Visiting attribute path : firstName
[DEBUG] 2018-02-05 20:22:51.078 [main] MetamodelGraphWalker - Visiting attribute path : joinDate
[DEBUG] 2018-02-05 20:22:51.078 [main] MetamodelGraphWalker - Visiting attribute path : lastName
[DEBUG] 2018-02-05 20:22:51.078 [main] MetamodelGraphWalker - Visiting attribute path : password
[DEBUG] 2018-02-05 20:22:51.078 [main] MetamodelGraphWalker - Visiting attribute path : state
[DEBUG] 2018-02-05 20:22:51.078 [main] MetamodelGraphWalker - Visiting attribute path : userName
[DEBUG] 2018-02-05 20:22:51.078 [main] MetamodelGraphWalker - Visiting attribute path : zipcode
[DEBUG] 2018-02-05 20:22:51.079 [main] FetchStyleLoadPlanBuildingAssociationVisitationStrategy - Building LoadPlan...
[DEBUG] 2018-02-05 20:22:51.079 [main] LoadQueryJoinAndFetchProcessor - processing queryspace <gen:0>
[DEBUG] 2018-02-05 20:22:51.080 [main] LoadPlanTreePrinter - LoadPlan(entity=entity.User)
    - Returns
       - EntityReturnImpl(entity=entity.User, querySpaceUid=<gen:0>, path=entity.User)
    - QuerySpaces
       - EntityQuerySpaceImpl(uid=<gen:0>, entity=entity.User)
          - SQL table alias mapping - user0_
          - alias suffix - 0_
          - suffixed key columns - {id1_0_0_}

[DEBUG] 2018-02-05 20:22:51.080 [main] EntityLoader - Static select for entity entity.User [PESSIMISTIC_READ]: select user0_.id as id1_0_0_, user0_.approved as approved2_0_0_, user0_.city as city3_0_0_, user0_.first_name as first_na4_0_0_, user0_.join_date as join_dat5_0_0_, user0_.last_name as last_nam6_0_0_, user0_.password as password7_0_0_, user0_.state as state8_0_0_, user0_.user_name as user_nam9_0_0_, user0_.zipcode as zipcode10_0_0_ from users user0_ where user0_.id=? lock in share mode
[DEBUG] 2018-02-05 20:22:51.080 [main] QuerySpacesImpl - Adding QuerySpace : uid = <gen:0> -> org.hibernate.loader.plan.build.internal.spaces.EntityQuerySpaceImpl@5eefa415]
[DEBUG] 2018-02-05 20:22:51.080 [main] MetamodelGraphWalker - Visiting attribute path : approved
[DEBUG] 2018-02-05 20:22:51.081 [main] MetamodelGraphWalker - Visiting attribute path : city
[DEBUG] 2018-02-05 20:22:51.081 [main] MetamodelGraphWalker - Visiting attribute path : firstName
[DEBUG] 2018-02-05 20:22:51.081 [main] MetamodelGraphWalker - Visiting attribute path : joinDate
[DEBUG] 2018-02-05 20:22:51.081 [main] MetamodelGraphWalker - Visiting attribute path : lastName
[DEBUG] 2018-02-05 20:22:51.081 [main] MetamodelGraphWalker - Visiting attribute path : password
[DEBUG] 2018-02-05 20:22:51.081 [main] MetamodelGraphWalker - Visiting attribute path : state
[DEBUG] 2018-02-05 20:22:51.081 [main] MetamodelGraphWalker - Visiting attribute path : userName
[DEBUG] 2018-02-05 20:22:51.081 [main] MetamodelGraphWalker - Visiting attribute path : zipcode
[DEBUG] 2018-02-05 20:22:51.081 [main] FetchStyleLoadPlanBuildingAssociationVisitationStrategy - Building LoadPlan...
[DEBUG] 2018-02-05 20:22:51.082 [main] LoadQueryJoinAndFetchProcessor - processing queryspace <gen:0>
[DEBUG] 2018-02-05 20:22:51.083 [main] LoadPlanTreePrinter - LoadPlan(entity=entity.User)
    - Returns
       - EntityReturnImpl(entity=entity.User, querySpaceUid=<gen:0>, path=entity.User)
    - QuerySpaces
       - EntityQuerySpaceImpl(uid=<gen:0>, entity=entity.User)
          - SQL table alias mapping - user0_
          - alias suffix - 0_
          - suffixed key columns - {id1_0_0_}

[DEBUG] 2018-02-05 20:22:51.083 [main] EntityLoader - Static select for entity entity.User [PESSIMISTIC_WRITE]: select user0_.id as id1_0_0_, user0_.approved as approved2_0_0_, user0_.city as city3_0_0_, user0_.first_name as first_na4_0_0_, user0_.join_date as join_dat5_0_0_, user0_.last_name as last_nam6_0_0_, user0_.password as password7_0_0_, user0_.state as state8_0_0_, user0_.user_name as user_nam9_0_0_, user0_.zipcode as zipcode10_0_0_ from users user0_ where user0_.id=? for update
[DEBUG] 2018-02-05 20:22:51.083 [main] QuerySpacesImpl - Adding QuerySpace : uid = <gen:0> -> org.hibernate.loader.plan.build.internal.spaces.EntityQuerySpaceImpl@78d50a3c]
[DEBUG] 2018-02-05 20:22:51.083 [main] MetamodelGraphWalker - Visiting attribute path : approved
[DEBUG] 2018-02-05 20:22:51.084 [main] MetamodelGraphWalker - Visiting attribute path : city
[DEBUG] 2018-02-05 20:22:51.084 [main] MetamodelGraphWalker - Visiting attribute path : firstName
[DEBUG] 2018-02-05 20:22:51.084 [main] MetamodelGraphWalker - Visiting attribute path : joinDate
[DEBUG] 2018-02-05 20:22:51.084 [main] MetamodelGraphWalker - Visiting attribute path : lastName
[DEBUG] 2018-02-05 20:22:51.084 [main] MetamodelGraphWalker - Visiting attribute path : password
[DEBUG] 2018-02-05 20:22:51.084 [main] MetamodelGraphWalker - Visiting attribute path : state
[DEBUG] 2018-02-05 20:22:51.084 [main] MetamodelGraphWalker - Visiting attribute path : userName
[DEBUG] 2018-02-05 20:22:51.084 [main] MetamodelGraphWalker - Visiting attribute path : zipcode
[DEBUG] 2018-02-05 20:22:51.085 [main] FetchStyleLoadPlanBuildingAssociationVisitationStrategy - Building LoadPlan...
[DEBUG] 2018-02-05 20:22:51.085 [main] LoadQueryJoinAndFetchProcessor - processing queryspace <gen:0>
[DEBUG] 2018-02-05 20:22:51.086 [main] LoadPlanTreePrinter - LoadPlan(entity=entity.User)
    - Returns
       - EntityReturnImpl(entity=entity.User, querySpaceUid=<gen:0>, path=entity.User)
    - QuerySpaces
       - EntityQuerySpaceImpl(uid=<gen:0>, entity=entity.User)
          - SQL table alias mapping - user0_
          - alias suffix - 0_
          - suffixed key columns - {id1_0_0_}

[DEBUG] 2018-02-05 20:22:51.086 [main] EntityLoader - Static select for entity entity.User [PESSIMISTIC_FORCE_INCREMENT]: select user0_.id as id1_0_0_, user0_.approved as approved2_0_0_, user0_.city as city3_0_0_, user0_.first_name as first_na4_0_0_, user0_.join_date as join_dat5_0_0_, user0_.last_name as last_nam6_0_0_, user0_.password as password7_0_0_, user0_.state as state8_0_0_, user0_.user_name as user_nam9_0_0_, user0_.zipcode as zipcode10_0_0_ from users user0_ where user0_.id=? for update
[DEBUG] 2018-02-05 20:22:51.086 [main] QuerySpacesImpl - Adding QuerySpace : uid = <gen:0> -> org.hibernate.loader.plan.build.internal.spaces.EntityQuerySpaceImpl@cda4919]
[DEBUG] 2018-02-05 20:22:51.087 [main] MetamodelGraphWalker - Visiting attribute path : approved
[DEBUG] 2018-02-05 20:22:51.087 [main] MetamodelGraphWalker - Visiting attribute path : city
[DEBUG] 2018-02-05 20:22:51.087 [main] MetamodelGraphWalker - Visiting attribute path : firstName
[DEBUG] 2018-02-05 20:22:51.087 [main] MetamodelGraphWalker - Visiting attribute path : joinDate
[DEBUG] 2018-02-05 20:22:51.087 [main] MetamodelGraphWalker - Visiting attribute path : lastName
[DEBUG] 2018-02-05 20:22:51.087 [main] MetamodelGraphWalker - Visiting attribute path : password
[DEBUG] 2018-02-05 20:22:51.087 [main] MetamodelGraphWalker - Visiting attribute path : state
[DEBUG] 2018-02-05 20:22:51.087 [main] MetamodelGraphWalker - Visiting attribute path : userName
[DEBUG] 2018-02-05 20:22:51.088 [main] MetamodelGraphWalker - Visiting attribute path : zipcode
[DEBUG] 2018-02-05 20:22:51.088 [main] FetchStyleLoadPlanBuildingAssociationVisitationStrategy - Building LoadPlan...
[DEBUG] 2018-02-05 20:22:51.088 [main] LoadQueryJoinAndFetchProcessor - processing queryspace <gen:0>
[DEBUG] 2018-02-05 20:22:51.089 [main] LoadPlanTreePrinter - LoadPlan(entity=entity.User)
    - Returns
       - EntityReturnImpl(entity=entity.User, querySpaceUid=<gen:0>, path=entity.User)
    - QuerySpaces
       - EntityQuerySpaceImpl(uid=<gen:0>, entity=entity.User)
          - SQL table alias mapping - user0_
          - alias suffix - 0_
          - suffixed key columns - {id1_0_0_}

[DEBUG] 2018-02-05 20:22:51.089 [main] EntityLoader - Static select for entity entity.User [OPTIMISTIC]: select user0_.id as id1_0_0_, user0_.approved as approved2_0_0_, user0_.city as city3_0_0_, user0_.first_name as first_na4_0_0_, user0_.join_date as join_dat5_0_0_, user0_.last_name as last_nam6_0_0_, user0_.password as password7_0_0_, user0_.state as state8_0_0_, user0_.user_name as user_nam9_0_0_, user0_.zipcode as zipcode10_0_0_ from users user0_ where user0_.id=?
[DEBUG] 2018-02-05 20:22:51.090 [main] QuerySpacesImpl - Adding QuerySpace : uid = <gen:0> -> org.hibernate.loader.plan.build.internal.spaces.EntityQuerySpaceImpl@2f19f2aa]
[DEBUG] 2018-02-05 20:22:51.090 [main] MetamodelGraphWalker - Visiting attribute path : approved
[DEBUG] 2018-02-05 20:22:51.090 [main] MetamodelGraphWalker - Visiting attribute path : city
[DEBUG] 2018-02-05 20:22:51.090 [main] MetamodelGraphWalker - Visiting attribute path : firstName
[DEBUG] 2018-02-05 20:22:51.090 [main] MetamodelGraphWalker - Visiting attribute path : joinDate
[DEBUG] 2018-02-05 20:22:51.090 [main] MetamodelGraphWalker - Visiting attribute path : lastName
[DEBUG] 2018-02-05 20:22:51.090 [main] MetamodelGraphWalker - Visiting attribute path : password
[DEBUG] 2018-02-05 20:22:51.090 [main] MetamodelGraphWalker - Visiting attribute path : state
[DEBUG] 2018-02-05 20:22:51.091 [main] MetamodelGraphWalker - Visiting attribute path : userName
[DEBUG] 2018-02-05 20:22:51.091 [main] MetamodelGraphWalker - Visiting attribute path : zipcode
[DEBUG] 2018-02-05 20:22:51.091 [main] FetchStyleLoadPlanBuildingAssociationVisitationStrategy - Building LoadPlan...
[DEBUG] 2018-02-05 20:22:51.091 [main] LoadQueryJoinAndFetchProcessor - processing queryspace <gen:0>
[DEBUG] 2018-02-05 20:22:51.092 [main] LoadPlanTreePrinter - LoadPlan(entity=entity.User)
    - Returns
       - EntityReturnImpl(entity=entity.User, querySpaceUid=<gen:0>, path=entity.User)
    - QuerySpaces
       - EntityQuerySpaceImpl(uid=<gen:0>, entity=entity.User)
          - SQL table alias mapping - user0_
          - alias suffix - 0_
          - suffixed key columns - {id1_0_0_}

[DEBUG] 2018-02-05 20:22:51.092 [main] EntityLoader - Static select for entity entity.User [OPTIMISTIC_FORCE_INCREMENT]: select user0_.id as id1_0_0_, user0_.approved as approved2_0_0_, user0_.city as city3_0_0_, user0_.first_name as first_na4_0_0_, user0_.join_date as join_dat5_0_0_, user0_.last_name as last_nam6_0_0_, user0_.password as password7_0_0_, user0_.state as state8_0_0_, user0_.user_name as user_nam9_0_0_, user0_.zipcode as zipcode10_0_0_ from users user0_ where user0_.id=?
[DEBUG] 2018-02-05 20:22:51.123 [main] Loader - Static select for action ACTION_MERGE on entity entity.User: select user0_.id as id1_0_0_, user0_.approved as approved2_0_0_, user0_.city as city3_0_0_, user0_.first_name as first_na4_0_0_, user0_.join_date as join_dat5_0_0_, user0_.last_name as last_nam6_0_0_, user0_.password as password7_0_0_, user0_.state as state8_0_0_, user0_.user_name as user_nam9_0_0_, user0_.zipcode as zipcode10_0_0_ from users user0_ where user0_.id=?
[DEBUG] 2018-02-05 20:22:51.124 [main] Loader - Static select for action ACTION_REFRESH on entity entity.User: select user0_.id as id1_0_0_, user0_.approved as approved2_0_0_, user0_.city as city3_0_0_, user0_.first_name as first_na4_0_0_, user0_.join_date as join_dat5_0_0_, user0_.last_name as last_nam6_0_0_, user0_.password as password7_0_0_, user0_.state as state8_0_0_, user0_.user_name as user_nam9_0_0_, user0_.zipcode as zipcode10_0_0_ from users user0_ where user0_.id=?
[DEBUG] 2018-02-05 20:22:51.188 [main] SchemaManagementToolCoordinator - No actions specified; doing nothing
[DEBUG] 2018-02-05 20:22:51.189 [main] JtaPlatformInitiator - No JtaPlatform was specified, checking resolver
[DEBUG] 2018-02-05 20:22:51.191 [main] JtaPlatformResolverInitiator - No JtaPlatformResolver was specified, using default [org.hibernate.engine.transaction.jta.platform.internal.StandardJtaPlatformResolver]
[DEBUG] 2018-02-05 20:22:51.203 [main] StandardJtaPlatformResolver - Could not resolve JtaPlatform, using default [org.hibernate.engine.transaction.jta.platform.internal.NoJtaPlatform]
[DEBUG] 2018-02-05 20:22:51.208 [main] NamedQueryRepository - Checking 0 named HQL queries
[DEBUG] 2018-02-05 20:22:51.208 [main] NamedQueryRepository - Checking 0 named SQL queries
[DEBUG] 2018-02-05 20:22:51.213 [main] SessionFactoryRegistry - Initializing SessionFactoryRegistry : org.hibernate.internal.SessionFactoryRegistry@4aeaadc1
[DEBUG] 2018-02-05 20:22:51.219 [main] SessionFactoryRegistry - Registering SessionFactory: 72831d2f-fc19-4d0b-b694-abc325c3eb50 (<unnamed>)
[DEBUG] 2018-02-05 20:22:51.220 [main] SessionFactoryRegistry - Not binding SessionFactory to JNDI, no JNDI name configured
[DEBUG] 2018-02-05 20:22:51.454 [main] StatisticsInitiator - Statistics initialized [enabled=false]
[DEBUG] 2018-02-05 20:22:51.501 [main] SQL - select user0_.id as id1_0_0_, user0_.approved as approved2_0_0_, user0_.city as city3_0_0_, user0_.first_name as first_na4_0_0_, user0_.join_date as join_dat5_0_0_, user0_.last_name as last_nam6_0_0_, user0_.password as password7_0_0_, user0_.state as state8_0_0_, user0_.user_name as user_nam9_0_0_, user0_.zipcode as zipcode10_0_0_ from users user0_ where user0_.id=?
[DEBUG] 2018-02-05 20:22:51.563 [main] ResourceRegistryStandardImpl - HHH000387: ResultSet's statement was not registered
[DEBUG] 2018-02-05 20:22:51.564 [main] AbstractLoadPlanBasedEntityLoader - Done entity load : entity.User#3
[DEBUG] 2018-02-05 20:22:51.565 [main] LogicalConnectionManagedImpl - Initiating JDBC connection release from afterTransaction
[DEBUG] 2018-02-05 20:22:51.575 [main] TransactionImpl - begin
[DEBUG] 2018-02-05 20:22:51.709 [main] CriteriaQueryImpl - Rendered criteria query -> select generatedAlias0 from User as generatedAlias0 where generatedAlias0.lastName like :param0
[DEBUG] 2018-02-05 20:22:51.747 [main] QueryTranslatorFactoryInitiator - QueryTranslatorFactory : org.hibernate.hql.internal.ast.ASTQueryTranslatorFactory@3241713e
[INFO ] 2018-02-05 20:22:51.747 [main] QueryTranslatorFactoryInitiator - HHH000397: Using ASTQueryTranslatorFactory
[DEBUG] 2018-02-05 20:22:51.824 [main] QueryTranslatorImpl - parse() - HQL: select generatedAlias0 from entity.User as generatedAlias0 where generatedAlias0.lastName like :param0
[DEBUG] 2018-02-05 20:22:51.863 [main] ErrorCounter - throwQueryException() : no errors
[DEBUG] 2018-02-05 20:22:51.869 [main] QueryTranslatorImpl - --- HQL AST ---
 \-[QUERY] Node: 'query'
    +-[SELECT_FROM] Node: 'SELECT_FROM'
    |  +-[FROM] Node: 'from'
    |  |  \-[RANGE] Node: 'RANGE'
    |  |     +-[DOT] Node: '.'
    |  |     |  +-[IDENT] Node: 'entity'
    |  |     |  \-[IDENT] Node: 'User'
    |  |     \-[ALIAS] Node: 'generatedAlias0'
    |  \-[SELECT] Node: 'select'
    |     \-[IDENT] Node: 'generatedAlias0'
    \-[WHERE] Node: 'where'
       \-[LIKE] Node: 'like'
          +-[DOT] Node: '.'
          |  +-[IDENT] Node: 'generatedAlias0'
          |  \-[IDENT] Node: 'lastName'
          \-[COLON] Node: ':'
             \-[IDENT] Node: 'param0'

[DEBUG] 2018-02-05 20:22:51.922 [main] HqlSqlBaseWalker - select << begin [level=1, statement=select]
[DEBUG] 2018-02-05 20:22:51.951 [main] FromElement - FromClause{level=1} : entity.User (generatedAlias0) -> user0_
[DEBUG] 2018-02-05 20:22:51.953 [main] FromReferenceNode - Resolved : generatedAlias0 -> user0_.id
[DEBUG] 2018-02-05 20:22:51.959 [main] FromReferenceNode - Resolved : generatedAlias0 -> user0_.id
[DEBUG] 2018-02-05 20:22:51.962 [main] DotNode - getDataType() : lastName -> org.hibernate.type.StringType@456d6c1e
[DEBUG] 2018-02-05 20:22:51.964 [main] FromReferenceNode - Resolved : generatedAlias0.lastName -> user0_.last_name
[DEBUG] 2018-02-05 20:22:51.967 [main] HqlSqlBaseWalker - select : finishing up [level=1, statement=select]
[DEBUG] 2018-02-05 20:22:51.968 [main] HqlSqlWalker - processQuery() :  ( SELECT ( {select clause} user0_.id ) ( FromClause{level=1} users user0_ ) ( where ( like ( user0_.last_name user0_.id lastName ) ? ) ) )
[DEBUG] 2018-02-05 20:22:51.986 [main] JoinProcessor - Using FROM fragment [users user0_]
[DEBUG] 2018-02-05 20:22:51.987 [main] HqlSqlBaseWalker - select >> end [level=1, statement=select]
[DEBUG] 2018-02-05 20:22:51.989 [main] QueryTranslatorImpl - --- SQL AST ---
 \-[SELECT] QueryNode: 'SELECT'  querySpaces (users)
    +-[SELECT_CLAUSE] SelectClause: '{select clause}'
    |  +-[ALIAS_REF] IdentNode: 'user0_.id as id1_0_' {alias=generatedAlias0, className=entity.User, tableAlias=user0_}
    |  \-[SQL_TOKEN] SqlFragment: 'user0_.approved as approved2_0_, user0_.city as city3_0_, user0_.first_name as first_na4_0_, user0_.join_date as join_dat5_0_, user0_.last_name as last_nam6_0_, user0_.password as password7_0_, user0_.state as state8_0_, user0_.user_name as user_nam9_0_, user0_.zipcode as zipcode10_0_'
    +-[FROM] FromClause: 'from' FromClause{level=1, fromElementCounter=1, fromElements=1, fromElementByClassAlias=[generatedAlias0], fromElementByTableAlias=[user0_], fromElementsByPath=[], collectionJoinFromElementsByPath=[], impliedElements=[]}
    |  \-[FROM_FRAGMENT] FromElement: 'users user0_' FromElement{explicit,not a collection join,not a fetch join,fetch non-lazy properties,classAlias=generatedAlias0,role=null,tableName=users,tableAlias=user0_,origin=null,columns={,className=entity.User}}
    \-[WHERE] SqlNode: 'where'
       \-[LIKE] BinaryLogicOperatorNode: 'like'
          +-[DOT] DotNode: 'user0_.last_name' {propertyName=lastName,dereferenceType=PRIMITIVE,getPropertyPath=lastName,path=generatedAlias0.lastName,tableAlias=user0_,className=entity.User,classAlias=generatedAlias0}
          |  +-[ALIAS_REF] IdentNode: 'user0_.id' {alias=generatedAlias0, className=entity.User, tableAlias=user0_}
          |  \-[IDENT] IdentNode: 'lastName' {originalText=lastName}
          \-[NAMED_PARAM] ParameterNode: '?' {name=param0, expectedType=org.hibernate.type.StringType@456d6c1e}

[DEBUG] 2018-02-05 20:22:51.989 [main] ErrorCounter - throwQueryException() : no errors
[DEBUG] 2018-02-05 20:22:52.004 [main] QueryTranslatorImpl - HQL: select generatedAlias0 from entity.User as generatedAlias0 where generatedAlias0.lastName like :param0
[DEBUG] 2018-02-05 20:22:52.004 [main] QueryTranslatorImpl - SQL: select user0_.id as id1_0_, user0_.approved as approved2_0_, user0_.city as city3_0_, user0_.first_name as first_na4_0_, user0_.join_date as join_dat5_0_, user0_.last_name as last_nam6_0_, user0_.password as password7_0_, user0_.state as state8_0_, user0_.user_name as user_nam9_0_, user0_.zipcode as zipcode10_0_ from users user0_ where user0_.last_name like ?
[DEBUG] 2018-02-05 20:22:52.004 [main] ErrorCounter - throwQueryException() : no errors
[DEBUG] 2018-02-05 20:22:52.036 [main] SQL - select user0_.id as id1_0_, user0_.approved as approved2_0_, user0_.city as city3_0_, user0_.first_name as first_na4_0_, user0_.join_date as join_dat5_0_, user0_.last_name as last_nam6_0_, user0_.password as password7_0_, user0_.state as state8_0_, user0_.user_name as user_nam9_0_, user0_.zipcode as zipcode10_0_ from users user0_ where user0_.last_name like ?
[DEBUG] 2018-02-05 20:22:52.052 [main] LogicalConnectionManagedImpl - Initiating JDBC connection release from afterTransaction
[DEBUG] 2018-02-05 20:22:52.101 [main] SQL - select user0_.id as id1_0_0_, user0_.approved as approved2_0_0_, user0_.city as city3_0_0_, user0_.first_name as first_na4_0_0_, user0_.join_date as join_dat5_0_0_, user0_.last_name as last_nam6_0_0_, user0_.password as password7_0_0_, user0_.state as state8_0_0_, user0_.user_name as user_nam9_0_0_, user0_.zipcode as zipcode10_0_0_ from users user0_ where user0_.id=?
[DEBUG] 2018-02-05 20:22:52.106 [main] ResourceRegistryStandardImpl - HHH000387: ResultSet's statement was not registered
[DEBUG] 2018-02-05 20:22:52.106 [main] AbstractLoadPlanBasedEntityLoader - Done entity load : entity.User#3
[DEBUG] 2018-02-05 20:22:52.106 [main] LogicalConnectionManagedImpl - Initiating JDBC connection release from afterTransaction
[DEBUG] 2018-02-05 20:22:52.135 [main] SQL - select user0_.id as id1_0_0_, user0_.approved as approved2_0_0_, user0_.city as city3_0_0_, user0_.first_name as first_na4_0_0_, user0_.join_date as join_dat5_0_0_, user0_.last_name as last_nam6_0_0_, user0_.password as password7_0_0_, user0_.state as state8_0_0_, user0_.user_name as user_nam9_0_0_, user0_.zipcode as zipcode10_0_0_ from users user0_ where user0_.id=?
[DEBUG] 2018-02-05 20:22:52.141 [main] ResourceRegistryStandardImpl - HHH000387: ResultSet's statement was not registered
[DEBUG] 2018-02-05 20:22:52.141 [main] AbstractLoadPlanBasedEntityLoader - Done entity load : entity.User#3
[DEBUG] 2018-02-05 20:22:52.142 [main] LogicalConnectionManagedImpl - Initiating JDBC connection release from afterTransaction
[DEBUG] 2018-02-05 20:22:52.177 [main] CriteriaQueryImpl - Rendered criteria query -> select generatedAlias0 from User as generatedAlias0
[DEBUG] 2018-02-05 20:22:52.179 [main] QueryTranslatorImpl - parse() - HQL: select generatedAlias0 from entity.User as generatedAlias0
[DEBUG] 2018-02-05 20:22:52.182 [main] ErrorCounter - throwQueryException() : no errors
[DEBUG] 2018-02-05 20:22:52.183 [main] QueryTranslatorImpl - --- HQL AST ---
 \-[QUERY] Node: 'query'
    \-[SELECT_FROM] Node: 'SELECT_FROM'
       +-[FROM] Node: 'from'
       |  \-[RANGE] Node: 'RANGE'
       |     +-[DOT] Node: '.'
       |     |  +-[IDENT] Node: 'entity'
       |     |  \-[IDENT] Node: 'User'
       |     \-[ALIAS] Node: 'generatedAlias0'
       \-[SELECT] Node: 'select'
          \-[IDENT] Node: 'generatedAlias0'

[DEBUG] 2018-02-05 20:22:52.184 [main] HqlSqlBaseWalker - select << begin [level=1, statement=select]
[DEBUG] 2018-02-05 20:22:52.411 [main] FromElement - FromClause{level=1} : entity.User (generatedAlias0) -> user0_
[DEBUG] 2018-02-05 20:22:52.412 [main] FromReferenceNode - Resolved : generatedAlias0 -> user0_.id
[DEBUG] 2018-02-05 20:22:52.412 [main] HqlSqlBaseWalker - select : finishing up [level=1, statement=select]
[DEBUG] 2018-02-05 20:22:52.413 [main] HqlSqlWalker - processQuery() :  ( SELECT ( {select clause} user0_.id ) ( FromClause{level=1} users user0_ ) )
[DEBUG] 2018-02-05 20:22:52.414 [main] JoinProcessor - Using FROM fragment [users user0_]
[DEBUG] 2018-02-05 20:22:52.414 [main] HqlSqlBaseWalker - select >> end [level=1, statement=select]
[DEBUG] 2018-02-05 20:22:52.415 [main] QueryTranslatorImpl - --- SQL AST ---
 \-[SELECT] QueryNode: 'SELECT'  querySpaces (users)
    +-[SELECT_CLAUSE] SelectClause: '{select clause}'
    |  +-[ALIAS_REF] IdentNode: 'user0_.id as id1_0_' {alias=generatedAlias0, className=entity.User, tableAlias=user0_}
    |  \-[SQL_TOKEN] SqlFragment: 'user0_.approved as approved2_0_, user0_.city as city3_0_, user0_.first_name as first_na4_0_, user0_.join_date as join_dat5_0_, user0_.last_name as last_nam6_0_, user0_.password as password7_0_, user0_.state as state8_0_, user0_.user_name as user_nam9_0_, user0_.zipcode as zipcode10_0_'
    \-[FROM] FromClause: 'from' FromClause{level=1, fromElementCounter=1, fromElements=1, fromElementByClassAlias=[generatedAlias0], fromElementByTableAlias=[user0_], fromElementsByPath=[], collectionJoinFromElementsByPath=[], impliedElements=[]}
       \-[FROM_FRAGMENT] FromElement: 'users user0_' FromElement{explicit,not a collection join,not a fetch join,fetch non-lazy properties,classAlias=generatedAlias0,role=null,tableName=users,tableAlias=user0_,origin=null,columns={,className=entity.User}}

[DEBUG] 2018-02-05 20:22:52.415 [main] ErrorCounter - throwQueryException() : no errors
[DEBUG] 2018-02-05 20:22:52.415 [main] QueryTranslatorImpl - HQL: select generatedAlias0 from entity.User as generatedAlias0
[DEBUG] 2018-02-05 20:22:52.416 [main] QueryTranslatorImpl - SQL: select user0_.id as id1_0_, user0_.approved as approved2_0_, user0_.city as city3_0_, user0_.first_name as first_na4_0_, user0_.join_date as join_dat5_0_, user0_.last_name as last_nam6_0_, user0_.password as password7_0_, user0_.state as state8_0_, user0_.user_name as user_nam9_0_, user0_.zipcode as zipcode10_0_ from users user0_
[DEBUG] 2018-02-05 20:22:52.416 [main] ErrorCounter - throwQueryException() : no errors
[DEBUG] 2018-02-05 20:22:52.431 [main] SQL - select user0_.id as id1_0_, user0_.approved as approved2_0_, user0_.city as city3_0_, user0_.first_name as first_na4_0_, user0_.join_date as join_dat5_0_, user0_.last_name as last_nam6_0_, user0_.password as password7_0_, user0_.state as state8_0_, user0_.user_name as user_nam9_0_, user0_.zipcode as zipcode10_0_ from users user0_
[DEBUG] 2018-02-05 20:22:52.435 [main] LogicalConnectionManagedImpl - Initiating JDBC connection release from afterTransaction
[DEBUG] 2018-02-05 20:22:52.467 [main] TransactionImpl - begin
[DEBUG] 2018-02-05 20:22:52.493 [main] ActionQueue - Executing identity-insert immediately
[DEBUG] 2018-02-05 20:22:52.497 [main] SQL - insert into users (approved, city, first_name, join_date, last_name, password, state, user_name, zipcode) values (?, ?, ?, ?, ?, ?, ?, ?, ?)
[DEBUG] 2018-02-05 20:22:52.509 [main] SqlExceptionHelper - could not execute statement [n/a]
java.sql.SQLException: Field 'id' doesn't have a default value
	at com.mysql.jdbc.SQLError.createSQLException(SQLError.java:963) ~[mysql-connector-java-5.1.39.jar:5.1.39]
	at com.mysql.jdbc.MysqlIO.checkErrorPacket(MysqlIO.java:3966) ~[mysql-connector-java-5.1.39.jar:5.1.39]
	at com.mysql.jdbc.MysqlIO.checkErrorPacket(MysqlIO.java:3902) ~[mysql-connector-java-5.1.39.jar:5.1.39]
	at com.mysql.jdbc.MysqlIO.sendCommand(MysqlIO.java:2526) ~[mysql-connector-java-5.1.39.jar:5.1.39]
	at com.mysql.jdbc.MysqlIO.sqlQueryDirect(MysqlIO.java:2673) ~[mysql-connector-java-5.1.39.jar:5.1.39]
	at com.mysql.jdbc.ConnectionImpl.execSQL(ConnectionImpl.java:2549) ~[mysql-connector-java-5.1.39.jar:5.1.39]
	at com.mysql.jdbc.PreparedStatement.executeInternal(PreparedStatement.java:1861) ~[mysql-connector-java-5.1.39.jar:5.1.39]
	at com.mysql.jdbc.PreparedStatement.executeUpdateInternal(PreparedStatement.java:2073) ~[mysql-connector-java-5.1.39.jar:5.1.39]
	at com.mysql.jdbc.PreparedStatement.executeUpdateInternal(PreparedStatement.java:2009) ~[mysql-connector-java-5.1.39.jar:5.1.39]
	at com.mysql.jdbc.PreparedStatement.executeLargeUpdate(PreparedStatement.java:5098) ~[mysql-connector-java-5.1.39.jar:5.1.39]
	at com.mysql.jdbc.PreparedStatement.executeUpdate(PreparedStatement.java:1994) ~[mysql-connector-java-5.1.39.jar:5.1.39]
	at com.mchange.v2.c3p0.impl.NewProxyPreparedStatement.executeUpdate(NewProxyPreparedStatement.java:384) ~[c3p0-0.9.5.2.jar:0.9.5.2]
	at org.hibernate.engine.jdbc.internal.ResultSetReturnImpl.executeUpdate(ResultSetReturnImpl.java:175) ~[hibernate-core-5.2.12.Final.jar:5.2.12.Final]
	at org.hibernate.dialect.identity.GetGeneratedKeysDelegate.executeAndExtract(GetGeneratedKeysDelegate.java:57) ~[hibernate-core-5.2.12.Final.jar:5.2.12.Final]
	at org.hibernate.id.insert.AbstractReturningDelegate.performInsert(AbstractReturningDelegate.java:42) ~[hibernate-core-5.2.12.Final.jar:5.2.12.Final]
	at org.hibernate.persister.entity.AbstractEntityPersister.insert(AbstractEntityPersister.java:2919) ~[hibernate-core-5.2.12.Final.jar:5.2.12.Final]
	at org.hibernate.persister.entity.AbstractEntityPersister.insert(AbstractEntityPersister.java:3490) ~[hibernate-core-5.2.12.Final.jar:5.2.12.Final]
	at org.hibernate.action.internal.EntityIdentityInsertAction.execute(EntityIdentityInsertAction.java:81) ~[hibernate-core-5.2.12.Final.jar:5.2.12.Final]
	at org.hibernate.engine.spi.ActionQueue.execute(ActionQueue.java:626) ~[hibernate-core-5.2.12.Final.jar:5.2.12.Final]
	at org.hibernate.engine.spi.ActionQueue.addResolvedEntityInsertAction(ActionQueue.java:280) ~[hibernate-core-5.2.12.Final.jar:5.2.12.Final]
	at org.hibernate.engine.spi.ActionQueue.addInsertAction(ActionQueue.java:261) ~[hibernate-core-5.2.12.Final.jar:5.2.12.Final]
	at org.hibernate.engine.spi.ActionQueue.addAction(ActionQueue.java:306) ~[hibernate-core-5.2.12.Final.jar:5.2.12.Final]
	at org.hibernate.event.internal.AbstractSaveEventListener.addInsertAction(AbstractSaveEventListener.java:318) ~[hibernate-core-5.2.12.Final.jar:5.2.12.Final]
	at org.hibernate.event.internal.AbstractSaveEventListener.performSaveOrReplicate(AbstractSaveEventListener.java:275) ~[hibernate-core-5.2.12.Final.jar:5.2.12.Final]
	at org.hibernate.event.internal.AbstractSaveEventListener.performSave(AbstractSaveEventListener.java:182) ~[hibernate-core-5.2.12.Final.jar:5.2.12.Final]
	at org.hibernate.event.internal.AbstractSaveEventListener.saveWithGeneratedId(AbstractSaveEventListener.java:113) ~[hibernate-core-5.2.12.Final.jar:5.2.12.Final]
	at org.hibernate.event.internal.DefaultSaveOrUpdateEventListener.saveWithGeneratedOrRequestedId(DefaultSaveOrUpdateEventListener.java:192) ~[hibernate-core-5.2.12.Final.jar:5.2.12.Final]
	at org.hibernate.event.internal.DefaultSaveEventListener.saveWithGeneratedOrRequestedId(DefaultSaveEventListener.java:38) ~[hibernate-core-5.2.12.Final.jar:5.2.12.Final]
	at org.hibernate.event.internal.DefaultSaveOrUpdateEventListener.entityIsTransient(DefaultSaveOrUpdateEventListener.java:177) ~[hibernate-core-5.2.12.Final.jar:5.2.12.Final]
	at org.hibernate.event.internal.DefaultSaveEventListener.performSaveOrUpdate(DefaultSaveEventListener.java:32) ~[hibernate-core-5.2.12.Final.jar:5.2.12.Final]
	at org.hibernate.event.internal.DefaultSaveOrUpdateEventListener.onSaveOrUpdate(DefaultSaveOrUpdateEventListener.java:73) ~[hibernate-core-5.2.12.Final.jar:5.2.12.Final]
	at org.hibernate.internal.SessionImpl.fireSave(SessionImpl.java:691) ~[hibernate-core-5.2.12.Final.jar:5.2.12.Final]
	at org.hibernate.internal.SessionImpl.save(SessionImpl.java:683) ~[hibernate-core-5.2.12.Final.jar:5.2.12.Final]
	at org.hibernate.internal.SessionImpl.save(SessionImpl.java:678) ~[hibernate-core-5.2.12.Final.jar:5.2.12.Final]
	at persistence.UserDao.insert(UserDao.java:66) ~[classes/:?]
	at persistence.UserDaoTest.insertSuccess(UserDaoTest.java:67) ~[test-classes/:?]
	at sun.reflect.NativeMethodAccessorImpl.invoke0(Native Method) ~[?:1.8.0_161]
	at sun.reflect.NativeMethodAccessorImpl.invoke(NativeMethodAccessorImpl.java:62) ~[?:1.8.0_161]
	at sun.reflect.DelegatingMethodAccessorImpl.invoke(DelegatingMethodAccessorImpl.java:43) ~[?:1.8.0_161]
	at java.lang.reflect.Method.invoke(Method.java:498) ~[?:1.8.0_161]
	at org.junit.platform.commons.util.ReflectionUtils.invokeMethod(ReflectionUtils.java:389) ~[junit-platform-commons-1.0.0.jar:1.0.0]
	at org.junit.jupiter.engine.execution.ExecutableInvoker.invoke(ExecutableInvoker.java:115) ~[junit-jupiter-engine-5.0.0.jar:5.0.0]
	at org.junit.jupiter.engine.descriptor.TestMethodTestDescriptor.lambda$invokeTestMethod$6(TestMethodTestDescriptor.java:167) ~[junit-jupiter-engine-5.0.0.jar:5.0.0]
	at org.junit.jupiter.engine.execution.ThrowableCollector.execute(ThrowableCollector.java:40) ~[junit-jupiter-engine-5.0.0.jar:5.0.0]
	at org.junit.jupiter.engine.descriptor.TestMethodTestDescriptor.invokeTestMethod(TestMethodTestDescriptor.java:163) ~[junit-jupiter-engine-5.0.0.jar:5.0.0]
	at org.junit.jupiter.engine.descriptor.TestMethodTestDescriptor.execute(TestMethodTestDescriptor.java:110) ~[junit-jupiter-engine-5.0.0.jar:5.0.0]
	at org.junit.jupiter.engine.descriptor.TestMethodTestDescriptor.execute(TestMethodTestDescriptor.java:57) ~[junit-jupiter-engine-5.0.0.jar:5.0.0]
	at org.junit.platform.engine.support.hierarchical.HierarchicalTestExecutor.lambda$execute$3(HierarchicalTestExecutor.java:83) ~[junit-platform-engine-1.0.0.jar:1.0.0]
	at org.junit.platform.engine.support.hierarchical.SingleTestExecutor.executeSafely(SingleTestExecutor.java:66) ~[junit-platform-engine-1.0.0.jar:1.0.0]
	at org.junit.platform.engine.support.hierarchical.HierarchicalTestExecutor.execute(HierarchicalTestExecutor.java:77) ~[junit-platform-engine-1.0.0.jar:1.0.0]
	at org.junit.platform.engine.support.hierarchical.HierarchicalTestExecutor.lambda$null$2(HierarchicalTestExecutor.java:92) ~[junit-platform-engine-1.0.0.jar:1.0.0]
	at java.util.stream.ForEachOps$ForEachOp$OfRef.accept(ForEachOps.java:184) ~[?:1.8.0_161]
	at java.util.stream.ReferencePipeline$2$1.accept(ReferencePipeline.java:175) ~[?:1.8.0_161]
	at java.util.Iterator.forEachRemaining(Iterator.java:116) ~[?:1.8.0_161]
	at java.util.Spliterators$IteratorSpliterator.forEachRemaining(Spliterators.java:1801) ~[?:1.8.0_161]
	at java.util.stream.AbstractPipeline.copyInto(AbstractPipeline.java:481) ~[?:1.8.0_161]
	at java.util.stream.AbstractPipeline.wrapAndCopyInto(AbstractPipeline.java:471) ~[?:1.8.0_161]
	at java.util.stream.ForEachOps$ForEachOp.evaluateSequential(ForEachOps.java:151) ~[?:1.8.0_161]
	at java.util.stream.ForEachOps$ForEachOp$OfRef.evaluateSequential(ForEachOps.java:174) ~[?:1.8.0_161]
	at java.util.stream.AbstractPipeline.evaluate(AbstractPipeline.java:234) ~[?:1.8.0_161]
	at java.util.stream.ReferencePipeline.forEach(ReferencePipeline.java:418) ~[?:1.8.0_161]
	at org.junit.platform.engine.support.hierarchical.HierarchicalTestExecutor.lambda$execute$3(HierarchicalTestExecutor.java:92) ~[junit-platform-engine-1.0.0.jar:1.0.0]
	at org.junit.platform.engine.support.hierarchical.SingleTestExecutor.executeSafely(SingleTestExecutor.java:66) ~[junit-platform-engine-1.0.0.jar:1.0.0]
	at org.junit.platform.engine.support.hierarchical.HierarchicalTestExecutor.execute(HierarchicalTestExecutor.java:77) ~[junit-platform-engine-1.0.0.jar:1.0.0]
	at org.junit.platform.engine.support.hierarchical.HierarchicalTestExecutor.lambda$null$2(HierarchicalTestExecutor.java:92) ~[junit-platform-engine-1.0.0.jar:1.0.0]
	at java.util.stream.ForEachOps$ForEachOp$OfRef.accept(ForEachOps.java:184) ~[?:1.8.0_161]
	at java.util.stream.ReferencePipeline$2$1.accept(ReferencePipeline.java:175) ~[?:1.8.0_161]
	at java.util.Iterator.forEachRemaining(Iterator.java:116) ~[?:1.8.0_161]
	at java.util.Spliterators$IteratorSpliterator.forEachRemaining(Spliterators.java:1801) ~[?:1.8.0_161]
	at java.util.stream.AbstractPipeline.copyInto(AbstractPipeline.java:481) ~[?:1.8.0_161]
	at java.util.stream.AbstractPipeline.wrapAndCopyInto(AbstractPipeline.java:471) ~[?:1.8.0_161]
	at java.util.stream.ForEachOps$ForEachOp.evaluateSequential(ForEachOps.java:151) ~[?:1.8.0_161]
	at java.util.stream.ForEachOps$ForEachOp$OfRef.evaluateSequential(ForEachOps.java:174) ~[?:1.8.0_161]
	at java.util.stream.AbstractPipeline.evaluate(AbstractPipeline.java:234) ~[?:1.8.0_161]
	at java.util.stream.ReferencePipeline.forEach(ReferencePipeline.java:418) ~[?:1.8.0_161]
	at org.junit.platform.engine.support.hierarchical.HierarchicalTestExecutor.lambda$execute$3(HierarchicalTestExecutor.java:92) ~[junit-platform-engine-1.0.0.jar:1.0.0]
	at org.junit.platform.engine.support.hierarchical.SingleTestExecutor.executeSafely(SingleTestExecutor.java:66) [junit-platform-engine-1.0.0.jar:1.0.0]
	at org.junit.platform.engine.support.hierarchical.HierarchicalTestExecutor.execute(HierarchicalTestExecutor.java:77) [junit-platform-engine-1.0.0.jar:1.0.0]
	at org.junit.platform.engine.support.hierarchical.HierarchicalTestExecutor.execute(HierarchicalTestExecutor.java:51) [junit-platform-engine-1.0.0.jar:1.0.0]
	at org.junit.platform.engine.support.hierarchical.HierarchicalTestEngine.execute(HierarchicalTestEngine.java:43) [junit-platform-engine-1.0.0.jar:1.0.0]
	at org.junit.platform.launcher.core.DefaultLauncher.execute(DefaultLauncher.java:170) [junit-platform-launcher-1.0.0.jar:1.0.0]
	at org.junit.platform.launcher.core.DefaultLauncher.execute(DefaultLauncher.java:154) [junit-platform-launcher-1.0.0.jar:1.0.0]
	at org.junit.platform.launcher.core.DefaultLauncher.execute(DefaultLauncher.java:90) [junit-platform-launcher-1.0.0.jar:1.0.0]
	at org.junit.platform.surefire.provider.JUnitPlatformProvider.invokeSingleClass(JUnitPlatformProvider.java:144) [junit-platform-surefire-provider-1.0.0.jar:1.0.0]
	at org.junit.platform.surefire.provider.JUnitPlatformProvider.invokeAllTests(JUnitPlatformProvider.java:126) [junit-platform-surefire-provider-1.0.0.jar:1.0.0]
	at org.junit.platform.surefire.provider.JUnitPlatformProvider.invoke(JUnitPlatformProvider.java:105) [junit-platform-surefire-provider-1.0.0.jar:1.0.0]
	at org.apache.maven.surefire.booter.ForkedBooter.invokeProviderInSameClassLoader(ForkedBooter.java:286) [surefire-booter-2.19.jar:2.19]
	at org.apache.maven.surefire.booter.ForkedBooter.runSuitesInProcess(ForkedBooter.java:240) [surefire-booter-2.19.jar:2.19]
	at org.apache.maven.surefire.booter.ForkedBooter.main(ForkedBooter.java:121) [surefire-booter-2.19.jar:2.19]
[WARN ] 2018-02-05 20:22:52.525 [main] SqlExceptionHelper - SQL Error: 1364, SQLState: HY000
[ERROR] 2018-02-05 20:22:52.525 [main] SqlExceptionHelper - Field 'id' doesn't have a default value
