[DEBUG] 2018-02-11 22:05:29.685 [main] IntegratorServiceImpl - Adding Integrator [org.hibernate.cfg.beanvalidation.BeanValidationIntegrator].
[DEBUG] 2018-02-11 22:05:29.702 [main] IntegratorServiceImpl - Adding Integrator [org.hibernate.secure.spi.JaccIntegrator].
[DEBUG] 2018-02-11 22:05:29.717 [main] IntegratorServiceImpl - Adding Integrator [org.hibernate.cache.internal.CollectionCacheInvalidator].
[INFO ] 2018-02-11 22:05:29.940 [main] Version - HHH000412: Hibernate Core {5.2.12.Final}
[INFO ] 2018-02-11 22:05:29.946 [main] Environment - HHH000206: hibernate.properties not found
[DEBUG] 2018-02-11 22:05:30.039 [main] LocalXmlResourceResolver - Interpreting public/system identifier : [-//Hibernate/Hibernate Configuration DTD//EN] - [http://www.hibernate.org/dtd/hibernate-configuration-3.0.dtd]
[DEBUG] 2018-02-11 22:05:30.041 [main] LocalXmlResourceResolver - Recognized hibernate-configuration identifier; attempting to resolve on classpath under org/hibernate/
[DEBUG] 2018-02-11 22:05:30.053 [main] JaxbCfgProcessor - cfg.xml document did not define namespaces; wrapping in custom event reader to introduce namespace information
[DEBUG] 2018-02-11 22:05:30.492 [main] ServiceBinding - Overriding existing service binding [org.hibernate.secure.spi.JaccService]
[DEBUG] 2018-02-11 22:05:30.557 [main] RegionFactoryInitiator - Cache region factory : org.hibernate.cache.internal.NoCachingRegionFactory
[INFO ] 2018-02-11 22:05:30.595 [main] Version - HCANN000001: Hibernate Commons Annotations {5.0.1.Final}
[DEBUG] 2018-02-11 22:05:30.681 [main] BasicTypeRegistry - Adding type registration boolean -> org.hibernate.type.BooleanType@7139992f
[DEBUG] 2018-02-11 22:05:30.682 [main] BasicTypeRegistry - Adding type registration boolean -> org.hibernate.type.BooleanType@7139992f
[DEBUG] 2018-02-11 22:05:30.685 [main] BasicTypeRegistry - Adding type registration java.lang.Boolean -> org.hibernate.type.BooleanType@7139992f
[DEBUG] 2018-02-11 22:05:30.688 [main] BasicTypeRegistry - Adding type registration numeric_boolean -> org.hibernate.type.NumericBooleanType@7eecb5b8
[DEBUG] 2018-02-11 22:05:30.692 [main] BasicTypeRegistry - Adding type registration true_false -> org.hibernate.type.TrueFalseType@71687585
[DEBUG] 2018-02-11 22:05:30.696 [main] BasicTypeRegistry - Adding type registration yes_no -> org.hibernate.type.YesNoType@7fb4f2a9
[DEBUG] 2018-02-11 22:05:30.701 [main] BasicTypeRegistry - Adding type registration byte -> org.hibernate.type.ByteType@7d3e8655
[DEBUG] 2018-02-11 22:05:30.701 [main] BasicTypeRegistry - Adding type registration byte -> org.hibernate.type.ByteType@7d3e8655
[DEBUG] 2018-02-11 22:05:30.702 [main] BasicTypeRegistry - Adding type registration java.lang.Byte -> org.hibernate.type.ByteType@7d3e8655
[DEBUG] 2018-02-11 22:05:30.705 [main] BasicTypeRegistry - Adding type registration character -> org.hibernate.type.CharacterType@3aa078fd
[DEBUG] 2018-02-11 22:05:30.705 [main] BasicTypeRegistry - Adding type registration char -> org.hibernate.type.CharacterType@3aa078fd
[DEBUG] 2018-02-11 22:05:30.706 [main] BasicTypeRegistry - Adding type registration java.lang.Character -> org.hibernate.type.CharacterType@3aa078fd
[DEBUG] 2018-02-11 22:05:30.710 [main] BasicTypeRegistry - Adding type registration short -> org.hibernate.type.ShortType@5dafbe45
[DEBUG] 2018-02-11 22:05:30.712 [main] BasicTypeRegistry - Adding type registration short -> org.hibernate.type.ShortType@5dafbe45
[DEBUG] 2018-02-11 22:05:30.712 [main] BasicTypeRegistry - Adding type registration java.lang.Short -> org.hibernate.type.ShortType@5dafbe45
[DEBUG] 2018-02-11 22:05:30.715 [main] BasicTypeRegistry - Adding type registration integer -> org.hibernate.type.IntegerType@d2de489
[DEBUG] 2018-02-11 22:05:30.716 [main] BasicTypeRegistry - Adding type registration int -> org.hibernate.type.IntegerType@d2de489
[DEBUG] 2018-02-11 22:05:30.718 [main] BasicTypeRegistry - Adding type registration java.lang.Integer -> org.hibernate.type.IntegerType@d2de489
[DEBUG] 2018-02-11 22:05:30.723 [main] BasicTypeRegistry - Adding type registration long -> org.hibernate.type.LongType@3e0e1046
[DEBUG] 2018-02-11 22:05:30.723 [main] BasicTypeRegistry - Adding type registration long -> org.hibernate.type.LongType@3e0e1046
[DEBUG] 2018-02-11 22:05:30.724 [main] BasicTypeRegistry - Adding type registration java.lang.Long -> org.hibernate.type.LongType@3e0e1046
[DEBUG] 2018-02-11 22:05:30.731 [main] BasicTypeRegistry - Adding type registration float -> org.hibernate.type.FloatType@23941fb4
[DEBUG] 2018-02-11 22:05:30.731 [main] BasicTypeRegistry - Adding type registration float -> org.hibernate.type.FloatType@23941fb4
[DEBUG] 2018-02-11 22:05:30.733 [main] BasicTypeRegistry - Adding type registration java.lang.Float -> org.hibernate.type.FloatType@23941fb4
[DEBUG] 2018-02-11 22:05:30.738 [main] BasicTypeRegistry - Adding type registration double -> org.hibernate.type.DoubleType@45385f75
[DEBUG] 2018-02-11 22:05:30.738 [main] BasicTypeRegistry - Adding type registration double -> org.hibernate.type.DoubleType@45385f75
[DEBUG] 2018-02-11 22:05:30.739 [main] BasicTypeRegistry - Adding type registration java.lang.Double -> org.hibernate.type.DoubleType@45385f75
[DEBUG] 2018-02-11 22:05:30.743 [main] BasicTypeRegistry - Adding type registration big_decimal -> org.hibernate.type.BigDecimalType@700fb871
[DEBUG] 2018-02-11 22:05:30.744 [main] BasicTypeRegistry - Adding type registration java.math.BigDecimal -> org.hibernate.type.BigDecimalType@700fb871
[DEBUG] 2018-02-11 22:05:30.747 [main] BasicTypeRegistry - Adding type registration big_integer -> org.hibernate.type.BigIntegerType@565f390
[DEBUG] 2018-02-11 22:05:30.747 [main] BasicTypeRegistry - Adding type registration java.math.BigInteger -> org.hibernate.type.BigIntegerType@565f390
[DEBUG] 2018-02-11 22:05:30.752 [main] BasicTypeRegistry - Adding type registration string -> org.hibernate.type.StringType@49b2a47d
[DEBUG] 2018-02-11 22:05:30.753 [main] BasicTypeRegistry - Adding type registration java.lang.String -> org.hibernate.type.StringType@49b2a47d
[DEBUG] 2018-02-11 22:05:30.755 [main] BasicTypeRegistry - Adding type registration nstring -> org.hibernate.type.StringNVarcharType@642a7222
[DEBUG] 2018-02-11 22:05:30.766 [main] BasicTypeRegistry - Adding type registration ncharacter -> org.hibernate.type.CharacterNCharType@147e2ae7
[DEBUG] 2018-02-11 22:05:30.770 [main] BasicTypeRegistry - Adding type registration url -> org.hibernate.type.UrlType@503f91c3
[DEBUG] 2018-02-11 22:05:30.770 [main] BasicTypeRegistry - Adding type registration java.net.URL -> org.hibernate.type.UrlType@503f91c3
[DEBUG] 2018-02-11 22:05:30.775 [main] BasicTypeRegistry - Adding type registration Duration -> org.hibernate.type.DurationType@3b6d844d
[DEBUG] 2018-02-11 22:05:30.775 [main] BasicTypeRegistry - Adding type registration java.time.Duration -> org.hibernate.type.DurationType@3b6d844d
[DEBUG] 2018-02-11 22:05:30.815 [main] BasicTypeRegistry - Adding type registration Instant -> org.hibernate.type.InstantType@5038d0b5
[DEBUG] 2018-02-11 22:05:30.815 [main] BasicTypeRegistry - Adding type registration java.time.Instant -> org.hibernate.type.InstantType@5038d0b5
[DEBUG] 2018-02-11 22:05:30.822 [main] BasicTypeRegistry - Adding type registration LocalDateTime -> org.hibernate.type.LocalDateTimeType@45efd90f
[DEBUG] 2018-02-11 22:05:30.822 [main] BasicTypeRegistry - Adding type registration java.time.LocalDateTime -> org.hibernate.type.LocalDateTimeType@45efd90f
[DEBUG] 2018-02-11 22:05:30.828 [main] BasicTypeRegistry - Adding type registration LocalDate -> org.hibernate.type.LocalDateType@7d7758be
[DEBUG] 2018-02-11 22:05:30.829 [main] BasicTypeRegistry - Adding type registration java.time.LocalDate -> org.hibernate.type.LocalDateType@7d7758be
[DEBUG] 2018-02-11 22:05:30.834 [main] BasicTypeRegistry - Adding type registration LocalTime -> org.hibernate.type.LocalTimeType@a8ef162
[DEBUG] 2018-02-11 22:05:30.835 [main] BasicTypeRegistry - Adding type registration java.time.LocalTime -> org.hibernate.type.LocalTimeType@a8ef162
[DEBUG] 2018-02-11 22:05:30.839 [main] BasicTypeRegistry - Adding type registration OffsetDateTime -> org.hibernate.type.OffsetDateTimeType@78fa769e
[DEBUG] 2018-02-11 22:05:30.840 [main] BasicTypeRegistry - Adding type registration java.time.OffsetDateTime -> org.hibernate.type.OffsetDateTimeType@78fa769e
[DEBUG] 2018-02-11 22:05:30.844 [main] BasicTypeRegistry - Adding type registration OffsetTime -> org.hibernate.type.OffsetTimeType@18317edc
[DEBUG] 2018-02-11 22:05:30.844 [main] BasicTypeRegistry - Adding type registration java.time.OffsetTime -> org.hibernate.type.OffsetTimeType@18317edc
[DEBUG] 2018-02-11 22:05:30.857 [main] BasicTypeRegistry - Adding type registration ZonedDateTime -> org.hibernate.type.ZonedDateTimeType@3e62d773
[DEBUG] 2018-02-11 22:05:30.858 [main] BasicTypeRegistry - Adding type registration java.time.ZonedDateTime -> org.hibernate.type.ZonedDateTimeType@3e62d773
[DEBUG] 2018-02-11 22:05:30.862 [main] BasicTypeRegistry - Adding type registration date -> org.hibernate.type.DateType@47c81abf
[DEBUG] 2018-02-11 22:05:30.863 [main] BasicTypeRegistry - Adding type registration java.sql.Date -> org.hibernate.type.DateType@47c81abf
[DEBUG] 2018-02-11 22:05:30.866 [main] BasicTypeRegistry - Adding type registration time -> org.hibernate.type.TimeType@3cce57c7
[DEBUG] 2018-02-11 22:05:30.867 [main] BasicTypeRegistry - Adding type registration java.sql.Time -> org.hibernate.type.TimeType@3cce57c7
[DEBUG] 2018-02-11 22:05:30.870 [main] BasicTypeRegistry - Adding type registration timestamp -> org.hibernate.type.TimestampType@3576ddc2
[DEBUG] 2018-02-11 22:05:30.871 [main] BasicTypeRegistry - Adding type registration java.sql.Timestamp -> org.hibernate.type.TimestampType@3576ddc2
[DEBUG] 2018-02-11 22:05:30.871 [main] BasicTypeRegistry - Adding type registration java.util.Date -> org.hibernate.type.TimestampType@3576ddc2
[DEBUG] 2018-02-11 22:05:30.875 [main] BasicTypeRegistry - Adding type registration dbtimestamp -> org.hibernate.type.DbTimestampType@b86de0d
[DEBUG] 2018-02-11 22:05:30.879 [main] BasicTypeRegistry - Adding type registration calendar -> org.hibernate.type.CalendarType@4808bc9b
[DEBUG] 2018-02-11 22:05:30.879 [main] BasicTypeRegistry - Adding type registration java.util.Calendar -> org.hibernate.type.CalendarType@4808bc9b
[DEBUG] 2018-02-11 22:05:30.879 [main] BasicTypeRegistry - Adding type registration java.util.GregorianCalendar -> org.hibernate.type.CalendarType@4808bc9b
[DEBUG] 2018-02-11 22:05:30.881 [main] BasicTypeRegistry - Adding type registration calendar_date -> org.hibernate.type.CalendarDateType@13df2a8c
[DEBUG] 2018-02-11 22:05:30.884 [main] BasicTypeRegistry - Adding type registration locale -> org.hibernate.type.LocaleType@163370c2
[DEBUG] 2018-02-11 22:05:30.884 [main] BasicTypeRegistry - Adding type registration java.util.Locale -> org.hibernate.type.LocaleType@163370c2
[DEBUG] 2018-02-11 22:05:30.887 [main] BasicTypeRegistry - Adding type registration currency -> org.hibernate.type.CurrencyType@13d9cbf5
[DEBUG] 2018-02-11 22:05:30.887 [main] BasicTypeRegistry - Adding type registration java.util.Currency -> org.hibernate.type.CurrencyType@13d9cbf5
[DEBUG] 2018-02-11 22:05:30.890 [main] BasicTypeRegistry - Adding type registration timezone -> org.hibernate.type.TimeZoneType@7b50df34
[DEBUG] 2018-02-11 22:05:30.891 [main] BasicTypeRegistry - Adding type registration java.util.TimeZone -> org.hibernate.type.TimeZoneType@7b50df34
[DEBUG] 2018-02-11 22:05:30.893 [main] BasicTypeRegistry - Adding type registration class -> org.hibernate.type.ClassType@77659b30
[DEBUG] 2018-02-11 22:05:30.894 [main] BasicTypeRegistry - Adding type registration java.lang.Class -> org.hibernate.type.ClassType@77659b30
[DEBUG] 2018-02-11 22:05:30.898 [main] BasicTypeRegistry - Adding type registration uuid-binary -> org.hibernate.type.UUIDBinaryType@e25951c
[DEBUG] 2018-02-11 22:05:30.898 [main] BasicTypeRegistry - Adding type registration java.util.UUID -> org.hibernate.type.UUIDBinaryType@e25951c
[DEBUG] 2018-02-11 22:05:30.900 [main] BasicTypeRegistry - Adding type registration uuid-char -> org.hibernate.type.UUIDCharType@dc9876b
[DEBUG] 2018-02-11 22:05:30.903 [main] BasicTypeRegistry - Adding type registration binary -> org.hibernate.type.BinaryType@57a3e26a
[DEBUG] 2018-02-11 22:05:30.904 [main] BasicTypeRegistry - Adding type registration byte[] -> org.hibernate.type.BinaryType@57a3e26a
[DEBUG] 2018-02-11 22:05:30.904 [main] BasicTypeRegistry - Adding type registration [B -> org.hibernate.type.BinaryType@57a3e26a
[DEBUG] 2018-02-11 22:05:30.907 [main] BasicTypeRegistry - Adding type registration wrapper-binary -> org.hibernate.type.WrapperBinaryType@3b5fad2d
[DEBUG] 2018-02-11 22:05:30.908 [main] BasicTypeRegistry - Adding type registration Byte[] -> org.hibernate.type.WrapperBinaryType@3b5fad2d
[DEBUG] 2018-02-11 22:05:30.908 [main] BasicTypeRegistry - Adding type registration [Ljava.lang.Byte; -> org.hibernate.type.WrapperBinaryType@3b5fad2d
[DEBUG] 2018-02-11 22:05:30.911 [main] BasicTypeRegistry - Adding type registration row_version -> org.hibernate.type.RowVersionType@74f6c5d8
[DEBUG] 2018-02-11 22:05:30.913 [main] BasicTypeRegistry - Adding type registration image -> org.hibernate.type.ImageType@4bbf6d0e
[DEBUG] 2018-02-11 22:05:30.916 [main] BasicTypeRegistry - Adding type registration characters -> org.hibernate.type.CharArrayType@13bc8645
[DEBUG] 2018-02-11 22:05:30.917 [main] BasicTypeRegistry - Adding type registration char[] -> org.hibernate.type.CharArrayType@13bc8645
[DEBUG] 2018-02-11 22:05:30.917 [main] BasicTypeRegistry - Adding type registration [C -> org.hibernate.type.CharArrayType@13bc8645
[DEBUG] 2018-02-11 22:05:30.920 [main] BasicTypeRegistry - Adding type registration wrapper-characters -> org.hibernate.type.CharacterArrayType@1890516e
[DEBUG] 2018-02-11 22:05:30.921 [main] BasicTypeRegistry - Adding type registration [Ljava.lang.Character; -> org.hibernate.type.CharacterArrayType@1890516e
[DEBUG] 2018-02-11 22:05:30.921 [main] BasicTypeRegistry - Adding type registration Character[] -> org.hibernate.type.CharacterArrayType@1890516e
[DEBUG] 2018-02-11 22:05:30.924 [main] BasicTypeRegistry - Adding type registration text -> org.hibernate.type.TextType@26adfd2d
[DEBUG] 2018-02-11 22:05:30.926 [main] BasicTypeRegistry - Adding type registration ntext -> org.hibernate.type.NTextType@6dd7b5a3
[DEBUG] 2018-02-11 22:05:30.943 [main] BasicTypeRegistry - Adding type registration blob -> org.hibernate.type.BlobType@7f284218
[DEBUG] 2018-02-11 22:05:30.944 [main] BasicTypeRegistry - Adding type registration java.sql.Blob -> org.hibernate.type.BlobType@7f284218
[DEBUG] 2018-02-11 22:05:30.946 [main] BasicTypeRegistry - Adding type registration materialized_blob -> org.hibernate.type.MaterializedBlobType@2a7ed1f
[DEBUG] 2018-02-11 22:05:30.960 [main] BasicTypeRegistry - Adding type registration clob -> org.hibernate.type.ClobType@42b3b079
[DEBUG] 2018-02-11 22:05:30.961 [main] BasicTypeRegistry - Adding type registration java.sql.Clob -> org.hibernate.type.ClobType@42b3b079
[DEBUG] 2018-02-11 22:05:31.062 [main] BasicTypeRegistry - Adding type registration nclob -> org.hibernate.type.NClobType@20d7d6fb
[DEBUG] 2018-02-11 22:05:31.062 [main] BasicTypeRegistry - Adding type registration java.sql.NClob -> org.hibernate.type.NClobType@20d7d6fb
[DEBUG] 2018-02-11 22:05:31.063 [main] BasicTypeRegistry - Adding type registration materialized_clob -> org.hibernate.type.MaterializedClobType@479cbee5
[DEBUG] 2018-02-11 22:05:31.065 [main] BasicTypeRegistry - Adding type registration materialized_nclob -> org.hibernate.type.MaterializedNClobType@7f8a9499
[DEBUG] 2018-02-11 22:05:31.069 [main] BasicTypeRegistry - Adding type registration serializable -> org.hibernate.type.SerializableType@62833051
[DEBUG] 2018-02-11 22:05:31.076 [main] BasicTypeRegistry - Adding type registration object -> org.hibernate.type.ObjectType@7fc4780b
[DEBUG] 2018-02-11 22:05:31.077 [main] BasicTypeRegistry - Adding type registration java.lang.Object -> org.hibernate.type.ObjectType@7fc4780b
[DEBUG] 2018-02-11 22:05:31.078 [main] BasicTypeRegistry - Adding type registration imm_date -> org.hibernate.type.AdaptedImmutableType@43599640
[DEBUG] 2018-02-11 22:05:31.079 [main] BasicTypeRegistry - Adding type registration imm_time -> org.hibernate.type.AdaptedImmutableType@1f81aa00
[DEBUG] 2018-02-11 22:05:31.079 [main] BasicTypeRegistry - Adding type registration imm_timestamp -> org.hibernate.type.AdaptedImmutableType@6b6776cb
[DEBUG] 2018-02-11 22:05:31.081 [main] BasicTypeRegistry - Adding type registration imm_dbtimestamp -> org.hibernate.type.AdaptedImmutableType@1863d2fe
[DEBUG] 2018-02-11 22:05:31.081 [main] BasicTypeRegistry - Adding type registration imm_calendar -> org.hibernate.type.AdaptedImmutableType@1787bc24
[DEBUG] 2018-02-11 22:05:31.081 [main] BasicTypeRegistry - Adding type registration imm_calendar_date -> org.hibernate.type.AdaptedImmutableType@544d57e
[DEBUG] 2018-02-11 22:05:31.085 [main] BasicTypeRegistry - Adding type registration imm_binary -> org.hibernate.type.AdaptedImmutableType@55c53a33
[DEBUG] 2018-02-11 22:05:31.085 [main] BasicTypeRegistry - Adding type registration imm_serializable -> org.hibernate.type.AdaptedImmutableType@53b7f657
[INFO ] 2018-02-11 22:05:31.147 [main] C3P0ConnectionProvider - HHH010002: C3P0 using driver: com.mysql.jdbc.Driver at URL: jdbc:mysql://localhost:3306/test_used_computers
[INFO ] 2018-02-11 22:05:31.148 [main] C3P0ConnectionProvider - HHH10001001: Connection properties: {user=root, password=****}
[INFO ] 2018-02-11 22:05:31.150 [main] C3P0ConnectionProvider - HHH10001003: Autocommit mode: false
[INFO ] 2018-02-11 22:05:31.516 [main] C3P0ConnectionProvider - HHH10001007: JDBC isolation level: <unknown>
[DEBUG] 2018-02-11 22:05:32.475 [main] JdbcEnvironmentInitiator - Database ->
       name : MySQL
    version : 5.7.21-0ubuntu0.16.04.1
      major : 5
      minor : 7
[DEBUG] 2018-02-11 22:05:32.476 [main] JdbcEnvironmentInitiator - Driver ->
       name : MySQL Connector Java
    version : mysql-connector-java-5.1.39 ( Revision: 3289a357af6d09ecc1a10fd3c26e95183e5790ad )
      major : 5
      minor : 1
[DEBUG] 2018-02-11 22:05:32.476 [main] JdbcEnvironmentInitiator - JDBC version : 4.0
[INFO ] 2018-02-11 22:05:32.501 [main] Dialect - HHH000400: Using dialect: org.hibernate.dialect.MySQL5Dialect
[DEBUG] 2018-02-11 22:05:32.608 [main] IdentifierHelperBuilder - JDBC driver metadata reported database stores quoted identifiers in more than one case
[DEBUG] 2018-02-11 22:05:32.612 [main] IdentifierHelperBuilder - IdentifierCaseStrategy for both quoted and unquoted identifiers was set to the same strategy [MIXED]; that will likely lead to problems in schema update and validation if using quoted identifiers
[DEBUG] 2018-02-11 22:05:32.715 [main] DefaultIdentifierGeneratorFactory - Registering IdentifierGenerator strategy [uuid2] -> [org.hibernate.id.UUIDGenerator]
[DEBUG] 2018-02-11 22:05:32.716 [main] DefaultIdentifierGeneratorFactory - Registering IdentifierGenerator strategy [guid] -> [org.hibernate.id.GUIDGenerator]
[DEBUG] 2018-02-11 22:05:32.717 [main] DefaultIdentifierGeneratorFactory - Registering IdentifierGenerator strategy [uuid] -> [org.hibernate.id.UUIDHexGenerator]
[DEBUG] 2018-02-11 22:05:32.717 [main] DefaultIdentifierGeneratorFactory - Registering IdentifierGenerator strategy [uuid.hex] -> [org.hibernate.id.UUIDHexGenerator]
[DEBUG] 2018-02-11 22:05:32.717 [main] DefaultIdentifierGeneratorFactory - Registering IdentifierGenerator strategy [assigned] -> [org.hibernate.id.Assigned]
[DEBUG] 2018-02-11 22:05:32.719 [main] DefaultIdentifierGeneratorFactory - Registering IdentifierGenerator strategy [identity] -> [org.hibernate.id.IdentityGenerator]
[DEBUG] 2018-02-11 22:05:32.720 [main] DefaultIdentifierGeneratorFactory - Registering IdentifierGenerator strategy [select] -> [org.hibernate.id.SelectGenerator]
[DEBUG] 2018-02-11 22:05:32.722 [main] DefaultIdentifierGeneratorFactory - Registering IdentifierGenerator strategy [sequence] -> [org.hibernate.id.enhanced.SequenceStyleGenerator]
[DEBUG] 2018-02-11 22:05:32.723 [main] DefaultIdentifierGeneratorFactory - Registering IdentifierGenerator strategy [seqhilo] -> [org.hibernate.id.SequenceHiLoGenerator]
[DEBUG] 2018-02-11 22:05:32.724 [main] DefaultIdentifierGeneratorFactory - Registering IdentifierGenerator strategy [increment] -> [org.hibernate.id.IncrementGenerator]
[DEBUG] 2018-02-11 22:05:32.725 [main] DefaultIdentifierGeneratorFactory - Registering IdentifierGenerator strategy [foreign] -> [org.hibernate.id.ForeignGenerator]
[DEBUG] 2018-02-11 22:05:32.725 [main] DefaultIdentifierGeneratorFactory - Registering IdentifierGenerator strategy [sequence-identity] -> [org.hibernate.id.SequenceIdentityGenerator]
[DEBUG] 2018-02-11 22:05:32.725 [main] DefaultIdentifierGeneratorFactory - Registering IdentifierGenerator strategy [enhanced-sequence] -> [org.hibernate.id.enhanced.SequenceStyleGenerator]
[DEBUG] 2018-02-11 22:05:32.727 [main] DefaultIdentifierGeneratorFactory - Registering IdentifierGenerator strategy [enhanced-table] -> [org.hibernate.id.enhanced.TableGenerator]
[DEBUG] 2018-02-11 22:05:32.811 [main] Namespace - Created database namespace [logicalName=Name{catalog=null, schema=null}, physicalName=Name{catalog=null, schema=null}]
[DEBUG] 2018-02-11 22:05:32.878 [main] AnnotationBinder - Binding entity from annotated class: entity.User
[DEBUG] 2018-02-11 22:05:32.921 [main] Ejb3Column - Binding column: Ejb3DiscriminatorColumn{logicalColumnName'DTYPE', discriminatorTypeName='string'}
[DEBUG] 2018-02-11 22:05:32.930 [main] EntityBinder - Import with entity name User
[DEBUG] 2018-02-11 22:05:32.936 [main] EntityBinder - Bind entity entity.User on table users
[DEBUG] 2018-02-11 22:05:33.002 [main] Ejb3Column - Binding column: Ejb3Column{table=org.hibernate.mapping.Table(users), mappingColumn=id, insertable=true, updatable=true, unique=false}
[DEBUG] 2018-02-11 22:05:33.007 [main] PropertyBinder - MetadataSourceProcessor property id with lazy=false
[DEBUG] 2018-02-11 22:05:33.011 [main] AbstractPropertyHolder - Attempting to locate auto-apply AttributeConverter for property [entity.User:id]
[DEBUG] 2018-02-11 22:05:33.014 [main] SimpleValueBinder - building SimpleValue for id
[DEBUG] 2018-02-11 22:05:33.021 [main] PropertyBinder - Building property id
[DEBUG] 2018-02-11 22:05:33.038 [main] Ejb3Column - Binding column: Ejb3Column{table=org.hibernate.mapping.Table(users), mappingColumn=approved, insertable=true, updatable=true, unique=false}
[DEBUG] 2018-02-11 22:05:33.039 [main] PropertyBinder - MetadataSourceProcessor property approved with lazy=false
[DEBUG] 2018-02-11 22:05:33.039 [main] AbstractPropertyHolder - Attempting to locate auto-apply AttributeConverter for property [entity.User:approved]
[DEBUG] 2018-02-11 22:05:33.039 [main] SimpleValueBinder - building SimpleValue for approved
[DEBUG] 2018-02-11 22:05:33.039 [main] PropertyBinder - Building property approved
[DEBUG] 2018-02-11 22:05:33.040 [main] Ejb3Column - Binding column: Ejb3Column{table=org.hibernate.mapping.Table(users), mappingColumn=city, insertable=true, updatable=true, unique=false}
[DEBUG] 2018-02-11 22:05:33.040 [main] PropertyBinder - MetadataSourceProcessor property city with lazy=false
[DEBUG] 2018-02-11 22:05:33.041 [main] AbstractPropertyHolder - Attempting to locate auto-apply AttributeConverter for property [entity.User:city]
[DEBUG] 2018-02-11 22:05:33.041 [main] SimpleValueBinder - building SimpleValue for city
[DEBUG] 2018-02-11 22:05:33.041 [main] PropertyBinder - Building property city
[DEBUG] 2018-02-11 22:05:33.041 [main] Ejb3Column - Binding column: Ejb3Column{table=org.hibernate.mapping.Table(users), mappingColumn=email, insertable=true, updatable=true, unique=false}
[DEBUG] 2018-02-11 22:05:33.042 [main] PropertyBinder - MetadataSourceProcessor property email with lazy=false
[DEBUG] 2018-02-11 22:05:33.042 [main] AbstractPropertyHolder - Attempting to locate auto-apply AttributeConverter for property [entity.User:email]
[DEBUG] 2018-02-11 22:05:33.042 [main] SimpleValueBinder - building SimpleValue for email
[DEBUG] 2018-02-11 22:05:33.043 [main] PropertyBinder - Building property email
[DEBUG] 2018-02-11 22:05:33.043 [main] Ejb3Column - Binding column: Ejb3Column{table=org.hibernate.mapping.Table(users), mappingColumn=first_name, insertable=true, updatable=true, unique=false}
[DEBUG] 2018-02-11 22:05:33.044 [main] PropertyBinder - MetadataSourceProcessor property firstName with lazy=false
[DEBUG] 2018-02-11 22:05:33.044 [main] AbstractPropertyHolder - Attempting to locate auto-apply AttributeConverter for property [entity.User:firstName]
[DEBUG] 2018-02-11 22:05:33.044 [main] SimpleValueBinder - building SimpleValue for firstName
[DEBUG] 2018-02-11 22:05:33.044 [main] PropertyBinder - Building property firstName
[DEBUG] 2018-02-11 22:05:33.045 [main] Ejb3Column - Binding column: Ejb3Column{table=org.hibernate.mapping.Table(users), mappingColumn=join_date, insertable=true, updatable=true, unique=false}
[DEBUG] 2018-02-11 22:05:33.045 [main] PropertyBinder - MetadataSourceProcessor property joinDate with lazy=false
[DEBUG] 2018-02-11 22:05:33.045 [main] AbstractPropertyHolder - Attempting to locate auto-apply AttributeConverter for property [entity.User:joinDate]
[DEBUG] 2018-02-11 22:05:33.046 [main] SimpleValueBinder - building SimpleValue for joinDate
[DEBUG] 2018-02-11 22:05:33.046 [main] PropertyBinder - Building property joinDate
[DEBUG] 2018-02-11 22:05:33.046 [main] Ejb3Column - Binding column: Ejb3Column{table=org.hibernate.mapping.Table(users), mappingColumn=last_name, insertable=true, updatable=true, unique=false}
[DEBUG] 2018-02-11 22:05:33.047 [main] PropertyBinder - MetadataSourceProcessor property lastName with lazy=false
[DEBUG] 2018-02-11 22:05:33.047 [main] AbstractPropertyHolder - Attempting to locate auto-apply AttributeConverter for property [entity.User:lastName]
[DEBUG] 2018-02-11 22:05:33.047 [main] SimpleValueBinder - building SimpleValue for lastName
[DEBUG] 2018-02-11 22:05:33.048 [main] PropertyBinder - Building property lastName
[DEBUG] 2018-02-11 22:05:33.048 [main] Ejb3Column - Binding column: Ejb3Column{table=org.hibernate.mapping.Table(users), mappingColumn=password, insertable=true, updatable=true, unique=false}
[DEBUG] 2018-02-11 22:05:33.048 [main] PropertyBinder - MetadataSourceProcessor property password with lazy=false
[DEBUG] 2018-02-11 22:05:33.049 [main] AbstractPropertyHolder - Attempting to locate auto-apply AttributeConverter for property [entity.User:password]
[DEBUG] 2018-02-11 22:05:33.049 [main] SimpleValueBinder - building SimpleValue for password
[DEBUG] 2018-02-11 22:05:33.049 [main] PropertyBinder - Building property password
[DEBUG] 2018-02-11 22:05:33.050 [main] Ejb3Column - Binding column: Ejb3Column{table=org.hibernate.mapping.Table(users), mappingColumn=state, insertable=true, updatable=true, unique=false}
[DEBUG] 2018-02-11 22:05:33.050 [main] PropertyBinder - MetadataSourceProcessor property state with lazy=false
[DEBUG] 2018-02-11 22:05:33.051 [main] AbstractPropertyHolder - Attempting to locate auto-apply AttributeConverter for property [entity.User:state]
[DEBUG] 2018-02-11 22:05:33.051 [main] SimpleValueBinder - building SimpleValue for state
[DEBUG] 2018-02-11 22:05:33.051 [main] PropertyBinder - Building property state
[DEBUG] 2018-02-11 22:05:33.051 [main] Ejb3Column - Binding column: Ejb3Column{table=org.hibernate.mapping.Table(users), mappingColumn=user_name, insertable=true, updatable=true, unique=false}
[DEBUG] 2018-02-11 22:05:33.052 [main] PropertyBinder - MetadataSourceProcessor property userName with lazy=false
[DEBUG] 2018-02-11 22:05:33.052 [main] AbstractPropertyHolder - Attempting to locate auto-apply AttributeConverter for property [entity.User:userName]
[DEBUG] 2018-02-11 22:05:33.052 [main] SimpleValueBinder - building SimpleValue for userName
[DEBUG] 2018-02-11 22:05:33.052 [main] PropertyBinder - Building property userName
[DEBUG] 2018-02-11 22:05:33.053 [main] Ejb3Column - Binding column: Ejb3Column{table=org.hibernate.mapping.Table(users), mappingColumn=zipcode, insertable=true, updatable=true, unique=false}
[DEBUG] 2018-02-11 22:05:33.053 [main] PropertyBinder - MetadataSourceProcessor property zipcode with lazy=false
[DEBUG] 2018-02-11 22:05:33.053 [main] AbstractPropertyHolder - Attempting to locate auto-apply AttributeConverter for property [entity.User:zipcode]
[DEBUG] 2018-02-11 22:05:33.053 [main] SimpleValueBinder - building SimpleValue for zipcode
[DEBUG] 2018-02-11 22:05:33.054 [main] PropertyBinder - Building property zipcode
[DEBUG] 2018-02-11 22:05:33.057 [main] SimpleValueBinder - Starting fillSimpleValue for id
[DEBUG] 2018-02-11 22:05:33.058 [main] SimpleValueBinder - Starting fillSimpleValue for approved
[DEBUG] 2018-02-11 22:05:33.058 [main] SimpleValueBinder - Starting fillSimpleValue for city
[DEBUG] 2018-02-11 22:05:33.058 [main] SimpleValueBinder - Starting fillSimpleValue for email
[DEBUG] 2018-02-11 22:05:33.058 [main] SimpleValueBinder - Starting fillSimpleValue for firstName
[DEBUG] 2018-02-11 22:05:33.059 [main] SimpleValueBinder - Starting fillSimpleValue for joinDate
[DEBUG] 2018-02-11 22:05:33.059 [main] SimpleValueBinder - Starting fillSimpleValue for lastName
[DEBUG] 2018-02-11 22:05:33.059 [main] SimpleValueBinder - Starting fillSimpleValue for password
[DEBUG] 2018-02-11 22:05:33.059 [main] SimpleValueBinder - Starting fillSimpleValue for state
[DEBUG] 2018-02-11 22:05:33.059 [main] SimpleValueBinder - Starting fillSimpleValue for userName
[DEBUG] 2018-02-11 22:05:33.059 [main] SimpleValueBinder - Starting fillSimpleValue for zipcode
[DEBUG] 2018-02-11 22:05:33.063 [main] PrimaryKey - Forcing column [id] to be non-null as it is part of the primary key for table [users]
[DEBUG] 2018-02-11 22:05:33.166 [main] SessionFactoryImpl - Building session factory
[DEBUG] 2018-02-11 22:05:33.169 [main] Settings - SessionFactory name : null
[DEBUG] 2018-02-11 22:05:33.169 [main] Settings - Automatic flush during beforeCompletion(): enabled
[DEBUG] 2018-02-11 22:05:33.170 [main] Settings - Automatic session close at end of transaction: disabled
[DEBUG] 2018-02-11 22:05:33.170 [main] Settings - Statistics: disabled
[DEBUG] 2018-02-11 22:05:33.170 [main] Settings - Deleted entity synthetic identifier rollback: disabled
[DEBUG] 2018-02-11 22:05:33.170 [main] Settings - Default entity-mode: pojo
[DEBUG] 2018-02-11 22:05:33.170 [main] Settings - Check Nullability in Core (should be disabled when Bean Validation is on): enabled
[DEBUG] 2018-02-11 22:05:33.170 [main] Settings - Allow initialization of lazy state outside session : disabled
[DEBUG] 2018-02-11 22:05:33.170 [main] Settings - Using BatchFetchStyle : LEGACY
[DEBUG] 2018-02-11 22:05:33.171 [main] Settings - Default batch fetch size: -1
[DEBUG] 2018-02-11 22:05:33.171 [main] Settings - Maximum outer join fetch depth: 2
[DEBUG] 2018-02-11 22:05:33.171 [main] Settings - Default null ordering: NONE
[DEBUG] 2018-02-11 22:05:33.171 [main] Settings - Order SQL updates by primary key: disabled
[DEBUG] 2018-02-11 22:05:33.171 [main] Settings - Order SQL inserts for batching: disabled
[DEBUG] 2018-02-11 22:05:33.171 [main] Settings - multi-tenancy strategy : NONE
[DEBUG] 2018-02-11 22:05:33.172 [main] Settings - JTA Track by Thread: enabled
[DEBUG] 2018-02-11 22:05:33.172 [main] Settings - Query language substitutions: {}
[DEBUG] 2018-02-11 22:05:33.172 [main] Settings - JPA query language strict compliance: disabled
[DEBUG] 2018-02-11 22:05:33.172 [main] Settings - Named query checking : enabled
[DEBUG] 2018-02-11 22:05:33.172 [main] Settings - Second-level cache: enabled
[DEBUG] 2018-02-11 22:05:33.172 [main] Settings - Second-level query cache: disabled
[DEBUG] 2018-02-11 22:05:33.172 [main] Settings - Second-level query cache factory: org.hibernate.cache.internal.StandardQueryCacheFactory@7383eae2
[DEBUG] 2018-02-11 22:05:33.172 [main] Settings - Second-level cache region prefix: null
[DEBUG] 2018-02-11 22:05:33.173 [main] Settings - Optimize second-level cache for minimal puts: disabled
[DEBUG] 2018-02-11 22:05:33.173 [main] Settings - Structured second-level cache entries: disabled
[DEBUG] 2018-02-11 22:05:33.173 [main] Settings - Second-level cache direct-reference entries: disabled
[DEBUG] 2018-02-11 22:05:33.173 [main] Settings - Automatic eviction of collection cache: disabled
[DEBUG] 2018-02-11 22:05:33.173 [main] Settings - JDBC batch size: 15
[DEBUG] 2018-02-11 22:05:33.173 [main] Settings - JDBC batch updates for versioned data: enabled
[DEBUG] 2018-02-11 22:05:33.173 [main] Settings - Scrollable result sets: enabled
[DEBUG] 2018-02-11 22:05:33.174 [main] Settings - Wrap result sets: disabled
[DEBUG] 2018-02-11 22:05:33.174 [main] Settings - JDBC3 getGeneratedKeys(): enabled
[DEBUG] 2018-02-11 22:05:33.174 [main] Settings - JDBC result set fetch size: null
[DEBUG] 2018-02-11 22:05:33.174 [main] Settings - Connection release mode: AFTER_TRANSACTION
[DEBUG] 2018-02-11 22:05:33.174 [main] Settings - Generate SQL with comments: disabled
[DEBUG] 2018-02-11 22:05:33.308 [main] SessionFactoryImpl - Session factory constructed with filter configurations : {}
[DEBUG] 2018-02-11 22:05:33.309 [main] SessionFactoryImpl - Instantiating session factory with properties: {sun.desktop=gnome, awt.toolkit=sun.awt.X11.XToolkit, file.encoding.pkg=sun.io, java.specification.version=1.8, hibernate.c3p0.idle_test_period=3000, sun.cpu.isalist=, sun.jnu.encoding=UTF-8, hibernate.c3p0.min_size=5, java.class.path=/home/osamah/idea/lib/idea_rt.jar:/home/osamah/idea/plugins/junit/lib/junit-rt.jar:/home/osamah/idea/plugins/junit/lib/junit5-rt.jar:/usr/lib/jvm/java-8-oracle/jre/lib/charsets.jar:/usr/lib/jvm/java-8-oracle/jre/lib/deploy.jar:/usr/lib/jvm/java-8-oracle/jre/lib/ext/cldrdata.jar:/usr/lib/jvm/java-8-oracle/jre/lib/ext/dnsns.jar:/usr/lib/jvm/java-8-oracle/jre/lib/ext/jaccess.jar:/usr/lib/jvm/java-8-oracle/jre/lib/ext/jfxrt.jar:/usr/lib/jvm/java-8-oracle/jre/lib/ext/localedata.jar:/usr/lib/jvm/java-8-oracle/jre/lib/ext/nashorn.jar:/usr/lib/jvm/java-8-oracle/jre/lib/ext/sunec.jar:/usr/lib/jvm/java-8-oracle/jre/lib/ext/sunjce_provider.jar:/usr/lib/jvm/java-8-oracle/jre/lib/ext/sunpkcs11.jar:/usr/lib/jvm/java-8-oracle/jre/lib/ext/zipfs.jar:/usr/lib/jvm/java-8-oracle/jre/lib/javaws.jar:/usr/lib/jvm/java-8-oracle/jre/lib/jce.jar:/usr/lib/jvm/java-8-oracle/jre/lib/jfr.jar:/usr/lib/jvm/java-8-oracle/jre/lib/jfxswt.jar:/usr/lib/jvm/java-8-oracle/jre/lib/jsse.jar:/usr/lib/jvm/java-8-oracle/jre/lib/management-agent.jar:/usr/lib/jvm/java-8-oracle/jre/lib/plugin.jar:/usr/lib/jvm/java-8-oracle/jre/lib/resources.jar:/usr/lib/jvm/java-8-oracle/jre/lib/rt.jar:/home/osamah/IdeaProjects/usedComputersWebSite/target/test-classes:/home/osamah/IdeaProjects/usedComputersWebSite/target/classes:/home/osamah/.m2/repository/org/junit/jupiter/junit-jupiter-engine/5.0.0/junit-jupiter-engine-5.0.0.jar:/home/osamah/.m2/repository/org/apiguardian/apiguardian-api/1.0.0/apiguardian-api-1.0.0.jar:/home/osamah/.m2/repository/org/junit/platform/junit-platform-engine/1.0.0/junit-platform-engine-1.0.0.jar:/home/osamah/.m2/repository/org/junit/platform/junit-platform-commons/1.0.0/junit-platform-commons-1.0.0.jar:/home/osamah/.m2/repository/org/opentest4j/opentest4j/1.0.0/opentest4j-1.0.0.jar:/home/osamah/.m2/repository/org/junit/jupiter/junit-jupiter-api/5.0.0/junit-jupiter-api-5.0.0.jar:/home/osamah/.m2/repository/junit/junit/4.12/junit-4.12.jar:/home/osamah/.m2/repository/org/hamcrest/hamcrest-core/1.3/hamcrest-core-1.3.jar:/home/osamah/.m2/repository/org/junit/platform/junit-platform-runner/1.0.0/junit-platform-runner-1.0.0.jar:/home/osamah/.m2/repository/org/junit/platform/junit-platform-launcher/1.0.0/junit-platform-launcher-1.0.0.jar:/home/osamah/.m2/repository/org/junit/platform/junit-platform-suite-api/1.0.0/junit-platform-suite-api-1.0.0.jar:/home/osamah/.m2/repository/org/junit/vintage/junit-vintage-engine/4.12.0/junit-vintage-engine-4.12.0.jar:/home/osamah/.m2/repository/javax/javaee-web-api/7.0/javaee-web-api-7.0.jar:/home/osamah/.m2/repository/org/apache/logging/log4j/log4j-api/2.10.0/log4j-api-2.10.0.jar:/home/osamah/.m2/repository/org/apache/logging/log4j/log4j-core/2.10.0/log4j-core-2.10.0.jar:/home/osamah/.m2/repository/org/hibernate/hibernate-core/5.2.12.Final/hibernate-core-5.2.12.Final.jar:/home/osamah/.m2/repository/org/jboss/logging/jboss-logging/3.3.0.Final/jboss-logging-3.3.0.Final.jar:/home/osamah/.m2/repository/org/hibernate/javax/persistence/hibernate-jpa-2.1-api/1.0.0.Final/hibernate-jpa-2.1-api-1.0.0.Final.jar:/home/osamah/.m2/repository/org/javassist/javassist/3.20.0-GA/javassist-3.20.0-GA.jar:/home/osamah/.m2/repository/antlr/antlr/2.7.7/antlr-2.7.7.jar:/home/osamah/.m2/repository/org/jboss/spec/javax/transaction/jboss-transaction-api_1.2_spec/1.0.1.Final/jboss-transaction-api_1.2_spec-1.0.1.Final.jar:/home/osamah/.m2/repository/org/jboss/jandex/2.0.3.Final/jandex-2.0.3.Final.jar:/home/osamah/.m2/repository/com/fasterxml/classmate/1.3.0/classmate-1.3.0.jar:/home/osamah/.m2/repository/dom4j/dom4j/1.6.1/dom4j-1.6.1.jar:/home/osamah/.m2/repository/org/hibernate/common/hibernate-commons-annotations/5.0.1.Final/hibernate-commons-annotations-5.0.1.Final.jar:/home/osamah/.m2/repository/org/hibernate/hibernate-c3p0/5.2.12.Final/hibernate-c3p0-5.2.12.Final.jar:/home/osamah/.m2/repository/com/mchange/c3p0/0.9.5.2/c3p0-0.9.5.2.jar:/home/osamah/.m2/repository/com/mchange/mchange-commons-java/0.2.11/mchange-commons-java-0.2.11.jar:/home/osamah/.m2/repository/mysql/mysql-connector-java/5.1.39/mysql-connector-java-5.1.39.jar:/home/osamah/.m2/repository/jstl/jstl/1.2/jstl-1.2.jar:/home/osamah/idea/lib/idea_rt.jar, java.vm.vendor=Oracle Corporation, sun.arch.data.model=64, idea.test.cyclic.buffer.size=1048576, java.vendor.url=http://java.oracle.com/, user.timezone=America/Chicago, os.name=Linux, java.vm.specification.version=1.8, user.country=US, sun.java.launcher=SUN_STANDARD, sun.boot.library.path=/usr/lib/jvm/java-8-oracle/jre/lib/amd64, sun.java.command=com.intellij.rt.execution.junit.JUnitStarter -ideVersion5 -junit5 persistence.UserDaoTest, sun.cpu.endian=little, hibernate.c3p0.max_statements=50, user.home=/home/osamah, user.language=en, java.specification.vendor=Oracle Corporation, java.home=/usr/lib/jvm/java-8-oracle/jre, file.separator=/, line.separator=
, hibernate.c3p0.timeout=300, java.vm.specification.vendor=Oracle Corporation, java.specification.name=Java Platform API Specification, java.awt.graphicsenv=sun.awt.X11GraphicsEnvironment, sun.boot.class.path=/usr/lib/jvm/java-8-oracle/jre/lib/resources.jar:/usr/lib/jvm/java-8-oracle/jre/lib/rt.jar:/usr/lib/jvm/java-8-oracle/jre/lib/sunrsasign.jar:/usr/lib/jvm/java-8-oracle/jre/lib/jsse.jar:/usr/lib/jvm/java-8-oracle/jre/lib/jce.jar:/usr/lib/jvm/java-8-oracle/jre/lib/charsets.jar:/usr/lib/jvm/java-8-oracle/jre/lib/jfr.jar:/usr/lib/jvm/java-8-oracle/jre/classes, connection.password=student, sun.management.compiler=HotSpot 64-Bit Tiered Compilers, hibernate.c3p0.max_size=20, java.runtime.version=1.8.0_161-b12, user.name=osamah, path.separator=:, hibernate.connection.username=root, os.version=4.13.0-32-generic, java.endorsed.dirs=/usr/lib/jvm/java-8-oracle/jre/lib/endorsed, java.runtime.name=Java(TM) SE Runtime Environment, hibernate.connection.url=jdbc:mysql://localhost:3306/test_used_computers, file.encoding=UTF-8, java.vm.name=Java HotSpot(TM) 64-Bit Server VM, hibernate.connection.driver_class=com.mysql.jdbc.Driver, java.vendor.url.bug=http://bugreport.sun.com/bugreport/, java.io.tmpdir=/tmp, java.version=1.8.0_161, user.dir=/home/osamah/IdeaProjects/usedComputersWebSite, os.arch=amd64, connection.username=root, java.vm.specification.name=Java Virtual Machine Specification, hibernate.connection.password=****, java.awt.printerjob=sun.print.PSPrinterJob, sun.os.patch.level=unknown, connection.driver_class=com.mysql.jdbc.Driver, hibernate.boot.CfgXmlAccessService.key=org.hibernate.boot.cfgxml.spi.LoadedConfig@6b5176f2, java.library.path=/usr/java/packages/lib/amd64:/usr/lib64:/lib64:/lib:/usr/lib, java.vm.info=mixed mode, java.vendor=Oracle Corporation, java.vm.version=25.161-b12, hibernate.bytecode.use_reflection_optimizer=false, java.ext.dirs=/usr/lib/jvm/java-8-oracle/jre/lib/ext:/usr/java/packages/lib/ext, sun.io.unicode.encoding=UnicodeLittle, connection.url=jdbc:mysql://localhost:3306/test_used_computers, java.class.version=52.0}
[DEBUG] 2018-02-11 22:05:33.353 [main] TypeSafeActivator - Unable to acquire Bean Validation ValidatorFactory, skipping activation
[DEBUG] 2018-02-11 22:05:33.354 [main] JaccIntegrator - Skipping JACC integration as it was not enabled
[DEBUG] 2018-02-11 22:05:33.357 [main] SessionFactoryImpl - Instantiated session factory
[DEBUG] 2018-02-11 22:05:33.479 [main] ClassLoaderAccessImpl - Not known whether passed class name [entity.User] is safe
[DEBUG] 2018-02-11 22:05:33.480 [main] ClassLoaderAccessImpl - No temp ClassLoader provided; using live ClassLoader for loading potentially unsafe class : entity.User
[DEBUG] 2018-02-11 22:05:33.519 [main] ClassLoaderAccessImpl - Not known whether passed class name [entity.User] is safe
[DEBUG] 2018-02-11 22:05:33.519 [main] ClassLoaderAccessImpl - No temp ClassLoader provided; using live ClassLoader for loading potentially unsafe class : entity.User
[DEBUG] 2018-02-11 22:05:33.697 [main] AbstractEntityPersister - Static SQL for entity: entity.User
[DEBUG] 2018-02-11 22:05:33.698 [main] AbstractEntityPersister -  Version select: select id from users where id =?
[DEBUG] 2018-02-11 22:05:33.698 [main] AbstractEntityPersister -  Snapshot select: select user_.id, user_.approved as approved2_0_, user_.city as city3_0_, user_.email as email4_0_, user_.first_name as first_na5_0_, user_.join_date as join_dat6_0_, user_.last_name as last_nam7_0_, user_.password as password8_0_, user_.state as state9_0_, user_.user_name as user_na10_0_, user_.zipcode as zipcode11_0_ from users user_ where user_.id=?
[DEBUG] 2018-02-11 22:05:33.698 [main] AbstractEntityPersister -  Insert 0: insert into users (approved, city, email, first_name, join_date, last_name, password, state, user_name, zipcode, id) values (?, ?, ?, ?, ?, ?, ?, ?, ?, ?, ?)
[DEBUG] 2018-02-11 22:05:33.698 [main] AbstractEntityPersister -  Update 0: update users set approved=?, city=?, email=?, first_name=?, join_date=?, last_name=?, password=?, state=?, user_name=?, zipcode=? where id=?
[DEBUG] 2018-02-11 22:05:33.698 [main] AbstractEntityPersister -  Delete 0: delete from users where id=?
[DEBUG] 2018-02-11 22:05:33.698 [main] AbstractEntityPersister -  Identity insert: insert into users (approved, city, email, first_name, join_date, last_name, password, state, user_name, zipcode) values (?, ?, ?, ?, ?, ?, ?, ?, ?, ?)
[DEBUG] 2018-02-11 22:05:33.744 [main] QuerySpacesImpl - Adding QuerySpace : uid = <gen:0> -> org.hibernate.loader.plan.build.internal.spaces.EntityQuerySpaceImpl@10567255]
[DEBUG] 2018-02-11 22:05:33.748 [main] MetamodelGraphWalker - Visiting attribute path : approved
[DEBUG] 2018-02-11 22:05:33.748 [main] MetamodelGraphWalker - Visiting attribute path : city
[DEBUG] 2018-02-11 22:05:33.749 [main] MetamodelGraphWalker - Visiting attribute path : email
[DEBUG] 2018-02-11 22:05:33.749 [main] MetamodelGraphWalker - Visiting attribute path : firstName
[DEBUG] 2018-02-11 22:05:33.749 [main] MetamodelGraphWalker - Visiting attribute path : joinDate
[DEBUG] 2018-02-11 22:05:33.749 [main] MetamodelGraphWalker - Visiting attribute path : lastName
[DEBUG] 2018-02-11 22:05:33.749 [main] MetamodelGraphWalker - Visiting attribute path : password
[DEBUG] 2018-02-11 22:05:33.750 [main] MetamodelGraphWalker - Visiting attribute path : state
[DEBUG] 2018-02-11 22:05:33.750 [main] MetamodelGraphWalker - Visiting attribute path : userName
[DEBUG] 2018-02-11 22:05:33.750 [main] MetamodelGraphWalker - Visiting attribute path : zipcode
[DEBUG] 2018-02-11 22:05:33.750 [main] FetchStyleLoadPlanBuildingAssociationVisitationStrategy - Building LoadPlan...
[DEBUG] 2018-02-11 22:05:33.787 [main] LoadQueryJoinAndFetchProcessor - processing queryspace <gen:0>
[DEBUG] 2018-02-11 22:05:33.800 [main] LoadPlanTreePrinter - LoadPlan(entity=entity.User)
    - Returns
       - EntityReturnImpl(entity=entity.User, querySpaceUid=<gen:0>, path=entity.User)
    - QuerySpaces
       - EntityQuerySpaceImpl(uid=<gen:0>, entity=entity.User)
          - SQL table alias mapping - user0_
          - alias suffix - 0_
          - suffixed key columns - {id1_0_0_}

[DEBUG] 2018-02-11 22:05:33.806 [main] EntityLoader - Static select for entity entity.User [NONE]: select user0_.id as id1_0_0_, user0_.approved as approved2_0_0_, user0_.city as city3_0_0_, user0_.email as email4_0_0_, user0_.first_name as first_na5_0_0_, user0_.join_date as join_dat6_0_0_, user0_.last_name as last_nam7_0_0_, user0_.password as password8_0_0_, user0_.state as state9_0_0_, user0_.user_name as user_na10_0_0_, user0_.zipcode as zipcode11_0_0_ from users user0_ where user0_.id=?
[DEBUG] 2018-02-11 22:05:33.806 [main] QuerySpacesImpl - Adding QuerySpace : uid = <gen:0> -> org.hibernate.loader.plan.build.internal.spaces.EntityQuerySpaceImpl@2899a8db]
[DEBUG] 2018-02-11 22:05:33.807 [main] MetamodelGraphWalker - Visiting attribute path : approved
[DEBUG] 2018-02-11 22:05:33.807 [main] MetamodelGraphWalker - Visiting attribute path : city
[DEBUG] 2018-02-11 22:05:33.807 [main] MetamodelGraphWalker - Visiting attribute path : email
[DEBUG] 2018-02-11 22:05:33.807 [main] MetamodelGraphWalker - Visiting attribute path : firstName
[DEBUG] 2018-02-11 22:05:33.807 [main] MetamodelGraphWalker - Visiting attribute path : joinDate
[DEBUG] 2018-02-11 22:05:33.807 [main] MetamodelGraphWalker - Visiting attribute path : lastName
[DEBUG] 2018-02-11 22:05:33.808 [main] MetamodelGraphWalker - Visiting attribute path : password
[DEBUG] 2018-02-11 22:05:33.808 [main] MetamodelGraphWalker - Visiting attribute path : state
[DEBUG] 2018-02-11 22:05:33.808 [main] MetamodelGraphWalker - Visiting attribute path : userName
[DEBUG] 2018-02-11 22:05:33.808 [main] MetamodelGraphWalker - Visiting attribute path : zipcode
[DEBUG] 2018-02-11 22:05:33.808 [main] FetchStyleLoadPlanBuildingAssociationVisitationStrategy - Building LoadPlan...
[DEBUG] 2018-02-11 22:05:33.809 [main] LoadQueryJoinAndFetchProcessor - processing queryspace <gen:0>
[DEBUG] 2018-02-11 22:05:33.810 [main] LoadPlanTreePrinter - LoadPlan(entity=entity.User)
    - Returns
       - EntityReturnImpl(entity=entity.User, querySpaceUid=<gen:0>, path=entity.User)
    - QuerySpaces
       - EntityQuerySpaceImpl(uid=<gen:0>, entity=entity.User)
          - SQL table alias mapping - user0_
          - alias suffix - 0_
          - suffixed key columns - {id1_0_0_}

[DEBUG] 2018-02-11 22:05:33.810 [main] EntityLoader - Static select for entity entity.User [READ]: select user0_.id as id1_0_0_, user0_.approved as approved2_0_0_, user0_.city as city3_0_0_, user0_.email as email4_0_0_, user0_.first_name as first_na5_0_0_, user0_.join_date as join_dat6_0_0_, user0_.last_name as last_nam7_0_0_, user0_.password as password8_0_0_, user0_.state as state9_0_0_, user0_.user_name as user_na10_0_0_, user0_.zipcode as zipcode11_0_0_ from users user0_ where user0_.id=?
[DEBUG] 2018-02-11 22:05:33.810 [main] QuerySpacesImpl - Adding QuerySpace : uid = <gen:0> -> org.hibernate.loader.plan.build.internal.spaces.EntityQuerySpaceImpl@c1a4620]
[DEBUG] 2018-02-11 22:05:33.811 [main] MetamodelGraphWalker - Visiting attribute path : approved
[DEBUG] 2018-02-11 22:05:33.811 [main] MetamodelGraphWalker - Visiting attribute path : city
[DEBUG] 2018-02-11 22:05:33.811 [main] MetamodelGraphWalker - Visiting attribute path : email
[DEBUG] 2018-02-11 22:05:33.811 [main] MetamodelGraphWalker - Visiting attribute path : firstName
[DEBUG] 2018-02-11 22:05:33.811 [main] MetamodelGraphWalker - Visiting attribute path : joinDate
[DEBUG] 2018-02-11 22:05:33.811 [main] MetamodelGraphWalker - Visiting attribute path : lastName
[DEBUG] 2018-02-11 22:05:33.811 [main] MetamodelGraphWalker - Visiting attribute path : password
[DEBUG] 2018-02-11 22:05:33.812 [main] MetamodelGraphWalker - Visiting attribute path : state
[DEBUG] 2018-02-11 22:05:33.812 [main] MetamodelGraphWalker - Visiting attribute path : userName
[DEBUG] 2018-02-11 22:05:33.812 [main] MetamodelGraphWalker - Visiting attribute path : zipcode
[DEBUG] 2018-02-11 22:05:33.812 [main] FetchStyleLoadPlanBuildingAssociationVisitationStrategy - Building LoadPlan...
[DEBUG] 2018-02-11 22:05:33.813 [main] LoadQueryJoinAndFetchProcessor - processing queryspace <gen:0>
[DEBUG] 2018-02-11 22:05:33.815 [main] LoadPlanTreePrinter - LoadPlan(entity=entity.User)
    - Returns
       - EntityReturnImpl(entity=entity.User, querySpaceUid=<gen:0>, path=entity.User)
    - QuerySpaces
       - EntityQuerySpaceImpl(uid=<gen:0>, entity=entity.User)
          - SQL table alias mapping - user0_
          - alias suffix - 0_
          - suffixed key columns - {id1_0_0_}

[DEBUG] 2018-02-11 22:05:33.816 [main] EntityLoader - Static select for entity entity.User [UPGRADE]: select user0_.id as id1_0_0_, user0_.approved as approved2_0_0_, user0_.city as city3_0_0_, user0_.email as email4_0_0_, user0_.first_name as first_na5_0_0_, user0_.join_date as join_dat6_0_0_, user0_.last_name as last_nam7_0_0_, user0_.password as password8_0_0_, user0_.state as state9_0_0_, user0_.user_name as user_na10_0_0_, user0_.zipcode as zipcode11_0_0_ from users user0_ where user0_.id=? for update
[DEBUG] 2018-02-11 22:05:33.816 [main] QuerySpacesImpl - Adding QuerySpace : uid = <gen:0> -> org.hibernate.loader.plan.build.internal.spaces.EntityQuerySpaceImpl@130a0f66]
[DEBUG] 2018-02-11 22:05:33.816 [main] MetamodelGraphWalker - Visiting attribute path : approved
[DEBUG] 2018-02-11 22:05:33.816 [main] MetamodelGraphWalker - Visiting attribute path : city
[DEBUG] 2018-02-11 22:05:33.816 [main] MetamodelGraphWalker - Visiting attribute path : email
[DEBUG] 2018-02-11 22:05:33.817 [main] MetamodelGraphWalker - Visiting attribute path : firstName
[DEBUG] 2018-02-11 22:05:33.817 [main] MetamodelGraphWalker - Visiting attribute path : joinDate
[DEBUG] 2018-02-11 22:05:33.817 [main] MetamodelGraphWalker - Visiting attribute path : lastName
[DEBUG] 2018-02-11 22:05:33.817 [main] MetamodelGraphWalker - Visiting attribute path : password
[DEBUG] 2018-02-11 22:05:33.817 [main] MetamodelGraphWalker - Visiting attribute path : state
[DEBUG] 2018-02-11 22:05:33.817 [main] MetamodelGraphWalker - Visiting attribute path : userName
[DEBUG] 2018-02-11 22:05:33.817 [main] MetamodelGraphWalker - Visiting attribute path : zipcode
[DEBUG] 2018-02-11 22:05:33.817 [main] FetchStyleLoadPlanBuildingAssociationVisitationStrategy - Building LoadPlan...
[DEBUG] 2018-02-11 22:05:33.818 [main] LoadQueryJoinAndFetchProcessor - processing queryspace <gen:0>
[DEBUG] 2018-02-11 22:05:33.819 [main] LoadPlanTreePrinter - LoadPlan(entity=entity.User)
    - Returns
       - EntityReturnImpl(entity=entity.User, querySpaceUid=<gen:0>, path=entity.User)
    - QuerySpaces
       - EntityQuerySpaceImpl(uid=<gen:0>, entity=entity.User)
          - SQL table alias mapping - user0_
          - alias suffix - 0_
          - suffixed key columns - {id1_0_0_}

[DEBUG] 2018-02-11 22:05:33.819 [main] EntityLoader - Static select for entity entity.User [UPGRADE_NOWAIT]: select user0_.id as id1_0_0_, user0_.approved as approved2_0_0_, user0_.city as city3_0_0_, user0_.email as email4_0_0_, user0_.first_name as first_na5_0_0_, user0_.join_date as join_dat6_0_0_, user0_.last_name as last_nam7_0_0_, user0_.password as password8_0_0_, user0_.state as state9_0_0_, user0_.user_name as user_na10_0_0_, user0_.zipcode as zipcode11_0_0_ from users user0_ where user0_.id=? for update
[DEBUG] 2018-02-11 22:05:33.820 [main] QuerySpacesImpl - Adding QuerySpace : uid = <gen:0> -> org.hibernate.loader.plan.build.internal.spaces.EntityQuerySpaceImpl@12365c88]
[DEBUG] 2018-02-11 22:05:33.820 [main] MetamodelGraphWalker - Visiting attribute path : approved
[DEBUG] 2018-02-11 22:05:33.820 [main] MetamodelGraphWalker - Visiting attribute path : city
[DEBUG] 2018-02-11 22:05:33.820 [main] MetamodelGraphWalker - Visiting attribute path : email
[DEBUG] 2018-02-11 22:05:33.820 [main] MetamodelGraphWalker - Visiting attribute path : firstName
[DEBUG] 2018-02-11 22:05:33.821 [main] MetamodelGraphWalker - Visiting attribute path : joinDate
[DEBUG] 2018-02-11 22:05:33.821 [main] MetamodelGraphWalker - Visiting attribute path : lastName
[DEBUG] 2018-02-11 22:05:33.821 [main] MetamodelGraphWalker - Visiting attribute path : password
[DEBUG] 2018-02-11 22:05:33.821 [main] MetamodelGraphWalker - Visiting attribute path : state
[DEBUG] 2018-02-11 22:05:33.821 [main] MetamodelGraphWalker - Visiting attribute path : userName
[DEBUG] 2018-02-11 22:05:33.821 [main] MetamodelGraphWalker - Visiting attribute path : zipcode
[DEBUG] 2018-02-11 22:05:33.821 [main] FetchStyleLoadPlanBuildingAssociationVisitationStrategy - Building LoadPlan...
[DEBUG] 2018-02-11 22:05:33.822 [main] LoadQueryJoinAndFetchProcessor - processing queryspace <gen:0>
[DEBUG] 2018-02-11 22:05:33.823 [main] LoadPlanTreePrinter - LoadPlan(entity=entity.User)
    - Returns
       - EntityReturnImpl(entity=entity.User, querySpaceUid=<gen:0>, path=entity.User)
    - QuerySpaces
       - EntityQuerySpaceImpl(uid=<gen:0>, entity=entity.User)
          - SQL table alias mapping - user0_
          - alias suffix - 0_
          - suffixed key columns - {id1_0_0_}

[DEBUG] 2018-02-11 22:05:33.823 [main] EntityLoader - Static select for entity entity.User [UPGRADE_SKIPLOCKED]: select user0_.id as id1_0_0_, user0_.approved as approved2_0_0_, user0_.city as city3_0_0_, user0_.email as email4_0_0_, user0_.first_name as first_na5_0_0_, user0_.join_date as join_dat6_0_0_, user0_.last_name as last_nam7_0_0_, user0_.password as password8_0_0_, user0_.state as state9_0_0_, user0_.user_name as user_na10_0_0_, user0_.zipcode as zipcode11_0_0_ from users user0_ where user0_.id=? for update
[DEBUG] 2018-02-11 22:05:33.823 [main] QuerySpacesImpl - Adding QuerySpace : uid = <gen:0> -> org.hibernate.loader.plan.build.internal.spaces.EntityQuerySpaceImpl@2237bada]
[DEBUG] 2018-02-11 22:05:33.824 [main] MetamodelGraphWalker - Visiting attribute path : approved
[DEBUG] 2018-02-11 22:05:33.824 [main] MetamodelGraphWalker - Visiting attribute path : city
[DEBUG] 2018-02-11 22:05:33.824 [main] MetamodelGraphWalker - Visiting attribute path : email
[DEBUG] 2018-02-11 22:05:33.824 [main] MetamodelGraphWalker - Visiting attribute path : firstName
[DEBUG] 2018-02-11 22:05:33.824 [main] MetamodelGraphWalker - Visiting attribute path : joinDate
[DEBUG] 2018-02-11 22:05:33.824 [main] MetamodelGraphWalker - Visiting attribute path : lastName
[DEBUG] 2018-02-11 22:05:33.824 [main] MetamodelGraphWalker - Visiting attribute path : password
[DEBUG] 2018-02-11 22:05:33.824 [main] MetamodelGraphWalker - Visiting attribute path : state
[DEBUG] 2018-02-11 22:05:33.825 [main] MetamodelGraphWalker - Visiting attribute path : userName
[DEBUG] 2018-02-11 22:05:33.825 [main] MetamodelGraphWalker - Visiting attribute path : zipcode
[DEBUG] 2018-02-11 22:05:33.825 [main] FetchStyleLoadPlanBuildingAssociationVisitationStrategy - Building LoadPlan...
[DEBUG] 2018-02-11 22:05:33.826 [main] LoadQueryJoinAndFetchProcessor - processing queryspace <gen:0>
[DEBUG] 2018-02-11 22:05:33.827 [main] LoadPlanTreePrinter - LoadPlan(entity=entity.User)
    - Returns
       - EntityReturnImpl(entity=entity.User, querySpaceUid=<gen:0>, path=entity.User)
    - QuerySpaces
       - EntityQuerySpaceImpl(uid=<gen:0>, entity=entity.User)
          - SQL table alias mapping - user0_
          - alias suffix - 0_
          - suffixed key columns - {id1_0_0_}

[DEBUG] 2018-02-11 22:05:33.827 [main] EntityLoader - Static select for entity entity.User [FORCE]: select user0_.id as id1_0_0_, user0_.approved as approved2_0_0_, user0_.city as city3_0_0_, user0_.email as email4_0_0_, user0_.first_name as first_na5_0_0_, user0_.join_date as join_dat6_0_0_, user0_.last_name as last_nam7_0_0_, user0_.password as password8_0_0_, user0_.state as state9_0_0_, user0_.user_name as user_na10_0_0_, user0_.zipcode as zipcode11_0_0_ from users user0_ where user0_.id=? for update
[DEBUG] 2018-02-11 22:05:33.827 [main] QuerySpacesImpl - Adding QuerySpace : uid = <gen:0> -> org.hibernate.loader.plan.build.internal.spaces.EntityQuerySpaceImpl@5710768a]
[DEBUG] 2018-02-11 22:05:33.828 [main] MetamodelGraphWalker - Visiting attribute path : approved
[DEBUG] 2018-02-11 22:05:33.828 [main] MetamodelGraphWalker - Visiting attribute path : city
[DEBUG] 2018-02-11 22:05:33.828 [main] MetamodelGraphWalker - Visiting attribute path : email
[DEBUG] 2018-02-11 22:05:33.828 [main] MetamodelGraphWalker - Visiting attribute path : firstName
[DEBUG] 2018-02-11 22:05:33.828 [main] MetamodelGraphWalker - Visiting attribute path : joinDate
[DEBUG] 2018-02-11 22:05:33.828 [main] MetamodelGraphWalker - Visiting attribute path : lastName
[DEBUG] 2018-02-11 22:05:33.828 [main] MetamodelGraphWalker - Visiting attribute path : password
[DEBUG] 2018-02-11 22:05:33.828 [main] MetamodelGraphWalker - Visiting attribute path : state
[DEBUG] 2018-02-11 22:05:33.828 [main] MetamodelGraphWalker - Visiting attribute path : userName
[DEBUG] 2018-02-11 22:05:33.828 [main] MetamodelGraphWalker - Visiting attribute path : zipcode
[DEBUG] 2018-02-11 22:05:33.829 [main] FetchStyleLoadPlanBuildingAssociationVisitationStrategy - Building LoadPlan...
[DEBUG] 2018-02-11 22:05:33.829 [main] LoadQueryJoinAndFetchProcessor - processing queryspace <gen:0>
[DEBUG] 2018-02-11 22:05:33.830 [main] LoadPlanTreePrinter - LoadPlan(entity=entity.User)
    - Returns
       - EntityReturnImpl(entity=entity.User, querySpaceUid=<gen:0>, path=entity.User)
    - QuerySpaces
       - EntityQuerySpaceImpl(uid=<gen:0>, entity=entity.User)
          - SQL table alias mapping - user0_
          - alias suffix - 0_
          - suffixed key columns - {id1_0_0_}

[DEBUG] 2018-02-11 22:05:33.831 [main] EntityLoader - Static select for entity entity.User [PESSIMISTIC_READ]: select user0_.id as id1_0_0_, user0_.approved as approved2_0_0_, user0_.city as city3_0_0_, user0_.email as email4_0_0_, user0_.first_name as first_na5_0_0_, user0_.join_date as join_dat6_0_0_, user0_.last_name as last_nam7_0_0_, user0_.password as password8_0_0_, user0_.state as state9_0_0_, user0_.user_name as user_na10_0_0_, user0_.zipcode as zipcode11_0_0_ from users user0_ where user0_.id=? lock in share mode
[DEBUG] 2018-02-11 22:05:33.831 [main] QuerySpacesImpl - Adding QuerySpace : uid = <gen:0> -> org.hibernate.loader.plan.build.internal.spaces.EntityQuerySpaceImpl@6e0d4a8]
[DEBUG] 2018-02-11 22:05:33.832 [main] MetamodelGraphWalker - Visiting attribute path : approved
[DEBUG] 2018-02-11 22:05:33.832 [main] MetamodelGraphWalker - Visiting attribute path : city
[DEBUG] 2018-02-11 22:05:33.832 [main] MetamodelGraphWalker - Visiting attribute path : email
[DEBUG] 2018-02-11 22:05:33.832 [main] MetamodelGraphWalker - Visiting attribute path : firstName
[DEBUG] 2018-02-11 22:05:33.832 [main] MetamodelGraphWalker - Visiting attribute path : joinDate
[DEBUG] 2018-02-11 22:05:33.832 [main] MetamodelGraphWalker - Visiting attribute path : lastName
[DEBUG] 2018-02-11 22:05:33.832 [main] MetamodelGraphWalker - Visiting attribute path : password
[DEBUG] 2018-02-11 22:05:33.832 [main] MetamodelGraphWalker - Visiting attribute path : state
[DEBUG] 2018-02-11 22:05:33.833 [main] MetamodelGraphWalker - Visiting attribute path : userName
[DEBUG] 2018-02-11 22:05:33.833 [main] MetamodelGraphWalker - Visiting attribute path : zipcode
[DEBUG] 2018-02-11 22:05:33.833 [main] FetchStyleLoadPlanBuildingAssociationVisitationStrategy - Building LoadPlan...
[DEBUG] 2018-02-11 22:05:33.834 [main] LoadQueryJoinAndFetchProcessor - processing queryspace <gen:0>
[DEBUG] 2018-02-11 22:05:33.834 [main] LoadPlanTreePrinter - LoadPlan(entity=entity.User)
    - Returns
       - EntityReturnImpl(entity=entity.User, querySpaceUid=<gen:0>, path=entity.User)
    - QuerySpaces
       - EntityQuerySpaceImpl(uid=<gen:0>, entity=entity.User)
          - SQL table alias mapping - user0_
          - alias suffix - 0_
          - suffixed key columns - {id1_0_0_}

[DEBUG] 2018-02-11 22:05:33.835 [main] EntityLoader - Static select for entity entity.User [PESSIMISTIC_WRITE]: select user0_.id as id1_0_0_, user0_.approved as approved2_0_0_, user0_.city as city3_0_0_, user0_.email as email4_0_0_, user0_.first_name as first_na5_0_0_, user0_.join_date as join_dat6_0_0_, user0_.last_name as last_nam7_0_0_, user0_.password as password8_0_0_, user0_.state as state9_0_0_, user0_.user_name as user_na10_0_0_, user0_.zipcode as zipcode11_0_0_ from users user0_ where user0_.id=? for update
[DEBUG] 2018-02-11 22:05:33.835 [main] QuerySpacesImpl - Adding QuerySpace : uid = <gen:0> -> org.hibernate.loader.plan.build.internal.spaces.EntityQuerySpaceImpl@30272916]
[DEBUG] 2018-02-11 22:05:33.835 [main] MetamodelGraphWalker - Visiting attribute path : approved
[DEBUG] 2018-02-11 22:05:33.836 [main] MetamodelGraphWalker - Visiting attribute path : city
[DEBUG] 2018-02-11 22:05:33.836 [main] MetamodelGraphWalker - Visiting attribute path : email
[DEBUG] 2018-02-11 22:05:33.836 [main] MetamodelGraphWalker - Visiting attribute path : firstName
[DEBUG] 2018-02-11 22:05:33.836 [main] MetamodelGraphWalker - Visiting attribute path : joinDate
[DEBUG] 2018-02-11 22:05:33.836 [main] MetamodelGraphWalker - Visiting attribute path : lastName
[DEBUG] 2018-02-11 22:05:33.836 [main] MetamodelGraphWalker - Visiting attribute path : password
[DEBUG] 2018-02-11 22:05:33.836 [main] MetamodelGraphWalker - Visiting attribute path : state
[DEBUG] 2018-02-11 22:05:33.836 [main] MetamodelGraphWalker - Visiting attribute path : userName
[DEBUG] 2018-02-11 22:05:33.836 [main] MetamodelGraphWalker - Visiting attribute path : zipcode
[DEBUG] 2018-02-11 22:05:33.837 [main] FetchStyleLoadPlanBuildingAssociationVisitationStrategy - Building LoadPlan...
[DEBUG] 2018-02-11 22:05:33.837 [main] LoadQueryJoinAndFetchProcessor - processing queryspace <gen:0>
[DEBUG] 2018-02-11 22:05:33.838 [main] LoadPlanTreePrinter - LoadPlan(entity=entity.User)
    - Returns
       - EntityReturnImpl(entity=entity.User, querySpaceUid=<gen:0>, path=entity.User)
    - QuerySpaces
       - EntityQuerySpaceImpl(uid=<gen:0>, entity=entity.User)
          - SQL table alias mapping - user0_
          - alias suffix - 0_
          - suffixed key columns - {id1_0_0_}

[DEBUG] 2018-02-11 22:05:33.839 [main] EntityLoader - Static select for entity entity.User [PESSIMISTIC_FORCE_INCREMENT]: select user0_.id as id1_0_0_, user0_.approved as approved2_0_0_, user0_.city as city3_0_0_, user0_.email as email4_0_0_, user0_.first_name as first_na5_0_0_, user0_.join_date as join_dat6_0_0_, user0_.last_name as last_nam7_0_0_, user0_.password as password8_0_0_, user0_.state as state9_0_0_, user0_.user_name as user_na10_0_0_, user0_.zipcode as zipcode11_0_0_ from users user0_ where user0_.id=? for update
[DEBUG] 2018-02-11 22:05:33.839 [main] QuerySpacesImpl - Adding QuerySpace : uid = <gen:0> -> org.hibernate.loader.plan.build.internal.spaces.EntityQuerySpaceImpl@5bf61e67]
[DEBUG] 2018-02-11 22:05:33.839 [main] MetamodelGraphWalker - Visiting attribute path : approved
[DEBUG] 2018-02-11 22:05:33.839 [main] MetamodelGraphWalker - Visiting attribute path : city
[DEBUG] 2018-02-11 22:05:33.840 [main] MetamodelGraphWalker - Visiting attribute path : email
[DEBUG] 2018-02-11 22:05:33.840 [main] MetamodelGraphWalker - Visiting attribute path : firstName
[DEBUG] 2018-02-11 22:05:33.840 [main] MetamodelGraphWalker - Visiting attribute path : joinDate
[DEBUG] 2018-02-11 22:05:33.840 [main] MetamodelGraphWalker - Visiting attribute path : lastName
[DEBUG] 2018-02-11 22:05:33.840 [main] MetamodelGraphWalker - Visiting attribute path : password
[DEBUG] 2018-02-11 22:05:33.840 [main] MetamodelGraphWalker - Visiting attribute path : state
[DEBUG] 2018-02-11 22:05:33.840 [main] MetamodelGraphWalker - Visiting attribute path : userName
[DEBUG] 2018-02-11 22:05:33.840 [main] MetamodelGraphWalker - Visiting attribute path : zipcode
[DEBUG] 2018-02-11 22:05:33.840 [main] FetchStyleLoadPlanBuildingAssociationVisitationStrategy - Building LoadPlan...
[DEBUG] 2018-02-11 22:05:33.841 [main] LoadQueryJoinAndFetchProcessor - processing queryspace <gen:0>
[DEBUG] 2018-02-11 22:05:33.842 [main] LoadPlanTreePrinter - LoadPlan(entity=entity.User)
    - Returns
       - EntityReturnImpl(entity=entity.User, querySpaceUid=<gen:0>, path=entity.User)
    - QuerySpaces
       - EntityQuerySpaceImpl(uid=<gen:0>, entity=entity.User)
          - SQL table alias mapping - user0_
          - alias suffix - 0_
          - suffixed key columns - {id1_0_0_}

[DEBUG] 2018-02-11 22:05:33.842 [main] EntityLoader - Static select for entity entity.User [OPTIMISTIC]: select user0_.id as id1_0_0_, user0_.approved as approved2_0_0_, user0_.city as city3_0_0_, user0_.email as email4_0_0_, user0_.first_name as first_na5_0_0_, user0_.join_date as join_dat6_0_0_, user0_.last_name as last_nam7_0_0_, user0_.password as password8_0_0_, user0_.state as state9_0_0_, user0_.user_name as user_na10_0_0_, user0_.zipcode as zipcode11_0_0_ from users user0_ where user0_.id=?
[DEBUG] 2018-02-11 22:05:33.842 [main] QuerySpacesImpl - Adding QuerySpace : uid = <gen:0> -> org.hibernate.loader.plan.build.internal.spaces.EntityQuerySpaceImpl@b273a59]
[DEBUG] 2018-02-11 22:05:33.843 [main] MetamodelGraphWalker - Visiting attribute path : approved
[DEBUG] 2018-02-11 22:05:33.843 [main] MetamodelGraphWalker - Visiting attribute path : city
[DEBUG] 2018-02-11 22:05:33.843 [main] MetamodelGraphWalker - Visiting attribute path : email
[DEBUG] 2018-02-11 22:05:33.843 [main] MetamodelGraphWalker - Visiting attribute path : firstName
[DEBUG] 2018-02-11 22:05:33.843 [main] MetamodelGraphWalker - Visiting attribute path : joinDate
[DEBUG] 2018-02-11 22:05:33.843 [main] MetamodelGraphWalker - Visiting attribute path : lastName
[DEBUG] 2018-02-11 22:05:33.844 [main] MetamodelGraphWalker - Visiting attribute path : password
[DEBUG] 2018-02-11 22:05:33.844 [main] MetamodelGraphWalker - Visiting attribute path : state
[DEBUG] 2018-02-11 22:05:33.844 [main] MetamodelGraphWalker - Visiting attribute path : userName
[DEBUG] 2018-02-11 22:05:33.844 [main] MetamodelGraphWalker - Visiting attribute path : zipcode
[DEBUG] 2018-02-11 22:05:33.844 [main] FetchStyleLoadPlanBuildingAssociationVisitationStrategy - Building LoadPlan...
[DEBUG] 2018-02-11 22:05:33.845 [main] LoadQueryJoinAndFetchProcessor - processing queryspace <gen:0>
[DEBUG] 2018-02-11 22:05:33.846 [main] LoadPlanTreePrinter - LoadPlan(entity=entity.User)
    - Returns
       - EntityReturnImpl(entity=entity.User, querySpaceUid=<gen:0>, path=entity.User)
    - QuerySpaces
       - EntityQuerySpaceImpl(uid=<gen:0>, entity=entity.User)
          - SQL table alias mapping - user0_
          - alias suffix - 0_
          - suffixed key columns - {id1_0_0_}

[DEBUG] 2018-02-11 22:05:33.846 [main] EntityLoader - Static select for entity entity.User [OPTIMISTIC_FORCE_INCREMENT]: select user0_.id as id1_0_0_, user0_.approved as approved2_0_0_, user0_.city as city3_0_0_, user0_.email as email4_0_0_, user0_.first_name as first_na5_0_0_, user0_.join_date as join_dat6_0_0_, user0_.last_name as last_nam7_0_0_, user0_.password as password8_0_0_, user0_.state as state9_0_0_, user0_.user_name as user_na10_0_0_, user0_.zipcode as zipcode11_0_0_ from users user0_ where user0_.id=?
[DEBUG] 2018-02-11 22:05:33.885 [main] Loader - Static select for action ACTION_MERGE on entity entity.User: select user0_.id as id1_0_0_, user0_.approved as approved2_0_0_, user0_.city as city3_0_0_, user0_.email as email4_0_0_, user0_.first_name as first_na5_0_0_, user0_.join_date as join_dat6_0_0_, user0_.last_name as last_nam7_0_0_, user0_.password as password8_0_0_, user0_.state as state9_0_0_, user0_.user_name as user_na10_0_0_, user0_.zipcode as zipcode11_0_0_ from users user0_ where user0_.id=?
[DEBUG] 2018-02-11 22:05:33.886 [main] Loader - Static select for action ACTION_REFRESH on entity entity.User: select user0_.id as id1_0_0_, user0_.approved as approved2_0_0_, user0_.city as city3_0_0_, user0_.email as email4_0_0_, user0_.first_name as first_na5_0_0_, user0_.join_date as join_dat6_0_0_, user0_.last_name as last_nam7_0_0_, user0_.password as password8_0_0_, user0_.state as state9_0_0_, user0_.user_name as user_na10_0_0_, user0_.zipcode as zipcode11_0_0_ from users user0_ where user0_.id=?
[DEBUG] 2018-02-11 22:05:33.954 [main] SchemaManagementToolCoordinator - No actions specified; doing nothing
[DEBUG] 2018-02-11 22:05:33.955 [main] JtaPlatformInitiator - No JtaPlatform was specified, checking resolver
[DEBUG] 2018-02-11 22:05:33.956 [main] JtaPlatformResolverInitiator - No JtaPlatformResolver was specified, using default [org.hibernate.engine.transaction.jta.platform.internal.StandardJtaPlatformResolver]
[DEBUG] 2018-02-11 22:05:33.967 [main] StandardJtaPlatformResolver - Could not resolve JtaPlatform, using default [org.hibernate.engine.transaction.jta.platform.internal.NoJtaPlatform]
[DEBUG] 2018-02-11 22:05:33.977 [main] NamedQueryRepository - Checking 0 named HQL queries
[DEBUG] 2018-02-11 22:05:33.977 [main] NamedQueryRepository - Checking 0 named SQL queries
[DEBUG] 2018-02-11 22:05:33.982 [main] SessionFactoryRegistry - Initializing SessionFactoryRegistry : org.hibernate.internal.SessionFactoryRegistry@6826c41e
[DEBUG] 2018-02-11 22:05:33.989 [main] SessionFactoryRegistry - Registering SessionFactory: 98304e65-c034-4141-b143-c0144e44d5c4 (<unnamed>)
[DEBUG] 2018-02-11 22:05:33.989 [main] SessionFactoryRegistry - Not binding SessionFactory to JNDI, no JNDI name configured
[DEBUG] 2018-02-11 22:05:34.212 [main] StatisticsInitiator - Statistics initialized [enabled=false]
[DEBUG] 2018-02-11 22:05:34.253 [main] SQL - select user0_.id as id1_0_0_, user0_.approved as approved2_0_0_, user0_.city as city3_0_0_, user0_.email as email4_0_0_, user0_.first_name as first_na5_0_0_, user0_.join_date as join_dat6_0_0_, user0_.last_name as last_nam7_0_0_, user0_.password as password8_0_0_, user0_.state as state9_0_0_, user0_.user_name as user_na10_0_0_, user0_.zipcode as zipcode11_0_0_ from users user0_ where user0_.id=?
[DEBUG] 2018-02-11 22:05:34.315 [main] ResourceRegistryStandardImpl - HHH000387: ResultSet's statement was not registered
[DEBUG] 2018-02-11 22:05:34.316 [main] AbstractLoadPlanBasedEntityLoader - Done entity load : entity.User#3
[DEBUG] 2018-02-11 22:05:34.317 [main] LogicalConnectionManagedImpl - Initiating JDBC connection release from afterTransaction
[DEBUG] 2018-02-11 22:05:34.327 [main] TransactionImpl - begin
[DEBUG] 2018-02-11 22:05:34.445 [main] CriteriaQueryImpl - Rendered criteria query -> select generatedAlias0 from User as generatedAlias0 where generatedAlias0.lastName like :param0
[DEBUG] 2018-02-11 22:05:34.523 [main] QueryTranslatorFactoryInitiator - QueryTranslatorFactory : org.hibernate.hql.internal.ast.ASTQueryTranslatorFactory@4a699efa
[INFO ] 2018-02-11 22:05:34.523 [main] QueryTranslatorFactoryInitiator - HHH000397: Using ASTQueryTranslatorFactory
[DEBUG] 2018-02-11 22:05:34.636 [main] QueryTranslatorImpl - parse() - HQL: select generatedAlias0 from entity.User as generatedAlias0 where generatedAlias0.lastName like :param0
[DEBUG] 2018-02-11 22:05:34.655 [main] ErrorCounter - throwQueryException() : no errors
[DEBUG] 2018-02-11 22:05:34.660 [main] QueryTranslatorImpl - --- HQL AST ---
 \-[QUERY] Node: 'query'
    +-[SELECT_FROM] Node: 'SELECT_FROM'
    |  +-[FROM] Node: 'from'
    |  |  \-[RANGE] Node: 'RANGE'
    |  |     +-[DOT] Node: '.'
    |  |     |  +-[IDENT] Node: 'entity'
    |  |     |  \-[IDENT] Node: 'User'
    |  |     \-[ALIAS] Node: 'generatedAlias0'
    |  \-[SELECT] Node: 'select'
    |     \-[IDENT] Node: 'generatedAlias0'
    \-[WHERE] Node: 'where'
       \-[LIKE] Node: 'like'
          +-[DOT] Node: '.'
          |  +-[IDENT] Node: 'generatedAlias0'
          |  \-[IDENT] Node: 'lastName'
          \-[COLON] Node: ':'
             \-[IDENT] Node: 'param0'

[DEBUG] 2018-02-11 22:05:34.723 [main] HqlSqlBaseWalker - select << begin [level=1, statement=select]
[DEBUG] 2018-02-11 22:05:34.750 [main] FromElement - FromClause{level=1} : entity.User (generatedAlias0) -> user0_
[DEBUG] 2018-02-11 22:05:34.752 [main] FromReferenceNode - Resolved : generatedAlias0 -> user0_.id
[DEBUG] 2018-02-11 22:05:34.758 [main] FromReferenceNode - Resolved : generatedAlias0 -> user0_.id
[DEBUG] 2018-02-11 22:05:34.760 [main] DotNode - getDataType() : lastName -> org.hibernate.type.StringType@49b2a47d
[DEBUG] 2018-02-11 22:05:34.762 [main] FromReferenceNode - Resolved : generatedAlias0.lastName -> user0_.last_name
[DEBUG] 2018-02-11 22:05:34.766 [main] HqlSqlBaseWalker - select : finishing up [level=1, statement=select]
[DEBUG] 2018-02-11 22:05:34.767 [main] HqlSqlWalker - processQuery() :  ( SELECT ( {select clause} user0_.id ) ( FromClause{level=1} users user0_ ) ( where ( like ( user0_.last_name user0_.id lastName ) ? ) ) )
[DEBUG] 2018-02-11 22:05:34.782 [main] JoinProcessor - Using FROM fragment [users user0_]
[DEBUG] 2018-02-11 22:05:34.783 [main] HqlSqlBaseWalker - select >> end [level=1, statement=select]
[DEBUG] 2018-02-11 22:05:34.785 [main] QueryTranslatorImpl - --- SQL AST ---
 \-[SELECT] QueryNode: 'SELECT'  querySpaces (users)
    +-[SELECT_CLAUSE] SelectClause: '{select clause}'
    |  +-[ALIAS_REF] IdentNode: 'user0_.id as id1_0_' {alias=generatedAlias0, className=entity.User, tableAlias=user0_}
    |  \-[SQL_TOKEN] SqlFragment: 'user0_.approved as approved2_0_, user0_.city as city3_0_, user0_.email as email4_0_, user0_.first_name as first_na5_0_, user0_.join_date as join_dat6_0_, user0_.last_name as last_nam7_0_, user0_.password as password8_0_, user0_.state as state9_0_, user0_.user_name as user_na10_0_, user0_.zipcode as zipcode11_0_'
    +-[FROM] FromClause: 'from' FromClause{level=1, fromElementCounter=1, fromElements=1, fromElementByClassAlias=[generatedAlias0], fromElementByTableAlias=[user0_], fromElementsByPath=[], collectionJoinFromElementsByPath=[], impliedElements=[]}
    |  \-[FROM_FRAGMENT] FromElement: 'users user0_' FromElement{explicit,not a collection join,not a fetch join,fetch non-lazy properties,classAlias=generatedAlias0,role=null,tableName=users,tableAlias=user0_,origin=null,columns={,className=entity.User}}
    \-[WHERE] SqlNode: 'where'
       \-[LIKE] BinaryLogicOperatorNode: 'like'
          +-[DOT] DotNode: 'user0_.last_name' {propertyName=lastName,dereferenceType=PRIMITIVE,getPropertyPath=lastName,path=generatedAlias0.lastName,tableAlias=user0_,className=entity.User,classAlias=generatedAlias0}
          |  +-[ALIAS_REF] IdentNode: 'user0_.id' {alias=generatedAlias0, className=entity.User, tableAlias=user0_}
          |  \-[IDENT] IdentNode: 'lastName' {originalText=lastName}
          \-[NAMED_PARAM] ParameterNode: '?' {name=param0, expectedType=org.hibernate.type.StringType@49b2a47d}

[DEBUG] 2018-02-11 22:05:34.785 [main] ErrorCounter - throwQueryException() : no errors
[DEBUG] 2018-02-11 22:05:34.799 [main] QueryTranslatorImpl - HQL: select generatedAlias0 from entity.User as generatedAlias0 where generatedAlias0.lastName like :param0
[DEBUG] 2018-02-11 22:05:34.800 [main] QueryTranslatorImpl - SQL: select user0_.id as id1_0_, user0_.approved as approved2_0_, user0_.city as city3_0_, user0_.email as email4_0_, user0_.first_name as first_na5_0_, user0_.join_date as join_dat6_0_, user0_.last_name as last_nam7_0_, user0_.password as password8_0_, user0_.state as state9_0_, user0_.user_name as user_na10_0_, user0_.zipcode as zipcode11_0_ from users user0_ where user0_.last_name like ?
[DEBUG] 2018-02-11 22:05:34.800 [main] ErrorCounter - throwQueryException() : no errors
[DEBUG] 2018-02-11 22:05:34.832 [main] SQL - select user0_.id as id1_0_, user0_.approved as approved2_0_, user0_.city as city3_0_, user0_.email as email4_0_, user0_.first_name as first_na5_0_, user0_.join_date as join_dat6_0_, user0_.last_name as last_nam7_0_, user0_.password as password8_0_, user0_.state as state9_0_, user0_.user_name as user_na10_0_, user0_.zipcode as zipcode11_0_ from users user0_ where user0_.last_name like ?
[DEBUG] 2018-02-11 22:05:34.839 [main] Loader - Result set row: 0
[DEBUG] 2018-02-11 22:05:34.846 [main] Loader - Result row: EntityKey[entity.User#1]
[DEBUG] 2018-02-11 22:05:34.864 [main] Loader - Result set row: 1
[DEBUG] 2018-02-11 22:05:34.865 [main] Loader - Result row: EntityKey[entity.User#4]
[DEBUG] 2018-02-11 22:05:34.866 [main] TwoPhaseLoad - Resolving associations for [entity.User#1]
[DEBUG] 2018-02-11 22:05:34.872 [main] TwoPhaseLoad - Done materializing entity [entity.User#1]
[DEBUG] 2018-02-11 22:05:34.872 [main] TwoPhaseLoad - Resolving associations for [entity.User#4]
[DEBUG] 2018-02-11 22:05:34.872 [main] TwoPhaseLoad - Done materializing entity [entity.User#4]
[DEBUG] 2018-02-11 22:05:34.878 [main] LogicalConnectionManagedImpl - Initiating JDBC connection release from afterTransaction
[DEBUG] 2018-02-11 22:05:34.903 [main] SQL - select user0_.id as id1_0_0_, user0_.approved as approved2_0_0_, user0_.city as city3_0_0_, user0_.email as email4_0_0_, user0_.first_name as first_na5_0_0_, user0_.join_date as join_dat6_0_0_, user0_.last_name as last_nam7_0_0_, user0_.password as password8_0_0_, user0_.state as state9_0_0_, user0_.user_name as user_na10_0_0_, user0_.zipcode as zipcode11_0_0_ from users user0_ where user0_.id=?
[DEBUG] 2018-02-11 22:05:34.908 [main] ResourceRegistryStandardImpl - HHH000387: ResultSet's statement was not registered
[DEBUG] 2018-02-11 22:05:34.908 [main] AbstractLoadPlanBasedEntityLoader - Done entity load : entity.User#3
[DEBUG] 2018-02-11 22:05:34.909 [main] LogicalConnectionManagedImpl - Initiating JDBC connection release from afterTransaction
[DEBUG] 2018-02-11 22:05:34.934 [main] SQL - select user0_.id as id1_0_0_, user0_.approved as approved2_0_0_, user0_.city as city3_0_0_, user0_.email as email4_0_0_, user0_.first_name as first_na5_0_0_, user0_.join_date as join_dat6_0_0_, user0_.last_name as last_nam7_0_0_, user0_.password as password8_0_0_, user0_.state as state9_0_0_, user0_.user_name as user_na10_0_0_, user0_.zipcode as zipcode11_0_0_ from users user0_ where user0_.id=?
[DEBUG] 2018-02-11 22:05:34.938 [main] ResourceRegistryStandardImpl - HHH000387: ResultSet's statement was not registered
[DEBUG] 2018-02-11 22:05:34.938 [main] AbstractLoadPlanBasedEntityLoader - Done entity load : entity.User#3
[DEBUG] 2018-02-11 22:05:34.938 [main] LogicalConnectionManagedImpl - Initiating JDBC connection release from afterTransaction
[DEBUG] 2018-02-11 22:05:34.959 [main] CriteriaQueryImpl - Rendered criteria query -> select generatedAlias0 from User as generatedAlias0
[DEBUG] 2018-02-11 22:05:34.961 [main] QueryTranslatorImpl - parse() - HQL: select generatedAlias0 from entity.User as generatedAlias0
[DEBUG] 2018-02-11 22:05:34.963 [main] ErrorCounter - throwQueryException() : no errors
[DEBUG] 2018-02-11 22:05:34.964 [main] QueryTranslatorImpl - --- HQL AST ---
 \-[QUERY] Node: 'query'
    \-[SELECT_FROM] Node: 'SELECT_FROM'
       +-[FROM] Node: 'from'
       |  \-[RANGE] Node: 'RANGE'
       |     +-[DOT] Node: '.'
       |     |  +-[IDENT] Node: 'entity'
       |     |  \-[IDENT] Node: 'User'
       |     \-[ALIAS] Node: 'generatedAlias0'
       \-[SELECT] Node: 'select'
          \-[IDENT] Node: 'generatedAlias0'

[DEBUG] 2018-02-11 22:05:34.965 [main] HqlSqlBaseWalker - select << begin [level=1, statement=select]
[DEBUG] 2018-02-11 22:05:34.966 [main] FromElement - FromClause{level=1} : entity.User (generatedAlias0) -> user0_
[DEBUG] 2018-02-11 22:05:34.966 [main] FromReferenceNode - Resolved : generatedAlias0 -> user0_.id
[DEBUG] 2018-02-11 22:05:34.967 [main] HqlSqlBaseWalker - select : finishing up [level=1, statement=select]
[DEBUG] 2018-02-11 22:05:34.967 [main] HqlSqlWalker - processQuery() :  ( SELECT ( {select clause} user0_.id ) ( FromClause{level=1} users user0_ ) )
[DEBUG] 2018-02-11 22:05:34.968 [main] JoinProcessor - Using FROM fragment [users user0_]
[DEBUG] 2018-02-11 22:05:34.969 [main] HqlSqlBaseWalker - select >> end [level=1, statement=select]
[DEBUG] 2018-02-11 22:05:34.970 [main] QueryTranslatorImpl - --- SQL AST ---
 \-[SELECT] QueryNode: 'SELECT'  querySpaces (users)
    +-[SELECT_CLAUSE] SelectClause: '{select clause}'
    |  +-[ALIAS_REF] IdentNode: 'user0_.id as id1_0_' {alias=generatedAlias0, className=entity.User, tableAlias=user0_}
    |  \-[SQL_TOKEN] SqlFragment: 'user0_.approved as approved2_0_, user0_.city as city3_0_, user0_.email as email4_0_, user0_.first_name as first_na5_0_, user0_.join_date as join_dat6_0_, user0_.last_name as last_nam7_0_, user0_.password as password8_0_, user0_.state as state9_0_, user0_.user_name as user_na10_0_, user0_.zipcode as zipcode11_0_'
    \-[FROM] FromClause: 'from' FromClause{level=1, fromElementCounter=1, fromElements=1, fromElementByClassAlias=[generatedAlias0], fromElementByTableAlias=[user0_], fromElementsByPath=[], collectionJoinFromElementsByPath=[], impliedElements=[]}
       \-[FROM_FRAGMENT] FromElement: 'users user0_' FromElement{explicit,not a collection join,not a fetch join,fetch non-lazy properties,classAlias=generatedAlias0,role=null,tableName=users,tableAlias=user0_,origin=null,columns={,className=entity.User}}

[DEBUG] 2018-02-11 22:05:34.970 [main] ErrorCounter - throwQueryException() : no errors
[DEBUG] 2018-02-11 22:05:34.971 [main] QueryTranslatorImpl - HQL: select generatedAlias0 from entity.User as generatedAlias0
[DEBUG] 2018-02-11 22:05:34.971 [main] QueryTranslatorImpl - SQL: select user0_.id as id1_0_, user0_.approved as approved2_0_, user0_.city as city3_0_, user0_.email as email4_0_, user0_.first_name as first_na5_0_, user0_.join_date as join_dat6_0_, user0_.last_name as last_nam7_0_, user0_.password as password8_0_, user0_.state as state9_0_, user0_.user_name as user_na10_0_, user0_.zipcode as zipcode11_0_ from users user0_
[DEBUG] 2018-02-11 22:05:34.972 [main] ErrorCounter - throwQueryException() : no errors
[DEBUG] 2018-02-11 22:05:34.973 [main] SQL - select user0_.id as id1_0_, user0_.approved as approved2_0_, user0_.city as city3_0_, user0_.email as email4_0_, user0_.first_name as first_na5_0_, user0_.join_date as join_dat6_0_, user0_.last_name as last_nam7_0_, user0_.password as password8_0_, user0_.state as state9_0_, user0_.user_name as user_na10_0_, user0_.zipcode as zipcode11_0_ from users user0_
[DEBUG] 2018-02-11 22:05:34.984 [main] Loader - Result set row: 0
[DEBUG] 2018-02-11 22:05:34.989 [main] Loader - Result row: EntityKey[entity.User#1]
[DEBUG] 2018-02-11 22:05:34.991 [main] Loader - Result set row: 1
[DEBUG] 2018-02-11 22:05:34.992 [main] Loader - Result row: EntityKey[entity.User#2]
[DEBUG] 2018-02-11 22:05:34.994 [main] Loader - Result set row: 2
[DEBUG] 2018-02-11 22:05:34.994 [main] Loader - Result row: EntityKey[entity.User#4]
[DEBUG] 2018-02-11 22:05:34.995 [main] Loader - Result set row: 3
[DEBUG] 2018-02-11 22:05:34.996 [main] Loader - Result row: EntityKey[entity.User#5]
[DEBUG] 2018-02-11 22:05:34.997 [main] Loader - Result set row: 4
[DEBUG] 2018-02-11 22:05:34.998 [main] Loader - Result row: EntityKey[entity.User#6]
[DEBUG] 2018-02-11 22:05:35.000 [main] Loader - Result set row: 5
[DEBUG] 2018-02-11 22:05:35.001 [main] Loader - Result row: EntityKey[entity.User#12]
[DEBUG] 2018-02-11 22:05:35.002 [main] Loader - Result set row: 6
[DEBUG] 2018-02-11 22:05:35.003 [main] Loader - Result row: EntityKey[entity.User#13]
[DEBUG] 2018-02-11 22:05:35.004 [main] TwoPhaseLoad - Resolving associations for [entity.User#1]
[DEBUG] 2018-02-11 22:05:35.005 [main] TwoPhaseLoad - Done materializing entity [entity.User#1]
[DEBUG] 2018-02-11 22:05:35.005 [main] TwoPhaseLoad - Resolving associations for [entity.User#2]
[DEBUG] 2018-02-11 22:05:35.005 [main] TwoPhaseLoad - Done materializing entity [entity.User#2]
[DEBUG] 2018-02-11 22:05:35.006 [main] TwoPhaseLoad - Resolving associations for [entity.User#4]
[DEBUG] 2018-02-11 22:05:35.006 [main] TwoPhaseLoad - Done materializing entity [entity.User#4]
[DEBUG] 2018-02-11 22:05:35.006 [main] TwoPhaseLoad - Resolving associations for [entity.User#5]
[DEBUG] 2018-02-11 22:05:35.007 [main] TwoPhaseLoad - Done materializing entity [entity.User#5]
[DEBUG] 2018-02-11 22:05:35.007 [main] TwoPhaseLoad - Resolving associations for [entity.User#6]
[DEBUG] 2018-02-11 22:05:35.007 [main] TwoPhaseLoad - Done materializing entity [entity.User#6]
[DEBUG] 2018-02-11 22:05:35.007 [main] TwoPhaseLoad - Resolving associations for [entity.User#12]
[DEBUG] 2018-02-11 22:05:35.008 [main] TwoPhaseLoad - Done materializing entity [entity.User#12]
[DEBUG] 2018-02-11 22:05:35.008 [main] TwoPhaseLoad - Resolving associations for [entity.User#13]
[DEBUG] 2018-02-11 22:05:35.008 [main] TwoPhaseLoad - Done materializing entity [entity.User#13]
[DEBUG] 2018-02-11 22:05:35.009 [main] LogicalConnectionManagedImpl - Initiating JDBC connection release from afterTransaction
[DEBUG] 2018-02-11 22:05:35.024 [main] TransactionImpl - begin
[DEBUG] 2018-02-11 22:05:35.047 [main] ActionQueue - Executing identity-insert immediately
[DEBUG] 2018-02-11 22:05:35.053 [main] SQL - insert into users (approved, city, email, first_name, join_date, last_name, password, state, user_name, zipcode) values (?, ?, ?, ?, ?, ?, ?, ?, ?, ?)
[DEBUG] 2018-02-11 22:05:35.070 [main] IdentifierGeneratorHelper - Natively generated identity: 14
[DEBUG] 2018-02-11 22:05:35.070 [main] ResourceRegistryStandardImpl - HHH000387: ResultSet's statement was not registered
[DEBUG] 2018-02-11 22:05:35.073 [main] TransactionImpl - committing
[DEBUG] 2018-02-11 22:05:35.075 [main] AbstractFlushingEventListener - Processing flush-time cascades
[DEBUG] 2018-02-11 22:05:35.075 [main] AbstractFlushingEventListener - Dirty checking collections
[DEBUG] 2018-02-11 22:05:35.081 [main] AbstractFlushingEventListener - Flushed: 0 insertions, 0 updates, 0 deletions to 1 objects
[DEBUG] 2018-02-11 22:05:35.081 [main] AbstractFlushingEventListener - Flushed: 0 (re)creations, 0 updates, 0 removals to 0 collections
[DEBUG] 2018-02-11 22:05:35.084 [main] EntityPrinter - Listing entities:
[DEBUG] 2018-02-11 22:05:35.085 [main] EntityPrinter - entity.User{zipcode=53704, firstName=Fred, lastName=Flintstone, approved=0, password=supersecure, joinDate=1968-01-01, city=Madison, id=14, state=Wisconsin, userName=fflintstone, email=ff@madison.com}
[DEBUG] 2018-02-11 22:05:35.134 [main] LogicalConnectionManagedImpl - Initiating JDBC connection release from afterTransaction
[DEBUG] 2018-02-11 22:05:35.137 [main] LogicalConnectionManagedImpl - Initiating JDBC connection release from afterTransaction
[DEBUG] 2018-02-11 22:05:35.141 [main] SQL - select user0_.id as id1_0_0_, user0_.approved as approved2_0_0_, user0_.city as city3_0_0_, user0_.email as email4_0_0_, user0_.first_name as first_na5_0_0_, user0_.join_date as join_dat6_0_0_, user0_.last_name as last_nam7_0_0_, user0_.password as password8_0_0_, user0_.state as state9_0_0_, user0_.user_name as user_na10_0_0_, user0_.zipcode as zipcode11_0_0_ from users user0_ where user0_.id=?
[DEBUG] 2018-02-11 22:05:35.144 [main] ResultSetProcessorImpl - Starting ResultSet row #0
[DEBUG] 2018-02-11 22:05:35.146 [main] EntityReferenceInitializerImpl - On call to EntityIdentifierReaderImpl#resolve, EntityKey was already known; should only happen on root returns with an optional identifier specified
[DEBUG] 2018-02-11 22:05:35.164 [main] TwoPhaseLoad - Resolving associations for [entity.User#14]
[DEBUG] 2018-02-11 22:05:35.164 [main] TwoPhaseLoad - Done materializing entity [entity.User#14]
[DEBUG] 2018-02-11 22:05:35.165 [main] ResourceRegistryStandardImpl - HHH000387: ResultSet's statement was not registered
[DEBUG] 2018-02-11 22:05:35.165 [main] AbstractLoadPlanBasedEntityLoader - Done entity load : entity.User#14
[DEBUG] 2018-02-11 22:05:35.165 [main] LogicalConnectionManagedImpl - Initiating JDBC connection release from afterTransaction
