[DEBUG] 2018-05-01 13:12:52.743 [http-nio-8080-exec-3] IntegratorServiceImpl - Adding Integrator [org.hibernate.cfg.beanvalidation.BeanValidationIntegrator].
[DEBUG] 2018-05-01 13:12:52.775 [http-nio-8080-exec-3] IntegratorServiceImpl - Adding Integrator [org.hibernate.secure.spi.JaccIntegrator].
[DEBUG] 2018-05-01 13:12:52.793 [http-nio-8080-exec-3] IntegratorServiceImpl - Adding Integrator [org.hibernate.cache.internal.CollectionCacheInvalidator].
[TRACE] 2018-05-01 13:12:52.847 [http-nio-8080-exec-3] StrategySelectorImpl - Registering named strategy selector [org.hibernate.dialect.Dialect] : [Cache71] -> [org.hibernate.dialect.Cache71Dialect]
[TRACE] 2018-05-01 13:12:52.879 [http-nio-8080-exec-3] StrategySelectorImpl - Registering named strategy selector [org.hibernate.dialect.Dialect] : [CUBRID] -> [org.hibernate.dialect.CUBRIDDialect]
[TRACE] 2018-05-01 13:12:52.882 [http-nio-8080-exec-3] StrategySelectorImpl - Registering named strategy selector [org.hibernate.dialect.Dialect] : [DB2] -> [org.hibernate.dialect.DB2Dialect]
[TRACE] 2018-05-01 13:12:52.883 [http-nio-8080-exec-3] StrategySelectorImpl - Registering named strategy selector [org.hibernate.dialect.Dialect] : [DB2390] -> [org.hibernate.dialect.DB2390Dialect]
[TRACE] 2018-05-01 13:12:52.886 [http-nio-8080-exec-3] StrategySelectorImpl - Registering named strategy selector [org.hibernate.dialect.Dialect] : [DB2390V8] -> [org.hibernate.dialect.DB2390V8Dialect]
[TRACE] 2018-05-01 13:12:52.887 [http-nio-8080-exec-3] StrategySelectorImpl - Registering named strategy selector [org.hibernate.dialect.Dialect] : [DB2400] -> [org.hibernate.dialect.DB2400Dialect]
[TRACE] 2018-05-01 13:12:52.892 [http-nio-8080-exec-3] StrategySelectorImpl - Registering named strategy selector [org.hibernate.dialect.Dialect] : [DerbyTenFive] -> [org.hibernate.dialect.DerbyTenFiveDialect]
[TRACE] 2018-05-01 13:12:52.893 [http-nio-8080-exec-3] StrategySelectorImpl - Registering named strategy selector [org.hibernate.dialect.Dialect] : [DerbyTenSix] -> [org.hibernate.dialect.DerbyTenSixDialect]
[TRACE] 2018-05-01 13:12:52.895 [http-nio-8080-exec-3] StrategySelectorImpl - Registering named strategy selector [org.hibernate.dialect.Dialect] : [DerbyTenSeven] -> [org.hibernate.dialect.DerbyTenSevenDialect]
[TRACE] 2018-05-01 13:12:52.897 [http-nio-8080-exec-3] StrategySelectorImpl - Registering named strategy selector [org.hibernate.dialect.Dialect] : [Firebird] -> [org.hibernate.dialect.FirebirdDialect]
[TRACE] 2018-05-01 13:12:52.900 [http-nio-8080-exec-3] StrategySelectorImpl - Registering named strategy selector [org.hibernate.dialect.Dialect] : [FrontBase] -> [org.hibernate.dialect.FrontBaseDialect]
[TRACE] 2018-05-01 13:12:52.903 [http-nio-8080-exec-3] StrategySelectorImpl - Registering named strategy selector [org.hibernate.dialect.Dialect] : [H2] -> [org.hibernate.dialect.H2Dialect]
[TRACE] 2018-05-01 13:12:52.908 [http-nio-8080-exec-3] StrategySelectorImpl - Registering named strategy selector [org.hibernate.dialect.Dialect] : [HANAColumnStore] -> [org.hibernate.dialect.HANAColumnStoreDialect]
[TRACE] 2018-05-01 13:12:52.909 [http-nio-8080-exec-3] StrategySelectorImpl - Registering named strategy selector [org.hibernate.dialect.Dialect] : [HANARowStore] -> [org.hibernate.dialect.HANARowStoreDialect]
[TRACE] 2018-05-01 13:12:52.913 [http-nio-8080-exec-3] StrategySelectorImpl - Registering named strategy selector [org.hibernate.dialect.Dialect] : [HSQL] -> [org.hibernate.dialect.HSQLDialect]
[TRACE] 2018-05-01 13:12:52.915 [http-nio-8080-exec-3] StrategySelectorImpl - Registering named strategy selector [org.hibernate.dialect.Dialect] : [Informix] -> [org.hibernate.dialect.InformixDialect]
[TRACE] 2018-05-01 13:12:52.917 [http-nio-8080-exec-3] StrategySelectorImpl - Registering named strategy selector [org.hibernate.dialect.Dialect] : [Ingres] -> [org.hibernate.dialect.IngresDialect]
[TRACE] 2018-05-01 13:12:52.919 [http-nio-8080-exec-3] StrategySelectorImpl - Registering named strategy selector [org.hibernate.dialect.Dialect] : [Ingres9] -> [org.hibernate.dialect.Ingres9Dialect]
[TRACE] 2018-05-01 13:12:52.920 [http-nio-8080-exec-3] StrategySelectorImpl - Registering named strategy selector [org.hibernate.dialect.Dialect] : [Ingres10] -> [org.hibernate.dialect.Ingres10Dialect]
[TRACE] 2018-05-01 13:12:52.921 [http-nio-8080-exec-3] StrategySelectorImpl - Registering named strategy selector [org.hibernate.dialect.Dialect] : [Interbase] -> [org.hibernate.dialect.InterbaseDialect]
[TRACE] 2018-05-01 13:12:52.922 [http-nio-8080-exec-3] StrategySelectorImpl - Registering named strategy selector [org.hibernate.dialect.Dialect] : [JDataStore] -> [org.hibernate.dialect.JDataStoreDialect]
[TRACE] 2018-05-01 13:12:52.924 [http-nio-8080-exec-3] StrategySelectorImpl - Registering named strategy selector [org.hibernate.dialect.Dialect] : [Mckoi] -> [org.hibernate.dialect.MckoiDialect]
[TRACE] 2018-05-01 13:12:52.927 [http-nio-8080-exec-3] StrategySelectorImpl - Registering named strategy selector [org.hibernate.dialect.Dialect] : [MimerSQL] -> [org.hibernate.dialect.MimerSQLDialect]
[TRACE] 2018-05-01 13:12:52.930 [http-nio-8080-exec-3] StrategySelectorImpl - Registering named strategy selector [org.hibernate.dialect.Dialect] : [MySQL5] -> [org.hibernate.dialect.MySQL5Dialect]
[TRACE] 2018-05-01 13:12:52.932 [http-nio-8080-exec-3] StrategySelectorImpl - Registering named strategy selector [org.hibernate.dialect.Dialect] : [MySQL5InnoDB] -> [org.hibernate.dialect.MySQL5InnoDBDialect]
[TRACE] 2018-05-01 13:12:52.934 [http-nio-8080-exec-3] StrategySelectorImpl - Registering named strategy selector [org.hibernate.dialect.Dialect] : [MySQL57InnoDB] -> [org.hibernate.dialect.MySQL57InnoDBDialect]
[TRACE] 2018-05-01 13:12:52.937 [http-nio-8080-exec-3] StrategySelectorImpl - Registering named strategy selector [org.hibernate.dialect.Dialect] : [MySQL57] -> [org.hibernate.dialect.MySQL57Dialect]
[TRACE] 2018-05-01 13:12:52.940 [http-nio-8080-exec-3] StrategySelectorImpl - Registering named strategy selector [org.hibernate.dialect.Dialect] : [Oracle8i] -> [org.hibernate.dialect.Oracle8iDialect]
[TRACE] 2018-05-01 13:12:52.941 [http-nio-8080-exec-3] StrategySelectorImpl - Registering named strategy selector [org.hibernate.dialect.Dialect] : [Oracle9i] -> [org.hibernate.dialect.Oracle9iDialect]
[TRACE] 2018-05-01 13:12:52.943 [http-nio-8080-exec-3] StrategySelectorImpl - Registering named strategy selector [org.hibernate.dialect.Dialect] : [Oracle10g] -> [org.hibernate.dialect.Oracle10gDialect]
[TRACE] 2018-05-01 13:12:52.945 [http-nio-8080-exec-3] StrategySelectorImpl - Registering named strategy selector [org.hibernate.dialect.Dialect] : [Pointbase] -> [org.hibernate.dialect.PointbaseDialect]
[TRACE] 2018-05-01 13:12:52.951 [http-nio-8080-exec-3] StrategySelectorImpl - Registering named strategy selector [org.hibernate.dialect.Dialect] : [PostgresPlus] -> [org.hibernate.dialect.PostgresPlusDialect]
[TRACE] 2018-05-01 13:12:52.952 [http-nio-8080-exec-3] StrategySelectorImpl - Registering named strategy selector [org.hibernate.dialect.Dialect] : [PostgreSQL81] -> [org.hibernate.dialect.PostgreSQL81Dialect]
[TRACE] 2018-05-01 13:12:52.952 [http-nio-8080-exec-3] StrategySelectorImpl - Registering named strategy selector [org.hibernate.dialect.Dialect] : [PostgreSQL82] -> [org.hibernate.dialect.PostgreSQL82Dialect]
[TRACE] 2018-05-01 13:12:52.958 [http-nio-8080-exec-3] StrategySelectorImpl - Registering named strategy selector [org.hibernate.dialect.Dialect] : [PostgreSQL9] -> [org.hibernate.dialect.PostgreSQL9Dialect]
[TRACE] 2018-05-01 13:12:52.960 [http-nio-8080-exec-3] StrategySelectorImpl - Registering named strategy selector [org.hibernate.dialect.Dialect] : [Progress] -> [org.hibernate.dialect.ProgressDialect]
[TRACE] 2018-05-01 13:12:52.962 [http-nio-8080-exec-3] StrategySelectorImpl - Registering named strategy selector [org.hibernate.dialect.Dialect] : [SAPDB] -> [org.hibernate.dialect.SAPDBDialect]
[TRACE] 2018-05-01 13:12:52.966 [http-nio-8080-exec-3] StrategySelectorImpl - Registering named strategy selector [org.hibernate.dialect.Dialect] : [SQLServer] -> [org.hibernate.dialect.SQLServerDialect]
[TRACE] 2018-05-01 13:12:52.968 [http-nio-8080-exec-3] StrategySelectorImpl - Registering named strategy selector [org.hibernate.dialect.Dialect] : [SQLServer2005] -> [org.hibernate.dialect.SQLServer2005Dialect]
[TRACE] 2018-05-01 13:12:52.969 [http-nio-8080-exec-3] StrategySelectorImpl - Registering named strategy selector [org.hibernate.dialect.Dialect] : [SQLServer2008] -> [org.hibernate.dialect.SQLServer2008Dialect]
[TRACE] 2018-05-01 13:12:52.975 [http-nio-8080-exec-3] StrategySelectorImpl - Registering named strategy selector [org.hibernate.dialect.Dialect] : [Sybase11] -> [org.hibernate.dialect.Sybase11Dialect]
[TRACE] 2018-05-01 13:12:52.977 [http-nio-8080-exec-3] StrategySelectorImpl - Registering named strategy selector [org.hibernate.dialect.Dialect] : [SybaseAnywhere] -> [org.hibernate.dialect.SybaseAnywhereDialect]
[TRACE] 2018-05-01 13:12:52.979 [http-nio-8080-exec-3] StrategySelectorImpl - Registering named strategy selector [org.hibernate.dialect.Dialect] : [SybaseASE15] -> [org.hibernate.dialect.SybaseASE15Dialect]
[TRACE] 2018-05-01 13:12:52.985 [http-nio-8080-exec-3] StrategySelectorImpl - Registering named strategy selector [org.hibernate.dialect.Dialect] : [SybaseASE157] -> [org.hibernate.dialect.SybaseASE157Dialect]
[TRACE] 2018-05-01 13:12:53.002 [http-nio-8080-exec-3] StrategySelectorImpl - Registering named strategy selector [org.hibernate.dialect.Dialect] : [Teradata] -> [org.hibernate.dialect.TeradataDialect]
[TRACE] 2018-05-01 13:12:53.005 [http-nio-8080-exec-3] StrategySelectorImpl - Registering named strategy selector [org.hibernate.dialect.Dialect] : [TimesTen] -> [org.hibernate.dialect.TimesTenDialect]
[TRACE] 2018-05-01 13:12:53.015 [http-nio-8080-exec-3] StrategySelectorImpl - Registering named strategy selector [org.hibernate.engine.transaction.jta.platform.spi.JtaPlatform] : [Borland] -> [org.hibernate.engine.transaction.jta.platform.internal.BorlandEnterpriseServerJtaPlatform]
[TRACE] 2018-05-01 13:12:53.016 [http-nio-8080-exec-3] StrategySelectorImpl - Registering named strategy selector [org.hibernate.engine.transaction.jta.platform.spi.JtaPlatform] : [org.hibernate.service.jta.platform.internal.BorlandEnterpriseServerJtaPlatform] -> [org.hibernate.engine.transaction.jta.platform.internal.BorlandEnterpriseServerJtaPlatform]
[TRACE] 2018-05-01 13:12:53.018 [http-nio-8080-exec-3] StrategySelectorImpl - Registering named strategy selector [org.hibernate.engine.transaction.jta.platform.spi.JtaPlatform] : [Bitronix] -> [org.hibernate.engine.transaction.jta.platform.internal.BitronixJtaPlatform]
[TRACE] 2018-05-01 13:12:53.019 [http-nio-8080-exec-3] StrategySelectorImpl - Registering named strategy selector [org.hibernate.engine.transaction.jta.platform.spi.JtaPlatform] : [org.hibernate.service.jta.platform.internal.BitronixJtaPlatform] -> [org.hibernate.engine.transaction.jta.platform.internal.BitronixJtaPlatform]
[TRACE] 2018-05-01 13:12:53.025 [http-nio-8080-exec-3] StrategySelectorImpl - Registering named strategy selector [org.hibernate.engine.transaction.jta.platform.spi.JtaPlatform] : [JBossAS] -> [org.hibernate.engine.transaction.jta.platform.internal.JBossAppServerJtaPlatform]
[TRACE] 2018-05-01 13:12:53.025 [http-nio-8080-exec-3] StrategySelectorImpl - Registering named strategy selector [org.hibernate.engine.transaction.jta.platform.spi.JtaPlatform] : [org.hibernate.service.jta.platform.internal.JBossAppServerJtaPlatform] -> [org.hibernate.engine.transaction.jta.platform.internal.JBossAppServerJtaPlatform]
[TRACE] 2018-05-01 13:12:53.027 [http-nio-8080-exec-3] StrategySelectorImpl - Registering named strategy selector [org.hibernate.engine.transaction.jta.platform.spi.JtaPlatform] : [JBossTS] -> [org.hibernate.engine.transaction.jta.platform.internal.JBossStandAloneJtaPlatform]
[TRACE] 2018-05-01 13:12:53.028 [http-nio-8080-exec-3] StrategySelectorImpl - Registering named strategy selector [org.hibernate.engine.transaction.jta.platform.spi.JtaPlatform] : [org.hibernate.service.jta.platform.internal.JBossStandAloneJtaPlatform] -> [org.hibernate.engine.transaction.jta.platform.internal.JBossStandAloneJtaPlatform]
[TRACE] 2018-05-01 13:12:53.030 [http-nio-8080-exec-3] StrategySelectorImpl - Registering named strategy selector [org.hibernate.engine.transaction.jta.platform.spi.JtaPlatform] : [JOnAS] -> [org.hibernate.engine.transaction.jta.platform.internal.JOnASJtaPlatform]
[TRACE] 2018-05-01 13:12:53.031 [http-nio-8080-exec-3] StrategySelectorImpl - Registering named strategy selector [org.hibernate.engine.transaction.jta.platform.spi.JtaPlatform] : [org.hibernate.service.jta.platform.internal.JOnASJtaPlatform] -> [org.hibernate.engine.transaction.jta.platform.internal.JOnASJtaPlatform]
[TRACE] 2018-05-01 13:12:53.033 [http-nio-8080-exec-3] StrategySelectorImpl - Registering named strategy selector [org.hibernate.engine.transaction.jta.platform.spi.JtaPlatform] : [JOTM] -> [org.hibernate.engine.transaction.jta.platform.internal.JOTMJtaPlatform]
[TRACE] 2018-05-01 13:12:53.035 [http-nio-8080-exec-3] StrategySelectorImpl - Registering named strategy selector [org.hibernate.engine.transaction.jta.platform.spi.JtaPlatform] : [org.hibernate.service.jta.platform.internal.JOTMJtaPlatform] -> [org.hibernate.engine.transaction.jta.platform.internal.JOTMJtaPlatform]
[TRACE] 2018-05-01 13:12:53.037 [http-nio-8080-exec-3] StrategySelectorImpl - Registering named strategy selector [org.hibernate.engine.transaction.jta.platform.spi.JtaPlatform] : [JRun4] -> [org.hibernate.engine.transaction.jta.platform.internal.JRun4JtaPlatform]
[TRACE] 2018-05-01 13:12:53.038 [http-nio-8080-exec-3] StrategySelectorImpl - Registering named strategy selector [org.hibernate.engine.transaction.jta.platform.spi.JtaPlatform] : [org.hibernate.service.jta.platform.internal.JRun4JtaPlatform] -> [org.hibernate.engine.transaction.jta.platform.internal.JRun4JtaPlatform]
[TRACE] 2018-05-01 13:12:53.040 [http-nio-8080-exec-3] StrategySelectorImpl - Registering named strategy selector [org.hibernate.engine.transaction.jta.platform.spi.JtaPlatform] : [OC4J] -> [org.hibernate.engine.transaction.jta.platform.internal.OC4JJtaPlatform]
[TRACE] 2018-05-01 13:12:53.041 [http-nio-8080-exec-3] StrategySelectorImpl - Registering named strategy selector [org.hibernate.engine.transaction.jta.platform.spi.JtaPlatform] : [org.hibernate.service.jta.platform.internal.OC4JJtaPlatform] -> [org.hibernate.engine.transaction.jta.platform.internal.OC4JJtaPlatform]
[TRACE] 2018-05-01 13:12:53.043 [http-nio-8080-exec-3] StrategySelectorImpl - Registering named strategy selector [org.hibernate.engine.transaction.jta.platform.spi.JtaPlatform] : [Orion] -> [org.hibernate.engine.transaction.jta.platform.internal.OrionJtaPlatform]
[TRACE] 2018-05-01 13:12:53.043 [http-nio-8080-exec-3] StrategySelectorImpl - Registering named strategy selector [org.hibernate.engine.transaction.jta.platform.spi.JtaPlatform] : [org.hibernate.service.jta.platform.internal.OrionJtaPlatform] -> [org.hibernate.engine.transaction.jta.platform.internal.OrionJtaPlatform]
[TRACE] 2018-05-01 13:12:53.045 [http-nio-8080-exec-3] StrategySelectorImpl - Registering named strategy selector [org.hibernate.engine.transaction.jta.platform.spi.JtaPlatform] : [Resin] -> [org.hibernate.engine.transaction.jta.platform.internal.ResinJtaPlatform]
[TRACE] 2018-05-01 13:12:53.046 [http-nio-8080-exec-3] StrategySelectorImpl - Registering named strategy selector [org.hibernate.engine.transaction.jta.platform.spi.JtaPlatform] : [org.hibernate.service.jta.platform.internal.ResinJtaPlatform] -> [org.hibernate.engine.transaction.jta.platform.internal.ResinJtaPlatform]
[TRACE] 2018-05-01 13:12:53.047 [http-nio-8080-exec-3] StrategySelectorImpl - Registering named strategy selector [org.hibernate.engine.transaction.jta.platform.spi.JtaPlatform] : [SapNetWeaver] -> [org.hibernate.engine.transaction.jta.platform.internal.SapNetWeaverJtaPlatform]
[TRACE] 2018-05-01 13:12:53.048 [http-nio-8080-exec-3] StrategySelectorImpl - Registering named strategy selector [org.hibernate.engine.transaction.jta.platform.spi.JtaPlatform] : [org.hibernate.service.jta.platform.internal.SapNetWeaverJtaPlatform] -> [org.hibernate.engine.transaction.jta.platform.internal.SapNetWeaverJtaPlatform]
[TRACE] 2018-05-01 13:12:53.049 [http-nio-8080-exec-3] StrategySelectorImpl - Registering named strategy selector [org.hibernate.engine.transaction.jta.platform.spi.JtaPlatform] : [SunOne] -> [org.hibernate.engine.transaction.jta.platform.internal.SunOneJtaPlatform]
[TRACE] 2018-05-01 13:12:53.050 [http-nio-8080-exec-3] StrategySelectorImpl - Registering named strategy selector [org.hibernate.engine.transaction.jta.platform.spi.JtaPlatform] : [org.hibernate.service.jta.platform.internal.SunOneJtaPlatform] -> [org.hibernate.engine.transaction.jta.platform.internal.SunOneJtaPlatform]
[TRACE] 2018-05-01 13:12:53.051 [http-nio-8080-exec-3] StrategySelectorImpl - Registering named strategy selector [org.hibernate.engine.transaction.jta.platform.spi.JtaPlatform] : [Weblogic] -> [org.hibernate.engine.transaction.jta.platform.internal.WeblogicJtaPlatform]
[TRACE] 2018-05-01 13:12:53.052 [http-nio-8080-exec-3] StrategySelectorImpl - Registering named strategy selector [org.hibernate.engine.transaction.jta.platform.spi.JtaPlatform] : [org.hibernate.service.jta.platform.internal.WeblogicJtaPlatform] -> [org.hibernate.engine.transaction.jta.platform.internal.WeblogicJtaPlatform]
[TRACE] 2018-05-01 13:12:53.054 [http-nio-8080-exec-3] StrategySelectorImpl - Registering named strategy selector [org.hibernate.engine.transaction.jta.platform.spi.JtaPlatform] : [WebSphere] -> [org.hibernate.engine.transaction.jta.platform.internal.WebSphereJtaPlatform]
[TRACE] 2018-05-01 13:12:53.055 [http-nio-8080-exec-3] StrategySelectorImpl - Registering named strategy selector [org.hibernate.engine.transaction.jta.platform.spi.JtaPlatform] : [org.hibernate.service.jta.platform.internal.WebSphereJtaPlatform] -> [org.hibernate.engine.transaction.jta.platform.internal.WebSphereJtaPlatform]
[TRACE] 2018-05-01 13:12:53.056 [http-nio-8080-exec-3] StrategySelectorImpl - Registering named strategy selector [org.hibernate.engine.transaction.jta.platform.spi.JtaPlatform] : [WebSphereExtended] -> [org.hibernate.engine.transaction.jta.platform.internal.WebSphereExtendedJtaPlatform]
[TRACE] 2018-05-01 13:12:53.057 [http-nio-8080-exec-3] StrategySelectorImpl - Registering named strategy selector [org.hibernate.engine.transaction.jta.platform.spi.JtaPlatform] : [org.hibernate.service.jta.platform.internal.WebSphereExtendedJtaPlatform] -> [org.hibernate.engine.transaction.jta.platform.internal.WebSphereExtendedJtaPlatform]
[TRACE] 2018-05-01 13:12:53.060 [http-nio-8080-exec-3] StrategySelectorImpl - Registering named strategy selector [org.hibernate.resource.transaction.spi.TransactionCoordinatorBuilder] : [jdbc] -> [org.hibernate.resource.transaction.backend.jdbc.internal.JdbcResourceLocalTransactionCoordinatorBuilderImpl]
[TRACE] 2018-05-01 13:12:53.062 [http-nio-8080-exec-3] StrategySelectorImpl - Registering named strategy selector [org.hibernate.resource.transaction.spi.TransactionCoordinatorBuilder] : [jta] -> [org.hibernate.resource.transaction.backend.jta.internal.JtaTransactionCoordinatorBuilderImpl]
[TRACE] 2018-05-01 13:12:53.062 [http-nio-8080-exec-3] StrategySelectorImpl - Registering named strategy selector [org.hibernate.resource.transaction.spi.TransactionCoordinatorBuilder] : [org.hibernate.transaction.JDBCTransactionFactory] -> [org.hibernate.resource.transaction.backend.jdbc.internal.JdbcResourceLocalTransactionCoordinatorBuilderImpl]
[TRACE] 2018-05-01 13:12:53.063 [http-nio-8080-exec-3] StrategySelectorImpl - Registering named strategy selector [org.hibernate.resource.transaction.spi.TransactionCoordinatorBuilder] : [org.hibernate.transaction.JTATransactionFactory] -> [org.hibernate.resource.transaction.backend.jta.internal.JtaTransactionCoordinatorBuilderImpl]
[TRACE] 2018-05-01 13:12:53.063 [http-nio-8080-exec-3] StrategySelectorImpl - Registering named strategy selector [org.hibernate.resource.transaction.spi.TransactionCoordinatorBuilder] : [org.hibernate.transaction.CMTTransactionFactory] -> [org.hibernate.resource.transaction.backend.jta.internal.JtaTransactionCoordinatorBuilderImpl]
[TRACE] 2018-05-01 13:12:53.068 [http-nio-8080-exec-3] StrategySelectorImpl - Registering named strategy selector [org.hibernate.hql.spi.id.MultiTableBulkIdStrategy] : [persistent] -> [org.hibernate.hql.spi.id.persistent.PersistentTableBulkIdStrategy]
[TRACE] 2018-05-01 13:12:53.070 [http-nio-8080-exec-3] StrategySelectorImpl - Registering named strategy selector [org.hibernate.hql.spi.id.MultiTableBulkIdStrategy] : [global_temporary] -> [org.hibernate.hql.spi.id.global.GlobalTemporaryTableBulkIdStrategy]
[TRACE] 2018-05-01 13:12:53.073 [http-nio-8080-exec-3] StrategySelectorImpl - Registering named strategy selector [org.hibernate.hql.spi.id.MultiTableBulkIdStrategy] : [local_temporary] -> [org.hibernate.hql.spi.id.local.LocalTemporaryTableBulkIdStrategy]
[TRACE] 2018-05-01 13:12:53.076 [http-nio-8080-exec-3] StrategySelectorImpl - Registering named strategy selector [org.hibernate.event.spi.EntityCopyObserver] : [disallow] -> [org.hibernate.event.internal.EntityCopyNotAllowedObserver]
[TRACE] 2018-05-01 13:12:53.077 [http-nio-8080-exec-3] StrategySelectorImpl - Registering named strategy selector [org.hibernate.event.spi.EntityCopyObserver] : [allow] -> [org.hibernate.event.internal.EntityCopyAllowedObserver]
[TRACE] 2018-05-01 13:12:53.079 [http-nio-8080-exec-3] StrategySelectorImpl - Registering named strategy selector [org.hibernate.event.spi.EntityCopyObserver] : [log] -> [org.hibernate.event.internal.EntityCopyAllowedLoggedObserver]
[TRACE] 2018-05-01 13:12:53.083 [http-nio-8080-exec-3] StrategySelectorImpl - Registering named strategy selector [org.hibernate.boot.model.naming.ImplicitNamingStrategy] : [default] -> [org.hibernate.boot.model.naming.ImplicitNamingStrategyJpaCompliantImpl]
[TRACE] 2018-05-01 13:12:53.083 [http-nio-8080-exec-3] StrategySelectorImpl - Registering named strategy selector [org.hibernate.boot.model.naming.ImplicitNamingStrategy] : [jpa] -> [org.hibernate.boot.model.naming.ImplicitNamingStrategyJpaCompliantImpl]
[TRACE] 2018-05-01 13:12:53.085 [http-nio-8080-exec-3] StrategySelectorImpl - Registering named strategy selector [org.hibernate.boot.model.naming.ImplicitNamingStrategy] : [legacy-jpa] -> [org.hibernate.boot.model.naming.ImplicitNamingStrategyLegacyJpaImpl]
[TRACE] 2018-05-01 13:12:53.087 [http-nio-8080-exec-3] StrategySelectorImpl - Registering named strategy selector [org.hibernate.boot.model.naming.ImplicitNamingStrategy] : [legacy-hbm] -> [org.hibernate.boot.model.naming.ImplicitNamingStrategyLegacyHbmImpl]
[TRACE] 2018-05-01 13:12:53.088 [http-nio-8080-exec-3] StrategySelectorImpl - Registering named strategy selector [org.hibernate.boot.model.naming.ImplicitNamingStrategy] : [component-path] -> [org.hibernate.boot.model.naming.ImplicitNamingStrategyComponentPathImpl]
[TRACE] 2018-05-01 13:12:53.091 [http-nio-8080-exec-3] StrategySelectorImpl - Registering named strategy selector [org.hibernate.cache.spi.CacheKeysFactory] : [default] -> [org.hibernate.cache.internal.DefaultCacheKeysFactory]
[TRACE] 2018-05-01 13:12:53.093 [http-nio-8080-exec-3] StrategySelectorImpl - Registering named strategy selector [org.hibernate.cache.spi.CacheKeysFactory] : [simple] -> [org.hibernate.cache.internal.SimpleCacheKeysFactory]
[TRACE] 2018-05-01 13:12:53.105 [http-nio-8080-exec-3] StrategySelectorImpl - Registering named strategy selector [org.hibernate.engine.jdbc.connections.spi.ConnectionProvider] : [c3p0] -> [org.hibernate.c3p0.internal.C3P0ConnectionProvider]
[TRACE] 2018-05-01 13:12:53.106 [http-nio-8080-exec-3] StrategySelectorImpl - Registering named strategy selector [org.hibernate.engine.jdbc.connections.spi.ConnectionProvider] : [C3P0ConnectionProvider] -> [org.hibernate.c3p0.internal.C3P0ConnectionProvider]
[TRACE] 2018-05-01 13:12:53.106 [http-nio-8080-exec-3] StrategySelectorImpl - Registering named strategy selector [org.hibernate.engine.jdbc.connections.spi.ConnectionProvider] : [org.hibernate.connection.C3P0ConnectionProvider] -> [org.hibernate.c3p0.internal.C3P0ConnectionProvider]
[TRACE] 2018-05-01 13:12:53.106 [http-nio-8080-exec-3] StrategySelectorImpl - Registering named strategy selector [org.hibernate.engine.jdbc.connections.spi.ConnectionProvider] : [org.hibernate.service.jdbc.connections.internal.C3P0ConnectionProvider] -> [org.hibernate.c3p0.internal.C3P0ConnectionProvider]
[INFO ] 2018-05-01 13:12:53.249 [http-nio-8080-exec-3] Version - HHH000412: Hibernate Core {5.2.12.Final}
[INFO ] 2018-05-01 13:12:53.261 [http-nio-8080-exec-3] Environment - HHH000206: hibernate.properties not found
[TRACE] 2018-05-01 13:12:53.287 [http-nio-8080-exec-3] ClassLoaderServiceImpl - trying via [new URL("hibernate.cfg.xml")]
[TRACE] 2018-05-01 13:12:53.288 [http-nio-8080-exec-3] ClassLoaderServiceImpl - trying via [ClassLoader.getResourceAsStream("hibernate.cfg.xml")]
[TRACE] 2018-05-01 13:12:53.545 [http-nio-8080-exec-3] LocalXmlResourceResolver - In resolveEntity(-//Hibernate/Hibernate Configuration DTD//EN, http://www.hibernate.org/dtd/hibernate-configuration-3.0.dtd, file:/home/osamah/tomcat/bin/, null)
[DEBUG] 2018-05-01 13:12:53.546 [http-nio-8080-exec-3] LocalXmlResourceResolver - Interpreting public/system identifier : [-//Hibernate/Hibernate Configuration DTD//EN] - [http://www.hibernate.org/dtd/hibernate-configuration-3.0.dtd]
[DEBUG] 2018-05-01 13:12:53.547 [http-nio-8080-exec-3] LocalXmlResourceResolver - Recognized hibernate-configuration identifier; attempting to resolve on classpath under org/hibernate/
[DEBUG] 2018-05-01 13:12:53.708 [http-nio-8080-exec-3] JaxbCfgProcessor - cfg.xml document did not define namespaces; wrapping in custom event reader to introduce namespace information
[DEBUG] 2018-05-01 13:12:54.662 [http-nio-8080-exec-3] ServiceBinding - Overriding existing service binding [org.hibernate.secure.spi.JaccService]
[TRACE] 2018-05-01 13:12:54.752 [http-nio-8080-exec-3] AbstractServiceRegistryImpl - Initializing service [role=org.hibernate.engine.config.spi.ConfigurationService]
[TRACE] 2018-05-01 13:12:54.863 [http-nio-8080-exec-3] AbstractServiceRegistryImpl - Initializing service [role=org.hibernate.cache.spi.RegionFactory]
[DEBUG] 2018-05-01 13:12:54.890 [http-nio-8080-exec-3] RegionFactoryInitiator - Cache region factory : org.hibernate.cache.internal.NoCachingRegionFactory
[INFO ] 2018-05-01 13:12:54.993 [http-nio-8080-exec-3] Version - HCANN000001: Hibernate Commons Annotations {5.0.1.Final}
[TRACE] 2018-05-01 13:12:55.053 [http-nio-8080-exec-3] AbstractServiceRegistryImpl - Initializing service [role=org.hibernate.boot.cfgxml.spi.CfgXmlAccessService]
[DEBUG] 2018-05-01 13:12:55.134 [http-nio-8080-exec-3] BasicTypeRegistry - Adding type registration boolean -> org.hibernate.type.BooleanType@3ac93cde
[DEBUG] 2018-05-01 13:12:55.135 [http-nio-8080-exec-3] BasicTypeRegistry - Adding type registration boolean -> org.hibernate.type.BooleanType@3ac93cde
[DEBUG] 2018-05-01 13:12:55.135 [http-nio-8080-exec-3] BasicTypeRegistry - Adding type registration java.lang.Boolean -> org.hibernate.type.BooleanType@3ac93cde
[DEBUG] 2018-05-01 13:12:55.138 [http-nio-8080-exec-3] BasicTypeRegistry - Adding type registration numeric_boolean -> org.hibernate.type.NumericBooleanType@3f55812e
[DEBUG] 2018-05-01 13:12:55.142 [http-nio-8080-exec-3] BasicTypeRegistry - Adding type registration true_false -> org.hibernate.type.TrueFalseType@3ca12c2b
[DEBUG] 2018-05-01 13:12:55.143 [http-nio-8080-exec-3] BasicTypeRegistry - Adding type registration yes_no -> org.hibernate.type.YesNoType@251d5e58
[DEBUG] 2018-05-01 13:12:55.147 [http-nio-8080-exec-3] BasicTypeRegistry - Adding type registration byte -> org.hibernate.type.ByteType@202d4de3
[DEBUG] 2018-05-01 13:12:55.148 [http-nio-8080-exec-3] BasicTypeRegistry - Adding type registration byte -> org.hibernate.type.ByteType@202d4de3
[DEBUG] 2018-05-01 13:12:55.148 [http-nio-8080-exec-3] BasicTypeRegistry - Adding type registration java.lang.Byte -> org.hibernate.type.ByteType@202d4de3
[DEBUG] 2018-05-01 13:12:55.151 [http-nio-8080-exec-3] BasicTypeRegistry - Adding type registration character -> org.hibernate.type.CharacterType@c2f3a1f
[DEBUG] 2018-05-01 13:12:55.151 [http-nio-8080-exec-3] BasicTypeRegistry - Adding type registration char -> org.hibernate.type.CharacterType@c2f3a1f
[DEBUG] 2018-05-01 13:12:55.152 [http-nio-8080-exec-3] BasicTypeRegistry - Adding type registration java.lang.Character -> org.hibernate.type.CharacterType@c2f3a1f
[DEBUG] 2018-05-01 13:12:55.156 [http-nio-8080-exec-3] BasicTypeRegistry - Adding type registration short -> org.hibernate.type.ShortType@436a2f5c
[DEBUG] 2018-05-01 13:12:55.156 [http-nio-8080-exec-3] BasicTypeRegistry - Adding type registration short -> org.hibernate.type.ShortType@436a2f5c
[DEBUG] 2018-05-01 13:12:55.157 [http-nio-8080-exec-3] BasicTypeRegistry - Adding type registration java.lang.Short -> org.hibernate.type.ShortType@436a2f5c
[DEBUG] 2018-05-01 13:12:55.160 [http-nio-8080-exec-3] BasicTypeRegistry - Adding type registration integer -> org.hibernate.type.IntegerType@5c737f71
[DEBUG] 2018-05-01 13:12:55.161 [http-nio-8080-exec-3] BasicTypeRegistry - Adding type registration int -> org.hibernate.type.IntegerType@5c737f71
[DEBUG] 2018-05-01 13:12:55.161 [http-nio-8080-exec-3] BasicTypeRegistry - Adding type registration java.lang.Integer -> org.hibernate.type.IntegerType@5c737f71
[DEBUG] 2018-05-01 13:12:55.166 [http-nio-8080-exec-3] BasicTypeRegistry - Adding type registration long -> org.hibernate.type.LongType@737e264c
[DEBUG] 2018-05-01 13:12:55.166 [http-nio-8080-exec-3] BasicTypeRegistry - Adding type registration long -> org.hibernate.type.LongType@737e264c
[DEBUG] 2018-05-01 13:12:55.166 [http-nio-8080-exec-3] BasicTypeRegistry - Adding type registration java.lang.Long -> org.hibernate.type.LongType@737e264c
[DEBUG] 2018-05-01 13:12:55.172 [http-nio-8080-exec-3] BasicTypeRegistry - Adding type registration float -> org.hibernate.type.FloatType@4fb5c329
[DEBUG] 2018-05-01 13:12:55.172 [http-nio-8080-exec-3] BasicTypeRegistry - Adding type registration float -> org.hibernate.type.FloatType@4fb5c329
[DEBUG] 2018-05-01 13:12:55.173 [http-nio-8080-exec-3] BasicTypeRegistry - Adding type registration java.lang.Float -> org.hibernate.type.FloatType@4fb5c329
[DEBUG] 2018-05-01 13:12:55.177 [http-nio-8080-exec-3] BasicTypeRegistry - Adding type registration double -> org.hibernate.type.DoubleType@568996e
[DEBUG] 2018-05-01 13:12:55.177 [http-nio-8080-exec-3] BasicTypeRegistry - Adding type registration double -> org.hibernate.type.DoubleType@568996e
[DEBUG] 2018-05-01 13:12:55.178 [http-nio-8080-exec-3] BasicTypeRegistry - Adding type registration java.lang.Double -> org.hibernate.type.DoubleType@568996e
[DEBUG] 2018-05-01 13:12:55.183 [http-nio-8080-exec-3] BasicTypeRegistry - Adding type registration big_decimal -> org.hibernate.type.BigDecimalType@13e10859
[DEBUG] 2018-05-01 13:12:55.183 [http-nio-8080-exec-3] BasicTypeRegistry - Adding type registration java.math.BigDecimal -> org.hibernate.type.BigDecimalType@13e10859
[DEBUG] 2018-05-01 13:12:55.186 [http-nio-8080-exec-3] BasicTypeRegistry - Adding type registration big_integer -> org.hibernate.type.BigIntegerType@1079e15
[DEBUG] 2018-05-01 13:12:55.187 [http-nio-8080-exec-3] BasicTypeRegistry - Adding type registration java.math.BigInteger -> org.hibernate.type.BigIntegerType@1079e15
[DEBUG] 2018-05-01 13:12:55.190 [http-nio-8080-exec-3] BasicTypeRegistry - Adding type registration string -> org.hibernate.type.StringType@3511495c
[DEBUG] 2018-05-01 13:12:55.190 [http-nio-8080-exec-3] BasicTypeRegistry - Adding type registration java.lang.String -> org.hibernate.type.StringType@3511495c
[DEBUG] 2018-05-01 13:12:55.192 [http-nio-8080-exec-3] BasicTypeRegistry - Adding type registration nstring -> org.hibernate.type.StringNVarcharType@7a76652e
[DEBUG] 2018-05-01 13:12:55.194 [http-nio-8080-exec-3] BasicTypeRegistry - Adding type registration ncharacter -> org.hibernate.type.CharacterNCharType@13d4a19d
[DEBUG] 2018-05-01 13:12:55.197 [http-nio-8080-exec-3] BasicTypeRegistry - Adding type registration url -> org.hibernate.type.UrlType@279635e8
[DEBUG] 2018-05-01 13:12:55.197 [http-nio-8080-exec-3] BasicTypeRegistry - Adding type registration java.net.URL -> org.hibernate.type.UrlType@279635e8
[DEBUG] 2018-05-01 13:12:55.200 [http-nio-8080-exec-3] BasicTypeRegistry - Adding type registration Duration -> org.hibernate.type.DurationType@6de798c2
[DEBUG] 2018-05-01 13:12:55.201 [http-nio-8080-exec-3] BasicTypeRegistry - Adding type registration java.time.Duration -> org.hibernate.type.DurationType@6de798c2
[DEBUG] 2018-05-01 13:12:55.220 [http-nio-8080-exec-3] BasicTypeRegistry - Adding type registration Instant -> org.hibernate.type.InstantType@51ecc832
[DEBUG] 2018-05-01 13:12:55.221 [http-nio-8080-exec-3] BasicTypeRegistry - Adding type registration java.time.Instant -> org.hibernate.type.InstantType@51ecc832
[DEBUG] 2018-05-01 13:12:55.224 [http-nio-8080-exec-3] BasicTypeRegistry - Adding type registration LocalDateTime -> org.hibernate.type.LocalDateTimeType@509e956e
[DEBUG] 2018-05-01 13:12:55.225 [http-nio-8080-exec-3] BasicTypeRegistry - Adding type registration java.time.LocalDateTime -> org.hibernate.type.LocalDateTimeType@509e956e
[DEBUG] 2018-05-01 13:12:55.230 [http-nio-8080-exec-3] BasicTypeRegistry - Adding type registration LocalDate -> org.hibernate.type.LocalDateType@45f71369
[DEBUG] 2018-05-01 13:12:55.230 [http-nio-8080-exec-3] BasicTypeRegistry - Adding type registration java.time.LocalDate -> org.hibernate.type.LocalDateType@45f71369
[DEBUG] 2018-05-01 13:12:55.236 [http-nio-8080-exec-3] BasicTypeRegistry - Adding type registration LocalTime -> org.hibernate.type.LocalTimeType@1e65a2ba
[DEBUG] 2018-05-01 13:12:55.236 [http-nio-8080-exec-3] BasicTypeRegistry - Adding type registration java.time.LocalTime -> org.hibernate.type.LocalTimeType@1e65a2ba
[DEBUG] 2018-05-01 13:12:55.242 [http-nio-8080-exec-3] BasicTypeRegistry - Adding type registration OffsetDateTime -> org.hibernate.type.OffsetDateTimeType@67d74be8
[DEBUG] 2018-05-01 13:12:55.243 [http-nio-8080-exec-3] BasicTypeRegistry - Adding type registration java.time.OffsetDateTime -> org.hibernate.type.OffsetDateTimeType@67d74be8
[DEBUG] 2018-05-01 13:12:55.248 [http-nio-8080-exec-3] BasicTypeRegistry - Adding type registration OffsetTime -> org.hibernate.type.OffsetTimeType@5b5a81e2
[DEBUG] 2018-05-01 13:12:55.248 [http-nio-8080-exec-3] BasicTypeRegistry - Adding type registration java.time.OffsetTime -> org.hibernate.type.OffsetTimeType@5b5a81e2
[DEBUG] 2018-05-01 13:12:55.263 [http-nio-8080-exec-3] BasicTypeRegistry - Adding type registration ZonedDateTime -> org.hibernate.type.ZonedDateTimeType@1901d762
[DEBUG] 2018-05-01 13:12:55.263 [http-nio-8080-exec-3] BasicTypeRegistry - Adding type registration java.time.ZonedDateTime -> org.hibernate.type.ZonedDateTimeType@1901d762
[DEBUG] 2018-05-01 13:12:55.270 [http-nio-8080-exec-3] BasicTypeRegistry - Adding type registration date -> org.hibernate.type.DateType@1a892e16
[DEBUG] 2018-05-01 13:12:55.270 [http-nio-8080-exec-3] BasicTypeRegistry - Adding type registration java.sql.Date -> org.hibernate.type.DateType@1a892e16
[DEBUG] 2018-05-01 13:12:55.274 [http-nio-8080-exec-3] BasicTypeRegistry - Adding type registration time -> org.hibernate.type.TimeType@50f72f80
[DEBUG] 2018-05-01 13:12:55.275 [http-nio-8080-exec-3] BasicTypeRegistry - Adding type registration java.sql.Time -> org.hibernate.type.TimeType@50f72f80
[DEBUG] 2018-05-01 13:12:55.278 [http-nio-8080-exec-3] BasicTypeRegistry - Adding type registration timestamp -> org.hibernate.type.TimestampType@f408fb4
[DEBUG] 2018-05-01 13:12:55.279 [http-nio-8080-exec-3] BasicTypeRegistry - Adding type registration java.sql.Timestamp -> org.hibernate.type.TimestampType@f408fb4
[DEBUG] 2018-05-01 13:12:55.279 [http-nio-8080-exec-3] BasicTypeRegistry - Adding type registration java.util.Date -> org.hibernate.type.TimestampType@f408fb4
[DEBUG] 2018-05-01 13:12:55.284 [http-nio-8080-exec-3] BasicTypeRegistry - Adding type registration dbtimestamp -> org.hibernate.type.DbTimestampType@43989086
[DEBUG] 2018-05-01 13:12:55.288 [http-nio-8080-exec-3] BasicTypeRegistry - Adding type registration calendar -> org.hibernate.type.CalendarType@1457492c
[DEBUG] 2018-05-01 13:12:55.288 [http-nio-8080-exec-3] BasicTypeRegistry - Adding type registration java.util.Calendar -> org.hibernate.type.CalendarType@1457492c
[DEBUG] 2018-05-01 13:12:55.289 [http-nio-8080-exec-3] BasicTypeRegistry - Adding type registration java.util.GregorianCalendar -> org.hibernate.type.CalendarType@1457492c
[DEBUG] 2018-05-01 13:12:55.291 [http-nio-8080-exec-3] BasicTypeRegistry - Adding type registration calendar_date -> org.hibernate.type.CalendarDateType@772e6ed4
[DEBUG] 2018-05-01 13:12:55.294 [http-nio-8080-exec-3] BasicTypeRegistry - Adding type registration locale -> org.hibernate.type.LocaleType@6bdef61f
[DEBUG] 2018-05-01 13:12:55.294 [http-nio-8080-exec-3] BasicTypeRegistry - Adding type registration java.util.Locale -> org.hibernate.type.LocaleType@6bdef61f
[DEBUG] 2018-05-01 13:12:55.297 [http-nio-8080-exec-3] BasicTypeRegistry - Adding type registration currency -> org.hibernate.type.CurrencyType@2330443e
[DEBUG] 2018-05-01 13:12:55.297 [http-nio-8080-exec-3] BasicTypeRegistry - Adding type registration java.util.Currency -> org.hibernate.type.CurrencyType@2330443e
[DEBUG] 2018-05-01 13:12:55.300 [http-nio-8080-exec-3] BasicTypeRegistry - Adding type registration timezone -> org.hibernate.type.TimeZoneType@196b404b
[DEBUG] 2018-05-01 13:12:55.300 [http-nio-8080-exec-3] BasicTypeRegistry - Adding type registration java.util.TimeZone -> org.hibernate.type.TimeZoneType@196b404b
[DEBUG] 2018-05-01 13:12:55.302 [http-nio-8080-exec-3] BasicTypeRegistry - Adding type registration class -> org.hibernate.type.ClassType@53953435
[DEBUG] 2018-05-01 13:12:55.303 [http-nio-8080-exec-3] BasicTypeRegistry - Adding type registration java.lang.Class -> org.hibernate.type.ClassType@53953435
[DEBUG] 2018-05-01 13:12:55.307 [http-nio-8080-exec-3] BasicTypeRegistry - Adding type registration uuid-binary -> org.hibernate.type.UUIDBinaryType@48bf6370
[DEBUG] 2018-05-01 13:12:55.308 [http-nio-8080-exec-3] BasicTypeRegistry - Adding type registration java.util.UUID -> org.hibernate.type.UUIDBinaryType@48bf6370
[DEBUG] 2018-05-01 13:12:55.309 [http-nio-8080-exec-3] BasicTypeRegistry - Adding type registration uuid-char -> org.hibernate.type.UUIDCharType@6ed54c17
[DEBUG] 2018-05-01 13:12:55.314 [http-nio-8080-exec-3] BasicTypeRegistry - Adding type registration binary -> org.hibernate.type.BinaryType@1ff91e05
[DEBUG] 2018-05-01 13:12:55.315 [http-nio-8080-exec-3] BasicTypeRegistry - Adding type registration byte[] -> org.hibernate.type.BinaryType@1ff91e05
[DEBUG] 2018-05-01 13:12:55.316 [http-nio-8080-exec-3] BasicTypeRegistry - Adding type registration [B -> org.hibernate.type.BinaryType@1ff91e05
[DEBUG] 2018-05-01 13:12:55.320 [http-nio-8080-exec-3] BasicTypeRegistry - Adding type registration wrapper-binary -> org.hibernate.type.WrapperBinaryType@111a7af7
[DEBUG] 2018-05-01 13:12:55.320 [http-nio-8080-exec-3] BasicTypeRegistry - Adding type registration Byte[] -> org.hibernate.type.WrapperBinaryType@111a7af7
[DEBUG] 2018-05-01 13:12:55.320 [http-nio-8080-exec-3] BasicTypeRegistry - Adding type registration [Ljava.lang.Byte; -> org.hibernate.type.WrapperBinaryType@111a7af7
[DEBUG] 2018-05-01 13:12:55.324 [http-nio-8080-exec-3] BasicTypeRegistry - Adding type registration row_version -> org.hibernate.type.RowVersionType@64b5b63e
[DEBUG] 2018-05-01 13:12:55.328 [http-nio-8080-exec-3] BasicTypeRegistry - Adding type registration image -> org.hibernate.type.ImageType@62cb82c7
[DEBUG] 2018-05-01 13:12:55.332 [http-nio-8080-exec-3] BasicTypeRegistry - Adding type registration characters -> org.hibernate.type.CharArrayType@6efe7682
[DEBUG] 2018-05-01 13:12:55.332 [http-nio-8080-exec-3] BasicTypeRegistry - Adding type registration char[] -> org.hibernate.type.CharArrayType@6efe7682
[DEBUG] 2018-05-01 13:12:55.333 [http-nio-8080-exec-3] BasicTypeRegistry - Adding type registration [C -> org.hibernate.type.CharArrayType@6efe7682
[DEBUG] 2018-05-01 13:12:55.336 [http-nio-8080-exec-3] BasicTypeRegistry - Adding type registration wrapper-characters -> org.hibernate.type.CharacterArrayType@29b0e684
[DEBUG] 2018-05-01 13:12:55.336 [http-nio-8080-exec-3] BasicTypeRegistry - Adding type registration [Ljava.lang.Character; -> org.hibernate.type.CharacterArrayType@29b0e684
[DEBUG] 2018-05-01 13:12:55.336 [http-nio-8080-exec-3] BasicTypeRegistry - Adding type registration Character[] -> org.hibernate.type.CharacterArrayType@29b0e684
[DEBUG] 2018-05-01 13:12:55.339 [http-nio-8080-exec-3] BasicTypeRegistry - Adding type registration text -> org.hibernate.type.TextType@4c0b06ff
[DEBUG] 2018-05-01 13:12:55.342 [http-nio-8080-exec-3] BasicTypeRegistry - Adding type registration ntext -> org.hibernate.type.NTextType@2f492117
[DEBUG] 2018-05-01 13:12:55.355 [http-nio-8080-exec-3] BasicTypeRegistry - Adding type registration blob -> org.hibernate.type.BlobType@1182815e
[DEBUG] 2018-05-01 13:12:55.355 [http-nio-8080-exec-3] BasicTypeRegistry - Adding type registration java.sql.Blob -> org.hibernate.type.BlobType@1182815e
[DEBUG] 2018-05-01 13:12:55.356 [http-nio-8080-exec-3] BasicTypeRegistry - Adding type registration materialized_blob -> org.hibernate.type.MaterializedBlobType@43db04d7
[DEBUG] 2018-05-01 13:12:55.368 [http-nio-8080-exec-3] BasicTypeRegistry - Adding type registration clob -> org.hibernate.type.ClobType@195750e1
[DEBUG] 2018-05-01 13:12:55.369 [http-nio-8080-exec-3] BasicTypeRegistry - Adding type registration java.sql.Clob -> org.hibernate.type.ClobType@195750e1
[DEBUG] 2018-05-01 13:12:55.380 [http-nio-8080-exec-3] BasicTypeRegistry - Adding type registration nclob -> org.hibernate.type.NClobType@461b3ec9
[DEBUG] 2018-05-01 13:12:55.380 [http-nio-8080-exec-3] BasicTypeRegistry - Adding type registration java.sql.NClob -> org.hibernate.type.NClobType@461b3ec9
[DEBUG] 2018-05-01 13:12:55.382 [http-nio-8080-exec-3] BasicTypeRegistry - Adding type registration materialized_clob -> org.hibernate.type.MaterializedClobType@6e9f0bee
[DEBUG] 2018-05-01 13:12:55.383 [http-nio-8080-exec-3] BasicTypeRegistry - Adding type registration materialized_nclob -> org.hibernate.type.MaterializedNClobType@7a6e340a
[DEBUG] 2018-05-01 13:12:55.388 [http-nio-8080-exec-3] BasicTypeRegistry - Adding type registration serializable -> org.hibernate.type.SerializableType@73686b26
[DEBUG] 2018-05-01 13:12:55.398 [http-nio-8080-exec-3] BasicTypeRegistry - Adding type registration object -> org.hibernate.type.ObjectType@39d05ddf
[DEBUG] 2018-05-01 13:12:55.398 [http-nio-8080-exec-3] BasicTypeRegistry - Adding type registration java.lang.Object -> org.hibernate.type.ObjectType@39d05ddf
[DEBUG] 2018-05-01 13:12:55.400 [http-nio-8080-exec-3] BasicTypeRegistry - Adding type registration imm_date -> org.hibernate.type.AdaptedImmutableType@5b8c0d8e
[DEBUG] 2018-05-01 13:12:55.400 [http-nio-8080-exec-3] BasicTypeRegistry - Adding type registration imm_time -> org.hibernate.type.AdaptedImmutableType@39d7950a
[DEBUG] 2018-05-01 13:12:55.400 [http-nio-8080-exec-3] BasicTypeRegistry - Adding type registration imm_timestamp -> org.hibernate.type.AdaptedImmutableType@75af49db
[DEBUG] 2018-05-01 13:12:55.401 [http-nio-8080-exec-3] BasicTypeRegistry - Adding type registration imm_dbtimestamp -> org.hibernate.type.AdaptedImmutableType@59ddab39
[DEBUG] 2018-05-01 13:12:55.401 [http-nio-8080-exec-3] BasicTypeRegistry - Adding type registration imm_calendar -> org.hibernate.type.AdaptedImmutableType@62063df1
[DEBUG] 2018-05-01 13:12:55.401 [http-nio-8080-exec-3] BasicTypeRegistry - Adding type registration imm_calendar_date -> org.hibernate.type.AdaptedImmutableType@67fc8b7e
[DEBUG] 2018-05-01 13:12:55.401 [http-nio-8080-exec-3] BasicTypeRegistry - Adding type registration imm_binary -> org.hibernate.type.AdaptedImmutableType@6812e7cb
[DEBUG] 2018-05-01 13:12:55.401 [http-nio-8080-exec-3] BasicTypeRegistry - Adding type registration imm_serializable -> org.hibernate.type.AdaptedImmutableType@5c221d93
[TRACE] 2018-05-01 13:12:55.403 [http-nio-8080-exec-3] AbstractServiceRegistryImpl - Initializing service [role=org.hibernate.engine.jdbc.spi.JdbcServices]
[TRACE] 2018-05-01 13:12:55.410 [http-nio-8080-exec-3] AbstractServiceRegistryImpl - Initializing service [role=org.hibernate.engine.jdbc.env.spi.JdbcEnvironment]
[TRACE] 2018-05-01 13:12:55.410 [http-nio-8080-exec-3] AbstractServiceRegistryImpl - Initializing service [role=org.hibernate.engine.jdbc.dialect.spi.DialectFactory]
[TRACE] 2018-05-01 13:12:55.412 [http-nio-8080-exec-3] AbstractServiceRegistryImpl - Initializing service [role=org.hibernate.engine.jdbc.dialect.spi.DialectResolver]
[TRACE] 2018-05-01 13:12:55.431 [http-nio-8080-exec-3] AbstractServiceRegistryImpl - Initializing service [role=org.hibernate.engine.jdbc.connections.spi.ConnectionProvider]
[INFO ] 2018-05-01 13:12:55.443 [http-nio-8080-exec-3] C3P0ConnectionProvider - HHH010002: C3P0 using driver: com.mysql.jdbc.Driver at URL: jdbc:mysql://localhost:3306/used_computers
[INFO ] 2018-05-01 13:12:55.444 [http-nio-8080-exec-3] C3P0ConnectionProvider - HHH10001001: Connection properties: {user=root, password=****}
[INFO ] 2018-05-01 13:12:55.444 [http-nio-8080-exec-3] C3P0ConnectionProvider - HHH10001003: Autocommit mode: false
[INFO ] 2018-05-01 13:12:55.881 [http-nio-8080-exec-3] C3P0ConnectionProvider - HHH10001007: JDBC isolation level: <unknown>
[DEBUG] 2018-05-01 13:12:56.741 [http-nio-8080-exec-3] JdbcEnvironmentInitiator - Database ->
       name : MySQL
    version : 5.7.22-0ubuntu0.16.04.1
      major : 5
      minor : 7
[DEBUG] 2018-05-01 13:12:56.742 [http-nio-8080-exec-3] JdbcEnvironmentInitiator - Driver ->
       name : MySQL Connector Java
    version : mysql-connector-java-5.1.39 ( Revision: 3289a357af6d09ecc1a10fd3c26e95183e5790ad )
      major : 5
      minor : 1
[DEBUG] 2018-05-01 13:12:56.743 [http-nio-8080-exec-3] JdbcEnvironmentInitiator - JDBC version : 4.0
[INFO ] 2018-05-01 13:12:56.794 [http-nio-8080-exec-3] Dialect - HHH000400: Using dialect: org.hibernate.dialect.MySQL5Dialect
[DEBUG] 2018-05-01 13:12:56.909 [http-nio-8080-exec-3] IdentifierHelperBuilder - JDBC driver metadata reported database stores quoted identifiers in more than one case
[DEBUG] 2018-05-01 13:12:56.912 [http-nio-8080-exec-3] IdentifierHelperBuilder - IdentifierCaseStrategy for both quoted and unquoted identifiers was set to the same strategy [MIXED]; that will likely lead to problems in schema update and validation if using quoted identifiers
[TRACE] 2018-05-01 13:12:56.918 [http-nio-8080-exec-3] NormalizingIdentifierHelperImpl - Normalizing identifier quoting [used_computers]
[TRACE] 2018-05-01 13:12:56.918 [http-nio-8080-exec-3] NormalizingIdentifierHelperImpl - Normalizing identifier quoting [null]
[TRACE] 2018-05-01 13:12:57.034 [http-nio-8080-exec-3] AbstractServiceRegistryImpl - Initializing service [role=org.hibernate.id.factory.spi.MutableIdentifierGeneratorFactory]
[DEBUG] 2018-05-01 13:12:57.042 [http-nio-8080-exec-3] DefaultIdentifierGeneratorFactory - Registering IdentifierGenerator strategy [uuid2] -> [org.hibernate.id.UUIDGenerator]
[DEBUG] 2018-05-01 13:12:57.044 [http-nio-8080-exec-3] DefaultIdentifierGeneratorFactory - Registering IdentifierGenerator strategy [guid] -> [org.hibernate.id.GUIDGenerator]
[DEBUG] 2018-05-01 13:12:57.046 [http-nio-8080-exec-3] DefaultIdentifierGeneratorFactory - Registering IdentifierGenerator strategy [uuid] -> [org.hibernate.id.UUIDHexGenerator]
[DEBUG] 2018-05-01 13:12:57.046 [http-nio-8080-exec-3] DefaultIdentifierGeneratorFactory - Registering IdentifierGenerator strategy [uuid.hex] -> [org.hibernate.id.UUIDHexGenerator]
[DEBUG] 2018-05-01 13:12:57.048 [http-nio-8080-exec-3] DefaultIdentifierGeneratorFactory - Registering IdentifierGenerator strategy [assigned] -> [org.hibernate.id.Assigned]
[DEBUG] 2018-05-01 13:12:57.051 [http-nio-8080-exec-3] DefaultIdentifierGeneratorFactory - Registering IdentifierGenerator strategy [identity] -> [org.hibernate.id.IdentityGenerator]
[DEBUG] 2018-05-01 13:12:57.244 [http-nio-8080-exec-3] DefaultIdentifierGeneratorFactory - Registering IdentifierGenerator strategy [select] -> [org.hibernate.id.SelectGenerator]
[DEBUG] 2018-05-01 13:12:57.248 [http-nio-8080-exec-3] DefaultIdentifierGeneratorFactory - Registering IdentifierGenerator strategy [sequence] -> [org.hibernate.id.enhanced.SequenceStyleGenerator]
[DEBUG] 2018-05-01 13:12:57.251 [http-nio-8080-exec-3] DefaultIdentifierGeneratorFactory - Registering IdentifierGenerator strategy [seqhilo] -> [org.hibernate.id.SequenceHiLoGenerator]
[DEBUG] 2018-05-01 13:12:57.253 [http-nio-8080-exec-3] DefaultIdentifierGeneratorFactory - Registering IdentifierGenerator strategy [increment] -> [org.hibernate.id.IncrementGenerator]
[DEBUG] 2018-05-01 13:12:57.254 [http-nio-8080-exec-3] DefaultIdentifierGeneratorFactory - Registering IdentifierGenerator strategy [foreign] -> [org.hibernate.id.ForeignGenerator]
[DEBUG] 2018-05-01 13:12:57.255 [http-nio-8080-exec-3] DefaultIdentifierGeneratorFactory - Registering IdentifierGenerator strategy [sequence-identity] -> [org.hibernate.id.SequenceIdentityGenerator]
[DEBUG] 2018-05-01 13:12:57.256 [http-nio-8080-exec-3] DefaultIdentifierGeneratorFactory - Registering IdentifierGenerator strategy [enhanced-sequence] -> [org.hibernate.id.enhanced.SequenceStyleGenerator]
[DEBUG] 2018-05-01 13:12:57.258 [http-nio-8080-exec-3] DefaultIdentifierGeneratorFactory - Registering IdentifierGenerator strategy [enhanced-table] -> [org.hibernate.id.enhanced.TableGenerator]
