[DEBUG] 2018-02-07 22:32:17.456 [main] IntegratorServiceImpl - Adding Integrator [org.hibernate.cfg.beanvalidation.BeanValidationIntegrator].
[DEBUG] 2018-02-07 22:32:17.492 [main] IntegratorServiceImpl - Adding Integrator [org.hibernate.secure.spi.JaccIntegrator].
[DEBUG] 2018-02-07 22:32:17.538 [main] IntegratorServiceImpl - Adding Integrator [org.hibernate.cache.internal.CollectionCacheInvalidator].
[INFO ] 2018-02-07 22:32:17.868 [main] Version - HHH000412: Hibernate Core {5.2.12.Final}
[INFO ] 2018-02-07 22:32:17.873 [main] Environment - HHH000206: hibernate.properties not found
[DEBUG] 2018-02-07 22:32:18.057 [main] LocalXmlResourceResolver - Interpreting public/system identifier : [-//Hibernate/Hibernate Configuration DTD//EN] - [http://www.hibernate.org/dtd/hibernate-configuration-3.0.dtd]
[DEBUG] 2018-02-07 22:32:18.059 [main] LocalXmlResourceResolver - Recognized hibernate-configuration identifier; attempting to resolve on classpath under org/hibernate/
[DEBUG] 2018-02-07 22:32:18.086 [main] JaxbCfgProcessor - cfg.xml document did not define namespaces; wrapping in custom event reader to introduce namespace information
[DEBUG] 2018-02-07 22:32:18.714 [main] ServiceBinding - Overriding existing service binding [org.hibernate.secure.spi.JaccService]
[DEBUG] 2018-02-07 22:32:18.811 [main] RegionFactoryInitiator - Cache region factory : org.hibernate.cache.internal.NoCachingRegionFactory
[INFO ] 2018-02-07 22:32:18.865 [main] Version - HCANN000001: Hibernate Commons Annotations {5.0.1.Final}
[DEBUG] 2018-02-07 22:32:18.932 [main] BasicTypeRegistry - Adding type registration boolean -> org.hibernate.type.BooleanType@4f0f2942
[DEBUG] 2018-02-07 22:32:18.933 [main] BasicTypeRegistry - Adding type registration boolean -> org.hibernate.type.BooleanType@4f0f2942
[DEBUG] 2018-02-07 22:32:18.934 [main] BasicTypeRegistry - Adding type registration java.lang.Boolean -> org.hibernate.type.BooleanType@4f0f2942
[DEBUG] 2018-02-07 22:32:18.937 [main] BasicTypeRegistry - Adding type registration numeric_boolean -> org.hibernate.type.NumericBooleanType@69504ae9
[DEBUG] 2018-02-07 22:32:18.941 [main] BasicTypeRegistry - Adding type registration true_false -> org.hibernate.type.TrueFalseType@475c9c31
[DEBUG] 2018-02-07 22:32:18.943 [main] BasicTypeRegistry - Adding type registration yes_no -> org.hibernate.type.YesNoType@5276d6ee
[DEBUG] 2018-02-07 22:32:18.949 [main] BasicTypeRegistry - Adding type registration byte -> org.hibernate.type.ByteType@7dfd3c81
[DEBUG] 2018-02-07 22:32:18.950 [main] BasicTypeRegistry - Adding type registration byte -> org.hibernate.type.ByteType@7dfd3c81
[DEBUG] 2018-02-07 22:32:18.950 [main] BasicTypeRegistry - Adding type registration java.lang.Byte -> org.hibernate.type.ByteType@7dfd3c81
[DEBUG] 2018-02-07 22:32:18.953 [main] BasicTypeRegistry - Adding type registration character -> org.hibernate.type.CharacterType@7dfb0c0f
[DEBUG] 2018-02-07 22:32:18.953 [main] BasicTypeRegistry - Adding type registration char -> org.hibernate.type.CharacterType@7dfb0c0f
[DEBUG] 2018-02-07 22:32:18.954 [main] BasicTypeRegistry - Adding type registration java.lang.Character -> org.hibernate.type.CharacterType@7dfb0c0f
[DEBUG] 2018-02-07 22:32:18.957 [main] BasicTypeRegistry - Adding type registration short -> org.hibernate.type.ShortType@2d0399f4
[DEBUG] 2018-02-07 22:32:18.957 [main] BasicTypeRegistry - Adding type registration short -> org.hibernate.type.ShortType@2d0399f4
[DEBUG] 2018-02-07 22:32:18.958 [main] BasicTypeRegistry - Adding type registration java.lang.Short -> org.hibernate.type.ShortType@2d0399f4
[DEBUG] 2018-02-07 22:32:18.960 [main] BasicTypeRegistry - Adding type registration integer -> org.hibernate.type.IntegerType@2254127a
[DEBUG] 2018-02-07 22:32:18.960 [main] BasicTypeRegistry - Adding type registration int -> org.hibernate.type.IntegerType@2254127a
[DEBUG] 2018-02-07 22:32:18.961 [main] BasicTypeRegistry - Adding type registration java.lang.Integer -> org.hibernate.type.IntegerType@2254127a
[DEBUG] 2018-02-07 22:32:18.964 [main] BasicTypeRegistry - Adding type registration long -> org.hibernate.type.LongType@5a7fe64f
[DEBUG] 2018-02-07 22:32:18.965 [main] BasicTypeRegistry - Adding type registration long -> org.hibernate.type.LongType@5a7fe64f
[DEBUG] 2018-02-07 22:32:18.965 [main] BasicTypeRegistry - Adding type registration java.lang.Long -> org.hibernate.type.LongType@5a7fe64f
[DEBUG] 2018-02-07 22:32:18.970 [main] BasicTypeRegistry - Adding type registration float -> org.hibernate.type.FloatType@37313c65
[DEBUG] 2018-02-07 22:32:18.970 [main] BasicTypeRegistry - Adding type registration float -> org.hibernate.type.FloatType@37313c65
[DEBUG] 2018-02-07 22:32:18.971 [main] BasicTypeRegistry - Adding type registration java.lang.Float -> org.hibernate.type.FloatType@37313c65
[DEBUG] 2018-02-07 22:32:18.974 [main] BasicTypeRegistry - Adding type registration double -> org.hibernate.type.DoubleType@5d908d47
[DEBUG] 2018-02-07 22:32:18.974 [main] BasicTypeRegistry - Adding type registration double -> org.hibernate.type.DoubleType@5d908d47
[DEBUG] 2018-02-07 22:32:18.975 [main] BasicTypeRegistry - Adding type registration java.lang.Double -> org.hibernate.type.DoubleType@5d908d47
[DEBUG] 2018-02-07 22:32:18.978 [main] BasicTypeRegistry - Adding type registration big_decimal -> org.hibernate.type.BigDecimalType@6f36c2f0
[DEBUG] 2018-02-07 22:32:18.978 [main] BasicTypeRegistry - Adding type registration java.math.BigDecimal -> org.hibernate.type.BigDecimalType@6f36c2f0
[DEBUG] 2018-02-07 22:32:18.981 [main] BasicTypeRegistry - Adding type registration big_integer -> org.hibernate.type.BigIntegerType@3b35a229
[DEBUG] 2018-02-07 22:32:18.981 [main] BasicTypeRegistry - Adding type registration java.math.BigInteger -> org.hibernate.type.BigIntegerType@3b35a229
[DEBUG] 2018-02-07 22:32:18.983 [main] BasicTypeRegistry - Adding type registration string -> org.hibernate.type.StringType@7dc3712
[DEBUG] 2018-02-07 22:32:18.984 [main] BasicTypeRegistry - Adding type registration java.lang.String -> org.hibernate.type.StringType@7dc3712
[DEBUG] 2018-02-07 22:32:18.986 [main] BasicTypeRegistry - Adding type registration nstring -> org.hibernate.type.StringNVarcharType@5be1d0a4
[DEBUG] 2018-02-07 22:32:18.998 [main] BasicTypeRegistry - Adding type registration ncharacter -> org.hibernate.type.CharacterNCharType@7d322cad
[DEBUG] 2018-02-07 22:32:19.002 [main] BasicTypeRegistry - Adding type registration url -> org.hibernate.type.UrlType@448c8166
[DEBUG] 2018-02-07 22:32:19.004 [main] BasicTypeRegistry - Adding type registration java.net.URL -> org.hibernate.type.UrlType@448c8166
[DEBUG] 2018-02-07 22:32:19.007 [main] BasicTypeRegistry - Adding type registration Duration -> org.hibernate.type.DurationType@13526e59
[DEBUG] 2018-02-07 22:32:19.008 [main] BasicTypeRegistry - Adding type registration java.time.Duration -> org.hibernate.type.DurationType@13526e59
[DEBUG] 2018-02-07 22:32:19.053 [main] BasicTypeRegistry - Adding type registration Instant -> org.hibernate.type.InstantType@6cc4cdb9
[DEBUG] 2018-02-07 22:32:19.053 [main] BasicTypeRegistry - Adding type registration java.time.Instant -> org.hibernate.type.InstantType@6cc4cdb9
[DEBUG] 2018-02-07 22:32:19.056 [main] BasicTypeRegistry - Adding type registration LocalDateTime -> org.hibernate.type.LocalDateTimeType@32115b28
[DEBUG] 2018-02-07 22:32:19.057 [main] BasicTypeRegistry - Adding type registration java.time.LocalDateTime -> org.hibernate.type.LocalDateTimeType@32115b28
[DEBUG] 2018-02-07 22:32:19.059 [main] BasicTypeRegistry - Adding type registration LocalDate -> org.hibernate.type.LocalDateType@3214ee6
[DEBUG] 2018-02-07 22:32:19.060 [main] BasicTypeRegistry - Adding type registration java.time.LocalDate -> org.hibernate.type.LocalDateType@3214ee6
[DEBUG] 2018-02-07 22:32:19.063 [main] BasicTypeRegistry - Adding type registration LocalTime -> org.hibernate.type.LocalTimeType@68746f22
[DEBUG] 2018-02-07 22:32:19.063 [main] BasicTypeRegistry - Adding type registration java.time.LocalTime -> org.hibernate.type.LocalTimeType@68746f22
[DEBUG] 2018-02-07 22:32:19.066 [main] BasicTypeRegistry - Adding type registration OffsetDateTime -> org.hibernate.type.OffsetDateTimeType@2eea88a1
[DEBUG] 2018-02-07 22:32:19.066 [main] BasicTypeRegistry - Adding type registration java.time.OffsetDateTime -> org.hibernate.type.OffsetDateTimeType@2eea88a1
[DEBUG] 2018-02-07 22:32:19.068 [main] BasicTypeRegistry - Adding type registration OffsetTime -> org.hibernate.type.OffsetTimeType@16612a51
[DEBUG] 2018-02-07 22:32:19.069 [main] BasicTypeRegistry - Adding type registration java.time.OffsetTime -> org.hibernate.type.OffsetTimeType@16612a51
[DEBUG] 2018-02-07 22:32:19.075 [main] BasicTypeRegistry - Adding type registration ZonedDateTime -> org.hibernate.type.ZonedDateTimeType@7d61eb55
[DEBUG] 2018-02-07 22:32:19.075 [main] BasicTypeRegistry - Adding type registration java.time.ZonedDateTime -> org.hibernate.type.ZonedDateTimeType@7d61eb55
[DEBUG] 2018-02-07 22:32:19.088 [main] BasicTypeRegistry - Adding type registration date -> org.hibernate.type.DateType@638ef7ed
[DEBUG] 2018-02-07 22:32:19.089 [main] BasicTypeRegistry - Adding type registration java.sql.Date -> org.hibernate.type.DateType@638ef7ed
[DEBUG] 2018-02-07 22:32:19.092 [main] BasicTypeRegistry - Adding type registration time -> org.hibernate.type.TimeType@776a6d9b
[DEBUG] 2018-02-07 22:32:19.093 [main] BasicTypeRegistry - Adding type registration java.sql.Time -> org.hibernate.type.TimeType@776a6d9b
[DEBUG] 2018-02-07 22:32:19.097 [main] BasicTypeRegistry - Adding type registration timestamp -> org.hibernate.type.TimestampType@1cf56a1c
[DEBUG] 2018-02-07 22:32:19.098 [main] BasicTypeRegistry - Adding type registration java.sql.Timestamp -> org.hibernate.type.TimestampType@1cf56a1c
[DEBUG] 2018-02-07 22:32:19.098 [main] BasicTypeRegistry - Adding type registration java.util.Date -> org.hibernate.type.TimestampType@1cf56a1c
[DEBUG] 2018-02-07 22:32:19.113 [main] BasicTypeRegistry - Adding type registration dbtimestamp -> org.hibernate.type.DbTimestampType@264f218
[DEBUG] 2018-02-07 22:32:19.116 [main] BasicTypeRegistry - Adding type registration calendar -> org.hibernate.type.CalendarType@81d9a72
[DEBUG] 2018-02-07 22:32:19.116 [main] BasicTypeRegistry - Adding type registration java.util.Calendar -> org.hibernate.type.CalendarType@81d9a72
[DEBUG] 2018-02-07 22:32:19.117 [main] BasicTypeRegistry - Adding type registration java.util.GregorianCalendar -> org.hibernate.type.CalendarType@81d9a72
[DEBUG] 2018-02-07 22:32:19.118 [main] BasicTypeRegistry - Adding type registration calendar_date -> org.hibernate.type.CalendarDateType@2ca26d77
[DEBUG] 2018-02-07 22:32:19.121 [main] BasicTypeRegistry - Adding type registration locale -> org.hibernate.type.LocaleType@1ebea008
[DEBUG] 2018-02-07 22:32:19.122 [main] BasicTypeRegistry - Adding type registration java.util.Locale -> org.hibernate.type.LocaleType@1ebea008
[DEBUG] 2018-02-07 22:32:19.124 [main] BasicTypeRegistry - Adding type registration currency -> org.hibernate.type.CurrencyType@51bf5add
[DEBUG] 2018-02-07 22:32:19.125 [main] BasicTypeRegistry - Adding type registration java.util.Currency -> org.hibernate.type.CurrencyType@51bf5add
[DEBUG] 2018-02-07 22:32:19.128 [main] BasicTypeRegistry - Adding type registration timezone -> org.hibernate.type.TimeZoneType@478db956
[DEBUG] 2018-02-07 22:32:19.129 [main] BasicTypeRegistry - Adding type registration java.util.TimeZone -> org.hibernate.type.TimeZoneType@478db956
[DEBUG] 2018-02-07 22:32:19.141 [main] BasicTypeRegistry - Adding type registration class -> org.hibernate.type.ClassType@1b410b60
[DEBUG] 2018-02-07 22:32:19.141 [main] BasicTypeRegistry - Adding type registration java.lang.Class -> org.hibernate.type.ClassType@1b410b60
[DEBUG] 2018-02-07 22:32:19.147 [main] BasicTypeRegistry - Adding type registration uuid-binary -> org.hibernate.type.UUIDBinaryType@6b0d80ed
[DEBUG] 2018-02-07 22:32:19.148 [main] BasicTypeRegistry - Adding type registration java.util.UUID -> org.hibernate.type.UUIDBinaryType@6b0d80ed
[DEBUG] 2018-02-07 22:32:19.151 [main] BasicTypeRegistry - Adding type registration uuid-char -> org.hibernate.type.UUIDCharType@928763c
[DEBUG] 2018-02-07 22:32:19.155 [main] BasicTypeRegistry - Adding type registration binary -> org.hibernate.type.BinaryType@2f666ebb
[DEBUG] 2018-02-07 22:32:19.156 [main] BasicTypeRegistry - Adding type registration byte[] -> org.hibernate.type.BinaryType@2f666ebb
[DEBUG] 2018-02-07 22:32:19.156 [main] BasicTypeRegistry - Adding type registration [B -> org.hibernate.type.BinaryType@2f666ebb
[DEBUG] 2018-02-07 22:32:19.159 [main] BasicTypeRegistry - Adding type registration wrapper-binary -> org.hibernate.type.WrapperBinaryType@75c56eb9
[DEBUG] 2018-02-07 22:32:19.160 [main] BasicTypeRegistry - Adding type registration Byte[] -> org.hibernate.type.WrapperBinaryType@75c56eb9
[DEBUG] 2018-02-07 22:32:19.160 [main] BasicTypeRegistry - Adding type registration [Ljava.lang.Byte; -> org.hibernate.type.WrapperBinaryType@75c56eb9
[DEBUG] 2018-02-07 22:32:19.164 [main] BasicTypeRegistry - Adding type registration row_version -> org.hibernate.type.RowVersionType@5e17553a
[DEBUG] 2018-02-07 22:32:19.166 [main] BasicTypeRegistry - Adding type registration image -> org.hibernate.type.ImageType@27912e3
[DEBUG] 2018-02-07 22:32:19.170 [main] BasicTypeRegistry - Adding type registration characters -> org.hibernate.type.CharArrayType@30b6ffe0
[DEBUG] 2018-02-07 22:32:19.170 [main] BasicTypeRegistry - Adding type registration char[] -> org.hibernate.type.CharArrayType@30b6ffe0
[DEBUG] 2018-02-07 22:32:19.170 [main] BasicTypeRegistry - Adding type registration [C -> org.hibernate.type.CharArrayType@30b6ffe0
[DEBUG] 2018-02-07 22:32:19.173 [main] BasicTypeRegistry - Adding type registration wrapper-characters -> org.hibernate.type.CharacterArrayType@24c22fe
[DEBUG] 2018-02-07 22:32:19.174 [main] BasicTypeRegistry - Adding type registration [Ljava.lang.Character; -> org.hibernate.type.CharacterArrayType@24c22fe
[DEBUG] 2018-02-07 22:32:19.174 [main] BasicTypeRegistry - Adding type registration Character[] -> org.hibernate.type.CharacterArrayType@24c22fe
[DEBUG] 2018-02-07 22:32:19.177 [main] BasicTypeRegistry - Adding type registration text -> org.hibernate.type.TextType@15a04efb
[DEBUG] 2018-02-07 22:32:19.179 [main] BasicTypeRegistry - Adding type registration ntext -> org.hibernate.type.NTextType@3336e6b6
[DEBUG] 2018-02-07 22:32:19.198 [main] BasicTypeRegistry - Adding type registration blob -> org.hibernate.type.BlobType@7b993c65
[DEBUG] 2018-02-07 22:32:19.199 [main] BasicTypeRegistry - Adding type registration java.sql.Blob -> org.hibernate.type.BlobType@7b993c65
[DEBUG] 2018-02-07 22:32:19.200 [main] BasicTypeRegistry - Adding type registration materialized_blob -> org.hibernate.type.MaterializedBlobType@4d6025c5
[DEBUG] 2018-02-07 22:32:19.230 [main] BasicTypeRegistry - Adding type registration clob -> org.hibernate.type.ClobType@463fd068
[DEBUG] 2018-02-07 22:32:19.230 [main] BasicTypeRegistry - Adding type registration java.sql.Clob -> org.hibernate.type.ClobType@463fd068
[DEBUG] 2018-02-07 22:32:19.324 [main] BasicTypeRegistry - Adding type registration nclob -> org.hibernate.type.NClobType@4bd31064
[DEBUG] 2018-02-07 22:32:19.325 [main] BasicTypeRegistry - Adding type registration java.sql.NClob -> org.hibernate.type.NClobType@4bd31064
[DEBUG] 2018-02-07 22:32:19.326 [main] BasicTypeRegistry - Adding type registration materialized_clob -> org.hibernate.type.MaterializedClobType@7354b8c5
[DEBUG] 2018-02-07 22:32:19.327 [main] BasicTypeRegistry - Adding type registration materialized_nclob -> org.hibernate.type.MaterializedNClobType@11d8ae8b
[DEBUG] 2018-02-07 22:32:19.330 [main] BasicTypeRegistry - Adding type registration serializable -> org.hibernate.type.SerializableType@2fba3fc4
[DEBUG] 2018-02-07 22:32:19.346 [main] BasicTypeRegistry - Adding type registration object -> org.hibernate.type.ObjectType@6a57ae10
[DEBUG] 2018-02-07 22:32:19.346 [main] BasicTypeRegistry - Adding type registration java.lang.Object -> org.hibernate.type.ObjectType@6a57ae10
[DEBUG] 2018-02-07 22:32:19.347 [main] BasicTypeRegistry - Adding type registration imm_date -> org.hibernate.type.AdaptedImmutableType@28b46423
[DEBUG] 2018-02-07 22:32:19.347 [main] BasicTypeRegistry - Adding type registration imm_time -> org.hibernate.type.AdaptedImmutableType@7fc4780b
[DEBUG] 2018-02-07 22:32:19.348 [main] BasicTypeRegistry - Adding type registration imm_timestamp -> org.hibernate.type.AdaptedImmutableType@3b79fd76
[DEBUG] 2018-02-07 22:32:19.348 [main] BasicTypeRegistry - Adding type registration imm_dbtimestamp -> org.hibernate.type.AdaptedImmutableType@48c76607
[DEBUG] 2018-02-07 22:32:19.348 [main] BasicTypeRegistry - Adding type registration imm_calendar -> org.hibernate.type.AdaptedImmutableType@43599640
[DEBUG] 2018-02-07 22:32:19.348 [main] BasicTypeRegistry - Adding type registration imm_calendar_date -> org.hibernate.type.AdaptedImmutableType@1f81aa00
[DEBUG] 2018-02-07 22:32:19.348 [main] BasicTypeRegistry - Adding type registration imm_binary -> org.hibernate.type.AdaptedImmutableType@6b6776cb
[DEBUG] 2018-02-07 22:32:19.348 [main] BasicTypeRegistry - Adding type registration imm_serializable -> org.hibernate.type.AdaptedImmutableType@1863d2fe
[INFO ] 2018-02-07 22:32:19.370 [main] C3P0ConnectionProvider - HHH010002: C3P0 using driver: com.mysql.jdbc.Driver at URL: jdbc:mysql://localhost:3306/test_used_computers
[INFO ] 2018-02-07 22:32:19.370 [main] C3P0ConnectionProvider - HHH10001001: Connection properties: {user=root, password=****}
[INFO ] 2018-02-07 22:32:19.371 [main] C3P0ConnectionProvider - HHH10001003: Autocommit mode: false
[INFO ] 2018-02-07 22:32:19.827 [main] C3P0ConnectionProvider - HHH10001007: JDBC isolation level: <unknown>
[DEBUG] 2018-02-07 22:32:20.805 [main] JdbcEnvironmentInitiator - Database ->
       name : MySQL
    version : 5.7.21-0ubuntu0.16.04.1
      major : 5
      minor : 7
[DEBUG] 2018-02-07 22:32:20.806 [main] JdbcEnvironmentInitiator - Driver ->
       name : MySQL Connector Java
    version : mysql-connector-java-5.1.39 ( Revision: 3289a357af6d09ecc1a10fd3c26e95183e5790ad )
      major : 5
      minor : 1
[DEBUG] 2018-02-07 22:32:20.807 [main] JdbcEnvironmentInitiator - JDBC version : 4.0
[INFO ] 2018-02-07 22:32:20.865 [main] Dialect - HHH000400: Using dialect: org.hibernate.dialect.MySQL5Dialect
[DEBUG] 2018-02-07 22:32:20.973 [main] IdentifierHelperBuilder - JDBC driver metadata reported database stores quoted identifiers in more than one case
[DEBUG] 2018-02-07 22:32:20.977 [main] IdentifierHelperBuilder - IdentifierCaseStrategy for both quoted and unquoted identifiers was set to the same strategy [MIXED]; that will likely lead to problems in schema update and validation if using quoted identifiers
[DEBUG] 2018-02-07 22:32:21.100 [main] DefaultIdentifierGeneratorFactory - Registering IdentifierGenerator strategy [uuid2] -> [org.hibernate.id.UUIDGenerator]
[DEBUG] 2018-02-07 22:32:21.102 [main] DefaultIdentifierGeneratorFactory - Registering IdentifierGenerator strategy [guid] -> [org.hibernate.id.GUIDGenerator]
[DEBUG] 2018-02-07 22:32:21.105 [main] DefaultIdentifierGeneratorFactory - Registering IdentifierGenerator strategy [uuid] -> [org.hibernate.id.UUIDHexGenerator]
[DEBUG] 2018-02-07 22:32:21.107 [main] DefaultIdentifierGeneratorFactory - Registering IdentifierGenerator strategy [uuid.hex] -> [org.hibernate.id.UUIDHexGenerator]
[DEBUG] 2018-02-07 22:32:21.109 [main] DefaultIdentifierGeneratorFactory - Registering IdentifierGenerator strategy [assigned] -> [org.hibernate.id.Assigned]
[DEBUG] 2018-02-07 22:32:21.112 [main] DefaultIdentifierGeneratorFactory - Registering IdentifierGenerator strategy [identity] -> [org.hibernate.id.IdentityGenerator]
[DEBUG] 2018-02-07 22:32:21.113 [main] DefaultIdentifierGeneratorFactory - Registering IdentifierGenerator strategy [select] -> [org.hibernate.id.SelectGenerator]
[DEBUG] 2018-02-07 22:32:21.115 [main] DefaultIdentifierGeneratorFactory - Registering IdentifierGenerator strategy [sequence] -> [org.hibernate.id.enhanced.SequenceStyleGenerator]
[DEBUG] 2018-02-07 22:32:21.117 [main] DefaultIdentifierGeneratorFactory - Registering IdentifierGenerator strategy [seqhilo] -> [org.hibernate.id.SequenceHiLoGenerator]
[DEBUG] 2018-02-07 22:32:21.118 [main] DefaultIdentifierGeneratorFactory - Registering IdentifierGenerator strategy [increment] -> [org.hibernate.id.IncrementGenerator]
[DEBUG] 2018-02-07 22:32:21.119 [main] DefaultIdentifierGeneratorFactory - Registering IdentifierGenerator strategy [foreign] -> [org.hibernate.id.ForeignGenerator]
[DEBUG] 2018-02-07 22:32:21.119 [main] DefaultIdentifierGeneratorFactory - Registering IdentifierGenerator strategy [sequence-identity] -> [org.hibernate.id.SequenceIdentityGenerator]
[DEBUG] 2018-02-07 22:32:21.120 [main] DefaultIdentifierGeneratorFactory - Registering IdentifierGenerator strategy [enhanced-sequence] -> [org.hibernate.id.enhanced.SequenceStyleGenerator]
[DEBUG] 2018-02-07 22:32:21.121 [main] DefaultIdentifierGeneratorFactory - Registering IdentifierGenerator strategy [enhanced-table] -> [org.hibernate.id.enhanced.TableGenerator]
[DEBUG] 2018-02-07 22:32:21.212 [main] Namespace - Created database namespace [logicalName=Name{catalog=null, schema=null}, physicalName=Name{catalog=null, schema=null}]
[DEBUG] 2018-02-07 22:32:21.320 [main] AnnotationBinder - Binding entity from annotated class: entity.User
[DEBUG] 2018-02-07 22:32:21.377 [main] Ejb3Column - Binding column: Ejb3DiscriminatorColumn{logicalColumnName'DTYPE', discriminatorTypeName='string'}
[DEBUG] 2018-02-07 22:32:21.387 [main] EntityBinder - Import with entity name User
[DEBUG] 2018-02-07 22:32:21.393 [main] EntityBinder - Bind entity entity.User on table users
[DEBUG] 2018-02-07 22:32:21.469 [main] Ejb3Column - Binding column: Ejb3Column{table=org.hibernate.mapping.Table(users), mappingColumn=id, insertable=true, updatable=true, unique=false}
[DEBUG] 2018-02-07 22:32:21.484 [main] PropertyBinder - MetadataSourceProcessor property id with lazy=false
[DEBUG] 2018-02-07 22:32:21.489 [main] AbstractPropertyHolder - Attempting to locate auto-apply AttributeConverter for property [entity.User:id]
[DEBUG] 2018-02-07 22:32:21.491 [main] SimpleValueBinder - building SimpleValue for id
[DEBUG] 2018-02-07 22:32:21.497 [main] PropertyBinder - Building property id
[DEBUG] 2018-02-07 22:32:21.509 [main] Ejb3Column - Binding column: Ejb3Column{table=org.hibernate.mapping.Table(users), mappingColumn=approved, insertable=true, updatable=true, unique=false}
[DEBUG] 2018-02-07 22:32:21.510 [main] PropertyBinder - MetadataSourceProcessor property approved with lazy=false
[DEBUG] 2018-02-07 22:32:21.510 [main] AbstractPropertyHolder - Attempting to locate auto-apply AttributeConverter for property [entity.User:approved]
[DEBUG] 2018-02-07 22:32:21.510 [main] SimpleValueBinder - building SimpleValue for approved
[DEBUG] 2018-02-07 22:32:21.510 [main] PropertyBinder - Building property approved
[DEBUG] 2018-02-07 22:32:21.511 [main] Ejb3Column - Binding column: Ejb3Column{table=org.hibernate.mapping.Table(users), mappingColumn=city, insertable=true, updatable=true, unique=false}
[DEBUG] 2018-02-07 22:32:21.511 [main] PropertyBinder - MetadataSourceProcessor property city with lazy=false
[DEBUG] 2018-02-07 22:32:21.511 [main] AbstractPropertyHolder - Attempting to locate auto-apply AttributeConverter for property [entity.User:city]
[DEBUG] 2018-02-07 22:32:21.512 [main] SimpleValueBinder - building SimpleValue for city
[DEBUG] 2018-02-07 22:32:21.512 [main] PropertyBinder - Building property city
[DEBUG] 2018-02-07 22:32:21.512 [main] Ejb3Column - Binding column: Ejb3Column{table=org.hibernate.mapping.Table(users), mappingColumn=email, insertable=true, updatable=true, unique=false}
[DEBUG] 2018-02-07 22:32:21.512 [main] PropertyBinder - MetadataSourceProcessor property email with lazy=false
[DEBUG] 2018-02-07 22:32:21.513 [main] AbstractPropertyHolder - Attempting to locate auto-apply AttributeConverter for property [entity.User:email]
[DEBUG] 2018-02-07 22:32:21.513 [main] SimpleValueBinder - building SimpleValue for email
[DEBUG] 2018-02-07 22:32:21.513 [main] PropertyBinder - Building property email
[DEBUG] 2018-02-07 22:32:21.513 [main] Ejb3Column - Binding column: Ejb3Column{table=org.hibernate.mapping.Table(users), mappingColumn=first_name, insertable=true, updatable=true, unique=false}
[DEBUG] 2018-02-07 22:32:21.514 [main] PropertyBinder - MetadataSourceProcessor property firstName with lazy=false
[DEBUG] 2018-02-07 22:32:21.514 [main] AbstractPropertyHolder - Attempting to locate auto-apply AttributeConverter for property [entity.User:firstName]
[DEBUG] 2018-02-07 22:32:21.514 [main] SimpleValueBinder - building SimpleValue for firstName
[DEBUG] 2018-02-07 22:32:21.514 [main] PropertyBinder - Building property firstName
[DEBUG] 2018-02-07 22:32:21.515 [main] Ejb3Column - Binding column: Ejb3Column{table=org.hibernate.mapping.Table(users), mappingColumn=join_date, insertable=true, updatable=true, unique=false}
[DEBUG] 2018-02-07 22:32:21.515 [main] PropertyBinder - MetadataSourceProcessor property joinDate with lazy=false
[DEBUG] 2018-02-07 22:32:21.516 [main] AbstractPropertyHolder - Attempting to locate auto-apply AttributeConverter for property [entity.User:joinDate]
[DEBUG] 2018-02-07 22:32:21.516 [main] SimpleValueBinder - building SimpleValue for joinDate
[DEBUG] 2018-02-07 22:32:21.516 [main] PropertyBinder - Building property joinDate
[DEBUG] 2018-02-07 22:32:21.516 [main] Ejb3Column - Binding column: Ejb3Column{table=org.hibernate.mapping.Table(users), mappingColumn=last_name, insertable=true, updatable=true, unique=false}
[DEBUG] 2018-02-07 22:32:21.517 [main] PropertyBinder - MetadataSourceProcessor property lastName with lazy=false
[DEBUG] 2018-02-07 22:32:21.517 [main] AbstractPropertyHolder - Attempting to locate auto-apply AttributeConverter for property [entity.User:lastName]
[DEBUG] 2018-02-07 22:32:21.517 [main] SimpleValueBinder - building SimpleValue for lastName
[DEBUG] 2018-02-07 22:32:21.517 [main] PropertyBinder - Building property lastName
[DEBUG] 2018-02-07 22:32:21.518 [main] Ejb3Column - Binding column: Ejb3Column{table=org.hibernate.mapping.Table(users), mappingColumn=password, insertable=true, updatable=true, unique=false}
[DEBUG] 2018-02-07 22:32:21.518 [main] PropertyBinder - MetadataSourceProcessor property password with lazy=false
[DEBUG] 2018-02-07 22:32:21.518 [main] AbstractPropertyHolder - Attempting to locate auto-apply AttributeConverter for property [entity.User:password]
[DEBUG] 2018-02-07 22:32:21.518 [main] SimpleValueBinder - building SimpleValue for password
[DEBUG] 2018-02-07 22:32:21.518 [main] PropertyBinder - Building property password
[DEBUG] 2018-02-07 22:32:21.519 [main] Ejb3Column - Binding column: Ejb3Column{table=org.hibernate.mapping.Table(users), mappingColumn=state, insertable=true, updatable=true, unique=false}
[DEBUG] 2018-02-07 22:32:21.519 [main] PropertyBinder - MetadataSourceProcessor property state with lazy=false
[DEBUG] 2018-02-07 22:32:21.520 [main] AbstractPropertyHolder - Attempting to locate auto-apply AttributeConverter for property [entity.User:state]
[DEBUG] 2018-02-07 22:32:21.520 [main] SimpleValueBinder - building SimpleValue for state
[DEBUG] 2018-02-07 22:32:21.520 [main] PropertyBinder - Building property state
[DEBUG] 2018-02-07 22:32:21.520 [main] Ejb3Column - Binding column: Ejb3Column{table=org.hibernate.mapping.Table(users), mappingColumn=user_name, insertable=true, updatable=true, unique=false}
[DEBUG] 2018-02-07 22:32:21.521 [main] PropertyBinder - MetadataSourceProcessor property userName with lazy=false
[DEBUG] 2018-02-07 22:32:21.521 [main] AbstractPropertyHolder - Attempting to locate auto-apply AttributeConverter for property [entity.User:userName]
[DEBUG] 2018-02-07 22:32:21.521 [main] SimpleValueBinder - building SimpleValue for userName
[DEBUG] 2018-02-07 22:32:21.521 [main] PropertyBinder - Building property userName
[DEBUG] 2018-02-07 22:32:21.521 [main] Ejb3Column - Binding column: Ejb3Column{table=org.hibernate.mapping.Table(users), mappingColumn=zipcode, insertable=true, updatable=true, unique=false}
[DEBUG] 2018-02-07 22:32:21.522 [main] PropertyBinder - MetadataSourceProcessor property zipcode with lazy=false
[DEBUG] 2018-02-07 22:32:21.522 [main] AbstractPropertyHolder - Attempting to locate auto-apply AttributeConverter for property [entity.User:zipcode]
[DEBUG] 2018-02-07 22:32:21.522 [main] SimpleValueBinder - building SimpleValue for zipcode
[DEBUG] 2018-02-07 22:32:21.522 [main] PropertyBinder - Building property zipcode
[DEBUG] 2018-02-07 22:32:21.526 [main] SimpleValueBinder - Starting fillSimpleValue for id
[DEBUG] 2018-02-07 22:32:21.526 [main] SimpleValueBinder - Starting fillSimpleValue for approved
[DEBUG] 2018-02-07 22:32:21.527 [main] SimpleValueBinder - Starting fillSimpleValue for city
[DEBUG] 2018-02-07 22:32:21.527 [main] SimpleValueBinder - Starting fillSimpleValue for email
[DEBUG] 2018-02-07 22:32:21.527 [main] SimpleValueBinder - Starting fillSimpleValue for firstName
[DEBUG] 2018-02-07 22:32:21.527 [main] SimpleValueBinder - Starting fillSimpleValue for joinDate
[DEBUG] 2018-02-07 22:32:21.527 [main] SimpleValueBinder - Starting fillSimpleValue for lastName
[DEBUG] 2018-02-07 22:32:21.527 [main] SimpleValueBinder - Starting fillSimpleValue for password
[DEBUG] 2018-02-07 22:32:21.527 [main] SimpleValueBinder - Starting fillSimpleValue for state
[DEBUG] 2018-02-07 22:32:21.528 [main] SimpleValueBinder - Starting fillSimpleValue for userName
[DEBUG] 2018-02-07 22:32:21.528 [main] SimpleValueBinder - Starting fillSimpleValue for zipcode
[DEBUG] 2018-02-07 22:32:21.531 [main] PrimaryKey - Forcing column [id] to be non-null as it is part of the primary key for table [users]
[DEBUG] 2018-02-07 22:32:21.604 [main] SessionFactoryImpl - Building session factory
[DEBUG] 2018-02-07 22:32:21.606 [main] Settings - SessionFactory name : null
[DEBUG] 2018-02-07 22:32:21.607 [main] Settings - Automatic flush during beforeCompletion(): enabled
[DEBUG] 2018-02-07 22:32:21.607 [main] Settings - Automatic session close at end of transaction: disabled
[DEBUG] 2018-02-07 22:32:21.607 [main] Settings - Statistics: disabled
[DEBUG] 2018-02-07 22:32:21.607 [main] Settings - Deleted entity synthetic identifier rollback: disabled
[DEBUG] 2018-02-07 22:32:21.607 [main] Settings - Default entity-mode: pojo
[DEBUG] 2018-02-07 22:32:21.607 [main] Settings - Check Nullability in Core (should be disabled when Bean Validation is on): enabled
[DEBUG] 2018-02-07 22:32:21.607 [main] Settings - Allow initialization of lazy state outside session : disabled
[DEBUG] 2018-02-07 22:32:21.608 [main] Settings - Using BatchFetchStyle : LEGACY
[DEBUG] 2018-02-07 22:32:21.608 [main] Settings - Default batch fetch size: -1
[DEBUG] 2018-02-07 22:32:21.608 [main] Settings - Maximum outer join fetch depth: 2
[DEBUG] 2018-02-07 22:32:21.608 [main] Settings - Default null ordering: NONE
[DEBUG] 2018-02-07 22:32:21.608 [main] Settings - Order SQL updates by primary key: disabled
[DEBUG] 2018-02-07 22:32:21.608 [main] Settings - Order SQL inserts for batching: disabled
[DEBUG] 2018-02-07 22:32:21.608 [main] Settings - multi-tenancy strategy : NONE
[DEBUG] 2018-02-07 22:32:21.608 [main] Settings - JTA Track by Thread: enabled
[DEBUG] 2018-02-07 22:32:21.608 [main] Settings - Query language substitutions: {}
[DEBUG] 2018-02-07 22:32:21.609 [main] Settings - JPA query language strict compliance: disabled
[DEBUG] 2018-02-07 22:32:21.609 [main] Settings - Named query checking : enabled
[DEBUG] 2018-02-07 22:32:21.609 [main] Settings - Second-level cache: enabled
[DEBUG] 2018-02-07 22:32:21.609 [main] Settings - Second-level query cache: disabled
[DEBUG] 2018-02-07 22:32:21.609 [main] Settings - Second-level query cache factory: org.hibernate.cache.internal.StandardQueryCacheFactory@31e3250d
[DEBUG] 2018-02-07 22:32:21.609 [main] Settings - Second-level cache region prefix: null
[DEBUG] 2018-02-07 22:32:21.609 [main] Settings - Optimize second-level cache for minimal puts: disabled
[DEBUG] 2018-02-07 22:32:21.609 [main] Settings - Structured second-level cache entries: disabled
[DEBUG] 2018-02-07 22:32:21.610 [main] Settings - Second-level cache direct-reference entries: disabled
[DEBUG] 2018-02-07 22:32:21.610 [main] Settings - Automatic eviction of collection cache: disabled
[DEBUG] 2018-02-07 22:32:21.610 [main] Settings - JDBC batch size: 15
[DEBUG] 2018-02-07 22:32:21.610 [main] Settings - JDBC batch updates for versioned data: enabled
[DEBUG] 2018-02-07 22:32:21.610 [main] Settings - Scrollable result sets: enabled
[DEBUG] 2018-02-07 22:32:21.610 [main] Settings - Wrap result sets: disabled
[DEBUG] 2018-02-07 22:32:21.610 [main] Settings - JDBC3 getGeneratedKeys(): enabled
[DEBUG] 2018-02-07 22:32:21.610 [main] Settings - JDBC result set fetch size: null
[DEBUG] 2018-02-07 22:32:21.610 [main] Settings - Connection release mode: AFTER_TRANSACTION
[DEBUG] 2018-02-07 22:32:21.611 [main] Settings - Generate SQL with comments: disabled
[DEBUG] 2018-02-07 22:32:21.738 [main] SessionFactoryImpl - Session factory constructed with filter configurations : {}
[DEBUG] 2018-02-07 22:32:21.739 [main] SessionFactoryImpl - Instantiating session factory with properties: {sun.desktop=gnome, awt.toolkit=sun.awt.X11.XToolkit, file.encoding.pkg=sun.io, java.specification.version=1.8, hibernate.c3p0.idle_test_period=3000, sun.cpu.isalist=, sun.jnu.encoding=UTF-8, hibernate.c3p0.min_size=5, java.class.path=/home/osamah/idea/lib/idea_rt.jar:/home/osamah/idea/plugins/junit/lib/junit-rt.jar:/home/osamah/idea/plugins/junit/lib/junit5-rt.jar:/usr/lib/jvm/java-8-oracle/jre/lib/charsets.jar:/usr/lib/jvm/java-8-oracle/jre/lib/deploy.jar:/usr/lib/jvm/java-8-oracle/jre/lib/ext/cldrdata.jar:/usr/lib/jvm/java-8-oracle/jre/lib/ext/dnsns.jar:/usr/lib/jvm/java-8-oracle/jre/lib/ext/jaccess.jar:/usr/lib/jvm/java-8-oracle/jre/lib/ext/jfxrt.jar:/usr/lib/jvm/java-8-oracle/jre/lib/ext/localedata.jar:/usr/lib/jvm/java-8-oracle/jre/lib/ext/nashorn.jar:/usr/lib/jvm/java-8-oracle/jre/lib/ext/sunec.jar:/usr/lib/jvm/java-8-oracle/jre/lib/ext/sunjce_provider.jar:/usr/lib/jvm/java-8-oracle/jre/lib/ext/sunpkcs11.jar:/usr/lib/jvm/java-8-oracle/jre/lib/ext/zipfs.jar:/usr/lib/jvm/java-8-oracle/jre/lib/javaws.jar:/usr/lib/jvm/java-8-oracle/jre/lib/jce.jar:/usr/lib/jvm/java-8-oracle/jre/lib/jfr.jar:/usr/lib/jvm/java-8-oracle/jre/lib/jfxswt.jar:/usr/lib/jvm/java-8-oracle/jre/lib/jsse.jar:/usr/lib/jvm/java-8-oracle/jre/lib/management-agent.jar:/usr/lib/jvm/java-8-oracle/jre/lib/plugin.jar:/usr/lib/jvm/java-8-oracle/jre/lib/resources.jar:/usr/lib/jvm/java-8-oracle/jre/lib/rt.jar:/home/osamah/IdeaProjects/usedComputersWebSite/target/test-classes:/home/osamah/IdeaProjects/usedComputersWebSite/target/classes:/home/osamah/.m2/repository/org/junit/jupiter/junit-jupiter-engine/5.0.0/junit-jupiter-engine-5.0.0.jar:/home/osamah/.m2/repository/org/apiguardian/apiguardian-api/1.0.0/apiguardian-api-1.0.0.jar:/home/osamah/.m2/repository/org/junit/platform/junit-platform-engine/1.0.0/junit-platform-engine-1.0.0.jar:/home/osamah/.m2/repository/org/junit/platform/junit-platform-commons/1.0.0/junit-platform-commons-1.0.0.jar:/home/osamah/.m2/repository/org/opentest4j/opentest4j/1.0.0/opentest4j-1.0.0.jar:/home/osamah/.m2/repository/org/junit/jupiter/junit-jupiter-api/5.0.0/junit-jupiter-api-5.0.0.jar:/home/osamah/.m2/repository/junit/junit/4.12/junit-4.12.jar:/home/osamah/.m2/repository/org/hamcrest/hamcrest-core/1.3/hamcrest-core-1.3.jar:/home/osamah/.m2/repository/org/junit/platform/junit-platform-runner/1.0.0/junit-platform-runner-1.0.0.jar:/home/osamah/.m2/repository/org/junit/platform/junit-platform-launcher/1.0.0/junit-platform-launcher-1.0.0.jar:/home/osamah/.m2/repository/org/junit/platform/junit-platform-suite-api/1.0.0/junit-platform-suite-api-1.0.0.jar:/home/osamah/.m2/repository/org/junit/vintage/junit-vintage-engine/4.12.0/junit-vintage-engine-4.12.0.jar:/home/osamah/.m2/repository/javax/javaee-web-api/7.0/javaee-web-api-7.0.jar:/home/osamah/.m2/repository/org/apache/logging/log4j/log4j-api/2.10.0/log4j-api-2.10.0.jar:/home/osamah/.m2/repository/org/apache/logging/log4j/log4j-core/2.10.0/log4j-core-2.10.0.jar:/home/osamah/.m2/repository/org/hibernate/hibernate-core/5.2.12.Final/hibernate-core-5.2.12.Final.jar:/home/osamah/.m2/repository/org/jboss/logging/jboss-logging/3.3.0.Final/jboss-logging-3.3.0.Final.jar:/home/osamah/.m2/repository/org/hibernate/javax/persistence/hibernate-jpa-2.1-api/1.0.0.Final/hibernate-jpa-2.1-api-1.0.0.Final.jar:/home/osamah/.m2/repository/org/javassist/javassist/3.20.0-GA/javassist-3.20.0-GA.jar:/home/osamah/.m2/repository/antlr/antlr/2.7.7/antlr-2.7.7.jar:/home/osamah/.m2/repository/org/jboss/spec/javax/transaction/jboss-transaction-api_1.2_spec/1.0.1.Final/jboss-transaction-api_1.2_spec-1.0.1.Final.jar:/home/osamah/.m2/repository/org/jboss/jandex/2.0.3.Final/jandex-2.0.3.Final.jar:/home/osamah/.m2/repository/com/fasterxml/classmate/1.3.0/classmate-1.3.0.jar:/home/osamah/.m2/repository/dom4j/dom4j/1.6.1/dom4j-1.6.1.jar:/home/osamah/.m2/repository/org/hibernate/common/hibernate-commons-annotations/5.0.1.Final/hibernate-commons-annotations-5.0.1.Final.jar:/home/osamah/.m2/repository/org/hibernate/hibernate-c3p0/5.2.12.Final/hibernate-c3p0-5.2.12.Final.jar:/home/osamah/.m2/repository/com/mchange/c3p0/0.9.5.2/c3p0-0.9.5.2.jar:/home/osamah/.m2/repository/com/mchange/mchange-commons-java/0.2.11/mchange-commons-java-0.2.11.jar:/home/osamah/.m2/repository/mysql/mysql-connector-java/5.1.39/mysql-connector-java-5.1.39.jar:/home/osamah/.m2/repository/jstl/jstl/1.2/jstl-1.2.jar:/home/osamah/idea/lib/idea_rt.jar, java.vm.vendor=Oracle Corporation, sun.arch.data.model=64, idea.test.cyclic.buffer.size=1048576, java.vendor.url=http://java.oracle.com/, user.timezone=America/Chicago, os.name=Linux, java.vm.specification.version=1.8, user.country=US, sun.java.launcher=SUN_STANDARD, sun.boot.library.path=/usr/lib/jvm/java-8-oracle/jre/lib/amd64, sun.java.command=com.intellij.rt.execution.junit.JUnitStarter -ideVersion5 -junit5 persistence.UserDaoTest,insertSuccess, sun.cpu.endian=little, hibernate.c3p0.max_statements=50, user.home=/home/osamah, user.language=en, java.specification.vendor=Oracle Corporation, java.home=/usr/lib/jvm/java-8-oracle/jre, file.separator=/, line.separator=
, hibernate.c3p0.timeout=300, java.vm.specification.vendor=Oracle Corporation, java.specification.name=Java Platform API Specification, java.awt.graphicsenv=sun.awt.X11GraphicsEnvironment, sun.boot.class.path=/usr/lib/jvm/java-8-oracle/jre/lib/resources.jar:/usr/lib/jvm/java-8-oracle/jre/lib/rt.jar:/usr/lib/jvm/java-8-oracle/jre/lib/sunrsasign.jar:/usr/lib/jvm/java-8-oracle/jre/lib/jsse.jar:/usr/lib/jvm/java-8-oracle/jre/lib/jce.jar:/usr/lib/jvm/java-8-oracle/jre/lib/charsets.jar:/usr/lib/jvm/java-8-oracle/jre/lib/jfr.jar:/usr/lib/jvm/java-8-oracle/jre/classes, connection.password=student, sun.management.compiler=HotSpot 64-Bit Tiered Compilers, hibernate.c3p0.max_size=20, java.runtime.version=1.8.0_161-b12, user.name=osamah, path.separator=:, hibernate.connection.username=root, os.version=4.13.0-32-generic, java.endorsed.dirs=/usr/lib/jvm/java-8-oracle/jre/lib/endorsed, java.runtime.name=Java(TM) SE Runtime Environment, hibernate.connection.url=jdbc:mysql://localhost:3306/test_used_computers, file.encoding=UTF-8, java.vm.name=Java HotSpot(TM) 64-Bit Server VM, hibernate.connection.driver_class=com.mysql.jdbc.Driver, java.vendor.url.bug=http://bugreport.sun.com/bugreport/, java.io.tmpdir=/tmp, java.version=1.8.0_161, user.dir=/home/osamah/IdeaProjects/usedComputersWebSite, os.arch=amd64, connection.username=root, java.vm.specification.name=Java Virtual Machine Specification, hibernate.connection.password=****, java.awt.printerjob=sun.print.PSPrinterJob, sun.os.patch.level=unknown, connection.driver_class=com.mysql.jdbc.Driver, hibernate.boot.CfgXmlAccessService.key=org.hibernate.boot.cfgxml.spi.LoadedConfig@1bdf8190, java.library.path=/usr/java/packages/lib/amd64:/usr/lib64:/lib64:/lib:/usr/lib, java.vm.info=mixed mode, java.vendor=Oracle Corporation, java.vm.version=25.161-b12, hibernate.bytecode.use_reflection_optimizer=false, java.ext.dirs=/usr/lib/jvm/java-8-oracle/jre/lib/ext:/usr/java/packages/lib/ext, sun.io.unicode.encoding=UnicodeLittle, connection.url=jdbc:mysql://localhost:3306/test_used_computers, java.class.version=52.0}
[DEBUG] 2018-02-07 22:32:21.793 [main] TypeSafeActivator - Unable to acquire Bean Validation ValidatorFactory, skipping activation
[DEBUG] 2018-02-07 22:32:21.794 [main] JaccIntegrator - Skipping JACC integration as it was not enabled
[DEBUG] 2018-02-07 22:32:21.797 [main] SessionFactoryImpl - Instantiated session factory
[DEBUG] 2018-02-07 22:32:21.917 [main] ClassLoaderAccessImpl - Not known whether passed class name [entity.User] is safe
[DEBUG] 2018-02-07 22:32:21.917 [main] ClassLoaderAccessImpl - No temp ClassLoader provided; using live ClassLoader for loading potentially unsafe class : entity.User
[DEBUG] 2018-02-07 22:32:21.959 [main] ClassLoaderAccessImpl - Not known whether passed class name [entity.User] is safe
[DEBUG] 2018-02-07 22:32:21.960 [main] ClassLoaderAccessImpl - No temp ClassLoader provided; using live ClassLoader for loading potentially unsafe class : entity.User
[DEBUG] 2018-02-07 22:32:22.155 [main] AbstractEntityPersister - Static SQL for entity: entity.User
[DEBUG] 2018-02-07 22:32:22.155 [main] AbstractEntityPersister -  Version select: select id from users where id =?
[DEBUG] 2018-02-07 22:32:22.155 [main] AbstractEntityPersister -  Snapshot select: select user_.id, user_.approved as approved2_0_, user_.city as city3_0_, user_.email as email4_0_, user_.first_name as first_na5_0_, user_.join_date as join_dat6_0_, user_.last_name as last_nam7_0_, user_.password as password8_0_, user_.state as state9_0_, user_.user_name as user_na10_0_, user_.zipcode as zipcode11_0_ from users user_ where user_.id=?
[DEBUG] 2018-02-07 22:32:22.156 [main] AbstractEntityPersister -  Insert 0: insert into users (approved, city, email, first_name, join_date, last_name, password, state, user_name, zipcode, id) values (?, ?, ?, ?, ?, ?, ?, ?, ?, ?, ?)
[DEBUG] 2018-02-07 22:32:22.156 [main] AbstractEntityPersister -  Update 0: update users set approved=?, city=?, email=?, first_name=?, join_date=?, last_name=?, password=?, state=?, user_name=?, zipcode=? where id=?
[DEBUG] 2018-02-07 22:32:22.156 [main] AbstractEntityPersister -  Delete 0: delete from users where id=?
[DEBUG] 2018-02-07 22:32:22.157 [main] AbstractEntityPersister -  Identity insert: insert into users (approved, city, email, first_name, join_date, last_name, password, state, user_name, zipcode) values (?, ?, ?, ?, ?, ?, ?, ?, ?, ?)
[DEBUG] 2018-02-07 22:32:22.240 [main] QuerySpacesImpl - Adding QuerySpace : uid = <gen:0> -> org.hibernate.loader.plan.build.internal.spaces.EntityQuerySpaceImpl@1c05a54d]
[DEBUG] 2018-02-07 22:32:22.245 [main] MetamodelGraphWalker - Visiting attribute path : approved
[DEBUG] 2018-02-07 22:32:22.248 [main] MetamodelGraphWalker - Visiting attribute path : city
[DEBUG] 2018-02-07 22:32:22.248 [main] MetamodelGraphWalker - Visiting attribute path : email
[DEBUG] 2018-02-07 22:32:22.249 [main] MetamodelGraphWalker - Visiting attribute path : firstName
[DEBUG] 2018-02-07 22:32:22.249 [main] MetamodelGraphWalker - Visiting attribute path : joinDate
[DEBUG] 2018-02-07 22:32:22.249 [main] MetamodelGraphWalker - Visiting attribute path : lastName
[DEBUG] 2018-02-07 22:32:22.249 [main] MetamodelGraphWalker - Visiting attribute path : password
[DEBUG] 2018-02-07 22:32:22.251 [main] MetamodelGraphWalker - Visiting attribute path : state
[DEBUG] 2018-02-07 22:32:22.251 [main] MetamodelGraphWalker - Visiting attribute path : userName
[DEBUG] 2018-02-07 22:32:22.251 [main] MetamodelGraphWalker - Visiting attribute path : zipcode
[DEBUG] 2018-02-07 22:32:22.252 [main] FetchStyleLoadPlanBuildingAssociationVisitationStrategy - Building LoadPlan...
[DEBUG] 2018-02-07 22:32:22.305 [main] LoadQueryJoinAndFetchProcessor - processing queryspace <gen:0>
[DEBUG] 2018-02-07 22:32:22.317 [main] LoadPlanTreePrinter - LoadPlan(entity=entity.User)
    - Returns
       - EntityReturnImpl(entity=entity.User, querySpaceUid=<gen:0>, path=entity.User)
    - QuerySpaces
       - EntityQuerySpaceImpl(uid=<gen:0>, entity=entity.User)
          - SQL table alias mapping - user0_
          - alias suffix - 0_
          - suffixed key columns - {id1_0_0_}

[DEBUG] 2018-02-07 22:32:22.326 [main] EntityLoader - Static select for entity entity.User [NONE]: select user0_.id as id1_0_0_, user0_.approved as approved2_0_0_, user0_.city as city3_0_0_, user0_.email as email4_0_0_, user0_.first_name as first_na5_0_0_, user0_.join_date as join_dat6_0_0_, user0_.last_name as last_nam7_0_0_, user0_.password as password8_0_0_, user0_.state as state9_0_0_, user0_.user_name as user_na10_0_0_, user0_.zipcode as zipcode11_0_0_ from users user0_ where user0_.id=?
[DEBUG] 2018-02-07 22:32:22.327 [main] QuerySpacesImpl - Adding QuerySpace : uid = <gen:0> -> org.hibernate.loader.plan.build.internal.spaces.EntityQuerySpaceImpl@1af1347d]
[DEBUG] 2018-02-07 22:32:22.327 [main] MetamodelGraphWalker - Visiting attribute path : approved
[DEBUG] 2018-02-07 22:32:22.327 [main] MetamodelGraphWalker - Visiting attribute path : city
[DEBUG] 2018-02-07 22:32:22.328 [main] MetamodelGraphWalker - Visiting attribute path : email
[DEBUG] 2018-02-07 22:32:22.328 [main] MetamodelGraphWalker - Visiting attribute path : firstName
[DEBUG] 2018-02-07 22:32:22.328 [main] MetamodelGraphWalker - Visiting attribute path : joinDate
[DEBUG] 2018-02-07 22:32:22.328 [main] MetamodelGraphWalker - Visiting attribute path : lastName
[DEBUG] 2018-02-07 22:32:22.328 [main] MetamodelGraphWalker - Visiting attribute path : password
[DEBUG] 2018-02-07 22:32:22.328 [main] MetamodelGraphWalker - Visiting attribute path : state
[DEBUG] 2018-02-07 22:32:22.328 [main] MetamodelGraphWalker - Visiting attribute path : userName
[DEBUG] 2018-02-07 22:32:22.328 [main] MetamodelGraphWalker - Visiting attribute path : zipcode
[DEBUG] 2018-02-07 22:32:22.329 [main] FetchStyleLoadPlanBuildingAssociationVisitationStrategy - Building LoadPlan...
[DEBUG] 2018-02-07 22:32:22.330 [main] LoadQueryJoinAndFetchProcessor - processing queryspace <gen:0>
[DEBUG] 2018-02-07 22:32:22.330 [main] LoadPlanTreePrinter - LoadPlan(entity=entity.User)
    - Returns
       - EntityReturnImpl(entity=entity.User, querySpaceUid=<gen:0>, path=entity.User)
    - QuerySpaces
       - EntityQuerySpaceImpl(uid=<gen:0>, entity=entity.User)
          - SQL table alias mapping - user0_
          - alias suffix - 0_
          - suffixed key columns - {id1_0_0_}

[DEBUG] 2018-02-07 22:32:22.331 [main] EntityLoader - Static select for entity entity.User [READ]: select user0_.id as id1_0_0_, user0_.approved as approved2_0_0_, user0_.city as city3_0_0_, user0_.email as email4_0_0_, user0_.first_name as first_na5_0_0_, user0_.join_date as join_dat6_0_0_, user0_.last_name as last_nam7_0_0_, user0_.password as password8_0_0_, user0_.state as state9_0_0_, user0_.user_name as user_na10_0_0_, user0_.zipcode as zipcode11_0_0_ from users user0_ where user0_.id=?
[DEBUG] 2018-02-07 22:32:22.331 [main] QuerySpacesImpl - Adding QuerySpace : uid = <gen:0> -> org.hibernate.loader.plan.build.internal.spaces.EntityQuerySpaceImpl@20765ed5]
[DEBUG] 2018-02-07 22:32:22.331 [main] MetamodelGraphWalker - Visiting attribute path : approved
[DEBUG] 2018-02-07 22:32:22.331 [main] MetamodelGraphWalker - Visiting attribute path : city
[DEBUG] 2018-02-07 22:32:22.332 [main] MetamodelGraphWalker - Visiting attribute path : email
[DEBUG] 2018-02-07 22:32:22.332 [main] MetamodelGraphWalker - Visiting attribute path : firstName
[DEBUG] 2018-02-07 22:32:22.332 [main] MetamodelGraphWalker - Visiting attribute path : joinDate
[DEBUG] 2018-02-07 22:32:22.332 [main] MetamodelGraphWalker - Visiting attribute path : lastName
[DEBUG] 2018-02-07 22:32:22.332 [main] MetamodelGraphWalker - Visiting attribute path : password
[DEBUG] 2018-02-07 22:32:22.332 [main] MetamodelGraphWalker - Visiting attribute path : state
[DEBUG] 2018-02-07 22:32:22.332 [main] MetamodelGraphWalker - Visiting attribute path : userName
[DEBUG] 2018-02-07 22:32:22.332 [main] MetamodelGraphWalker - Visiting attribute path : zipcode
[DEBUG] 2018-02-07 22:32:22.332 [main] FetchStyleLoadPlanBuildingAssociationVisitationStrategy - Building LoadPlan...
[DEBUG] 2018-02-07 22:32:22.333 [main] LoadQueryJoinAndFetchProcessor - processing queryspace <gen:0>
[DEBUG] 2018-02-07 22:32:22.334 [main] LoadPlanTreePrinter - LoadPlan(entity=entity.User)
    - Returns
       - EntityReturnImpl(entity=entity.User, querySpaceUid=<gen:0>, path=entity.User)
    - QuerySpaces
       - EntityQuerySpaceImpl(uid=<gen:0>, entity=entity.User)
          - SQL table alias mapping - user0_
          - alias suffix - 0_
          - suffixed key columns - {id1_0_0_}

[DEBUG] 2018-02-07 22:32:22.334 [main] EntityLoader - Static select for entity entity.User [UPGRADE]: select user0_.id as id1_0_0_, user0_.approved as approved2_0_0_, user0_.city as city3_0_0_, user0_.email as email4_0_0_, user0_.first_name as first_na5_0_0_, user0_.join_date as join_dat6_0_0_, user0_.last_name as last_nam7_0_0_, user0_.password as password8_0_0_, user0_.state as state9_0_0_, user0_.user_name as user_na10_0_0_, user0_.zipcode as zipcode11_0_0_ from users user0_ where user0_.id=? for update
[DEBUG] 2018-02-07 22:32:22.335 [main] QuerySpacesImpl - Adding QuerySpace : uid = <gen:0> -> org.hibernate.loader.plan.build.internal.spaces.EntityQuerySpaceImpl@2899a8db]
[DEBUG] 2018-02-07 22:32:22.335 [main] MetamodelGraphWalker - Visiting attribute path : approved
[DEBUG] 2018-02-07 22:32:22.335 [main] MetamodelGraphWalker - Visiting attribute path : city
[DEBUG] 2018-02-07 22:32:22.335 [main] MetamodelGraphWalker - Visiting attribute path : email
[DEBUG] 2018-02-07 22:32:22.335 [main] MetamodelGraphWalker - Visiting attribute path : firstName
[DEBUG] 2018-02-07 22:32:22.335 [main] MetamodelGraphWalker - Visiting attribute path : joinDate
[DEBUG] 2018-02-07 22:32:22.335 [main] MetamodelGraphWalker - Visiting attribute path : lastName
[DEBUG] 2018-02-07 22:32:22.336 [main] MetamodelGraphWalker - Visiting attribute path : password
[DEBUG] 2018-02-07 22:32:22.336 [main] MetamodelGraphWalker - Visiting attribute path : state
[DEBUG] 2018-02-07 22:32:22.336 [main] MetamodelGraphWalker - Visiting attribute path : userName
[DEBUG] 2018-02-07 22:32:22.336 [main] MetamodelGraphWalker - Visiting attribute path : zipcode
[DEBUG] 2018-02-07 22:32:22.336 [main] FetchStyleLoadPlanBuildingAssociationVisitationStrategy - Building LoadPlan...
[DEBUG] 2018-02-07 22:32:22.337 [main] LoadQueryJoinAndFetchProcessor - processing queryspace <gen:0>
[DEBUG] 2018-02-07 22:32:22.338 [main] LoadPlanTreePrinter - LoadPlan(entity=entity.User)
    - Returns
       - EntityReturnImpl(entity=entity.User, querySpaceUid=<gen:0>, path=entity.User)
    - QuerySpaces
       - EntityQuerySpaceImpl(uid=<gen:0>, entity=entity.User)
          - SQL table alias mapping - user0_
          - alias suffix - 0_
          - suffixed key columns - {id1_0_0_}

[DEBUG] 2018-02-07 22:32:22.339 [main] EntityLoader - Static select for entity entity.User [UPGRADE_NOWAIT]: select user0_.id as id1_0_0_, user0_.approved as approved2_0_0_, user0_.city as city3_0_0_, user0_.email as email4_0_0_, user0_.first_name as first_na5_0_0_, user0_.join_date as join_dat6_0_0_, user0_.last_name as last_nam7_0_0_, user0_.password as password8_0_0_, user0_.state as state9_0_0_, user0_.user_name as user_na10_0_0_, user0_.zipcode as zipcode11_0_0_ from users user0_ where user0_.id=? for update
[DEBUG] 2018-02-07 22:32:22.339 [main] QuerySpacesImpl - Adding QuerySpace : uid = <gen:0> -> org.hibernate.loader.plan.build.internal.spaces.EntityQuerySpaceImpl@c1a4620]
[DEBUG] 2018-02-07 22:32:22.339 [main] MetamodelGraphWalker - Visiting attribute path : approved
[DEBUG] 2018-02-07 22:32:22.340 [main] MetamodelGraphWalker - Visiting attribute path : city
[DEBUG] 2018-02-07 22:32:22.340 [main] MetamodelGraphWalker - Visiting attribute path : email
[DEBUG] 2018-02-07 22:32:22.340 [main] MetamodelGraphWalker - Visiting attribute path : firstName
[DEBUG] 2018-02-07 22:32:22.340 [main] MetamodelGraphWalker - Visiting attribute path : joinDate
[DEBUG] 2018-02-07 22:32:22.340 [main] MetamodelGraphWalker - Visiting attribute path : lastName
[DEBUG] 2018-02-07 22:32:22.340 [main] MetamodelGraphWalker - Visiting attribute path : password
[DEBUG] 2018-02-07 22:32:22.340 [main] MetamodelGraphWalker - Visiting attribute path : state
[DEBUG] 2018-02-07 22:32:22.340 [main] MetamodelGraphWalker - Visiting attribute path : userName
[DEBUG] 2018-02-07 22:32:22.340 [main] MetamodelGraphWalker - Visiting attribute path : zipcode
[DEBUG] 2018-02-07 22:32:22.341 [main] FetchStyleLoadPlanBuildingAssociationVisitationStrategy - Building LoadPlan...
[DEBUG] 2018-02-07 22:32:22.343 [main] LoadQueryJoinAndFetchProcessor - processing queryspace <gen:0>
[DEBUG] 2018-02-07 22:32:22.344 [main] LoadPlanTreePrinter - LoadPlan(entity=entity.User)
    - Returns
       - EntityReturnImpl(entity=entity.User, querySpaceUid=<gen:0>, path=entity.User)
    - QuerySpaces
       - EntityQuerySpaceImpl(uid=<gen:0>, entity=entity.User)
          - SQL table alias mapping - user0_
          - alias suffix - 0_
          - suffixed key columns - {id1_0_0_}

[DEBUG] 2018-02-07 22:32:22.344 [main] EntityLoader - Static select for entity entity.User [UPGRADE_SKIPLOCKED]: select user0_.id as id1_0_0_, user0_.approved as approved2_0_0_, user0_.city as city3_0_0_, user0_.email as email4_0_0_, user0_.first_name as first_na5_0_0_, user0_.join_date as join_dat6_0_0_, user0_.last_name as last_nam7_0_0_, user0_.password as password8_0_0_, user0_.state as state9_0_0_, user0_.user_name as user_na10_0_0_, user0_.zipcode as zipcode11_0_0_ from users user0_ where user0_.id=? for update
[DEBUG] 2018-02-07 22:32:22.344 [main] QuerySpacesImpl - Adding QuerySpace : uid = <gen:0> -> org.hibernate.loader.plan.build.internal.spaces.EntityQuerySpaceImpl@130a0f66]
[DEBUG] 2018-02-07 22:32:22.345 [main] MetamodelGraphWalker - Visiting attribute path : approved
[DEBUG] 2018-02-07 22:32:22.345 [main] MetamodelGraphWalker - Visiting attribute path : city
[DEBUG] 2018-02-07 22:32:22.345 [main] MetamodelGraphWalker - Visiting attribute path : email
[DEBUG] 2018-02-07 22:32:22.345 [main] MetamodelGraphWalker - Visiting attribute path : firstName
[DEBUG] 2018-02-07 22:32:22.345 [main] MetamodelGraphWalker - Visiting attribute path : joinDate
[DEBUG] 2018-02-07 22:32:22.345 [main] MetamodelGraphWalker - Visiting attribute path : lastName
[DEBUG] 2018-02-07 22:32:22.345 [main] MetamodelGraphWalker - Visiting attribute path : password
[DEBUG] 2018-02-07 22:32:22.345 [main] MetamodelGraphWalker - Visiting attribute path : state
[DEBUG] 2018-02-07 22:32:22.345 [main] MetamodelGraphWalker - Visiting attribute path : userName
[DEBUG] 2018-02-07 22:32:22.346 [main] MetamodelGraphWalker - Visiting attribute path : zipcode
[DEBUG] 2018-02-07 22:32:22.346 [main] FetchStyleLoadPlanBuildingAssociationVisitationStrategy - Building LoadPlan...
[DEBUG] 2018-02-07 22:32:22.347 [main] LoadQueryJoinAndFetchProcessor - processing queryspace <gen:0>
[DEBUG] 2018-02-07 22:32:22.348 [main] LoadPlanTreePrinter - LoadPlan(entity=entity.User)
    - Returns
       - EntityReturnImpl(entity=entity.User, querySpaceUid=<gen:0>, path=entity.User)
    - QuerySpaces
       - EntityQuerySpaceImpl(uid=<gen:0>, entity=entity.User)
          - SQL table alias mapping - user0_
          - alias suffix - 0_
          - suffixed key columns - {id1_0_0_}

[DEBUG] 2018-02-07 22:32:22.348 [main] EntityLoader - Static select for entity entity.User [FORCE]: select user0_.id as id1_0_0_, user0_.approved as approved2_0_0_, user0_.city as city3_0_0_, user0_.email as email4_0_0_, user0_.first_name as first_na5_0_0_, user0_.join_date as join_dat6_0_0_, user0_.last_name as last_nam7_0_0_, user0_.password as password8_0_0_, user0_.state as state9_0_0_, user0_.user_name as user_na10_0_0_, user0_.zipcode as zipcode11_0_0_ from users user0_ where user0_.id=? for update
[DEBUG] 2018-02-07 22:32:22.348 [main] QuerySpacesImpl - Adding QuerySpace : uid = <gen:0> -> org.hibernate.loader.plan.build.internal.spaces.EntityQuerySpaceImpl@12365c88]
[DEBUG] 2018-02-07 22:32:22.348 [main] MetamodelGraphWalker - Visiting attribute path : approved
[DEBUG] 2018-02-07 22:32:22.349 [main] MetamodelGraphWalker - Visiting attribute path : city
[DEBUG] 2018-02-07 22:32:22.349 [main] MetamodelGraphWalker - Visiting attribute path : email
[DEBUG] 2018-02-07 22:32:22.349 [main] MetamodelGraphWalker - Visiting attribute path : firstName
[DEBUG] 2018-02-07 22:32:22.349 [main] MetamodelGraphWalker - Visiting attribute path : joinDate
[DEBUG] 2018-02-07 22:32:22.349 [main] MetamodelGraphWalker - Visiting attribute path : lastName
[DEBUG] 2018-02-07 22:32:22.349 [main] MetamodelGraphWalker - Visiting attribute path : password
[DEBUG] 2018-02-07 22:32:22.349 [main] MetamodelGraphWalker - Visiting attribute path : state
[DEBUG] 2018-02-07 22:32:22.349 [main] MetamodelGraphWalker - Visiting attribute path : userName
[DEBUG] 2018-02-07 22:32:22.349 [main] MetamodelGraphWalker - Visiting attribute path : zipcode
[DEBUG] 2018-02-07 22:32:22.350 [main] FetchStyleLoadPlanBuildingAssociationVisitationStrategy - Building LoadPlan...
[DEBUG] 2018-02-07 22:32:22.350 [main] LoadQueryJoinAndFetchProcessor - processing queryspace <gen:0>
[DEBUG] 2018-02-07 22:32:22.351 [main] LoadPlanTreePrinter - LoadPlan(entity=entity.User)
    - Returns
       - EntityReturnImpl(entity=entity.User, querySpaceUid=<gen:0>, path=entity.User)
    - QuerySpaces
       - EntityQuerySpaceImpl(uid=<gen:0>, entity=entity.User)
          - SQL table alias mapping - user0_
          - alias suffix - 0_
          - suffixed key columns - {id1_0_0_}

[DEBUG] 2018-02-07 22:32:22.352 [main] EntityLoader - Static select for entity entity.User [PESSIMISTIC_READ]: select user0_.id as id1_0_0_, user0_.approved as approved2_0_0_, user0_.city as city3_0_0_, user0_.email as email4_0_0_, user0_.first_name as first_na5_0_0_, user0_.join_date as join_dat6_0_0_, user0_.last_name as last_nam7_0_0_, user0_.password as password8_0_0_, user0_.state as state9_0_0_, user0_.user_name as user_na10_0_0_, user0_.zipcode as zipcode11_0_0_ from users user0_ where user0_.id=? lock in share mode
[DEBUG] 2018-02-07 22:32:22.352 [main] QuerySpacesImpl - Adding QuerySpace : uid = <gen:0> -> org.hibernate.loader.plan.build.internal.spaces.EntityQuerySpaceImpl@2237bada]
[DEBUG] 2018-02-07 22:32:22.352 [main] MetamodelGraphWalker - Visiting attribute path : approved
[DEBUG] 2018-02-07 22:32:22.352 [main] MetamodelGraphWalker - Visiting attribute path : city
[DEBUG] 2018-02-07 22:32:22.353 [main] MetamodelGraphWalker - Visiting attribute path : email
[DEBUG] 2018-02-07 22:32:22.353 [main] MetamodelGraphWalker - Visiting attribute path : firstName
[DEBUG] 2018-02-07 22:32:22.353 [main] MetamodelGraphWalker - Visiting attribute path : joinDate
[DEBUG] 2018-02-07 22:32:22.353 [main] MetamodelGraphWalker - Visiting attribute path : lastName
[DEBUG] 2018-02-07 22:32:22.353 [main] MetamodelGraphWalker - Visiting attribute path : password
[DEBUG] 2018-02-07 22:32:22.353 [main] MetamodelGraphWalker - Visiting attribute path : state
[DEBUG] 2018-02-07 22:32:22.353 [main] MetamodelGraphWalker - Visiting attribute path : userName
[DEBUG] 2018-02-07 22:32:22.353 [main] MetamodelGraphWalker - Visiting attribute path : zipcode
[DEBUG] 2018-02-07 22:32:22.354 [main] FetchStyleLoadPlanBuildingAssociationVisitationStrategy - Building LoadPlan...
[DEBUG] 2018-02-07 22:32:22.354 [main] LoadQueryJoinAndFetchProcessor - processing queryspace <gen:0>
[DEBUG] 2018-02-07 22:32:22.355 [main] LoadPlanTreePrinter - LoadPlan(entity=entity.User)
    - Returns
       - EntityReturnImpl(entity=entity.User, querySpaceUid=<gen:0>, path=entity.User)
    - QuerySpaces
       - EntityQuerySpaceImpl(uid=<gen:0>, entity=entity.User)
          - SQL table alias mapping - user0_
          - alias suffix - 0_
          - suffixed key columns - {id1_0_0_}

[DEBUG] 2018-02-07 22:32:22.370 [main] EntityLoader - Static select for entity entity.User [PESSIMISTIC_WRITE]: select user0_.id as id1_0_0_, user0_.approved as approved2_0_0_, user0_.city as city3_0_0_, user0_.email as email4_0_0_, user0_.first_name as first_na5_0_0_, user0_.join_date as join_dat6_0_0_, user0_.last_name as last_nam7_0_0_, user0_.password as password8_0_0_, user0_.state as state9_0_0_, user0_.user_name as user_na10_0_0_, user0_.zipcode as zipcode11_0_0_ from users user0_ where user0_.id=? for update
[DEBUG] 2018-02-07 22:32:22.371 [main] QuerySpacesImpl - Adding QuerySpace : uid = <gen:0> -> org.hibernate.loader.plan.build.internal.spaces.EntityQuerySpaceImpl@5710768a]
[DEBUG] 2018-02-07 22:32:22.371 [main] MetamodelGraphWalker - Visiting attribute path : approved
[DEBUG] 2018-02-07 22:32:22.371 [main] MetamodelGraphWalker - Visiting attribute path : city
[DEBUG] 2018-02-07 22:32:22.371 [main] MetamodelGraphWalker - Visiting attribute path : email
[DEBUG] 2018-02-07 22:32:22.372 [main] MetamodelGraphWalker - Visiting attribute path : firstName
[DEBUG] 2018-02-07 22:32:22.372 [main] MetamodelGraphWalker - Visiting attribute path : joinDate
[DEBUG] 2018-02-07 22:32:22.372 [main] MetamodelGraphWalker - Visiting attribute path : lastName
[DEBUG] 2018-02-07 22:32:22.372 [main] MetamodelGraphWalker - Visiting attribute path : password
[DEBUG] 2018-02-07 22:32:22.372 [main] MetamodelGraphWalker - Visiting attribute path : state
[DEBUG] 2018-02-07 22:32:22.372 [main] MetamodelGraphWalker - Visiting attribute path : userName
[DEBUG] 2018-02-07 22:32:22.372 [main] MetamodelGraphWalker - Visiting attribute path : zipcode
[DEBUG] 2018-02-07 22:32:22.372 [main] FetchStyleLoadPlanBuildingAssociationVisitationStrategy - Building LoadPlan...
[DEBUG] 2018-02-07 22:32:22.373 [main] LoadQueryJoinAndFetchProcessor - processing queryspace <gen:0>
[DEBUG] 2018-02-07 22:32:22.374 [main] LoadPlanTreePrinter - LoadPlan(entity=entity.User)
    - Returns
       - EntityReturnImpl(entity=entity.User, querySpaceUid=<gen:0>, path=entity.User)
    - QuerySpaces
       - EntityQuerySpaceImpl(uid=<gen:0>, entity=entity.User)
          - SQL table alias mapping - user0_
          - alias suffix - 0_
          - suffixed key columns - {id1_0_0_}

[DEBUG] 2018-02-07 22:32:22.374 [main] EntityLoader - Static select for entity entity.User [PESSIMISTIC_FORCE_INCREMENT]: select user0_.id as id1_0_0_, user0_.approved as approved2_0_0_, user0_.city as city3_0_0_, user0_.email as email4_0_0_, user0_.first_name as first_na5_0_0_, user0_.join_date as join_dat6_0_0_, user0_.last_name as last_nam7_0_0_, user0_.password as password8_0_0_, user0_.state as state9_0_0_, user0_.user_name as user_na10_0_0_, user0_.zipcode as zipcode11_0_0_ from users user0_ where user0_.id=? for update
[DEBUG] 2018-02-07 22:32:22.375 [main] QuerySpacesImpl - Adding QuerySpace : uid = <gen:0> -> org.hibernate.loader.plan.build.internal.spaces.EntityQuerySpaceImpl@6e0d4a8]
[DEBUG] 2018-02-07 22:32:22.375 [main] MetamodelGraphWalker - Visiting attribute path : approved
[DEBUG] 2018-02-07 22:32:22.375 [main] MetamodelGraphWalker - Visiting attribute path : city
[DEBUG] 2018-02-07 22:32:22.375 [main] MetamodelGraphWalker - Visiting attribute path : email
[DEBUG] 2018-02-07 22:32:22.375 [main] MetamodelGraphWalker - Visiting attribute path : firstName
[DEBUG] 2018-02-07 22:32:22.375 [main] MetamodelGraphWalker - Visiting attribute path : joinDate
[DEBUG] 2018-02-07 22:32:22.376 [main] MetamodelGraphWalker - Visiting attribute path : lastName
[DEBUG] 2018-02-07 22:32:22.376 [main] MetamodelGraphWalker - Visiting attribute path : password
[DEBUG] 2018-02-07 22:32:22.376 [main] MetamodelGraphWalker - Visiting attribute path : state
[DEBUG] 2018-02-07 22:32:22.376 [main] MetamodelGraphWalker - Visiting attribute path : userName
[DEBUG] 2018-02-07 22:32:22.376 [main] MetamodelGraphWalker - Visiting attribute path : zipcode
[DEBUG] 2018-02-07 22:32:22.376 [main] FetchStyleLoadPlanBuildingAssociationVisitationStrategy - Building LoadPlan...
[DEBUG] 2018-02-07 22:32:22.377 [main] LoadQueryJoinAndFetchProcessor - processing queryspace <gen:0>
[DEBUG] 2018-02-07 22:32:22.378 [main] LoadPlanTreePrinter - LoadPlan(entity=entity.User)
    - Returns
       - EntityReturnImpl(entity=entity.User, querySpaceUid=<gen:0>, path=entity.User)
    - QuerySpaces
       - EntityQuerySpaceImpl(uid=<gen:0>, entity=entity.User)
          - SQL table alias mapping - user0_
          - alias suffix - 0_
          - suffixed key columns - {id1_0_0_}

[DEBUG] 2018-02-07 22:32:22.378 [main] EntityLoader - Static select for entity entity.User [OPTIMISTIC]: select user0_.id as id1_0_0_, user0_.approved as approved2_0_0_, user0_.city as city3_0_0_, user0_.email as email4_0_0_, user0_.first_name as first_na5_0_0_, user0_.join_date as join_dat6_0_0_, user0_.last_name as last_nam7_0_0_, user0_.password as password8_0_0_, user0_.state as state9_0_0_, user0_.user_name as user_na10_0_0_, user0_.zipcode as zipcode11_0_0_ from users user0_ where user0_.id=?
[DEBUG] 2018-02-07 22:32:22.378 [main] QuerySpacesImpl - Adding QuerySpace : uid = <gen:0> -> org.hibernate.loader.plan.build.internal.spaces.EntityQuerySpaceImpl@30272916]
[DEBUG] 2018-02-07 22:32:22.379 [main] MetamodelGraphWalker - Visiting attribute path : approved
[DEBUG] 2018-02-07 22:32:22.379 [main] MetamodelGraphWalker - Visiting attribute path : city
[DEBUG] 2018-02-07 22:32:22.379 [main] MetamodelGraphWalker - Visiting attribute path : email
[DEBUG] 2018-02-07 22:32:22.379 [main] MetamodelGraphWalker - Visiting attribute path : firstName
[DEBUG] 2018-02-07 22:32:22.379 [main] MetamodelGraphWalker - Visiting attribute path : joinDate
[DEBUG] 2018-02-07 22:32:22.379 [main] MetamodelGraphWalker - Visiting attribute path : lastName
[DEBUG] 2018-02-07 22:32:22.379 [main] MetamodelGraphWalker - Visiting attribute path : password
[DEBUG] 2018-02-07 22:32:22.379 [main] MetamodelGraphWalker - Visiting attribute path : state
[DEBUG] 2018-02-07 22:32:22.380 [main] MetamodelGraphWalker - Visiting attribute path : userName
[DEBUG] 2018-02-07 22:32:22.380 [main] MetamodelGraphWalker - Visiting attribute path : zipcode
[DEBUG] 2018-02-07 22:32:22.380 [main] FetchStyleLoadPlanBuildingAssociationVisitationStrategy - Building LoadPlan...
[DEBUG] 2018-02-07 22:32:22.381 [main] LoadQueryJoinAndFetchProcessor - processing queryspace <gen:0>
[DEBUG] 2018-02-07 22:32:22.382 [main] LoadPlanTreePrinter - LoadPlan(entity=entity.User)
    - Returns
       - EntityReturnImpl(entity=entity.User, querySpaceUid=<gen:0>, path=entity.User)
    - QuerySpaces
       - EntityQuerySpaceImpl(uid=<gen:0>, entity=entity.User)
          - SQL table alias mapping - user0_
          - alias suffix - 0_
          - suffixed key columns - {id1_0_0_}

[DEBUG] 2018-02-07 22:32:22.382 [main] EntityLoader - Static select for entity entity.User [OPTIMISTIC_FORCE_INCREMENT]: select user0_.id as id1_0_0_, user0_.approved as approved2_0_0_, user0_.city as city3_0_0_, user0_.email as email4_0_0_, user0_.first_name as first_na5_0_0_, user0_.join_date as join_dat6_0_0_, user0_.last_name as last_nam7_0_0_, user0_.password as password8_0_0_, user0_.state as state9_0_0_, user0_.user_name as user_na10_0_0_, user0_.zipcode as zipcode11_0_0_ from users user0_ where user0_.id=?
[DEBUG] 2018-02-07 22:32:22.429 [main] Loader - Static select for action ACTION_MERGE on entity entity.User: select user0_.id as id1_0_0_, user0_.approved as approved2_0_0_, user0_.city as city3_0_0_, user0_.email as email4_0_0_, user0_.first_name as first_na5_0_0_, user0_.join_date as join_dat6_0_0_, user0_.last_name as last_nam7_0_0_, user0_.password as password8_0_0_, user0_.state as state9_0_0_, user0_.user_name as user_na10_0_0_, user0_.zipcode as zipcode11_0_0_ from users user0_ where user0_.id=?
[DEBUG] 2018-02-07 22:32:22.431 [main] Loader - Static select for action ACTION_REFRESH on entity entity.User: select user0_.id as id1_0_0_, user0_.approved as approved2_0_0_, user0_.city as city3_0_0_, user0_.email as email4_0_0_, user0_.first_name as first_na5_0_0_, user0_.join_date as join_dat6_0_0_, user0_.last_name as last_nam7_0_0_, user0_.password as password8_0_0_, user0_.state as state9_0_0_, user0_.user_name as user_na10_0_0_, user0_.zipcode as zipcode11_0_0_ from users user0_ where user0_.id=?
[DEBUG] 2018-02-07 22:32:22.480 [main] SchemaManagementToolCoordinator - No actions specified; doing nothing
[DEBUG] 2018-02-07 22:32:22.480 [main] JtaPlatformInitiator - No JtaPlatform was specified, checking resolver
[DEBUG] 2018-02-07 22:32:22.481 [main] JtaPlatformResolverInitiator - No JtaPlatformResolver was specified, using default [org.hibernate.engine.transaction.jta.platform.internal.StandardJtaPlatformResolver]
[DEBUG] 2018-02-07 22:32:22.490 [main] StandardJtaPlatformResolver - Could not resolve JtaPlatform, using default [org.hibernate.engine.transaction.jta.platform.internal.NoJtaPlatform]
[DEBUG] 2018-02-07 22:32:22.500 [main] NamedQueryRepository - Checking 0 named HQL queries
[DEBUG] 2018-02-07 22:32:22.500 [main] NamedQueryRepository - Checking 0 named SQL queries
[DEBUG] 2018-02-07 22:32:22.517 [main] SessionFactoryRegistry - Initializing SessionFactoryRegistry : org.hibernate.internal.SessionFactoryRegistry@771158fb
[DEBUG] 2018-02-07 22:32:22.520 [main] SessionFactoryRegistry - Registering SessionFactory: 82346c5a-a681-4d0c-a6ae-65a817b2b031 (<unnamed>)
[DEBUG] 2018-02-07 22:32:22.521 [main] SessionFactoryRegistry - Not binding SessionFactory to JNDI, no JNDI name configured
[DEBUG] 2018-02-07 22:32:22.905 [main] StatisticsInitiator - Statistics initialized [enabled=false]
[DEBUG] 2018-02-07 22:32:22.923 [main] TransactionImpl - begin
[DEBUG] 2018-02-07 22:32:22.958 [main] ActionQueue - Executing identity-insert immediately
[DEBUG] 2018-02-07 22:32:22.966 [main] SQL - insert into users (approved, city, email, first_name, join_date, last_name, password, state, user_name, zipcode) values (?, ?, ?, ?, ?, ?, ?, ?, ?, ?)
[DEBUG] 2018-02-07 22:32:23.020 [main] IdentifierGeneratorHelper - Natively generated identity: 7
[DEBUG] 2018-02-07 22:32:23.021 [main] ResourceRegistryStandardImpl - HHH000387: ResultSet's statement was not registered
[DEBUG] 2018-02-07 22:32:23.026 [main] TransactionImpl - committing
[DEBUG] 2018-02-07 22:32:23.027 [main] AbstractFlushingEventListener - Processing flush-time cascades
[DEBUG] 2018-02-07 22:32:23.028 [main] AbstractFlushingEventListener - Dirty checking collections
[DEBUG] 2018-02-07 22:32:23.031 [main] AbstractFlushingEventListener - Flushed: 0 insertions, 0 updates, 0 deletions to 1 objects
[DEBUG] 2018-02-07 22:32:23.031 [main] AbstractFlushingEventListener - Flushed: 0 (re)creations, 0 updates, 0 removals to 0 collections
[DEBUG] 2018-02-07 22:32:23.033 [main] EntityPrinter - Listing entities:
[DEBUG] 2018-02-07 22:32:23.034 [main] EntityPrinter - entity.User{zipcode=53704, firstName=Fred, lastName=Flintstone, approved=0, password=supersecure, joinDate=1968-01-01, city=Madison, id=7, state=Wisconsin, userName=fflintstone, email=ff@madison.com}
[DEBUG] 2018-02-07 22:32:23.062 [main] LogicalConnectionManagedImpl - Initiating JDBC connection release from afterTransaction
[DEBUG] 2018-02-07 22:32:23.064 [main] LogicalConnectionManagedImpl - Initiating JDBC connection release from afterTransaction
[DEBUG] 2018-02-07 22:32:23.086 [main] SQL - select user0_.id as id1_0_0_, user0_.approved as approved2_0_0_, user0_.city as city3_0_0_, user0_.email as email4_0_0_, user0_.first_name as first_na5_0_0_, user0_.join_date as join_dat6_0_0_, user0_.last_name as last_nam7_0_0_, user0_.password as password8_0_0_, user0_.state as state9_0_0_, user0_.user_name as user_na10_0_0_, user0_.zipcode as zipcode11_0_0_ from users user0_ where user0_.id=?
[DEBUG] 2018-02-07 22:32:23.093 [main] ResultSetProcessorImpl - Starting ResultSet row #0
[DEBUG] 2018-02-07 22:32:23.094 [main] EntityReferenceInitializerImpl - On call to EntityIdentifierReaderImpl#resolve, EntityKey was already known; should only happen on root returns with an optional identifier specified
[DEBUG] 2018-02-07 22:32:23.109 [main] TwoPhaseLoad - Resolving associations for [entity.User#7]
[DEBUG] 2018-02-07 22:32:23.110 [main] TwoPhaseLoad - Done materializing entity [entity.User#7]
[DEBUG] 2018-02-07 22:32:23.111 [main] ResourceRegistryStandardImpl - HHH000387: ResultSet's statement was not registered
[DEBUG] 2018-02-07 22:32:23.111 [main] AbstractLoadPlanBasedEntityLoader - Done entity load : entity.User#7
[DEBUG] 2018-02-07 22:32:23.111 [main] LogicalConnectionManagedImpl - Initiating JDBC connection release from afterTransaction
